CRITICAL - 2023-06-05 05:40:57 --> Maximum execution time of 60 seconds exceeded
in VENDORPATH\dompdf\dompdf\src\Helpers.php on line 578.
 1 [internal function]: CodeIgniter\Debug\Exceptions->shutdownHandler()
CRITICAL - 2023-06-05 05:41:58 --> Maximum execution time of 60 seconds exceeded
in VENDORPATH\dompdf\dompdf\src\Helpers.php on line 578.
 1 [internal function]: CodeIgniter\Debug\Exceptions->shutdownHandler()
CRITICAL - 2023-06-05 06:02:18 --> Maximum execution time of 60 seconds exceeded
in VENDORPATH\dompdf\dompdf\src\Helpers.php on line 578.
 1 [internal function]: CodeIgniter\Debug\Exceptions->shutdownHandler()
CRITICAL - 2023-06-05 06:05:11 --> Maximum execution time of 60 seconds exceeded
in VENDORPATH\dompdf\dompdf\src\Helpers.php on line 578.
 1 [internal function]: CodeIgniter\Debug\Exceptions->shutdownHandler()
CRITICAL - 2023-06-05 06:06:12 --> Maximum execution time of 60 seconds exceeded
in VENDORPATH\dompdf\dompdf\src\Helpers.php on line 578.
 1 [internal function]: CodeIgniter\Debug\Exceptions->shutdownHandler()
CRITICAL - 2023-06-05 06:07:33 --> Maximum execution time of 60 seconds exceeded
in VENDORPATH\dompdf\dompdf\src\Helpers.php on line 578.
 1 [internal function]: CodeIgniter\Debug\Exceptions->shutdownHandler()
CRITICAL - 2023-06-05 09:38:22 --> Undefined variable $dari
in APPPATH\Controllers\LaporanController.php on line 42.
 1 APPPATH\Controllers\LaporanController.php(42): CodeIgniter\Debug\Exceptions->errorHandler(2, 'Undefined variable $dari', 'APPPATH\\Controllers\\LaporanController.php', 42)
 2 SYSTEMPATH\CodeIgniter.php(925): App\Controllers\LaporanController->printPDF()
 3 SYSTEMPATH\CodeIgniter.php(480): CodeIgniter\CodeIgniter->runController(Object(App\Controllers\LaporanController))
 4 SYSTEMPATH\CodeIgniter.php(349): CodeIgniter\CodeIgniter->handleRequest(null, Object(Config\Cache), false)
 5 FCPATH\index.php(67): CodeIgniter\CodeIgniter->run()
 6 SYSTEMPATH\Commands\Server\rewrite.php(47): require_once('FCPATH\\index.php')
CRITICAL - 2023-06-05 09:50:49 --> Maximum execution time of 60 seconds exceeded
in VENDORPATH\dompdf\dompdf\src\Helpers.php on line 578.
 1 [internal function]: CodeIgniter\Debug\Exceptions->shutdownHandler()
CRITICAL - 2023-06-05 09:50:49 --> syntax error, unexpected variable "$dompdf"
in APPPATH\Controllers\LaporanController.php on line 57.
 1 SYSTEMPATH\Autoloader\Autoloader.php(260): CodeIgniter\Autoloader\Autoloader->includeFile('APPPATH\\Controllers\\LaporanController.php')
 2 SYSTEMPATH\Autoloader\Autoloader.php(238): CodeIgniter\Autoloader\Autoloader->loadInNamespace('App\\Controllers\\LaporanController')
 3 [internal function]: CodeIgniter\Autoloader\Autoloader->loadClass('App\\Controllers\\LaporanController')
 4 SYSTEMPATH\CodeIgniter.php(875): class_exists('\\App\\Controllers\\LaporanController', true)
 5 SYSTEMPATH\CodeIgniter.php(467): CodeIgniter\CodeIgniter->startController()
 6 SYSTEMPATH\CodeIgniter.php(349): CodeIgniter\CodeIgniter->handleRequest(null, Object(Config\Cache), false)
 7 FCPATH\index.php(67): CodeIgniter\CodeIgniter->run()
 8 SYSTEMPATH\Commands\Server\rewrite.php(47): require_once('FCPATH\\index.php')
CRITICAL - 2023-06-05 09:50:50 --> syntax error, unexpected variable "$dompdf"
in APPPATH\Controllers\LaporanController.php on line 57.
 1 SYSTEMPATH\Autoloader\Autoloader.php(260): CodeIgniter\Autoloader\Autoloader->includeFile('APPPATH\\Controllers\\LaporanController.php')
 2 SYSTEMPATH\Autoloader\Autoloader.php(238): CodeIgniter\Autoloader\Autoloader->loadInNamespace('App\\Controllers\\LaporanController')
 3 [internal function]: CodeIgniter\Autoloader\Autoloader->loadClass('App\\Controllers\\LaporanController')
 4 SYSTEMPATH\CodeIgniter.php(875): class_exists('\\App\\Controllers\\LaporanController', true)
 5 SYSTEMPATH\CodeIgniter.php(467): CodeIgniter\CodeIgniter->startController()
 6 SYSTEMPATH\CodeIgniter.php(349): CodeIgniter\CodeIgniter->handleRequest(null, Object(Config\Cache), false)
 7 FCPATH\index.php(67): CodeIgniter\CodeIgniter->run()
 8 SYSTEMPATH\Commands\Server\rewrite.php(47): require_once('FCPATH\\index.php')
CRITICAL - 2023-06-05 11:59:39 --> Maximum execution time of 60 seconds exceeded
in VENDORPATH\dompdf\dompdf\src\Helpers.php on line 578.
 1 [internal function]: CodeIgniter\Debug\Exceptions->shutdownHandler()
CRITICAL - 2023-06-05 12:23:20 --> Maximum execution time of 60 seconds exceeded
in VENDORPATH\dompdf\dompdf\src\Helpers.php on line 578.
 1 [internal function]: CodeIgniter\Debug\Exceptions->shutdownHandler()
CRITICAL - 2023-06-05 19:23:17 --> Maximum execution time of 60 seconds exceeded
in SYSTEMPATH\Debug\Exceptions.php on line 153.
 1 [internal function]: CodeIgniter\Debug\Exceptions->shutdownHandler()
CRITICAL - 2023-06-05 19:25:25 --> Maximum execution time of 60 seconds exceeded
in SYSTEMPATH\Debug\Exceptions.php on line 153.
 1 [internal function]: CodeIgniter\Debug\Exceptions->shutdownHandler()
CRITICAL - 2023-06-05 19:27:04 --> Maximum execution time of 60 seconds exceeded
in SYSTEMPATH\Debug\Exceptions.php on line 153.
 1 [internal function]: CodeIgniter\Debug\Exceptions->shutdownHandler()
CRITICAL - 2023-06-05 19:28:43 --> Maximum execution time of 60 seconds exceeded
in SYSTEMPATH\Debug\Exceptions.php on line 153.
 1 [internal function]: CodeIgniter\Debug\Exceptions->shutdownHandler()
CRITICAL - 2023-06-05 19:50:32 --> require_once(dompdf/autoload.inc.php): Failed to open stream: No such file or directory
in APPPATH\Controllers\LaporanController.php on line 8.
 1 APPPATH\Controllers\LaporanController.php(8): CodeIgniter\Debug\Exceptions->errorHandler(2, 'require_once(dompdf/autoload.inc.php): Failed to open stream: No such file or directory', 'APPPATH\\Controllers\\LaporanController.php', 8)
 2 APPPATH\Controllers\LaporanController.php(8): require_once()
 3 SYSTEMPATH\Autoloader\Autoloader.php(283): include_once('APPPATH\\Controllers\\LaporanController.php')
 4 SYSTEMPATH\Autoloader\Autoloader.php(260): CodeIgniter\Autoloader\Autoloader->includeFile('APPPATH\\Controllers\\LaporanController.php')
 5 SYSTEMPATH\Autoloader\Autoloader.php(238): CodeIgniter\Autoloader\Autoloader->loadInNamespace('App\\Controllers\\LaporanController')
 6 [internal function]: CodeIgniter\Autoloader\Autoloader->loadClass('App\\Controllers\\LaporanController')
 7 SYSTEMPATH\CodeIgniter.php(875): class_exists('\\App\\Controllers\\LaporanController', true)
 8 SYSTEMPATH\CodeIgniter.php(467): CodeIgniter\CodeIgniter->startController()
 9 SYSTEMPATH\CodeIgniter.php(349): CodeIgniter\CodeIgniter->handleRequest(null, Object(Config\Cache), false)
10 FCPATH\index.php(67): CodeIgniter\CodeIgniter->run()
11 SYSTEMPATH\Commands\Server\rewrite.php(47): require_once('FCPATH\\index.php')
