CRITICAL - 2023-01-31 01:17:55 --> Attempt to read property "id_wali" on array
in APPPATH\Views\admin\datasiswa\edit.php on line 57.
 1 APPPATH\Views\admin\datasiswa\edit.php(57): CodeIgniter\Debug\Exceptions->errorHandler(2, 'Attempt to read property "id_wali" on array', 'APPPATH\\Views\\admin\\datasiswa\\edit.php', 57)
 2 SYSTEMPATH\View\View.php(213): include('APPPATH\\Views\\admin\\datasiswa\\edit.php')
 3 SYSTEMPATH\View\View.php(216): CodeIgniter\View\View->CodeIgniter\View\{closure}()
 4 SYSTEMPATH\Common.php(1135): CodeIgniter\View\View->render('admin/datasiswa/edit', [], true)
 5 APPPATH\Controllers\SiswaController.php(108): view('admin/datasiswa/edit', [...])
 6 SYSTEMPATH\CodeIgniter.php(925): App\Controllers\SiswaController->edit('5')
 7 SYSTEMPATH\CodeIgniter.php(480): CodeIgniter\CodeIgniter->runController(Object(App\Controllers\SiswaController))
 8 SYSTEMPATH\CodeIgniter.php(349): CodeIgniter\CodeIgniter->handleRequest(null, Object(Config\Cache), false)
 9 FCPATH\index.php(67): CodeIgniter\CodeIgniter->run()
10 SYSTEMPATH\Commands\Server\rewrite.php(47): require_once('FCPATH\\index.php')
CRITICAL - 2023-01-31 01:31:51 --> Attempt to read property "id_jadwal" on array
in APPPATH\Views\admin\dataguru\edit.php on line 73.
 1 APPPATH\Views\admin\dataguru\edit.php(73): CodeIgniter\Debug\Exceptions->errorHandler(2, 'Attempt to read property "id_jadwal" on array', 'APPPATH\\Views\\admin\\dataguru\\edit.php', 73)
 2 SYSTEMPATH\View\View.php(213): include('APPPATH\\Views\\admin\\dataguru\\edit.php')
 3 SYSTEMPATH\View\View.php(216): CodeIgniter\View\View->CodeIgniter\View\{closure}()
 4 SYSTEMPATH\Common.php(1135): CodeIgniter\View\View->render('admin/dataguru/edit', [], true)
 5 APPPATH\Controllers\GuruController.php(129): view('admin/dataguru/edit', [...])
 6 SYSTEMPATH\CodeIgniter.php(925): App\Controllers\GuruController->edit('4')
 7 SYSTEMPATH\CodeIgniter.php(480): CodeIgniter\CodeIgniter->runController(Object(App\Controllers\GuruController))
 8 SYSTEMPATH\CodeIgniter.php(349): CodeIgniter\CodeIgniter->handleRequest(null, Object(Config\Cache), false)
 9 FCPATH\index.php(67): CodeIgniter\CodeIgniter->run()
10 SYSTEMPATH\Commands\Server\rewrite.php(47): require_once('FCPATH\\index.php')
CRITICAL - 2023-01-31 01:33:52 --> Attempt to read property "id_jadwal" on array
in APPPATH\Views\admin\dataguru\edit.php on line 73.
 1 APPPATH\Views\admin\dataguru\edit.php(73): CodeIgniter\Debug\Exceptions->errorHandler(2, 'Attempt to read property "id_jadwal" on array', 'APPPATH\\Views\\admin\\dataguru\\edit.php', 73)
 2 SYSTEMPATH\View\View.php(213): include('APPPATH\\Views\\admin\\dataguru\\edit.php')
 3 SYSTEMPATH\View\View.php(216): CodeIgniter\View\View->CodeIgniter\View\{closure}()
 4 SYSTEMPATH\Common.php(1135): CodeIgniter\View\View->render('admin/dataguru/edit', [], true)
 5 APPPATH\Controllers\GuruController.php(129): view('admin/dataguru/edit', [...])
 6 SYSTEMPATH\CodeIgniter.php(925): App\Controllers\GuruController->edit('3')
 7 SYSTEMPATH\CodeIgniter.php(480): CodeIgniter\CodeIgniter->runController(Object(App\Controllers\GuruController))
 8 SYSTEMPATH\CodeIgniter.php(349): CodeIgniter\CodeIgniter->handleRequest(null, Object(Config\Cache), false)
 9 FCPATH\index.php(67): CodeIgniter\CodeIgniter->run()
10 SYSTEMPATH\Commands\Server\rewrite.php(47): require_once('FCPATH\\index.php')
CRITICAL - 2023-01-31 01:36:25 --> Attempt to read property "id_jadwal" on array
in APPPATH\Views\admin\dataguru\edit.php on line 73.
 1 APPPATH\Views\admin\dataguru\edit.php(73): CodeIgniter\Debug\Exceptions->errorHandler(2, 'Attempt to read property "id_jadwal" on array', 'APPPATH\\Views\\admin\\dataguru\\edit.php', 73)
 2 SYSTEMPATH\View\View.php(213): include('APPPATH\\Views\\admin\\dataguru\\edit.php')
 3 SYSTEMPATH\View\View.php(216): CodeIgniter\View\View->CodeIgniter\View\{closure}()
 4 SYSTEMPATH\Common.php(1135): CodeIgniter\View\View->render('admin/dataguru/edit', [], true)
 5 APPPATH\Controllers\GuruController.php(129): view('admin/dataguru/edit', [...])
 6 SYSTEMPATH\CodeIgniter.php(925): App\Controllers\GuruController->edit('3')
 7 SYSTEMPATH\CodeIgniter.php(480): CodeIgniter\CodeIgniter->runController(Object(App\Controllers\GuruController))
 8 SYSTEMPATH\CodeIgniter.php(349): CodeIgniter\CodeIgniter->handleRequest(null, Object(Config\Cache), false)
 9 FCPATH\index.php(67): CodeIgniter\CodeIgniter->run()
10 SYSTEMPATH\Commands\Server\rewrite.php(47): require_once('FCPATH\\index.php')
