CRITICAL - 2023-01-28 17:55:43 --> Cannot use object of type stdClass as array
in APPPATH\Views\admin\dataguru\edit.php on line 21.
 1 SYSTEMPATH\View\View.php(213): include()
 2 SYSTEMPATH\View\View.php(216): CodeIgniter\View\View->CodeIgniter\View\{closure}()
 3 SYSTEMPATH\Common.php(1135): CodeIgniter\View\View->render('admin/dataguru/edit', [], true)
 4 APPPATH\Controllers\GuruController.php(117): view('admin/dataguru/edit', [...])
 5 SYSTEMPATH\CodeIgniter.php(925): App\Controllers\GuruController->edit('1')
 6 SYSTEMPATH\CodeIgniter.php(480): CodeIgniter\CodeIgniter->runController(Object(App\Controllers\GuruController))
 7 SYSTEMPATH\CodeIgniter.php(349): CodeIgniter\CodeIgniter->handleRequest(null, Object(Config\Cache), false)
 8 FCPATH\index.php(67): CodeIgniter\CodeIgniter->run()
 9 SYSTEMPATH\Commands\Server\rewrite.php(47): require_once('FCPATH\\index.php')
CRITICAL - 2023-01-28 17:59:39 --> Cannot use object of type stdClass as array
in APPPATH\Views\admin\dataguru\edit.php on line 21.
 1 SYSTEMPATH\View\View.php(213): include()
 2 SYSTEMPATH\View\View.php(216): CodeIgniter\View\View->CodeIgniter\View\{closure}()
 3 SYSTEMPATH\Common.php(1135): CodeIgniter\View\View->render('admin/dataguru/edit', [], true)
 4 APPPATH\Controllers\GuruController.php(117): view('admin/dataguru/edit', [...])
 5 SYSTEMPATH\CodeIgniter.php(925): App\Controllers\GuruController->edit('1')
 6 SYSTEMPATH\CodeIgniter.php(480): CodeIgniter\CodeIgniter->runController(Object(App\Controllers\GuruController))
 7 SYSTEMPATH\CodeIgniter.php(349): CodeIgniter\CodeIgniter->handleRequest(null, Object(Config\Cache), false)
 8 FCPATH\index.php(67): CodeIgniter\CodeIgniter->run()
 9 SYSTEMPATH\Commands\Server\rewrite.php(47): require_once('FCPATH\\index.php')
CRITICAL - 2023-01-28 18:06:40 --> Cannot use object of type stdClass as array
in APPPATH\Views\admin\dataguru\edit.php on line 21.
 1 SYSTEMPATH\View\View.php(213): include()
 2 SYSTEMPATH\View\View.php(216): CodeIgniter\View\View->CodeIgniter\View\{closure}()
 3 SYSTEMPATH\Common.php(1135): CodeIgniter\View\View->render('admin/dataguru/edit', [], true)
 4 APPPATH\Controllers\GuruController.php(118): view('admin/dataguru/edit', [...])
 5 SYSTEMPATH\CodeIgniter.php(925): App\Controllers\GuruController->edit('1')
 6 SYSTEMPATH\CodeIgniter.php(480): CodeIgniter\CodeIgniter->runController(Object(App\Controllers\GuruController))
 7 SYSTEMPATH\CodeIgniter.php(349): CodeIgniter\CodeIgniter->handleRequest(null, Object(Config\Cache), false)
 8 FCPATH\index.php(67): CodeIgniter\CodeIgniter->run()
 9 SYSTEMPATH\Commands\Server\rewrite.php(47): require_once('FCPATH\\index.php')
CRITICAL - 2023-01-28 18:12:31 --> Cannot use object of type App\Models\Guru as array
in APPPATH\Views\admin\dataguru\edit.php on line 21.
 1 SYSTEMPATH\View\View.php(213): include()
 2 SYSTEMPATH\View\View.php(216): CodeIgniter\View\View->CodeIgniter\View\{closure}()
 3 SYSTEMPATH\Common.php(1135): CodeIgniter\View\View->render('admin/dataguru/edit', [], true)
 4 APPPATH\Controllers\GuruController.php(118): view('admin/dataguru/edit', [...])
 5 SYSTEMPATH\CodeIgniter.php(925): App\Controllers\GuruController->edit('1')
 6 SYSTEMPATH\CodeIgniter.php(480): CodeIgniter\CodeIgniter->runController(Object(App\Controllers\GuruController))
 7 SYSTEMPATH\CodeIgniter.php(349): CodeIgniter\CodeIgniter->handleRequest(null, Object(Config\Cache), false)
 8 FCPATH\index.php(67): CodeIgniter\CodeIgniter->run()
 9 SYSTEMPATH\Commands\Server\rewrite.php(47): require_once('FCPATH\\index.php')
CRITICAL - 2023-01-28 18:15:00 --> Cannot use object of type stdClass as array
in APPPATH\Views\admin\dataguru\edit.php on line 21.
 1 SYSTEMPATH\View\View.php(213): include()
 2 SYSTEMPATH\View\View.php(216): CodeIgniter\View\View->CodeIgniter\View\{closure}()
 3 SYSTEMPATH\Common.php(1135): CodeIgniter\View\View->render('admin/dataguru/edit', [], true)
 4 APPPATH\Controllers\GuruController.php(117): view('admin/dataguru/edit', [...])
 5 SYSTEMPATH\CodeIgniter.php(925): App\Controllers\GuruController->edit('1')
 6 SYSTEMPATH\CodeIgniter.php(480): CodeIgniter\CodeIgniter->runController(Object(App\Controllers\GuruController))
 7 SYSTEMPATH\CodeIgniter.php(349): CodeIgniter\CodeIgniter->handleRequest(null, Object(Config\Cache), false)
 8 FCPATH\index.php(67): CodeIgniter\CodeIgniter->run()
 9 SYSTEMPATH\Commands\Server\rewrite.php(47): require_once('FCPATH\\index.php')
CRITICAL - 2023-01-28 18:17:50 --> Cannot use object of type stdClass as array
in APPPATH\Views\admin\dataguru\edit.php on line 21.
 1 SYSTEMPATH\View\View.php(213): include()
 2 SYSTEMPATH\View\View.php(216): CodeIgniter\View\View->CodeIgniter\View\{closure}()
 3 SYSTEMPATH\Common.php(1135): CodeIgniter\View\View->render('admin/dataguru/edit', [], true)
 4 APPPATH\Controllers\GuruController.php(117): view('admin/dataguru/edit', [...])
 5 SYSTEMPATH\CodeIgniter.php(925): App\Controllers\GuruController->edit('1')
 6 SYSTEMPATH\CodeIgniter.php(480): CodeIgniter\CodeIgniter->runController(Object(App\Controllers\GuruController))
 7 SYSTEMPATH\CodeIgniter.php(349): CodeIgniter\CodeIgniter->handleRequest(null, Object(Config\Cache), false)
 8 FCPATH\index.php(67): CodeIgniter\CodeIgniter->run()
 9 SYSTEMPATH\Commands\Server\rewrite.php(47): require_once('FCPATH\\index.php')
CRITICAL - 2023-01-28 18:21:06 --> Cannot use object of type stdClass as array
in APPPATH\Views\admin\dataguru\edit.php on line 21.
 1 SYSTEMPATH\View\View.php(213): include()
 2 SYSTEMPATH\View\View.php(216): CodeIgniter\View\View->CodeIgniter\View\{closure}()
 3 SYSTEMPATH\Common.php(1135): CodeIgniter\View\View->render('admin/dataguru/edit', [], true)
 4 APPPATH\Controllers\GuruController.php(117): view('admin/dataguru/edit', [...])
 5 SYSTEMPATH\CodeIgniter.php(925): App\Controllers\GuruController->edit('1')
 6 SYSTEMPATH\CodeIgniter.php(480): CodeIgniter\CodeIgniter->runController(Object(App\Controllers\GuruController))
 7 SYSTEMPATH\CodeIgniter.php(349): CodeIgniter\CodeIgniter->handleRequest(null, Object(Config\Cache), false)
 8 FCPATH\index.php(67): CodeIgniter\CodeIgniter->run()
 9 SYSTEMPATH\Commands\Server\rewrite.php(47): require_once('FCPATH\\index.php')
CRITICAL - 2023-01-28 18:23:32 --> Cannot use object of type stdClass as array
in APPPATH\Views\admin\dataguru\edit.php on line 23.
 1 SYSTEMPATH\View\View.php(213): include()
 2 SYSTEMPATH\View\View.php(216): CodeIgniter\View\View->CodeIgniter\View\{closure}()
 3 SYSTEMPATH\Common.php(1135): CodeIgniter\View\View->render('admin/dataguru/edit', [], true)
 4 APPPATH\Controllers\GuruController.php(117): view('admin/dataguru/edit', [...])
 5 SYSTEMPATH\CodeIgniter.php(925): App\Controllers\GuruController->edit('1')
 6 SYSTEMPATH\CodeIgniter.php(480): CodeIgniter\CodeIgniter->runController(Object(App\Controllers\GuruController))
 7 SYSTEMPATH\CodeIgniter.php(349): CodeIgniter\CodeIgniter->handleRequest(null, Object(Config\Cache), false)
 8 FCPATH\index.php(67): CodeIgniter\CodeIgniter->run()
 9 SYSTEMPATH\Commands\Server\rewrite.php(47): require_once('FCPATH\\index.php')
CRITICAL - 2023-01-28 18:24:00 --> Cannot use object of type stdClass as array
in APPPATH\Views\admin\dataguru\edit.php on line 30.
 1 SYSTEMPATH\View\View.php(213): include()
 2 SYSTEMPATH\View\View.php(216): CodeIgniter\View\View->CodeIgniter\View\{closure}()
 3 SYSTEMPATH\Common.php(1135): CodeIgniter\View\View->render('admin/dataguru/edit', [], true)
 4 APPPATH\Controllers\GuruController.php(117): view('admin/dataguru/edit', [...])
 5 SYSTEMPATH\CodeIgniter.php(925): App\Controllers\GuruController->edit('1')
 6 SYSTEMPATH\CodeIgniter.php(480): CodeIgniter\CodeIgniter->runController(Object(App\Controllers\GuruController))
 7 SYSTEMPATH\CodeIgniter.php(349): CodeIgniter\CodeIgniter->handleRequest(null, Object(Config\Cache), false)
 8 FCPATH\index.php(67): CodeIgniter\CodeIgniter->run()
 9 SYSTEMPATH\Commands\Server\rewrite.php(47): require_once('FCPATH\\index.php')
CRITICAL - 2023-01-28 18:26:23 --> Attempt to read property "id_jadwal" on array
in APPPATH\Views\admin\dataguru\edit.php on line 73.
 1 APPPATH\Views\admin\dataguru\edit.php(73): CodeIgniter\Debug\Exceptions->errorHandler(2, 'Attempt to read property "id_jadwal" on array', 'APPPATH\\Views\\admin\\dataguru\\edit.php', 73)
 2 SYSTEMPATH\View\View.php(213): include('APPPATH\\Views\\admin\\dataguru\\edit.php')
 3 SYSTEMPATH\View\View.php(216): CodeIgniter\View\View->CodeIgniter\View\{closure}()
 4 SYSTEMPATH\Common.php(1135): CodeIgniter\View\View->render('admin/dataguru/edit', [], true)
 5 APPPATH\Controllers\GuruController.php(117): view('admin/dataguru/edit', [...])
 6 SYSTEMPATH\CodeIgniter.php(925): App\Controllers\GuruController->edit('1')
 7 SYSTEMPATH\CodeIgniter.php(480): CodeIgniter\CodeIgniter->runController(Object(App\Controllers\GuruController))
 8 SYSTEMPATH\CodeIgniter.php(349): CodeIgniter\CodeIgniter->handleRequest(null, Object(Config\Cache), false)
 9 FCPATH\index.php(67): CodeIgniter\CodeIgniter->run()
10 SYSTEMPATH\Commands\Server\rewrite.php(47): require_once('FCPATH\\index.php')
CRITICAL - 2023-01-28 18:26:54 --> Attempt to read property "id_jadwal" on array
in APPPATH\Views\admin\dataguru\edit.php on line 73.
 1 APPPATH\Views\admin\dataguru\edit.php(73): CodeIgniter\Debug\Exceptions->errorHandler(2, 'Attempt to read property "id_jadwal" on array', 'APPPATH\\Views\\admin\\dataguru\\edit.php', 73)
 2 SYSTEMPATH\View\View.php(213): include('APPPATH\\Views\\admin\\dataguru\\edit.php')
 3 SYSTEMPATH\View\View.php(216): CodeIgniter\View\View->CodeIgniter\View\{closure}()
 4 SYSTEMPATH\Common.php(1135): CodeIgniter\View\View->render('admin/dataguru/edit', [], true)
 5 APPPATH\Controllers\GuruController.php(117): view('admin/dataguru/edit', [...])
 6 SYSTEMPATH\CodeIgniter.php(925): App\Controllers\GuruController->edit('1')
 7 SYSTEMPATH\CodeIgniter.php(480): CodeIgniter\CodeIgniter->runController(Object(App\Controllers\GuruController))
 8 SYSTEMPATH\CodeIgniter.php(349): CodeIgniter\CodeIgniter->handleRequest(null, Object(Config\Cache), false)
 9 FCPATH\index.php(67): CodeIgniter\CodeIgniter->run()
10 SYSTEMPATH\Commands\Server\rewrite.php(47): require_once('FCPATH\\index.php')
CRITICAL - 2023-01-28 18:27:21 --> Undefined array key "id_jadwal"
in APPPATH\Views\admin\dataguru\edit.php on line 73.
 1 APPPATH\Views\admin\dataguru\edit.php(73): CodeIgniter\Debug\Exceptions->errorHandler(2, 'Undefined array key "id_jadwal"', 'APPPATH\\Views\\admin\\dataguru\\edit.php', 73)
 2 SYSTEMPATH\View\View.php(213): include('APPPATH\\Views\\admin\\dataguru\\edit.php')
 3 SYSTEMPATH\View\View.php(216): CodeIgniter\View\View->CodeIgniter\View\{closure}()
 4 SYSTEMPATH\Common.php(1135): CodeIgniter\View\View->render('admin/dataguru/edit', [], true)
 5 APPPATH\Controllers\GuruController.php(117): view('admin/dataguru/edit', [...])
 6 SYSTEMPATH\CodeIgniter.php(925): App\Controllers\GuruController->edit('1')
 7 SYSTEMPATH\CodeIgniter.php(480): CodeIgniter\CodeIgniter->runController(Object(App\Controllers\GuruController))
 8 SYSTEMPATH\CodeIgniter.php(349): CodeIgniter\CodeIgniter->handleRequest(null, Object(Config\Cache), false)
 9 FCPATH\index.php(67): CodeIgniter\CodeIgniter->run()
10 SYSTEMPATH\Commands\Server\rewrite.php(47): require_once('FCPATH\\index.php')
CRITICAL - 2023-01-28 18:36:24 --> Cannot use object of type App\Models\Guru as array
in APPPATH\Views\admin\dataguru\edit.php on line 21.
 1 SYSTEMPATH\View\View.php(213): include()
 2 SYSTEMPATH\View\View.php(216): CodeIgniter\View\View->CodeIgniter\View\{closure}()
 3 SYSTEMPATH\Common.php(1135): CodeIgniter\View\View->render('admin/dataguru/edit', [], true)
 4 APPPATH\Controllers\GuruController.php(118): view('admin/dataguru/edit', [...])
 5 SYSTEMPATH\CodeIgniter.php(925): App\Controllers\GuruController->edit('1')
 6 SYSTEMPATH\CodeIgniter.php(480): CodeIgniter\CodeIgniter->runController(Object(App\Controllers\GuruController))
 7 SYSTEMPATH\CodeIgniter.php(349): CodeIgniter\CodeIgniter->handleRequest(null, Object(Config\Cache), false)
 8 FCPATH\index.php(67): CodeIgniter\CodeIgniter->run()
 9 SYSTEMPATH\Commands\Server\rewrite.php(47): require_once('FCPATH\\index.php')
CRITICAL - 2023-01-28 18:36:58 --> Cannot use object of type stdClass as array
in APPPATH\Views\admin\dataguru\edit.php on line 21.
 1 SYSTEMPATH\View\View.php(213): include()
 2 SYSTEMPATH\View\View.php(216): CodeIgniter\View\View->CodeIgniter\View\{closure}()
 3 SYSTEMPATH\Common.php(1135): CodeIgniter\View\View->render('admin/dataguru/edit', [], true)
 4 APPPATH\Controllers\GuruController.php(118): view('admin/dataguru/edit', [...])
 5 SYSTEMPATH\CodeIgniter.php(925): App\Controllers\GuruController->edit('1')
 6 SYSTEMPATH\CodeIgniter.php(480): CodeIgniter\CodeIgniter->runController(Object(App\Controllers\GuruController))
 7 SYSTEMPATH\CodeIgniter.php(349): CodeIgniter\CodeIgniter->handleRequest(null, Object(Config\Cache), false)
 8 FCPATH\index.php(67): CodeIgniter\CodeIgniter->run()
 9 SYSTEMPATH\Commands\Server\rewrite.php(47): require_once('FCPATH\\index.php')
CRITICAL - 2023-01-28 18:49:01 --> Cannot use object of type stdClass as array
in APPPATH\Views\admin\dataguru\edit.php on line 21.
 1 SYSTEMPATH\View\View.php(213): include()
 2 SYSTEMPATH\View\View.php(216): CodeIgniter\View\View->CodeIgniter\View\{closure}()
 3 SYSTEMPATH\Common.php(1135): CodeIgniter\View\View->render('admin/dataguru/edit', [], true)
 4 APPPATH\Controllers\GuruController.php(118): view('admin/dataguru/edit', [...])
 5 SYSTEMPATH\CodeIgniter.php(925): App\Controllers\GuruController->edit('1')
 6 SYSTEMPATH\CodeIgniter.php(480): CodeIgniter\CodeIgniter->runController(Object(App\Controllers\GuruController))
 7 SYSTEMPATH\CodeIgniter.php(349): CodeIgniter\CodeIgniter->handleRequest(null, Object(Config\Cache), false)
 8 FCPATH\index.php(67): CodeIgniter\CodeIgniter->run()
 9 SYSTEMPATH\Commands\Server\rewrite.php(47): require_once('FCPATH\\index.php')
CRITICAL - 2023-01-28 18:52:34 --> Attempt to read property "id_jadwal" on array
in APPPATH\Views\admin\dataguru\edit.php on line 73.
 1 APPPATH\Views\admin\dataguru\edit.php(73): CodeIgniter\Debug\Exceptions->errorHandler(2, 'Attempt to read property "id_jadwal" on array', 'APPPATH\\Views\\admin\\dataguru\\edit.php', 73)
 2 SYSTEMPATH\View\View.php(213): include('APPPATH\\Views\\admin\\dataguru\\edit.php')
 3 SYSTEMPATH\View\View.php(216): CodeIgniter\View\View->CodeIgniter\View\{closure}()
 4 SYSTEMPATH\Common.php(1135): CodeIgniter\View\View->render('admin/dataguru/edit', [], true)
 5 APPPATH\Controllers\GuruController.php(116): view('admin/dataguru/edit', [...])
 6 SYSTEMPATH\CodeIgniter.php(925): App\Controllers\GuruController->edit('1')
 7 SYSTEMPATH\CodeIgniter.php(480): CodeIgniter\CodeIgniter->runController(Object(App\Controllers\GuruController))
 8 SYSTEMPATH\CodeIgniter.php(349): CodeIgniter\CodeIgniter->handleRequest(null, Object(Config\Cache), false)
 9 FCPATH\index.php(67): CodeIgniter\CodeIgniter->run()
10 SYSTEMPATH\Commands\Server\rewrite.php(47): require_once('FCPATH\\index.php')
CRITICAL - 2023-01-28 18:54:03 --> Attempt to read property "id_jadwal" on array
in APPPATH\Views\admin\dataguru\edit.php on line 73.
 1 APPPATH\Views\admin\dataguru\edit.php(73): CodeIgniter\Debug\Exceptions->errorHandler(2, 'Attempt to read property "id_jadwal" on array', 'APPPATH\\Views\\admin\\dataguru\\edit.php', 73)
 2 SYSTEMPATH\View\View.php(213): include('APPPATH\\Views\\admin\\dataguru\\edit.php')
 3 SYSTEMPATH\View\View.php(216): CodeIgniter\View\View->CodeIgniter\View\{closure}()
 4 SYSTEMPATH\Common.php(1135): CodeIgniter\View\View->render('admin/dataguru/edit', [], true)
 5 APPPATH\Controllers\GuruController.php(116): view('admin/dataguru/edit', [...])
 6 SYSTEMPATH\CodeIgniter.php(925): App\Controllers\GuruController->edit('1')
 7 SYSTEMPATH\CodeIgniter.php(480): CodeIgniter\CodeIgniter->runController(Object(App\Controllers\GuruController))
 8 SYSTEMPATH\CodeIgniter.php(349): CodeIgniter\CodeIgniter->handleRequest(null, Object(Config\Cache), false)
 9 FCPATH\index.php(67): CodeIgniter\CodeIgniter->run()
10 SYSTEMPATH\Commands\Server\rewrite.php(47): require_once('FCPATH\\index.php')
CRITICAL - 2023-01-28 21:10:35 --> Attempt to read property "id_jadwal" on array
in APPPATH\Views\admin\dataguru\edit.php on line 73.
 1 APPPATH\Views\admin\dataguru\edit.php(73): CodeIgniter\Debug\Exceptions->errorHandler(2, 'Attempt to read property "id_jadwal" on array', 'APPPATH\\Views\\admin\\dataguru\\edit.php', 73)
 2 SYSTEMPATH\View\View.php(213): include('APPPATH\\Views\\admin\\dataguru\\edit.php')
 3 SYSTEMPATH\View\View.php(216): CodeIgniter\View\View->CodeIgniter\View\{closure}()
 4 SYSTEMPATH\Common.php(1135): CodeIgniter\View\View->render('admin/dataguru/edit', [], true)
 5 APPPATH\Controllers\GuruController.php(116): view('admin/dataguru/edit', [...])
 6 SYSTEMPATH\CodeIgniter.php(925): App\Controllers\GuruController->edit('1')
 7 SYSTEMPATH\CodeIgniter.php(480): CodeIgniter\CodeIgniter->runController(Object(App\Controllers\GuruController))
 8 SYSTEMPATH\CodeIgniter.php(349): CodeIgniter\CodeIgniter->handleRequest(null, Object(Config\Cache), false)
 9 FCPATH\index.php(67): CodeIgniter\CodeIgniter->run()
10 SYSTEMPATH\Commands\Server\rewrite.php(47): require_once('FCPATH\\index.php')
CRITICAL - 2023-01-28 21:21:45 --> Cannot use object of type stdClass as array
in APPPATH\Views\admin\datasiswa\edit.php on line 25.
 1 SYSTEMPATH\View\View.php(213): include()
 2 SYSTEMPATH\View\View.php(216): CodeIgniter\View\View->CodeIgniter\View\{closure}()
 3 SYSTEMPATH\Common.php(1135): CodeIgniter\View\View->render('admin/datasiswa/edit', [], true)
 4 APPPATH\Controllers\SiswaController.php(110): view('admin/datasiswa/edit', [...])
 5 SYSTEMPATH\CodeIgniter.php(925): App\Controllers\SiswaController->edit('5')
 6 SYSTEMPATH\CodeIgniter.php(480): CodeIgniter\CodeIgniter->runController(Object(App\Controllers\SiswaController))
 7 SYSTEMPATH\CodeIgniter.php(349): CodeIgniter\CodeIgniter->handleRequest(null, Object(Config\Cache), false)
 8 FCPATH\index.php(67): CodeIgniter\CodeIgniter->run()
 9 SYSTEMPATH\Commands\Server\rewrite.php(47): require_once('FCPATH\\index.php')
CRITICAL - 2023-01-28 21:22:16 --> Cannot use object of type stdClass as array
in APPPATH\Views\admin\datasiswa\edit.php on line 21.
 1 SYSTEMPATH\View\View.php(213): include()
 2 SYSTEMPATH\View\View.php(216): CodeIgniter\View\View->CodeIgniter\View\{closure}()
 3 SYSTEMPATH\Common.php(1135): CodeIgniter\View\View->render('admin/datasiswa/edit', [], true)
 4 APPPATH\Controllers\SiswaController.php(110): view('admin/datasiswa/edit', [...])
 5 SYSTEMPATH\CodeIgniter.php(925): App\Controllers\SiswaController->edit('5')
 6 SYSTEMPATH\CodeIgniter.php(480): CodeIgniter\CodeIgniter->runController(Object(App\Controllers\SiswaController))
 7 SYSTEMPATH\CodeIgniter.php(349): CodeIgniter\CodeIgniter->handleRequest(null, Object(Config\Cache), false)
 8 FCPATH\index.php(67): CodeIgniter\CodeIgniter->run()
 9 SYSTEMPATH\Commands\Server\rewrite.php(47): require_once('FCPATH\\index.php')
CRITICAL - 2023-01-28 21:29:04 --> Attempt to read property "id_jadwal" on array
in APPPATH\Views\admin\dataguru\edit.php on line 73.
 1 APPPATH\Views\admin\dataguru\edit.php(73): CodeIgniter\Debug\Exceptions->errorHandler(2, 'Attempt to read property "id_jadwal" on array', 'APPPATH\\Views\\admin\\dataguru\\edit.php', 73)
 2 SYSTEMPATH\View\View.php(213): include('APPPATH\\Views\\admin\\dataguru\\edit.php')
 3 SYSTEMPATH\View\View.php(216): CodeIgniter\View\View->CodeIgniter\View\{closure}()
 4 SYSTEMPATH\Common.php(1135): CodeIgniter\View\View->render('admin/dataguru/edit', [], true)
 5 APPPATH\Controllers\GuruController.php(116): view('admin/dataguru/edit', [...])
 6 SYSTEMPATH\CodeIgniter.php(925): App\Controllers\GuruController->edit('1')
 7 SYSTEMPATH\CodeIgniter.php(480): CodeIgniter\CodeIgniter->runController(Object(App\Controllers\GuruController))
 8 SYSTEMPATH\CodeIgniter.php(349): CodeIgniter\CodeIgniter->handleRequest(null, Object(Config\Cache), false)
 9 FCPATH\index.php(67): CodeIgniter\CodeIgniter->run()
10 SYSTEMPATH\Commands\Server\rewrite.php(47): require_once('FCPATH\\index.php')
CRITICAL - 2023-01-28 21:42:44 --> Undefined variable $s
in APPPATH\Views\admin\datakegiatan\index.php on line 51.
 1 APPPATH\Views\admin\datakegiatan\index.php(51): CodeIgniter\Debug\Exceptions->errorHandler(2, 'Undefined variable $s', 'APPPATH\\Views\\admin\\datakegiatan\\index.php', 51)
 2 SYSTEMPATH\View\View.php(213): include('APPPATH\\Views\\admin\\datakegiatan\\index.php')
 3 SYSTEMPATH\View\View.php(216): CodeIgniter\View\View->CodeIgniter\View\{closure}()
 4 SYSTEMPATH\Common.php(1135): CodeIgniter\View\View->render('admin/datakegiatan/index', [], true)
 5 APPPATH\Controllers\KegiatanController.php(22): view('admin/datakegiatan/index', [...])
 6 SYSTEMPATH\CodeIgniter.php(925): App\Controllers\KegiatanController->index()
 7 SYSTEMPATH\CodeIgniter.php(480): CodeIgniter\CodeIgniter->runController(Object(App\Controllers\KegiatanController))
 8 SYSTEMPATH\CodeIgniter.php(349): CodeIgniter\CodeIgniter->handleRequest(null, Object(Config\Cache), false)
 9 FCPATH\index.php(67): CodeIgniter\CodeIgniter->run()
10 SYSTEMPATH\Commands\Server\rewrite.php(47): require_once('FCPATH\\index.php')
CRITICAL - 2023-01-28 21:43:01 --> Attempt to read property "id_guru" on array
in APPPATH\Views\admin\datakegiatan\edit.php on line 51.
 1 APPPATH\Views\admin\datakegiatan\edit.php(51): CodeIgniter\Debug\Exceptions->errorHandler(2, 'Attempt to read property "id_guru" on array', 'APPPATH\\Views\\admin\\datakegiatan\\edit.php', 51)
 2 SYSTEMPATH\View\View.php(213): include('APPPATH\\Views\\admin\\datakegiatan\\edit.php')
 3 SYSTEMPATH\View\View.php(216): CodeIgniter\View\View->CodeIgniter\View\{closure}()
 4 SYSTEMPATH\Common.php(1135): CodeIgniter\View\View->render('admin/datakegiatan/edit', [], true)
 5 APPPATH\Controllers\KegiatanController.php(95): view('admin/datakegiatan/edit', [...])
 6 SYSTEMPATH\CodeIgniter.php(925): App\Controllers\KegiatanController->edit('2')
 7 SYSTEMPATH\CodeIgniter.php(480): CodeIgniter\CodeIgniter->runController(Object(App\Controllers\KegiatanController))
 8 SYSTEMPATH\CodeIgniter.php(349): CodeIgniter\CodeIgniter->handleRequest(null, Object(Config\Cache), false)
 9 FCPATH\index.php(67): CodeIgniter\CodeIgniter->run()
10 SYSTEMPATH\Commands\Server\rewrite.php(47): require_once('FCPATH\\index.php')
CRITICAL - 2023-01-28 21:44:06 --> Attempt to read property "id_guru" on array
in APPPATH\Views\admin\datakegiatan\edit.php on line 51.
 1 APPPATH\Views\admin\datakegiatan\edit.php(51): CodeIgniter\Debug\Exceptions->errorHandler(2, 'Attempt to read property "id_guru" on array', 'APPPATH\\Views\\admin\\datakegiatan\\edit.php', 51)
 2 SYSTEMPATH\View\View.php(213): include('APPPATH\\Views\\admin\\datakegiatan\\edit.php')
 3 SYSTEMPATH\View\View.php(216): CodeIgniter\View\View->CodeIgniter\View\{closure}()
 4 SYSTEMPATH\Common.php(1135): CodeIgniter\View\View->render('admin/datakegiatan/edit', [], true)
 5 APPPATH\Controllers\KegiatanController.php(95): view('admin/datakegiatan/edit', [...])
 6 SYSTEMPATH\CodeIgniter.php(925): App\Controllers\KegiatanController->edit('2')
 7 SYSTEMPATH\CodeIgniter.php(480): CodeIgniter\CodeIgniter->runController(Object(App\Controllers\KegiatanController))
 8 SYSTEMPATH\CodeIgniter.php(349): CodeIgniter\CodeIgniter->handleRequest(null, Object(Config\Cache), false)
 9 FCPATH\index.php(67): CodeIgniter\CodeIgniter->run()
10 SYSTEMPATH\Commands\Server\rewrite.php(47): require_once('FCPATH\\index.php')
CRITICAL - 2023-01-28 21:45:25 --> Attempt to read property "id_guru" on array
in APPPATH\Views\admin\datakegiatan\edit.php on line 51.
 1 APPPATH\Views\admin\datakegiatan\edit.php(51): CodeIgniter\Debug\Exceptions->errorHandler(2, 'Attempt to read property "id_guru" on array', 'APPPATH\\Views\\admin\\datakegiatan\\edit.php', 51)
 2 SYSTEMPATH\View\View.php(213): include('APPPATH\\Views\\admin\\datakegiatan\\edit.php')
 3 SYSTEMPATH\View\View.php(216): CodeIgniter\View\View->CodeIgniter\View\{closure}()
 4 SYSTEMPATH\Common.php(1135): CodeIgniter\View\View->render('admin/datakegiatan/edit', [], true)
 5 APPPATH\Controllers\KegiatanController.php(95): view('admin/datakegiatan/edit', [...])
 6 SYSTEMPATH\CodeIgniter.php(925): App\Controllers\KegiatanController->edit('2')
 7 SYSTEMPATH\CodeIgniter.php(480): CodeIgniter\CodeIgniter->runController(Object(App\Controllers\KegiatanController))
 8 SYSTEMPATH\CodeIgniter.php(349): CodeIgniter\CodeIgniter->handleRequest(null, Object(Config\Cache), false)
 9 FCPATH\index.php(67): CodeIgniter\CodeIgniter->run()
10 SYSTEMPATH\Commands\Server\rewrite.php(47): require_once('FCPATH\\index.php')
CRITICAL - 2023-01-28 21:45:28 --> Attempt to read property "id_guru" on array
in APPPATH\Views\admin\datakegiatan\edit.php on line 51.
 1 APPPATH\Views\admin\datakegiatan\edit.php(51): CodeIgniter\Debug\Exceptions->errorHandler(2, 'Attempt to read property "id_guru" on array', 'APPPATH\\Views\\admin\\datakegiatan\\edit.php', 51)
 2 SYSTEMPATH\View\View.php(213): include('APPPATH\\Views\\admin\\datakegiatan\\edit.php')
 3 SYSTEMPATH\View\View.php(216): CodeIgniter\View\View->CodeIgniter\View\{closure}()
 4 SYSTEMPATH\Common.php(1135): CodeIgniter\View\View->render('admin/datakegiatan/edit', [], true)
 5 APPPATH\Controllers\KegiatanController.php(95): view('admin/datakegiatan/edit', [...])
 6 SYSTEMPATH\CodeIgniter.php(925): App\Controllers\KegiatanController->edit('2')
 7 SYSTEMPATH\CodeIgniter.php(480): CodeIgniter\CodeIgniter->runController(Object(App\Controllers\KegiatanController))
 8 SYSTEMPATH\CodeIgniter.php(349): CodeIgniter\CodeIgniter->handleRequest(null, Object(Config\Cache), false)
 9 FCPATH\index.php(67): CodeIgniter\CodeIgniter->run()
10 SYSTEMPATH\Commands\Server\rewrite.php(47): require_once('FCPATH\\index.php')
CRITICAL - 2023-01-28 21:46:47 --> Attempt to read property "id_guru" on array
in APPPATH\Views\admin\datakegiatan\edit.php on line 51.
 1 APPPATH\Views\admin\datakegiatan\edit.php(51): CodeIgniter\Debug\Exceptions->errorHandler(2, 'Attempt to read property "id_guru" on array', 'APPPATH\\Views\\admin\\datakegiatan\\edit.php', 51)
 2 SYSTEMPATH\View\View.php(213): include('APPPATH\\Views\\admin\\datakegiatan\\edit.php')
 3 SYSTEMPATH\View\View.php(216): CodeIgniter\View\View->CodeIgniter\View\{closure}()
 4 SYSTEMPATH\Common.php(1135): CodeIgniter\View\View->render('admin/datakegiatan/edit', [], true)
 5 APPPATH\Controllers\KegiatanController.php(95): view('admin/datakegiatan/edit', [...])
 6 SYSTEMPATH\CodeIgniter.php(925): App\Controllers\KegiatanController->edit('2')
 7 SYSTEMPATH\CodeIgniter.php(480): CodeIgniter\CodeIgniter->runController(Object(App\Controllers\KegiatanController))
 8 SYSTEMPATH\CodeIgniter.php(349): CodeIgniter\CodeIgniter->handleRequest(null, Object(Config\Cache), false)
 9 FCPATH\index.php(67): CodeIgniter\CodeIgniter->run()
10 SYSTEMPATH\Commands\Server\rewrite.php(47): require_once('FCPATH\\index.php')
CRITICAL - 2023-01-28 21:48:37 --> Attempt to read property "id_guru" on array
in APPPATH\Views\admin\datakegiatan\edit.php on line 51.
 1 APPPATH\Views\admin\datakegiatan\edit.php(51): CodeIgniter\Debug\Exceptions->errorHandler(2, 'Attempt to read property "id_guru" on array', 'APPPATH\\Views\\admin\\datakegiatan\\edit.php', 51)
 2 SYSTEMPATH\View\View.php(213): include('APPPATH\\Views\\admin\\datakegiatan\\edit.php')
 3 SYSTEMPATH\View\View.php(216): CodeIgniter\View\View->CodeIgniter\View\{closure}()
 4 SYSTEMPATH\Common.php(1135): CodeIgniter\View\View->render('admin/datakegiatan/edit', [], true)
 5 APPPATH\Controllers\KegiatanController.php(95): view('admin/datakegiatan/edit', [...])
 6 SYSTEMPATH\CodeIgniter.php(925): App\Controllers\KegiatanController->edit('2')
 7 SYSTEMPATH\CodeIgniter.php(480): CodeIgniter\CodeIgniter->runController(Object(App\Controllers\KegiatanController))
 8 SYSTEMPATH\CodeIgniter.php(349): CodeIgniter\CodeIgniter->handleRequest(null, Object(Config\Cache), false)
 9 FCPATH\index.php(67): CodeIgniter\CodeIgniter->run()
10 SYSTEMPATH\Commands\Server\rewrite.php(47): require_once('FCPATH\\index.php')
CRITICAL - 2023-01-28 21:48:39 --> Attempt to read property "id_guru" on array
in APPPATH\Views\admin\datakegiatan\edit.php on line 51.
 1 APPPATH\Views\admin\datakegiatan\edit.php(51): CodeIgniter\Debug\Exceptions->errorHandler(2, 'Attempt to read property "id_guru" on array', 'APPPATH\\Views\\admin\\datakegiatan\\edit.php', 51)
 2 SYSTEMPATH\View\View.php(213): include('APPPATH\\Views\\admin\\datakegiatan\\edit.php')
 3 SYSTEMPATH\View\View.php(216): CodeIgniter\View\View->CodeIgniter\View\{closure}()
 4 SYSTEMPATH\Common.php(1135): CodeIgniter\View\View->render('admin/datakegiatan/edit', [], true)
 5 APPPATH\Controllers\KegiatanController.php(95): view('admin/datakegiatan/edit', [...])
 6 SYSTEMPATH\CodeIgniter.php(925): App\Controllers\KegiatanController->edit('2')
 7 SYSTEMPATH\CodeIgniter.php(480): CodeIgniter\CodeIgniter->runController(Object(App\Controllers\KegiatanController))
 8 SYSTEMPATH\CodeIgniter.php(349): CodeIgniter\CodeIgniter->handleRequest(null, Object(Config\Cache), false)
 9 FCPATH\index.php(67): CodeIgniter\CodeIgniter->run()
10 SYSTEMPATH\Commands\Server\rewrite.php(47): require_once('FCPATH\\index.php')
CRITICAL - 2023-01-28 21:49:03 --> Attempt to read property "id_guru" on array
in APPPATH\Views\admin\datakegiatan\edit.php on line 51.
 1 APPPATH\Views\admin\datakegiatan\edit.php(51): CodeIgniter\Debug\Exceptions->errorHandler(2, 'Attempt to read property "id_guru" on array', 'APPPATH\\Views\\admin\\datakegiatan\\edit.php', 51)
 2 SYSTEMPATH\View\View.php(213): include('APPPATH\\Views\\admin\\datakegiatan\\edit.php')
 3 SYSTEMPATH\View\View.php(216): CodeIgniter\View\View->CodeIgniter\View\{closure}()
 4 SYSTEMPATH\Common.php(1135): CodeIgniter\View\View->render('admin/datakegiatan/edit', [], true)
 5 APPPATH\Controllers\KegiatanController.php(96): view('admin/datakegiatan/edit', [...])
 6 SYSTEMPATH\CodeIgniter.php(925): App\Controllers\KegiatanController->edit('2')
 7 SYSTEMPATH\CodeIgniter.php(480): CodeIgniter\CodeIgniter->runController(Object(App\Controllers\KegiatanController))
 8 SYSTEMPATH\CodeIgniter.php(349): CodeIgniter\CodeIgniter->handleRequest(null, Object(Config\Cache), false)
 9 FCPATH\index.php(67): CodeIgniter\CodeIgniter->run()
10 SYSTEMPATH\Commands\Server\rewrite.php(47): require_once('FCPATH\\index.php')
CRITICAL - 2023-01-28 21:50:47 --> Cannot use object of type stdClass as array
in APPPATH\Views\admin\datakegiatan\edit.php on line 51.
 1 SYSTEMPATH\View\View.php(213): include()
 2 SYSTEMPATH\View\View.php(216): CodeIgniter\View\View->CodeIgniter\View\{closure}()
 3 SYSTEMPATH\Common.php(1135): CodeIgniter\View\View->render('admin/datakegiatan/edit', [], true)
 4 APPPATH\Controllers\KegiatanController.php(95): view('admin/datakegiatan/edit', [...])
 5 SYSTEMPATH\CodeIgniter.php(925): App\Controllers\KegiatanController->edit('2')
 6 SYSTEMPATH\CodeIgniter.php(480): CodeIgniter\CodeIgniter->runController(Object(App\Controllers\KegiatanController))
 7 SYSTEMPATH\CodeIgniter.php(349): CodeIgniter\CodeIgniter->handleRequest(null, Object(Config\Cache), false)
 8 FCPATH\index.php(67): CodeIgniter\CodeIgniter->run()
 9 SYSTEMPATH\Commands\Server\rewrite.php(47): require_once('FCPATH\\index.php')
CRITICAL - 2023-01-28 21:51:03 --> Attempt to read property "id_guru" on array
in APPPATH\Views\admin\datakegiatan\edit.php on line 51.
 1 APPPATH\Views\admin\datakegiatan\edit.php(51): CodeIgniter\Debug\Exceptions->errorHandler(2, 'Attempt to read property "id_guru" on array', 'APPPATH\\Views\\admin\\datakegiatan\\edit.php', 51)
 2 SYSTEMPATH\View\View.php(213): include('APPPATH\\Views\\admin\\datakegiatan\\edit.php')
 3 SYSTEMPATH\View\View.php(216): CodeIgniter\View\View->CodeIgniter\View\{closure}()
 4 SYSTEMPATH\Common.php(1135): CodeIgniter\View\View->render('admin/datakegiatan/edit', [], true)
 5 APPPATH\Controllers\KegiatanController.php(95): view('admin/datakegiatan/edit', [...])
 6 SYSTEMPATH\CodeIgniter.php(925): App\Controllers\KegiatanController->edit('2')
 7 SYSTEMPATH\CodeIgniter.php(480): CodeIgniter\CodeIgniter->runController(Object(App\Controllers\KegiatanController))
 8 SYSTEMPATH\CodeIgniter.php(349): CodeIgniter\CodeIgniter->handleRequest(null, Object(Config\Cache), false)
 9 FCPATH\index.php(67): CodeIgniter\CodeIgniter->run()
10 SYSTEMPATH\Commands\Server\rewrite.php(47): require_once('FCPATH\\index.php')
CRITICAL - 2023-01-28 21:55:58 --> Attempt to read property "id_guru" on array
in APPPATH\Views\admin\datakegiatan\edit.php on line 51.
 1 APPPATH\Views\admin\datakegiatan\edit.php(51): CodeIgniter\Debug\Exceptions->errorHandler(2, 'Attempt to read property "id_guru" on array', 'APPPATH\\Views\\admin\\datakegiatan\\edit.php', 51)
 2 SYSTEMPATH\View\View.php(213): include('APPPATH\\Views\\admin\\datakegiatan\\edit.php')
 3 SYSTEMPATH\View\View.php(216): CodeIgniter\View\View->CodeIgniter\View\{closure}()
 4 SYSTEMPATH\Common.php(1135): CodeIgniter\View\View->render('admin/datakegiatan/edit', [], true)
 5 APPPATH\Controllers\KegiatanController.php(95): view('admin/datakegiatan/edit', [...])
 6 SYSTEMPATH\CodeIgniter.php(925): App\Controllers\KegiatanController->edit('2')
 7 SYSTEMPATH\CodeIgniter.php(480): CodeIgniter\CodeIgniter->runController(Object(App\Controllers\KegiatanController))
 8 SYSTEMPATH\CodeIgniter.php(349): CodeIgniter\CodeIgniter->handleRequest(null, Object(Config\Cache), false)
 9 FCPATH\index.php(67): CodeIgniter\CodeIgniter->run()
10 SYSTEMPATH\Commands\Server\rewrite.php(47): require_once('FCPATH\\index.php')
CRITICAL - 2023-01-28 21:56:55 --> Attempt to read property "id_guru" on array
in APPPATH\Views\admin\datakegiatan\edit.php on line 51.
 1 APPPATH\Views\admin\datakegiatan\edit.php(51): CodeIgniter\Debug\Exceptions->errorHandler(2, 'Attempt to read property "id_guru" on array', 'APPPATH\\Views\\admin\\datakegiatan\\edit.php', 51)
 2 SYSTEMPATH\View\View.php(213): include('APPPATH\\Views\\admin\\datakegiatan\\edit.php')
 3 SYSTEMPATH\View\View.php(216): CodeIgniter\View\View->CodeIgniter\View\{closure}()
 4 SYSTEMPATH\Common.php(1135): CodeIgniter\View\View->render('admin/datakegiatan/edit', [], true)
 5 APPPATH\Controllers\KegiatanController.php(95): view('admin/datakegiatan/edit', [...])
 6 SYSTEMPATH\CodeIgniter.php(925): App\Controllers\KegiatanController->edit('2')
 7 SYSTEMPATH\CodeIgniter.php(480): CodeIgniter\CodeIgniter->runController(Object(App\Controllers\KegiatanController))
 8 SYSTEMPATH\CodeIgniter.php(349): CodeIgniter\CodeIgniter->handleRequest(null, Object(Config\Cache), false)
 9 FCPATH\index.php(67): CodeIgniter\CodeIgniter->run()
10 SYSTEMPATH\Commands\Server\rewrite.php(47): require_once('FCPATH\\index.php')
CRITICAL - 2023-01-28 22:00:29 --> Attempt to read property "id_guru" on array
in APPPATH\Views\admin\datakegiatan\edit.php on line 51.
 1 APPPATH\Views\admin\datakegiatan\edit.php(51): CodeIgniter\Debug\Exceptions->errorHandler(2, 'Attempt to read property "id_guru" on array', 'APPPATH\\Views\\admin\\datakegiatan\\edit.php', 51)
 2 SYSTEMPATH\View\View.php(213): include('APPPATH\\Views\\admin\\datakegiatan\\edit.php')
 3 SYSTEMPATH\View\View.php(216): CodeIgniter\View\View->CodeIgniter\View\{closure}()
 4 SYSTEMPATH\Common.php(1135): CodeIgniter\View\View->render('admin/datakegiatan/edit', [], true)
 5 APPPATH\Controllers\KegiatanController.php(95): view('admin/datakegiatan/edit', [...])
 6 SYSTEMPATH\CodeIgniter.php(925): App\Controllers\KegiatanController->edit('1')
 7 SYSTEMPATH\CodeIgniter.php(480): CodeIgniter\CodeIgniter->runController(Object(App\Controllers\KegiatanController))
 8 SYSTEMPATH\CodeIgniter.php(349): CodeIgniter\CodeIgniter->handleRequest(null, Object(Config\Cache), false)
 9 FCPATH\index.php(67): CodeIgniter\CodeIgniter->run()
10 SYSTEMPATH\Commands\Server\rewrite.php(47): require_once('FCPATH\\index.php')
CRITICAL - 2023-01-28 22:05:59 --> Attempt to read property "id_guru" on array
in APPPATH\Views\admin\datakegiatan\edit.php on line 51.
 1 APPPATH\Views\admin\datakegiatan\edit.php(51): CodeIgniter\Debug\Exceptions->errorHandler(2, 'Attempt to read property "id_guru" on array', 'APPPATH\\Views\\admin\\datakegiatan\\edit.php', 51)
 2 SYSTEMPATH\View\View.php(213): include('APPPATH\\Views\\admin\\datakegiatan\\edit.php')
 3 SYSTEMPATH\View\View.php(216): CodeIgniter\View\View->CodeIgniter\View\{closure}()
 4 SYSTEMPATH\Common.php(1135): CodeIgniter\View\View->render('admin/datakegiatan/edit', [], true)
 5 APPPATH\Controllers\KegiatanController.php(95): view('admin/datakegiatan/edit', [...])
 6 SYSTEMPATH\CodeIgniter.php(925): App\Controllers\KegiatanController->edit('1')
 7 SYSTEMPATH\CodeIgniter.php(480): CodeIgniter\CodeIgniter->runController(Object(App\Controllers\KegiatanController))
 8 SYSTEMPATH\CodeIgniter.php(349): CodeIgniter\CodeIgniter->handleRequest(null, Object(Config\Cache), false)
 9 FCPATH\index.php(67): CodeIgniter\CodeIgniter->run()
10 SYSTEMPATH\Commands\Server\rewrite.php(47): require_once('FCPATH\\index.php')
CRITICAL - 2023-01-28 22:06:45 --> Attempt to read property "id_guru" on array
in APPPATH\Views\admin\datakegiatan\edit.php on line 51.
 1 APPPATH\Views\admin\datakegiatan\edit.php(51): CodeIgniter\Debug\Exceptions->errorHandler(2, 'Attempt to read property "id_guru" on array', 'APPPATH\\Views\\admin\\datakegiatan\\edit.php', 51)
 2 SYSTEMPATH\View\View.php(213): include('APPPATH\\Views\\admin\\datakegiatan\\edit.php')
 3 SYSTEMPATH\View\View.php(216): CodeIgniter\View\View->CodeIgniter\View\{closure}()
 4 SYSTEMPATH\Common.php(1135): CodeIgniter\View\View->render('admin/datakegiatan/edit', [], true)
 5 APPPATH\Controllers\KegiatanController.php(95): view('admin/datakegiatan/edit', [...])
 6 SYSTEMPATH\CodeIgniter.php(925): App\Controllers\KegiatanController->edit('1')
 7 SYSTEMPATH\CodeIgniter.php(480): CodeIgniter\CodeIgniter->runController(Object(App\Controllers\KegiatanController))
 8 SYSTEMPATH\CodeIgniter.php(349): CodeIgniter\CodeIgniter->handleRequest(null, Object(Config\Cache), false)
 9 FCPATH\index.php(67): CodeIgniter\CodeIgniter->run()
10 SYSTEMPATH\Commands\Server\rewrite.php(47): require_once('FCPATH\\index.php')
CRITICAL - 2023-01-28 22:06:47 --> Attempt to read property "id_guru" on array
in APPPATH\Views\admin\datakegiatan\edit.php on line 51.
 1 APPPATH\Views\admin\datakegiatan\edit.php(51): CodeIgniter\Debug\Exceptions->errorHandler(2, 'Attempt to read property "id_guru" on array', 'APPPATH\\Views\\admin\\datakegiatan\\edit.php', 51)
 2 SYSTEMPATH\View\View.php(213): include('APPPATH\\Views\\admin\\datakegiatan\\edit.php')
 3 SYSTEMPATH\View\View.php(216): CodeIgniter\View\View->CodeIgniter\View\{closure}()
 4 SYSTEMPATH\Common.php(1135): CodeIgniter\View\View->render('admin/datakegiatan/edit', [], true)
 5 APPPATH\Controllers\KegiatanController.php(95): view('admin/datakegiatan/edit', [...])
 6 SYSTEMPATH\CodeIgniter.php(925): App\Controllers\KegiatanController->edit('1')
 7 SYSTEMPATH\CodeIgniter.php(480): CodeIgniter\CodeIgniter->runController(Object(App\Controllers\KegiatanController))
 8 SYSTEMPATH\CodeIgniter.php(349): CodeIgniter\CodeIgniter->handleRequest(null, Object(Config\Cache), false)
 9 FCPATH\index.php(67): CodeIgniter\CodeIgniter->run()
10 SYSTEMPATH\Commands\Server\rewrite.php(47): require_once('FCPATH\\index.php')
CRITICAL - 2023-01-28 22:08:54 --> Attempt to read property "id_guru" on array
in APPPATH\Views\admin\datakegiatan\edit.php on line 51.
 1 APPPATH\Views\admin\datakegiatan\edit.php(51): CodeIgniter\Debug\Exceptions->errorHandler(2, 'Attempt to read property "id_guru" on array', 'APPPATH\\Views\\admin\\datakegiatan\\edit.php', 51)
 2 SYSTEMPATH\View\View.php(213): include('APPPATH\\Views\\admin\\datakegiatan\\edit.php')
 3 SYSTEMPATH\View\View.php(216): CodeIgniter\View\View->CodeIgniter\View\{closure}()
 4 SYSTEMPATH\Common.php(1135): CodeIgniter\View\View->render('admin/datakegiatan/edit', [], true)
 5 APPPATH\Controllers\KegiatanController.php(95): view('admin/datakegiatan/edit', [...])
 6 SYSTEMPATH\CodeIgniter.php(925): App\Controllers\KegiatanController->edit('1')
 7 SYSTEMPATH\CodeIgniter.php(480): CodeIgniter\CodeIgniter->runController(Object(App\Controllers\KegiatanController))
 8 SYSTEMPATH\CodeIgniter.php(349): CodeIgniter\CodeIgniter->handleRequest(null, Object(Config\Cache), false)
 9 FCPATH\index.php(67): CodeIgniter\CodeIgniter->run()
10 SYSTEMPATH\Commands\Server\rewrite.php(47): require_once('FCPATH\\index.php')
CRITICAL - 2023-01-28 22:08:56 --> Attempt to read property "id_guru" on array
in APPPATH\Views\admin\datakegiatan\edit.php on line 51.
 1 APPPATH\Views\admin\datakegiatan\edit.php(51): CodeIgniter\Debug\Exceptions->errorHandler(2, 'Attempt to read property "id_guru" on array', 'APPPATH\\Views\\admin\\datakegiatan\\edit.php', 51)
 2 SYSTEMPATH\View\View.php(213): include('APPPATH\\Views\\admin\\datakegiatan\\edit.php')
 3 SYSTEMPATH\View\View.php(216): CodeIgniter\View\View->CodeIgniter\View\{closure}()
 4 SYSTEMPATH\Common.php(1135): CodeIgniter\View\View->render('admin/datakegiatan/edit', [], true)
 5 APPPATH\Controllers\KegiatanController.php(95): view('admin/datakegiatan/edit', [...])
 6 SYSTEMPATH\CodeIgniter.php(925): App\Controllers\KegiatanController->edit('1')
 7 SYSTEMPATH\CodeIgniter.php(480): CodeIgniter\CodeIgniter->runController(Object(App\Controllers\KegiatanController))
 8 SYSTEMPATH\CodeIgniter.php(349): CodeIgniter\CodeIgniter->handleRequest(null, Object(Config\Cache), false)
 9 FCPATH\index.php(67): CodeIgniter\CodeIgniter->run()
10 SYSTEMPATH\Commands\Server\rewrite.php(47): require_once('FCPATH\\index.php')
CRITICAL - 2023-01-28 22:12:39 --> Attempt to read property "id_wali" on array
in APPPATH\Views\admin\datasiswa\edit.php on line 57.
 1 APPPATH\Views\admin\datasiswa\edit.php(57): CodeIgniter\Debug\Exceptions->errorHandler(2, 'Attempt to read property "id_wali" on array', 'APPPATH\\Views\\admin\\datasiswa\\edit.php', 57)
 2 SYSTEMPATH\View\View.php(213): include('APPPATH\\Views\\admin\\datasiswa\\edit.php')
 3 SYSTEMPATH\View\View.php(216): CodeIgniter\View\View->CodeIgniter\View\{closure}()
 4 SYSTEMPATH\Common.php(1135): CodeIgniter\View\View->render('admin/datasiswa/edit', [], true)
 5 APPPATH\Controllers\SiswaController.php(108): view('admin/datasiswa/edit', [...])
 6 SYSTEMPATH\CodeIgniter.php(925): App\Controllers\SiswaController->edit('5')
 7 SYSTEMPATH\CodeIgniter.php(480): CodeIgniter\CodeIgniter->runController(Object(App\Controllers\SiswaController))
 8 SYSTEMPATH\CodeIgniter.php(349): CodeIgniter\CodeIgniter->handleRequest(null, Object(Config\Cache), false)
 9 FCPATH\index.php(67): CodeIgniter\CodeIgniter->run()
10 SYSTEMPATH\Commands\Server\rewrite.php(47): require_once('FCPATH\\index.php')
CRITICAL - 2023-01-28 22:15:25 --> Attempt to read property "id_wali" on array
in APPPATH\Views\admin\datasiswa\edit.php on line 57.
 1 APPPATH\Views\admin\datasiswa\edit.php(57): CodeIgniter\Debug\Exceptions->errorHandler(2, 'Attempt to read property "id_wali" on array', 'APPPATH\\Views\\admin\\datasiswa\\edit.php', 57)
 2 SYSTEMPATH\View\View.php(213): include('APPPATH\\Views\\admin\\datasiswa\\edit.php')
 3 SYSTEMPATH\View\View.php(216): CodeIgniter\View\View->CodeIgniter\View\{closure}()
 4 SYSTEMPATH\Common.php(1135): CodeIgniter\View\View->render('admin/datasiswa/edit', [], true)
 5 APPPATH\Controllers\SiswaController.php(108): view('admin/datasiswa/edit', [...])
 6 SYSTEMPATH\CodeIgniter.php(925): App\Controllers\SiswaController->edit('5')
 7 SYSTEMPATH\CodeIgniter.php(480): CodeIgniter\CodeIgniter->runController(Object(App\Controllers\SiswaController))
 8 SYSTEMPATH\CodeIgniter.php(349): CodeIgniter\CodeIgniter->handleRequest(null, Object(Config\Cache), false)
 9 FCPATH\index.php(67): CodeIgniter\CodeIgniter->run()
10 SYSTEMPATH\Commands\Server\rewrite.php(47): require_once('FCPATH\\index.php')
CRITICAL - 2023-01-28 22:16:24 --> Attempt to read property "id_wali" on array
in APPPATH\Views\admin\datasiswa\edit.php on line 57.
 1 APPPATH\Views\admin\datasiswa\edit.php(57): CodeIgniter\Debug\Exceptions->errorHandler(2, 'Attempt to read property "id_wali" on array', 'APPPATH\\Views\\admin\\datasiswa\\edit.php', 57)
 2 SYSTEMPATH\View\View.php(213): include('APPPATH\\Views\\admin\\datasiswa\\edit.php')
 3 SYSTEMPATH\View\View.php(216): CodeIgniter\View\View->CodeIgniter\View\{closure}()
 4 SYSTEMPATH\Common.php(1135): CodeIgniter\View\View->render('admin/datasiswa/edit', [], true)
 5 APPPATH\Controllers\SiswaController.php(108): view('admin/datasiswa/edit', [...])
 6 SYSTEMPATH\CodeIgniter.php(925): App\Controllers\SiswaController->edit('5')
 7 SYSTEMPATH\CodeIgniter.php(480): CodeIgniter\CodeIgniter->runController(Object(App\Controllers\SiswaController))
 8 SYSTEMPATH\CodeIgniter.php(349): CodeIgniter\CodeIgniter->handleRequest(null, Object(Config\Cache), false)
 9 FCPATH\index.php(67): CodeIgniter\CodeIgniter->run()
10 SYSTEMPATH\Commands\Server\rewrite.php(47): require_once('FCPATH\\index.php')
CRITICAL - 2023-01-28 22:16:31 --> Attempt to read property "id" on array
in APPPATH\Views\admin\datakegiatan\edit.php on line 51.
 1 APPPATH\Views\admin\datakegiatan\edit.php(51): CodeIgniter\Debug\Exceptions->errorHandler(2, 'Attempt to read property "id" on array', 'APPPATH\\Views\\admin\\datakegiatan\\edit.php', 51)
 2 SYSTEMPATH\View\View.php(213): include('APPPATH\\Views\\admin\\datakegiatan\\edit.php')
 3 SYSTEMPATH\View\View.php(216): CodeIgniter\View\View->CodeIgniter\View\{closure}()
 4 SYSTEMPATH\Common.php(1135): CodeIgniter\View\View->render('admin/datakegiatan/edit', [], true)
 5 APPPATH\Controllers\KegiatanController.php(95): view('admin/datakegiatan/edit', [...])
 6 SYSTEMPATH\CodeIgniter.php(925): App\Controllers\KegiatanController->edit('2')
 7 SYSTEMPATH\CodeIgniter.php(480): CodeIgniter\CodeIgniter->runController(Object(App\Controllers\KegiatanController))
 8 SYSTEMPATH\CodeIgniter.php(349): CodeIgniter\CodeIgniter->handleRequest(null, Object(Config\Cache), false)
 9 FCPATH\index.php(67): CodeIgniter\CodeIgniter->run()
10 SYSTEMPATH\Commands\Server\rewrite.php(47): require_once('FCPATH\\index.php')
CRITICAL - 2023-01-28 22:22:34 --> Attempt to read property "id_guru" on array
in APPPATH\Views\admin\datakegiatan\edit.php on line 51.
 1 APPPATH\Views\admin\datakegiatan\edit.php(51): CodeIgniter\Debug\Exceptions->errorHandler(2, 'Attempt to read property "id_guru" on array', 'APPPATH\\Views\\admin\\datakegiatan\\edit.php', 51)
 2 SYSTEMPATH\View\View.php(213): include('APPPATH\\Views\\admin\\datakegiatan\\edit.php')
 3 SYSTEMPATH\View\View.php(216): CodeIgniter\View\View->CodeIgniter\View\{closure}()
 4 SYSTEMPATH\Common.php(1135): CodeIgniter\View\View->render('admin/datakegiatan/edit', [], true)
 5 APPPATH\Controllers\KegiatanController.php(95): view('admin/datakegiatan/edit', [...])
 6 SYSTEMPATH\CodeIgniter.php(925): App\Controllers\KegiatanController->edit('2')
 7 SYSTEMPATH\CodeIgniter.php(480): CodeIgniter\CodeIgniter->runController(Object(App\Controllers\KegiatanController))
 8 SYSTEMPATH\CodeIgniter.php(349): CodeIgniter\CodeIgniter->handleRequest(null, Object(Config\Cache), false)
 9 FCPATH\index.php(67): CodeIgniter\CodeIgniter->run()
10 SYSTEMPATH\Commands\Server\rewrite.php(47): require_once('FCPATH\\index.php')
CRITICAL - 2023-01-28 22:23:34 --> Cannot use object of type stdClass as array
in APPPATH\Views\admin\datakegiatan\edit.php on line 51.
 1 SYSTEMPATH\View\View.php(213): include()
 2 SYSTEMPATH\View\View.php(216): CodeIgniter\View\View->CodeIgniter\View\{closure}()
 3 SYSTEMPATH\Common.php(1135): CodeIgniter\View\View->render('admin/datakegiatan/edit', [], true)
 4 APPPATH\Controllers\KegiatanController.php(95): view('admin/datakegiatan/edit', [...])
 5 SYSTEMPATH\CodeIgniter.php(925): App\Controllers\KegiatanController->edit('2')
 6 SYSTEMPATH\CodeIgniter.php(480): CodeIgniter\CodeIgniter->runController(Object(App\Controllers\KegiatanController))
 7 SYSTEMPATH\CodeIgniter.php(349): CodeIgniter\CodeIgniter->handleRequest(null, Object(Config\Cache), false)
 8 FCPATH\index.php(67): CodeIgniter\CodeIgniter->run()
 9 SYSTEMPATH\Commands\Server\rewrite.php(47): require_once('FCPATH\\index.php')
CRITICAL - 2023-01-28 22:23:51 --> Attempt to read property "id_guru" on array
in APPPATH\Views\admin\datakegiatan\edit.php on line 51.
 1 APPPATH\Views\admin\datakegiatan\edit.php(51): CodeIgniter\Debug\Exceptions->errorHandler(2, 'Attempt to read property "id_guru" on array', 'APPPATH\\Views\\admin\\datakegiatan\\edit.php', 51)
 2 SYSTEMPATH\View\View.php(213): include('APPPATH\\Views\\admin\\datakegiatan\\edit.php')
 3 SYSTEMPATH\View\View.php(216): CodeIgniter\View\View->CodeIgniter\View\{closure}()
 4 SYSTEMPATH\Common.php(1135): CodeIgniter\View\View->render('admin/datakegiatan/edit', [], true)
 5 APPPATH\Controllers\KegiatanController.php(95): view('admin/datakegiatan/edit', [...])
 6 SYSTEMPATH\CodeIgniter.php(925): App\Controllers\KegiatanController->edit('2')
 7 SYSTEMPATH\CodeIgniter.php(480): CodeIgniter\CodeIgniter->runController(Object(App\Controllers\KegiatanController))
 8 SYSTEMPATH\CodeIgniter.php(349): CodeIgniter\CodeIgniter->handleRequest(null, Object(Config\Cache), false)
 9 FCPATH\index.php(67): CodeIgniter\CodeIgniter->run()
10 SYSTEMPATH\Commands\Server\rewrite.php(47): require_once('FCPATH\\index.php')
CRITICAL - 2023-01-28 22:26:38 --> Attempt to read property "id_guru" on array
in APPPATH\Views\admin\datakegiatan\edit.php on line 51.
 1 APPPATH\Views\admin\datakegiatan\edit.php(51): CodeIgniter\Debug\Exceptions->errorHandler(2, 'Attempt to read property "id_guru" on array', 'APPPATH\\Views\\admin\\datakegiatan\\edit.php', 51)
 2 SYSTEMPATH\View\View.php(213): include('APPPATH\\Views\\admin\\datakegiatan\\edit.php')
 3 SYSTEMPATH\View\View.php(216): CodeIgniter\View\View->CodeIgniter\View\{closure}()
 4 SYSTEMPATH\Common.php(1135): CodeIgniter\View\View->render('admin/datakegiatan/edit', [], true)
 5 APPPATH\Controllers\KegiatanController.php(95): view('admin/datakegiatan/edit', [...])
 6 SYSTEMPATH\CodeIgniter.php(925): App\Controllers\KegiatanController->edit('2')
 7 SYSTEMPATH\CodeIgniter.php(480): CodeIgniter\CodeIgniter->runController(Object(App\Controllers\KegiatanController))
 8 SYSTEMPATH\CodeIgniter.php(349): CodeIgniter\CodeIgniter->handleRequest(null, Object(Config\Cache), false)
 9 FCPATH\index.php(67): CodeIgniter\CodeIgniter->run()
10 SYSTEMPATH\Commands\Server\rewrite.php(47): require_once('FCPATH\\index.php')
CRITICAL - 2023-01-28 22:26:44 --> Attempt to read property "id_guru" on array
in APPPATH\Views\admin\datakegiatan\edit.php on line 51.
 1 APPPATH\Views\admin\datakegiatan\edit.php(51): CodeIgniter\Debug\Exceptions->errorHandler(2, 'Attempt to read property "id_guru" on array', 'APPPATH\\Views\\admin\\datakegiatan\\edit.php', 51)
 2 SYSTEMPATH\View\View.php(213): include('APPPATH\\Views\\admin\\datakegiatan\\edit.php')
 3 SYSTEMPATH\View\View.php(216): CodeIgniter\View\View->CodeIgniter\View\{closure}()
 4 SYSTEMPATH\Common.php(1135): CodeIgniter\View\View->render('admin/datakegiatan/edit', [], true)
 5 APPPATH\Controllers\KegiatanController.php(95): view('admin/datakegiatan/edit', [...])
 6 SYSTEMPATH\CodeIgniter.php(925): App\Controllers\KegiatanController->edit('2')
 7 SYSTEMPATH\CodeIgniter.php(480): CodeIgniter\CodeIgniter->runController(Object(App\Controllers\KegiatanController))
 8 SYSTEMPATH\CodeIgniter.php(349): CodeIgniter\CodeIgniter->handleRequest(null, Object(Config\Cache), false)
 9 FCPATH\index.php(67): CodeIgniter\CodeIgniter->run()
10 SYSTEMPATH\Commands\Server\rewrite.php(47): require_once('FCPATH\\index.php')
