CRITICAL - 2023-05-09 06:25:06 --> Undefined array key "tanggal"
in APPPATH\Views\admin\datakegiatan\index.php on line 50.
 1 APPPATH\Views\admin\datakegiatan\index.php(50): CodeIgniter\Debug\Exceptions->errorHandler(2, 'Undefined array key "tanggal"', 'APPPATH\\Views\\admin\\datakegiatan\\index.php', 50)
 2 SYSTEMPATH\View\View.php(213): include('APPPATH\\Views\\admin\\datakegiatan\\index.php')
 3 SYSTEMPATH\View\View.php(216): CodeIgniter\View\View->CodeIgniter\View\{closure}()
 4 SYSTEMPATH\Common.php(1135): CodeIgniter\View\View->render('admin/datakegiatan/index', [], true)
 5 APPPATH\Controllers\KegiatanController.php(23): view('admin/datakegiatan/index', [...])
 6 SYSTEMPATH\CodeIgniter.php(925): App\Controllers\KegiatanController->index()
 7 SYSTEMPATH\CodeIgniter.php(480): CodeIgniter\CodeIgniter->runController(Object(App\Controllers\KegiatanController))
 8 SYSTEMPATH\CodeIgniter.php(349): CodeIgniter\CodeIgniter->handleRequest(null, Object(Config\Cache), false)
 9 FCPATH\index.php(67): CodeIgniter\CodeIgniter->run()
10 SYSTEMPATH\Commands\Server\rewrite.php(47): require_once('FCPATH\\index.php')
CRITICAL - 2023-05-09 08:33:12 --> Undefined variable $kegiatan
in APPPATH\Views\admin\datalaporan\laporanperminggu\index.php on line 46.
 1 APPPATH\Views\admin\datalaporan\laporanperminggu\index.php(46): CodeIgniter\Debug\Exceptions->errorHandler(2, 'Undefined variable $kegiatan', 'APPPATH\\Views\\admin\\datalaporan\\laporanperminggu\\index.php', 46)
 2 SYSTEMPATH\View\View.php(213): include('APPPATH\\Views\\admin\\datalaporan\\laporanperminggu\\index.php')
 3 SYSTEMPATH\View\View.php(216): CodeIgniter\View\View->CodeIgniter\View\{closure}()
 4 SYSTEMPATH\Common.php(1135): CodeIgniter\View\View->render('admin/datalaporan/laporanperminggu/index', [], true)
 5 APPPATH\Controllers\LaporanController.php(28): view('admin/datalaporan/laporanperminggu/index', [...])
 6 SYSTEMPATH\CodeIgniter.php(925): App\Controllers\LaporanController->laporanperminggu()
 7 SYSTEMPATH\CodeIgniter.php(480): CodeIgniter\CodeIgniter->runController(Object(App\Controllers\LaporanController))
 8 SYSTEMPATH\CodeIgniter.php(349): CodeIgniter\CodeIgniter->handleRequest(null, Object(Config\Cache), false)
 9 FCPATH\index.php(67): CodeIgniter\CodeIgniter->run()
10 SYSTEMPATH\Commands\Server\rewrite.php(47): require_once('FCPATH\\index.php')
CRITICAL - 2023-05-09 08:33:45 --> Undefined variable $kegiatan
in APPPATH\Views\admin\datalaporan\laporanperminggu\index.php on line 46.
 1 APPPATH\Views\admin\datalaporan\laporanperminggu\index.php(46): CodeIgniter\Debug\Exceptions->errorHandler(2, 'Undefined variable $kegiatan', 'APPPATH\\Views\\admin\\datalaporan\\laporanperminggu\\index.php', 46)
 2 SYSTEMPATH\View\View.php(213): include('APPPATH\\Views\\admin\\datalaporan\\laporanperminggu\\index.php')
 3 SYSTEMPATH\View\View.php(216): CodeIgniter\View\View->CodeIgniter\View\{closure}()
 4 SYSTEMPATH\Common.php(1135): CodeIgniter\View\View->render('admin/datalaporan/laporanperminggu/index', [], true)
 5 APPPATH\Controllers\LaporanController.php(28): view('admin/datalaporan/laporanperminggu/index', [...])
 6 SYSTEMPATH\CodeIgniter.php(925): App\Controllers\LaporanController->laporanperminggu()
 7 SYSTEMPATH\CodeIgniter.php(480): CodeIgniter\CodeIgniter->runController(Object(App\Controllers\LaporanController))
 8 SYSTEMPATH\CodeIgniter.php(349): CodeIgniter\CodeIgniter->handleRequest(null, Object(Config\Cache), false)
 9 FCPATH\index.php(67): CodeIgniter\CodeIgniter->run()
10 SYSTEMPATH\Commands\Server\rewrite.php(47): require_once('FCPATH\\index.php')
CRITICAL - 2023-05-09 09:37:01 --> Undefined variable $kegiatans
in APPPATH\Views\admin\datalaporan\laporanperminggu\index.php on line 46.
 1 APPPATH\Views\admin\datalaporan\laporanperminggu\index.php(46): CodeIgniter\Debug\Exceptions->errorHandler(2, 'Undefined variable $kegiatans', 'APPPATH\\Views\\admin\\datalaporan\\laporanperminggu\\index.php', 46)
 2 SYSTEMPATH\View\View.php(213): include('APPPATH\\Views\\admin\\datalaporan\\laporanperminggu\\index.php')
 3 SYSTEMPATH\View\View.php(216): CodeIgniter\View\View->CodeIgniter\View\{closure}()
 4 SYSTEMPATH\Common.php(1135): CodeIgniter\View\View->render('admin/datalaporan/laporanperminggu/index', [], true)
 5 APPPATH\Controllers\LaporanController.php(28): view('admin/datalaporan/laporanperminggu/index', [...])
 6 SYSTEMPATH\CodeIgniter.php(925): App\Controllers\LaporanController->laporanperminggu()
 7 SYSTEMPATH\CodeIgniter.php(480): CodeIgniter\CodeIgniter->runController(Object(App\Controllers\LaporanController))
 8 SYSTEMPATH\CodeIgniter.php(349): CodeIgniter\CodeIgniter->handleRequest(null, Object(Config\Cache), false)
 9 FCPATH\index.php(67): CodeIgniter\CodeIgniter->run()
10 SYSTEMPATH\Commands\Server\rewrite.php(47): require_once('FCPATH\\index.php')
CRITICAL - 2023-05-09 22:11:18 --> Undefined variable $kegiatans
in APPPATH\Views\admin\datalaporan\laporanperminggu\index.php on line 46.
 1 APPPATH\Views\admin\datalaporan\laporanperminggu\index.php(46): CodeIgniter\Debug\Exceptions->errorHandler(2, 'Undefined variable $kegiatans', 'APPPATH\\Views\\admin\\datalaporan\\laporanperminggu\\index.php', 46)
 2 SYSTEMPATH\View\View.php(213): include('APPPATH\\Views\\admin\\datalaporan\\laporanperminggu\\index.php')
 3 SYSTEMPATH\View\View.php(216): CodeIgniter\View\View->CodeIgniter\View\{closure}()
 4 SYSTEMPATH\Common.php(1135): CodeIgniter\View\View->render('admin/datalaporan/laporanperminggu/index', [], true)
 5 APPPATH\Controllers\LaporanController.php(28): view('admin/datalaporan/laporanperminggu/index', [...])
 6 SYSTEMPATH\CodeIgniter.php(925): App\Controllers\LaporanController->laporanperminggu()
 7 SYSTEMPATH\CodeIgniter.php(480): CodeIgniter\CodeIgniter->runController(Object(App\Controllers\LaporanController))
 8 SYSTEMPATH\CodeIgniter.php(349): CodeIgniter\CodeIgniter->handleRequest(null, Object(Config\Cache), false)
 9 FCPATH\index.php(67): CodeIgniter\CodeIgniter->run()
10 SYSTEMPATH\Commands\Server\rewrite.php(47): require_once('FCPATH\\index.php')
CRITICAL - 2023-05-09 22:18:08 --> CodeIgniter\Database\BaseBuilder::like(): Argument #2 ($match) must be of type string, null given, called in D:\xampp\htdocs\buku_pantau_website\app\Models\Kegiatan.php on line 55
in SYSTEMPATH\Database\BaseBuilder.php on line 954.
 1 APPPATH\Models\Kegiatan.php(55): CodeIgniter\Database\BaseBuilder->like('siswa.nama_siswa', null)
 2 APPPATH\Controllers\KegiatanController.php(159): App\Models\Kegiatan->getDataBySiswa(null)
 3 SYSTEMPATH\CodeIgniter.php(925): App\Controllers\KegiatanController->filterData()
 4 SYSTEMPATH\CodeIgniter.php(480): CodeIgniter\CodeIgniter->runController(Object(App\Controllers\KegiatanController))
 5 SYSTEMPATH\CodeIgniter.php(349): CodeIgniter\CodeIgniter->handleRequest(null, Object(Config\Cache), false)
 6 FCPATH\index.php(67): CodeIgniter\CodeIgniter->run()
 7 SYSTEMPATH\Commands\Server\rewrite.php(47): require_once('FCPATH\\index.php')
CRITICAL - 2023-05-09 22:18:20 --> CodeIgniter\Database\BaseBuilder::like(): Argument #2 ($match) must be of type string, null given, called in D:\xampp\htdocs\buku_pantau_website\app\Models\Kegiatan.php on line 55
in SYSTEMPATH\Database\BaseBuilder.php on line 954.
 1 APPPATH\Models\Kegiatan.php(55): CodeIgniter\Database\BaseBuilder->like('siswa.nama_siswa', null)
 2 APPPATH\Controllers\KegiatanController.php(159): App\Models\Kegiatan->getDataBySiswa(null)
 3 SYSTEMPATH\CodeIgniter.php(925): App\Controllers\KegiatanController->filterData()
 4 SYSTEMPATH\CodeIgniter.php(480): CodeIgniter\CodeIgniter->runController(Object(App\Controllers\KegiatanController))
 5 SYSTEMPATH\CodeIgniter.php(349): CodeIgniter\CodeIgniter->handleRequest(null, Object(Config\Cache), false)
 6 FCPATH\index.php(67): CodeIgniter\CodeIgniter->run()
 7 SYSTEMPATH\Commands\Server\rewrite.php(47): require_once('FCPATH\\index.php')
CRITICAL - 2023-05-09 22:18:31 --> CodeIgniter\Database\BaseBuilder::like(): Argument #2 ($match) must be of type string, null given, called in D:\xampp\htdocs\buku_pantau_website\app\Models\Kegiatan.php on line 55
in SYSTEMPATH\Database\BaseBuilder.php on line 954.
 1 APPPATH\Models\Kegiatan.php(55): CodeIgniter\Database\BaseBuilder->like('siswa.nama_siswa', null)
 2 APPPATH\Controllers\KegiatanController.php(159): App\Models\Kegiatan->getDataBySiswa(null)
 3 SYSTEMPATH\CodeIgniter.php(925): App\Controllers\KegiatanController->filterData()
 4 SYSTEMPATH\CodeIgniter.php(480): CodeIgniter\CodeIgniter->runController(Object(App\Controllers\KegiatanController))
 5 SYSTEMPATH\CodeIgniter.php(349): CodeIgniter\CodeIgniter->handleRequest(null, Object(Config\Cache), false)
 6 FCPATH\index.php(67): CodeIgniter\CodeIgniter->run()
 7 SYSTEMPATH\Commands\Server\rewrite.php(47): require_once('FCPATH\\index.php')
CRITICAL - 2023-05-09 22:19:07 --> CodeIgniter\Database\BaseBuilder::like(): Argument #2 ($match) must be of type string, null given, called in D:\xampp\htdocs\buku_pantau_website\app\Models\Kegiatan.php on line 55
in SYSTEMPATH\Database\BaseBuilder.php on line 954.
 1 APPPATH\Models\Kegiatan.php(55): CodeIgniter\Database\BaseBuilder->like('siswa.nama_siswa', null)
 2 APPPATH\Controllers\KegiatanController.php(159): App\Models\Kegiatan->getDataBySiswa(null)
 3 SYSTEMPATH\CodeIgniter.php(925): App\Controllers\KegiatanController->filterData()
 4 SYSTEMPATH\CodeIgniter.php(480): CodeIgniter\CodeIgniter->runController(Object(App\Controllers\KegiatanController))
 5 SYSTEMPATH\CodeIgniter.php(349): CodeIgniter\CodeIgniter->handleRequest(null, Object(Config\Cache), false)
 6 FCPATH\index.php(67): CodeIgniter\CodeIgniter->run()
 7 SYSTEMPATH\Commands\Server\rewrite.php(47): require_once('FCPATH\\index.php')
CRITICAL - 2023-05-09 22:22:20 --> CodeIgniter\Database\BaseBuilder::like(): Argument #2 ($match) must be of type string, null given, called in D:\xampp\htdocs\buku_pantau_website\app\Models\Kegiatan.php on line 55
in SYSTEMPATH\Database\BaseBuilder.php on line 954.
 1 APPPATH\Models\Kegiatan.php(55): CodeIgniter\Database\BaseBuilder->like('siswa.nama_siswa', null)
 2 APPPATH\Controllers\KegiatanController.php(159): App\Models\Kegiatan->getDataBySiswa(null)
 3 SYSTEMPATH\CodeIgniter.php(925): App\Controllers\KegiatanController->filterData()
 4 SYSTEMPATH\CodeIgniter.php(480): CodeIgniter\CodeIgniter->runController(Object(App\Controllers\KegiatanController))
 5 SYSTEMPATH\CodeIgniter.php(349): CodeIgniter\CodeIgniter->handleRequest(null, Object(Config\Cache), false)
 6 FCPATH\index.php(67): CodeIgniter\CodeIgniter->run()
 7 SYSTEMPATH\Commands\Server\rewrite.php(47): require_once('FCPATH\\index.php')
CRITICAL - 2023-05-09 22:22:36 --> Undefined variable $kegiatans
in APPPATH\Views\admin\datalaporan\laporanperminggu\index.php on line 46.
 1 APPPATH\Views\admin\datalaporan\laporanperminggu\index.php(46): CodeIgniter\Debug\Exceptions->errorHandler(2, 'Undefined variable $kegiatans', 'APPPATH\\Views\\admin\\datalaporan\\laporanperminggu\\index.php', 46)
 2 SYSTEMPATH\View\View.php(213): include('APPPATH\\Views\\admin\\datalaporan\\laporanperminggu\\index.php')
 3 SYSTEMPATH\View\View.php(216): CodeIgniter\View\View->CodeIgniter\View\{closure}()
 4 SYSTEMPATH\Common.php(1135): CodeIgniter\View\View->render('admin/datalaporan/laporanperminggu/index', [], true)
 5 APPPATH\Controllers\LaporanController.php(28): view('admin/datalaporan/laporanperminggu/index', [...])
 6 SYSTEMPATH\CodeIgniter.php(925): App\Controllers\LaporanController->laporanperminggu()
 7 SYSTEMPATH\CodeIgniter.php(480): CodeIgniter\CodeIgniter->runController(Object(App\Controllers\LaporanController))
 8 SYSTEMPATH\CodeIgniter.php(349): CodeIgniter\CodeIgniter->handleRequest(null, Object(Config\Cache), false)
 9 FCPATH\index.php(67): CodeIgniter\CodeIgniter->run()
10 SYSTEMPATH\Commands\Server\rewrite.php(47): require_once('FCPATH\\index.php')
CRITICAL - 2023-05-09 22:43:09 --> Undefined variable $kegiatans
in APPPATH\Views\admin\datalaporan\laporanperminggu\index.php on line 46.
 1 APPPATH\Views\admin\datalaporan\laporanperminggu\index.php(46): CodeIgniter\Debug\Exceptions->errorHandler(2, 'Undefined variable $kegiatans', 'APPPATH\\Views\\admin\\datalaporan\\laporanperminggu\\index.php', 46)
 2 SYSTEMPATH\View\View.php(213): include('APPPATH\\Views\\admin\\datalaporan\\laporanperminggu\\index.php')
 3 SYSTEMPATH\View\View.php(216): CodeIgniter\View\View->CodeIgniter\View\{closure}()
 4 SYSTEMPATH\Common.php(1135): CodeIgniter\View\View->render('admin/datalaporan/laporanperminggu/index', [], true)
 5 APPPATH\Controllers\LaporanController.php(28): view('admin/datalaporan/laporanperminggu/index', [...])
 6 SYSTEMPATH\CodeIgniter.php(925): App\Controllers\LaporanController->laporanperminggu()
 7 SYSTEMPATH\CodeIgniter.php(480): CodeIgniter\CodeIgniter->runController(Object(App\Controllers\LaporanController))
 8 SYSTEMPATH\CodeIgniter.php(349): CodeIgniter\CodeIgniter->handleRequest(null, Object(Config\Cache), false)
 9 FCPATH\index.php(67): CodeIgniter\CodeIgniter->run()
10 SYSTEMPATH\Commands\Server\rewrite.php(47): require_once('FCPATH\\index.php')
CRITICAL - 2023-05-09 23:04:04 --> Undefined array key "foto"
in APPPATH\Views\admin\datakegiatan\lihat.php on line 46.
 1 APPPATH\Views\admin\datakegiatan\lihat.php(46): CodeIgniter\Debug\Exceptions->errorHandler(2, 'Undefined array key "foto"', 'APPPATH\\Views\\admin\\datakegiatan\\lihat.php', 46)
 2 SYSTEMPATH\View\View.php(213): include('APPPATH\\Views\\admin\\datakegiatan\\lihat.php')
 3 SYSTEMPATH\View\View.php(216): CodeIgniter\View\View->CodeIgniter\View\{closure}()
 4 SYSTEMPATH\Common.php(1135): CodeIgniter\View\View->render('admin/datakegiatan/lihat', [], true)
 5 APPPATH\Controllers\KegiatanController.php(33): view('admin/datakegiatan/lihat', [...])
 6 SYSTEMPATH\CodeIgniter.php(925): App\Controllers\KegiatanController->lihat('2')
 7 SYSTEMPATH\CodeIgniter.php(480): CodeIgniter\CodeIgniter->runController(Object(App\Controllers\KegiatanController))
 8 SYSTEMPATH\CodeIgniter.php(349): CodeIgniter\CodeIgniter->handleRequest(null, Object(Config\Cache), false)
 9 FCPATH\index.php(67): CodeIgniter\CodeIgniter->run()
10 SYSTEMPATH\Commands\Server\rewrite.php(47): require_once('FCPATH\\index.php')
