ERROR - 2023-06-08 11:16:25 --> mysqli_sql_exception: Cannot delete or update a parent row: a foreign key constraint fails (`db_tapos`.`wali_murid`, CONSTRAINT `siswa` FOREIGN KEY (`id_siswa`) REFERENCES `siswa` (`id_siswa`)) in D:\xampp\htdocs\buku_pantau_website\system\Database\MySQLi\Connection.php:292
Stack trace:
#0 D:\xampp\htdocs\buku_pantau_website\system\Database\MySQLi\Connection.php(292): mysqli->query('DELETE FROM `si...', 0)
#1 D:\xampp\htdocs\buku_pantau_website\system\Database\BaseConnection.php(666): CodeIgniter\Database\MySQLi\Connection->execute('DELETE FROM `si...')
#2 D:\xampp\htdocs\buku_pantau_website\system\Database\BaseConnection.php(593): CodeIgniter\Database\BaseConnection->simpleQuery('DELETE FROM `si...')
#3 D:\xampp\htdocs\buku_pantau_website\system\Database\BaseBuilder.php(2391): CodeIgniter\Database\BaseConnection->query('DELETE FROM `si...', Array, false)
#4 D:\xampp\htdocs\buku_pantau_website\system\Model.php(425): CodeIgniter\Database\BaseBuilder->delete()
#5 D:\xampp\htdocs\buku_pantau_website\system\BaseModel.php(985): CodeIgniter\Model->doDelete(Array, false)
#6 D:\xampp\htdocs\buku_pantau_website\app\Controllers\SiswaController.php(151): CodeIgniter\BaseModel->delete(Array)
#7 D:\xampp\htdocs\buku_pantau_website\system\CodeIgniter.php(925): App\Controllers\SiswaController->delete('5')
#8 D:\xampp\htdocs\buku_pantau_website\system\CodeIgniter.php(480): CodeIgniter\CodeIgniter->runController(Object(App\Controllers\SiswaController))
#9 D:\xampp\htdocs\buku_pantau_website\system\CodeIgniter.php(349): CodeIgniter\CodeIgniter->handleRequest(NULL, Object(Config\Cache), false)
#10 D:\xampp\htdocs\buku_pantau_website\public\index.php(67): CodeIgniter\CodeIgniter->run()
#11 D:\xampp\htdocs\buku_pantau_website\system\Commands\Server\rewrite.php(47): require_once('D:\\xampp\\htdocs...')
#12 {main}
ERROR - 2023-06-08 11:16:39 --> mysqli_sql_exception: Cannot delete or update a parent row: a foreign key constraint fails (`db_tapos`.`wali_murid`, CONSTRAINT `siswa` FOREIGN KEY (`id_siswa`) REFERENCES `siswa` (`id_siswa`)) in D:\xampp\htdocs\buku_pantau_website\system\Database\MySQLi\Connection.php:292
Stack trace:
#0 D:\xampp\htdocs\buku_pantau_website\system\Database\MySQLi\Connection.php(292): mysqli->query('DELETE FROM `si...', 0)
#1 D:\xampp\htdocs\buku_pantau_website\system\Database\BaseConnection.php(666): CodeIgniter\Database\MySQLi\Connection->execute('DELETE FROM `si...')
#2 D:\xampp\htdocs\buku_pantau_website\system\Database\BaseConnection.php(593): CodeIgniter\Database\BaseConnection->simpleQuery('DELETE FROM `si...')
#3 D:\xampp\htdocs\buku_pantau_website\system\Database\BaseBuilder.php(2391): CodeIgniter\Database\BaseConnection->query('DELETE FROM `si...', Array, false)
#4 D:\xampp\htdocs\buku_pantau_website\system\Model.php(425): CodeIgniter\Database\BaseBuilder->delete()
#5 D:\xampp\htdocs\buku_pantau_website\system\BaseModel.php(985): CodeIgniter\Model->doDelete(Array, false)
#6 D:\xampp\htdocs\buku_pantau_website\app\Controllers\SiswaController.php(151): CodeIgniter\BaseModel->delete(Array)
#7 D:\xampp\htdocs\buku_pantau_website\system\CodeIgniter.php(925): App\Controllers\SiswaController->delete('5')
#8 D:\xampp\htdocs\buku_pantau_website\system\CodeIgniter.php(480): CodeIgniter\CodeIgniter->runController(Object(App\Controllers\SiswaController))
#9 D:\xampp\htdocs\buku_pantau_website\system\CodeIgniter.php(349): CodeIgniter\CodeIgniter->handleRequest(NULL, Object(Config\Cache), false)
#10 D:\xampp\htdocs\buku_pantau_website\public\index.php(67): CodeIgniter\CodeIgniter->run()
#11 D:\xampp\htdocs\buku_pantau_website\system\Commands\Server\rewrite.php(47): require_once('D:\\xampp\\htdocs...')
#12 {main}
ERROR - 2023-06-08 11:18:20 --> mysqli_sql_exception: Cannot delete or update a parent row: a foreign key constraint fails (`db_tapos`.`wali_murid`, CONSTRAINT `siswa` FOREIGN KEY (`id_siswa`) REFERENCES `siswa` (`id_siswa`)) in D:\xampp\htdocs\buku_pantau_website\system\Database\MySQLi\Connection.php:292
Stack trace:
#0 D:\xampp\htdocs\buku_pantau_website\system\Database\MySQLi\Connection.php(292): mysqli->query('DELETE FROM `si...', 0)
#1 D:\xampp\htdocs\buku_pantau_website\system\Database\BaseConnection.php(666): CodeIgniter\Database\MySQLi\Connection->execute('DELETE FROM `si...')
#2 D:\xampp\htdocs\buku_pantau_website\system\Database\BaseConnection.php(593): CodeIgniter\Database\BaseConnection->simpleQuery('DELETE FROM `si...')
#3 D:\xampp\htdocs\buku_pantau_website\system\Database\BaseBuilder.php(2391): CodeIgniter\Database\BaseConnection->query('DELETE FROM `si...', Array, false)
#4 D:\xampp\htdocs\buku_pantau_website\system\Model.php(425): CodeIgniter\Database\BaseBuilder->delete()
#5 D:\xampp\htdocs\buku_pantau_website\system\BaseModel.php(985): CodeIgniter\Model->doDelete(Array, false)
#6 D:\xampp\htdocs\buku_pantau_website\app\Controllers\SiswaController.php(151): CodeIgniter\BaseModel->delete(Array)
#7 D:\xampp\htdocs\buku_pantau_website\system\CodeIgniter.php(925): App\Controllers\SiswaController->delete('5')
#8 D:\xampp\htdocs\buku_pantau_website\system\CodeIgniter.php(480): CodeIgniter\CodeIgniter->runController(Object(App\Controllers\SiswaController))
#9 D:\xampp\htdocs\buku_pantau_website\system\CodeIgniter.php(349): CodeIgniter\CodeIgniter->handleRequest(NULL, Object(Config\Cache), false)
#10 D:\xampp\htdocs\buku_pantau_website\public\index.php(67): CodeIgniter\CodeIgniter->run()
#11 D:\xampp\htdocs\buku_pantau_website\system\Commands\Server\rewrite.php(47): require_once('D:\\xampp\\htdocs...')
#12 {main}
CRITICAL - 2023-06-08 23:32:50 --> Attempt to read property "id_jadwal" on array
in APPPATH\Views\admin\dataguru\edit.php on line 103.
 1 APPPATH\Views\admin\dataguru\edit.php(103): CodeIgniter\Debug\Exceptions->errorHandler(2, 'Attempt to read property "id_jadwal" on array', 'APPPATH\\Views\\admin\\dataguru\\edit.php', 103)
 2 SYSTEMPATH\View\View.php(213): include('APPPATH\\Views\\admin\\dataguru\\edit.php')
 3 SYSTEMPATH\View\View.php(216): CodeIgniter\View\View->CodeIgniter\View\{closure}()
 4 SYSTEMPATH\Common.php(1135): CodeIgniter\View\View->render('admin/dataguru/edit', [], true)
 5 APPPATH\Controllers\GuruController.php(135): view('admin/dataguru/edit', [...])
 6 SYSTEMPATH\CodeIgniter.php(925): App\Controllers\GuruController->edit('1')
 7 SYSTEMPATH\CodeIgniter.php(480): CodeIgniter\CodeIgniter->runController(Object(App\Controllers\GuruController))
 8 SYSTEMPATH\CodeIgniter.php(349): CodeIgniter\CodeIgniter->handleRequest(null, Object(Config\Cache), false)
 9 FCPATH\index.php(67): CodeIgniter\CodeIgniter->run()
10 SYSTEMPATH\Commands\Server\rewrite.php(47): require_once('FCPATH\\index.php')
CRITICAL - 2023-06-08 23:34:30 --> Cannot use object of type stdClass as array
in APPPATH\Views\admin\dataguru\edit.php on line 103.
 1 SYSTEMPATH\View\View.php(213): include()
 2 SYSTEMPATH\View\View.php(216): CodeIgniter\View\View->CodeIgniter\View\{closure}()
 3 SYSTEMPATH\Common.php(1135): CodeIgniter\View\View->render('admin/dataguru/edit', [], true)
 4 APPPATH\Controllers\GuruController.php(135): view('admin/dataguru/edit', [...])
 5 SYSTEMPATH\CodeIgniter.php(925): App\Controllers\GuruController->edit('1')
 6 SYSTEMPATH\CodeIgniter.php(480): CodeIgniter\CodeIgniter->runController(Object(App\Controllers\GuruController))
 7 SYSTEMPATH\CodeIgniter.php(349): CodeIgniter\CodeIgniter->handleRequest(null, Object(Config\Cache), false)
 8 FCPATH\index.php(67): CodeIgniter\CodeIgniter->run()
 9 SYSTEMPATH\Commands\Server\rewrite.php(47): require_once('FCPATH\\index.php')
CRITICAL - 2023-06-08 23:35:01 --> Attempt to read property "id_jadwal" on array
in APPPATH\Views\admin\dataguru\edit.php on line 103.
 1 APPPATH\Views\admin\dataguru\edit.php(103): CodeIgniter\Debug\Exceptions->errorHandler(2, 'Attempt to read property "id_jadwal" on array', 'APPPATH\\Views\\admin\\dataguru\\edit.php', 103)
 2 SYSTEMPATH\View\View.php(213): include('APPPATH\\Views\\admin\\dataguru\\edit.php')
 3 SYSTEMPATH\View\View.php(216): CodeIgniter\View\View->CodeIgniter\View\{closure}()
 4 SYSTEMPATH\Common.php(1135): CodeIgniter\View\View->render('admin/dataguru/edit', [], true)
 5 APPPATH\Controllers\GuruController.php(135): view('admin/dataguru/edit', [...])
 6 SYSTEMPATH\CodeIgniter.php(925): App\Controllers\GuruController->edit('1')
 7 SYSTEMPATH\CodeIgniter.php(480): CodeIgniter\CodeIgniter->runController(Object(App\Controllers\GuruController))
 8 SYSTEMPATH\CodeIgniter.php(349): CodeIgniter\CodeIgniter->handleRequest(null, Object(Config\Cache), false)
 9 FCPATH\index.php(67): CodeIgniter\CodeIgniter->run()
10 SYSTEMPATH\Commands\Server\rewrite.php(47): require_once('FCPATH\\index.php')
CRITICAL - 2023-06-08 23:35:32 --> Attempt to read property "hari" on array
in APPPATH\Views\admin\dataguru\edit.php on line 103.
 1 APPPATH\Views\admin\dataguru\edit.php(103): CodeIgniter\Debug\Exceptions->errorHandler(2, 'Attempt to read property "hari" on array', 'APPPATH\\Views\\admin\\dataguru\\edit.php', 103)
 2 SYSTEMPATH\View\View.php(213): include('APPPATH\\Views\\admin\\dataguru\\edit.php')
 3 SYSTEMPATH\View\View.php(216): CodeIgniter\View\View->CodeIgniter\View\{closure}()
 4 SYSTEMPATH\Common.php(1135): CodeIgniter\View\View->render('admin/dataguru/edit', [], true)
 5 APPPATH\Controllers\GuruController.php(135): view('admin/dataguru/edit', [...])
 6 SYSTEMPATH\CodeIgniter.php(925): App\Controllers\GuruController->edit('1')
 7 SYSTEMPATH\CodeIgniter.php(480): CodeIgniter\CodeIgniter->runController(Object(App\Controllers\GuruController))
 8 SYSTEMPATH\CodeIgniter.php(349): CodeIgniter\CodeIgniter->handleRequest(null, Object(Config\Cache), false)
 9 FCPATH\index.php(67): CodeIgniter\CodeIgniter->run()
10 SYSTEMPATH\Commands\Server\rewrite.php(47): require_once('FCPATH\\index.php')
ERROR - 2023-06-08 23:40:21 --> mysqli_sql_exception: Cannot delete or update a parent row: a foreign key constraint fails (`db_tapos`.`wali_murid`, CONSTRAINT `siswa` FOREIGN KEY (`id_siswa`) REFERENCES `siswa` (`id_siswa`)) in D:\xampp\htdocs\buku_pantau_website\system\Database\MySQLi\Connection.php:292
Stack trace:
#0 D:\xampp\htdocs\buku_pantau_website\system\Database\MySQLi\Connection.php(292): mysqli->query('DELETE FROM `si...', 0)
#1 D:\xampp\htdocs\buku_pantau_website\system\Database\BaseConnection.php(666): CodeIgniter\Database\MySQLi\Connection->execute('DELETE FROM `si...')
#2 D:\xampp\htdocs\buku_pantau_website\system\Database\BaseConnection.php(593): CodeIgniter\Database\BaseConnection->simpleQuery('DELETE FROM `si...')
#3 D:\xampp\htdocs\buku_pantau_website\system\Database\BaseBuilder.php(2391): CodeIgniter\Database\BaseConnection->query('DELETE FROM `si...', Array, false)
#4 D:\xampp\htdocs\buku_pantau_website\system\Model.php(425): CodeIgniter\Database\BaseBuilder->delete()
#5 D:\xampp\htdocs\buku_pantau_website\system\BaseModel.php(985): CodeIgniter\Model->doDelete(Array, false)
#6 D:\xampp\htdocs\buku_pantau_website\app\Controllers\SiswaController.php(151): CodeIgniter\BaseModel->delete(Array)
#7 D:\xampp\htdocs\buku_pantau_website\system\CodeIgniter.php(925): App\Controllers\SiswaController->delete('5')
#8 D:\xampp\htdocs\buku_pantau_website\system\CodeIgniter.php(480): CodeIgniter\CodeIgniter->runController(Object(App\Controllers\SiswaController))
#9 D:\xampp\htdocs\buku_pantau_website\system\CodeIgniter.php(349): CodeIgniter\CodeIgniter->handleRequest(NULL, Object(Config\Cache), false)
#10 D:\xampp\htdocs\buku_pantau_website\public\index.php(67): CodeIgniter\CodeIgniter->run()
#11 D:\xampp\htdocs\buku_pantau_website\system\Commands\Server\rewrite.php(47): require_once('D:\\xampp\\htdocs...')
#12 {main}
