ERROR - 2023-05-27 04:15:09 --> mysqli_sql_exception: Unknown column 'guru.id_jadwal' in 'on clause' in D:\xampp\htdocs\buku_pantau_website\system\Database\MySQLi\Connection.php:292
Stack trace:
#0 D:\xampp\htdocs\buku_pantau_website\system\Database\MySQLi\Connection.php(292): mysqli->query('SELECT `guru`.*...', 0)
#1 D:\xampp\htdocs\buku_pantau_website\system\Database\BaseConnection.php(666): CodeIgniter\Database\MySQLi\Connection->execute('SELECT `guru`.*...')
#2 D:\xampp\htdocs\buku_pantau_website\system\Database\BaseConnection.php(593): CodeIgniter\Database\BaseConnection->simpleQuery('SELECT `guru`.*...')
#3 D:\xampp\htdocs\buku_pantau_website\system\Database\BaseBuilder.php(1585): CodeIgniter\Database\BaseConnection->query('SELECT `guru`.*...', Array, false)
#4 D:\xampp\htdocs\buku_pantau_website\app\Models\Guru.php(18): CodeIgniter\Database\BaseBuilder->get()
#5 D:\xampp\htdocs\buku_pantau_website\app\Controllers\GuruController.php(22): App\Models\Guru->get_data()
#6 D:\xampp\htdocs\buku_pantau_website\system\CodeIgniter.php(925): App\Controllers\GuruController->index()
#7 D:\xampp\htdocs\buku_pantau_website\system\CodeIgniter.php(480): CodeIgniter\CodeIgniter->runController(Object(App\Controllers\GuruController))
#8 D:\xampp\htdocs\buku_pantau_website\system\CodeIgniter.php(349): CodeIgniter\CodeIgniter->handleRequest(NULL, Object(Config\Cache), false)
#9 D:\xampp\htdocs\buku_pantau_website\public\index.php(67): CodeIgniter\CodeIgniter->run()
#10 D:\xampp\htdocs\buku_pantau_website\system\Commands\Server\rewrite.php(47): require_once('D:\\xampp\\htdocs...')
#11 {main}
CRITICAL - 2023-05-27 04:15:09 --> Unknown column 'guru.id_jadwal' in 'on clause'
in SYSTEMPATH\Database\MySQLi\Connection.php on line 292.
 1 SYSTEMPATH\Database\MySQLi\Connection.php(292): mysqli->query('SELECT `guru`.*, `jadwal`.`hari` AS `hari`
FROM `guru`
LEFT JOIN `jadwal` ON `jadwal`.`id_jadwal` = `guru`.`id_jadwal`
ORDER BY `guru`.`id_guru` DESC', 0)
 2 SYSTEMPATH\Database\BaseConnection.php(666): CodeIgniter\Database\MySQLi\Connection->execute('SELECT `guru`.*, `jadwal`.`hari` AS `hari`
FROM `guru`
LEFT JOIN `jadwal` ON `jadwal`.`id_jadwal` = `guru`.`id_jadwal`
ORDER BY `guru`.`id_guru` DESC')
 3 SYSTEMPATH\Database\BaseConnection.php(593): CodeIgniter\Database\BaseConnection->simpleQuery('SELECT `guru`.*, `jadwal`.`hari` AS `hari`
FROM `guru`
LEFT JOIN `jadwal` ON `jadwal`.`id_jadwal` = `guru`.`id_jadwal`
ORDER BY `guru`.`id_guru` DESC')
 4 SYSTEMPATH\Database\BaseBuilder.php(1585): CodeIgniter\Database\BaseConnection->query('SELECT `guru`.*, `jadwal`.`hari` AS `hari`
FROM `guru`
LEFT JOIN `jadwal` ON `jadwal`.`id_jadwal` = `guru`.`id_jadwal`
ORDER BY `guru`.`id_guru` DESC', [], false)
 5 APPPATH\Models\Guru.php(18): CodeIgniter\Database\BaseBuilder->get()
 6 APPPATH\Controllers\GuruController.php(22): App\Models\Guru->get_data()
 7 SYSTEMPATH\CodeIgniter.php(925): App\Controllers\GuruController->index()
 8 SYSTEMPATH\CodeIgniter.php(480): CodeIgniter\CodeIgniter->runController(Object(App\Controllers\GuruController))
 9 SYSTEMPATH\CodeIgniter.php(349): CodeIgniter\CodeIgniter->handleRequest(null, Object(Config\Cache), false)
10 FCPATH\index.php(67): CodeIgniter\CodeIgniter->run()
11 SYSTEMPATH\Commands\Server\rewrite.php(47): require_once('FCPATH\\index.php')
ERROR - 2023-05-27 04:15:12 --> mysqli_sql_exception: Unknown column 'guru.id_jadwal' in 'on clause' in D:\xampp\htdocs\buku_pantau_website\system\Database\MySQLi\Connection.php:292
Stack trace:
#0 D:\xampp\htdocs\buku_pantau_website\system\Database\MySQLi\Connection.php(292): mysqli->query('SELECT `kegiata...', 0)
#1 D:\xampp\htdocs\buku_pantau_website\system\Database\BaseConnection.php(666): CodeIgniter\Database\MySQLi\Connection->execute('SELECT `kegiata...')
#2 D:\xampp\htdocs\buku_pantau_website\system\Database\BaseConnection.php(593): CodeIgniter\Database\BaseConnection->simpleQuery('SELECT `kegiata...')
#3 D:\xampp\htdocs\buku_pantau_website\system\Database\BaseBuilder.php(1585): CodeIgniter\Database\BaseConnection->query('SELECT `kegiata...', Array, false)
#4 D:\xampp\htdocs\buku_pantau_website\app\Models\Kegiatan.php(22): CodeIgniter\Database\BaseBuilder->get()
#5 D:\xampp\htdocs\buku_pantau_website\app\Controllers\KegiatanController.php(22): App\Models\Kegiatan->get_data()
#6 D:\xampp\htdocs\buku_pantau_website\system\CodeIgniter.php(925): App\Controllers\KegiatanController->index()
#7 D:\xampp\htdocs\buku_pantau_website\system\CodeIgniter.php(480): CodeIgniter\CodeIgniter->runController(Object(App\Controllers\KegiatanController))
#8 D:\xampp\htdocs\buku_pantau_website\system\CodeIgniter.php(349): CodeIgniter\CodeIgniter->handleRequest(NULL, Object(Config\Cache), false)
#9 D:\xampp\htdocs\buku_pantau_website\public\index.php(67): CodeIgniter\CodeIgniter->run()
#10 D:\xampp\htdocs\buku_pantau_website\system\Commands\Server\rewrite.php(47): require_once('D:\\xampp\\htdocs...')
#11 {main}
CRITICAL - 2023-05-27 04:15:12 --> Unknown column 'guru.id_jadwal' in 'on clause'
in SYSTEMPATH\Database\MySQLi\Connection.php on line 292.
 1 SYSTEMPATH\Database\MySQLi\Connection.php(292): mysqli->query('SELECT `kegiatan`.*, `guru`.`nama_guru` AS `nama_guru`, `kegiatan`.*, `jadwal`.`hari` AS `hari`
FROM `kegiatan`
LEFT JOIN `guru` ON `guru`.`id_guru` = `kegiatan`.`id_guru`
LEFT JOIN `jadwal` ON `jadwal`.`id_jadwal` = `guru`.`id_jadwal`
ORDER BY `kegiatan`.`id_kegiatan` DESC', 0)
 2 SYSTEMPATH\Database\BaseConnection.php(666): CodeIgniter\Database\MySQLi\Connection->execute('SELECT `kegiatan`.*, `guru`.`nama_guru` AS `nama_guru`, `kegiatan`.*, `jadwal`.`hari` AS `hari`
FROM `kegiatan`
LEFT JOIN `guru` ON `guru`.`id_guru` = `kegiatan`.`id_guru`
LEFT JOIN `jadwal` ON `jadwal`.`id_jadwal` = `guru`.`id_jadwal`
ORDER BY `kegiatan`.`id_kegiatan` DESC')
 3 SYSTEMPATH\Database\BaseConnection.php(593): CodeIgniter\Database\BaseConnection->simpleQuery('SELECT `kegiatan`.*, `guru`.`nama_guru` AS `nama_guru`, `kegiatan`.*, `jadwal`.`hari` AS `hari`
FROM `kegiatan`
LEFT JOIN `guru` ON `guru`.`id_guru` = `kegiatan`.`id_guru`
LEFT JOIN `jadwal` ON `jadwal`.`id_jadwal` = `guru`.`id_jadwal`
ORDER BY `kegiatan`.`id_kegiatan` DESC')
 4 SYSTEMPATH\Database\BaseBuilder.php(1585): CodeIgniter\Database\BaseConnection->query('SELECT `kegiatan`.*, `guru`.`nama_guru` AS `nama_guru`, `kegiatan`.*, `jadwal`.`hari` AS `hari`
FROM `kegiatan`
LEFT JOIN `guru` ON `guru`.`id_guru` = `kegiatan`.`id_guru`
LEFT JOIN `jadwal` ON `jadwal`.`id_jadwal` = `guru`.`id_jadwal`
ORDER BY `kegiatan`.`id_kegiatan` DESC', [], false)
 5 APPPATH\Models\Kegiatan.php(22): CodeIgniter\Database\BaseBuilder->get()
 6 APPPATH\Controllers\KegiatanController.php(22): App\Models\Kegiatan->get_data()
 7 SYSTEMPATH\CodeIgniter.php(925): App\Controllers\KegiatanController->index()
 8 SYSTEMPATH\CodeIgniter.php(480): CodeIgniter\CodeIgniter->runController(Object(App\Controllers\KegiatanController))
 9 SYSTEMPATH\CodeIgniter.php(349): CodeIgniter\CodeIgniter->handleRequest(null, Object(Config\Cache), false)
10 FCPATH\index.php(67): CodeIgniter\CodeIgniter->run()
11 SYSTEMPATH\Commands\Server\rewrite.php(47): require_once('FCPATH\\index.php')
CRITICAL - 2023-05-27 04:42:00 --> Call to undefined method CodeIgniter\Database\MySQLi\Result::getData()
in APPPATH\Controllers\AbsensiController.php on line 18.
 1 SYSTEMPATH\CodeIgniter.php(925): App\Controllers\AbsensiController->index()
 2 SYSTEMPATH\CodeIgniter.php(480): CodeIgniter\CodeIgniter->runController(Object(App\Controllers\AbsensiController))
 3 SYSTEMPATH\CodeIgniter.php(349): CodeIgniter\CodeIgniter->handleRequest(null, Object(Config\Cache), false)
 4 FCPATH\index.php(67): CodeIgniter\CodeIgniter->run()
 5 SYSTEMPATH\Commands\Server\rewrite.php(47): require_once('FCPATH\\index.php')
CRITICAL - 2023-05-27 04:42:56 --> Invalid file: rekapitulasi.php
in SYSTEMPATH\Exceptions\FrameworkException.php on line 33.
 1 SYSTEMPATH\View\View.php(201): CodeIgniter\Exceptions\FrameworkException::forInvalidFile('rekapitulasi.php')
 2 SYSTEMPATH\Common.php(1135): CodeIgniter\View\View->render('rekapitulasi', [], true)
 3 APPPATH\Controllers\AbsensiController.php(20): view('rekapitulasi', [...])
 4 SYSTEMPATH\CodeIgniter.php(925): App\Controllers\AbsensiController->index()
 5 SYSTEMPATH\CodeIgniter.php(480): CodeIgniter\CodeIgniter->runController(Object(App\Controllers\AbsensiController))
 6 SYSTEMPATH\CodeIgniter.php(349): CodeIgniter\CodeIgniter->handleRequest(null, Object(Config\Cache), false)
 7 FCPATH\index.php(67): CodeIgniter\CodeIgniter->run()
 8 SYSTEMPATH\Commands\Server\rewrite.php(47): require_once('FCPATH\\index.php')
CRITICAL - 2023-05-27 04:43:39 --> Invalid file: admin/absensi/index.php
in SYSTEMPATH\Exceptions\FrameworkException.php on line 33.
 1 SYSTEMPATH\View\View.php(201): CodeIgniter\Exceptions\FrameworkException::forInvalidFile('admin/absensi/index.php')
 2 SYSTEMPATH\Common.php(1135): CodeIgniter\View\View->render('admin/absensi/index', [], true)
 3 APPPATH\Controllers\AbsensiController.php(20): view('admin/absensi/index', [...])
 4 SYSTEMPATH\CodeIgniter.php(925): App\Controllers\AbsensiController->index()
 5 SYSTEMPATH\CodeIgniter.php(480): CodeIgniter\CodeIgniter->runController(Object(App\Controllers\AbsensiController))
 6 SYSTEMPATH\CodeIgniter.php(349): CodeIgniter\CodeIgniter->handleRequest(null, Object(Config\Cache), false)
 7 FCPATH\index.php(67): CodeIgniter\CodeIgniter->run()
 8 SYSTEMPATH\Commands\Server\rewrite.php(47): require_once('FCPATH\\index.php')
CRITICAL - 2023-05-27 04:44:02 --> Attempt to read property "nama_siswa" on array
in APPPATH\Views\admin\dataabsensi\index.php on line 41.
 1 APPPATH\Views\admin\dataabsensi\index.php(41): CodeIgniter\Debug\Exceptions->errorHandler(2, 'Attempt to read property "nama_siswa" on array', 'APPPATH\\Views\\admin\\dataabsensi\\index.php', 41)
 2 SYSTEMPATH\View\View.php(213): include('APPPATH\\Views\\admin\\dataabsensi\\index.php')
 3 SYSTEMPATH\View\View.php(216): CodeIgniter\View\View->CodeIgniter\View\{closure}()
 4 SYSTEMPATH\Common.php(1135): CodeIgniter\View\View->render('admin/dataabsensi/index', [], true)
 5 APPPATH\Controllers\AbsensiController.php(20): view('admin/dataabsensi/index', [...])
 6 SYSTEMPATH\CodeIgniter.php(925): App\Controllers\AbsensiController->index()
 7 SYSTEMPATH\CodeIgniter.php(480): CodeIgniter\CodeIgniter->runController(Object(App\Controllers\AbsensiController))
 8 SYSTEMPATH\CodeIgniter.php(349): CodeIgniter\CodeIgniter->handleRequest(null, Object(Config\Cache), false)
 9 FCPATH\index.php(67): CodeIgniter\CodeIgniter->run()
10 SYSTEMPATH\Commands\Server\rewrite.php(47): require_once('FCPATH\\index.php')
CRITICAL - 2023-05-27 04:51:13 --> Attempt to read property "nama_siswa" on array
in APPPATH\Views\admin\dataabsensi\index.php on line 41.
 1 APPPATH\Views\admin\dataabsensi\index.php(41): CodeIgniter\Debug\Exceptions->errorHandler(2, 'Attempt to read property "nama_siswa" on array', 'APPPATH\\Views\\admin\\dataabsensi\\index.php', 41)
 2 SYSTEMPATH\View\View.php(213): include('APPPATH\\Views\\admin\\dataabsensi\\index.php')
 3 SYSTEMPATH\View\View.php(216): CodeIgniter\View\View->CodeIgniter\View\{closure}()
 4 SYSTEMPATH\Common.php(1135): CodeIgniter\View\View->render('admin/dataabsensi/index', [], true)
 5 APPPATH\Controllers\AbsensiController.php(20): view('admin/dataabsensi/index', [...])
 6 SYSTEMPATH\CodeIgniter.php(925): App\Controllers\AbsensiController->index()
 7 SYSTEMPATH\CodeIgniter.php(480): CodeIgniter\CodeIgniter->runController(Object(App\Controllers\AbsensiController))
 8 SYSTEMPATH\CodeIgniter.php(349): CodeIgniter\CodeIgniter->handleRequest(null, Object(Config\Cache), false)
 9 FCPATH\index.php(67): CodeIgniter\CodeIgniter->run()
10 SYSTEMPATH\Commands\Server\rewrite.php(47): require_once('FCPATH\\index.php')
ERROR - 2023-05-27 04:52:42 --> mysqli_sql_exception: Column 'id_siswa' in field list is ambiguous in D:\xampp\htdocs\buku_pantau_website\system\Database\MySQLi\Connection.php:292
Stack trace:
#0 D:\xampp\htdocs\buku_pantau_website\system\Database\MySQLi\Connection.php(292): mysqli->query('SELECT `absensi...', 0)
#1 D:\xampp\htdocs\buku_pantau_website\system\Database\BaseConnection.php(666): CodeIgniter\Database\MySQLi\Connection->execute('SELECT `absensi...')
#2 D:\xampp\htdocs\buku_pantau_website\system\Database\BaseConnection.php(593): CodeIgniter\Database\BaseConnection->simpleQuery('SELECT `absensi...')
#3 D:\xampp\htdocs\buku_pantau_website\system\Database\BaseBuilder.php(1585): CodeIgniter\Database\BaseConnection->query('SELECT `absensi...', Array, false)
#4 D:\xampp\htdocs\buku_pantau_website\app\Models\Absensi.php(21): CodeIgniter\Database\BaseBuilder->get()
#5 D:\xampp\htdocs\buku_pantau_website\app\Controllers\AbsensiController.php(12): App\Models\Absensi->get_data()
#6 D:\xampp\htdocs\buku_pantau_website\system\CodeIgniter.php(925): App\Controllers\AbsensiController->index()
#7 D:\xampp\htdocs\buku_pantau_website\system\CodeIgniter.php(480): CodeIgniter\CodeIgniter->runController(Object(App\Controllers\AbsensiController))
#8 D:\xampp\htdocs\buku_pantau_website\system\CodeIgniter.php(349): CodeIgniter\CodeIgniter->handleRequest(NULL, Object(Config\Cache), false)
#9 D:\xampp\htdocs\buku_pantau_website\public\index.php(67): CodeIgniter\CodeIgniter->run()
#10 D:\xampp\htdocs\buku_pantau_website\system\Commands\Server\rewrite.php(47): require_once('D:\\xampp\\htdocs...')
#11 {main}
CRITICAL - 2023-05-27 04:52:42 --> Column 'id_siswa' in field list is ambiguous
in SYSTEMPATH\Database\MySQLi\Connection.php on line 292.
 1 SYSTEMPATH\Database\MySQLi\Connection.php(292): mysqli->query('SELECT `absensi`.*, `siswa`.`nama_siswa` AS `nama_siswa`, `id_siswa`, COUNT(kehadiran) as jumlah_kehadiran
FROM `absensi`
LEFT JOIN `siswa` ON `siswa`.`id_siswa` = `absensi`.`id_siswa`
GROUP BY `absensi`.`id_siswa`', 0)
 2 SYSTEMPATH\Database\BaseConnection.php(666): CodeIgniter\Database\MySQLi\Connection->execute('SELECT `absensi`.*, `siswa`.`nama_siswa` AS `nama_siswa`, `id_siswa`, COUNT(kehadiran) as jumlah_kehadiran
FROM `absensi`
LEFT JOIN `siswa` ON `siswa`.`id_siswa` = `absensi`.`id_siswa`
GROUP BY `absensi`.`id_siswa`')
 3 SYSTEMPATH\Database\BaseConnection.php(593): CodeIgniter\Database\BaseConnection->simpleQuery('SELECT `absensi`.*, `siswa`.`nama_siswa` AS `nama_siswa`, `id_siswa`, COUNT(kehadiran) as jumlah_kehadiran
FROM `absensi`
LEFT JOIN `siswa` ON `siswa`.`id_siswa` = `absensi`.`id_siswa`
GROUP BY `absensi`.`id_siswa`')
 4 SYSTEMPATH\Database\BaseBuilder.php(1585): CodeIgniter\Database\BaseConnection->query('SELECT `absensi`.*, `siswa`.`nama_siswa` AS `nama_siswa`, `id_siswa`, COUNT(kehadiran) as jumlah_kehadiran
FROM `absensi`
LEFT JOIN `siswa` ON `siswa`.`id_siswa` = `absensi`.`id_siswa`
GROUP BY `absensi`.`id_siswa`', [], false)
 5 APPPATH\Models\Absensi.php(21): CodeIgniter\Database\BaseBuilder->get()
 6 APPPATH\Controllers\AbsensiController.php(12): App\Models\Absensi->get_data()
 7 SYSTEMPATH\CodeIgniter.php(925): App\Controllers\AbsensiController->index()
 8 SYSTEMPATH\CodeIgniter.php(480): CodeIgniter\CodeIgniter->runController(Object(App\Controllers\AbsensiController))
 9 SYSTEMPATH\CodeIgniter.php(349): CodeIgniter\CodeIgniter->handleRequest(null, Object(Config\Cache), false)
10 FCPATH\index.php(67): CodeIgniter\CodeIgniter->run()
11 SYSTEMPATH\Commands\Server\rewrite.php(47): require_once('FCPATH\\index.php')
CRITICAL - 2023-05-27 04:54:49 --> Attempt to read property "nama_siswa" on array
in APPPATH\Views\admin\dataabsensi\index.php on line 41.
 1 APPPATH\Views\admin\dataabsensi\index.php(41): CodeIgniter\Debug\Exceptions->errorHandler(2, 'Attempt to read property "nama_siswa" on array', 'APPPATH\\Views\\admin\\dataabsensi\\index.php', 41)
 2 SYSTEMPATH\View\View.php(213): include('APPPATH\\Views\\admin\\dataabsensi\\index.php')
 3 SYSTEMPATH\View\View.php(216): CodeIgniter\View\View->CodeIgniter\View\{closure}()
 4 SYSTEMPATH\Common.php(1135): CodeIgniter\View\View->render('admin/dataabsensi/index', [], true)
 5 APPPATH\Controllers\AbsensiController.php(14): view('admin/dataabsensi/index', [...])
 6 SYSTEMPATH\CodeIgniter.php(925): App\Controllers\AbsensiController->index()
 7 SYSTEMPATH\CodeIgniter.php(480): CodeIgniter\CodeIgniter->runController(Object(App\Controllers\AbsensiController))
 8 SYSTEMPATH\CodeIgniter.php(349): CodeIgniter\CodeIgniter->handleRequest(null, Object(Config\Cache), false)
 9 FCPATH\index.php(67): CodeIgniter\CodeIgniter->run()
10 SYSTEMPATH\Commands\Server\rewrite.php(47): require_once('FCPATH\\index.php')
CRITICAL - 2023-05-27 04:55:35 --> Attempt to read property "nama_siswa" on array
in APPPATH\Views\admin\dataabsensi\index.php on line 41.
 1 APPPATH\Views\admin\dataabsensi\index.php(41): CodeIgniter\Debug\Exceptions->errorHandler(2, 'Attempt to read property "nama_siswa" on array', 'APPPATH\\Views\\admin\\dataabsensi\\index.php', 41)
 2 SYSTEMPATH\View\View.php(213): include('APPPATH\\Views\\admin\\dataabsensi\\index.php')
 3 SYSTEMPATH\View\View.php(216): CodeIgniter\View\View->CodeIgniter\View\{closure}()
 4 SYSTEMPATH\Common.php(1135): CodeIgniter\View\View->render('admin/dataabsensi/index', [], true)
 5 APPPATH\Controllers\AbsensiController.php(14): view('admin/dataabsensi/index', [...])
 6 SYSTEMPATH\CodeIgniter.php(925): App\Controllers\AbsensiController->index()
 7 SYSTEMPATH\CodeIgniter.php(480): CodeIgniter\CodeIgniter->runController(Object(App\Controllers\AbsensiController))
 8 SYSTEMPATH\CodeIgniter.php(349): CodeIgniter\CodeIgniter->handleRequest(null, Object(Config\Cache), false)
 9 FCPATH\index.php(67): CodeIgniter\CodeIgniter->run()
10 SYSTEMPATH\Commands\Server\rewrite.php(47): require_once('FCPATH\\index.php')
CRITICAL - 2023-05-27 04:58:15 --> Undefined array key "tanggal"
in APPPATH\Views\admin\dataabsensi\index.php on line 42.
 1 APPPATH\Views\admin\dataabsensi\index.php(42): CodeIgniter\Debug\Exceptions->errorHandler(2, 'Undefined array key "tanggal"', 'APPPATH\\Views\\admin\\dataabsensi\\index.php', 42)
 2 SYSTEMPATH\View\View.php(213): include('APPPATH\\Views\\admin\\dataabsensi\\index.php')
 3 SYSTEMPATH\View\View.php(216): CodeIgniter\View\View->CodeIgniter\View\{closure}()
 4 SYSTEMPATH\Common.php(1135): CodeIgniter\View\View->render('admin/dataabsensi/index', [], true)
 5 APPPATH\Controllers\AbsensiController.php(14): view('admin/dataabsensi/index', [...])
 6 SYSTEMPATH\CodeIgniter.php(925): App\Controllers\AbsensiController->index()
 7 SYSTEMPATH\CodeIgniter.php(480): CodeIgniter\CodeIgniter->runController(Object(App\Controllers\AbsensiController))
 8 SYSTEMPATH\CodeIgniter.php(349): CodeIgniter\CodeIgniter->handleRequest(null, Object(Config\Cache), false)
 9 FCPATH\index.php(67): CodeIgniter\CodeIgniter->run()
10 SYSTEMPATH\Commands\Server\rewrite.php(47): require_once('FCPATH\\index.php')
CRITICAL - 2023-05-27 04:58:57 --> Attempt to read property "tanggal" on array
in APPPATH\Views\admin\dataabsensi\index.php on line 42.
 1 APPPATH\Views\admin\dataabsensi\index.php(42): CodeIgniter\Debug\Exceptions->errorHandler(2, 'Attempt to read property "tanggal" on array', 'APPPATH\\Views\\admin\\dataabsensi\\index.php', 42)
 2 SYSTEMPATH\View\View.php(213): include('APPPATH\\Views\\admin\\dataabsensi\\index.php')
 3 SYSTEMPATH\View\View.php(216): CodeIgniter\View\View->CodeIgniter\View\{closure}()
 4 SYSTEMPATH\Common.php(1135): CodeIgniter\View\View->render('admin/dataabsensi/index', [], true)
 5 APPPATH\Controllers\AbsensiController.php(14): view('admin/dataabsensi/index', [...])
 6 SYSTEMPATH\CodeIgniter.php(925): App\Controllers\AbsensiController->index()
 7 SYSTEMPATH\CodeIgniter.php(480): CodeIgniter\CodeIgniter->runController(Object(App\Controllers\AbsensiController))
 8 SYSTEMPATH\CodeIgniter.php(349): CodeIgniter\CodeIgniter->handleRequest(null, Object(Config\Cache), false)
 9 FCPATH\index.php(67): CodeIgniter\CodeIgniter->run()
10 SYSTEMPATH\Commands\Server\rewrite.php(47): require_once('FCPATH\\index.php')
CRITICAL - 2023-05-27 05:01:21 --> Attempt to read property "id_siswa" on array
in APPPATH\Views\admin\dataabsensi\index.php on line 44.
 1 APPPATH\Views\admin\dataabsensi\index.php(44): CodeIgniter\Debug\Exceptions->errorHandler(2, 'Attempt to read property "id_siswa" on array', 'APPPATH\\Views\\admin\\dataabsensi\\index.php', 44)
 2 SYSTEMPATH\View\View.php(213): include('APPPATH\\Views\\admin\\dataabsensi\\index.php')
 3 SYSTEMPATH\View\View.php(216): CodeIgniter\View\View->CodeIgniter\View\{closure}()
 4 SYSTEMPATH\Common.php(1135): CodeIgniter\View\View->render('admin/dataabsensi/index', [], true)
 5 APPPATH\Controllers\AbsensiController.php(14): view('admin/dataabsensi/index', [...])
 6 SYSTEMPATH\CodeIgniter.php(925): App\Controllers\AbsensiController->index()
 7 SYSTEMPATH\CodeIgniter.php(480): CodeIgniter\CodeIgniter->runController(Object(App\Controllers\AbsensiController))
 8 SYSTEMPATH\CodeIgniter.php(349): CodeIgniter\CodeIgniter->handleRequest(null, Object(Config\Cache), false)
 9 FCPATH\index.php(67): CodeIgniter\CodeIgniter->run()
10 SYSTEMPATH\Commands\Server\rewrite.php(47): require_once('FCPATH\\index.php')
CRITICAL - 2023-05-27 05:01:27 --> Attempt to read property "id_siswa" on array
in APPPATH\Views\admin\dataabsensi\index.php on line 44.
 1 APPPATH\Views\admin\dataabsensi\index.php(44): CodeIgniter\Debug\Exceptions->errorHandler(2, 'Attempt to read property "id_siswa" on array', 'APPPATH\\Views\\admin\\dataabsensi\\index.php', 44)
 2 SYSTEMPATH\View\View.php(213): include('APPPATH\\Views\\admin\\dataabsensi\\index.php')
 3 SYSTEMPATH\View\View.php(216): CodeIgniter\View\View->CodeIgniter\View\{closure}()
 4 SYSTEMPATH\Common.php(1135): CodeIgniter\View\View->render('admin/dataabsensi/index', [], true)
 5 APPPATH\Controllers\AbsensiController.php(14): view('admin/dataabsensi/index', [...])
 6 SYSTEMPATH\CodeIgniter.php(925): App\Controllers\AbsensiController->index()
 7 SYSTEMPATH\CodeIgniter.php(480): CodeIgniter\CodeIgniter->runController(Object(App\Controllers\AbsensiController))
 8 SYSTEMPATH\CodeIgniter.php(349): CodeIgniter\CodeIgniter->handleRequest(null, Object(Config\Cache), false)
 9 FCPATH\index.php(67): CodeIgniter\CodeIgniter->run()
10 SYSTEMPATH\Commands\Server\rewrite.php(47): require_once('FCPATH\\index.php')
CRITICAL - 2023-05-27 05:14:38 --> Attempt to read property "id_siswa" on array
in APPPATH\Views\admin\dataabsensi\index.php on line 44.
 1 APPPATH\Views\admin\dataabsensi\index.php(44): CodeIgniter\Debug\Exceptions->errorHandler(2, 'Attempt to read property "id_siswa" on array', 'APPPATH\\Views\\admin\\dataabsensi\\index.php', 44)
 2 SYSTEMPATH\View\View.php(213): include('APPPATH\\Views\\admin\\dataabsensi\\index.php')
 3 SYSTEMPATH\View\View.php(216): CodeIgniter\View\View->CodeIgniter\View\{closure}()
 4 SYSTEMPATH\Common.php(1135): CodeIgniter\View\View->render('admin/dataabsensi/index', [], true)
 5 APPPATH\Controllers\AbsensiController.php(14): view('admin/dataabsensi/index', [...])
 6 SYSTEMPATH\CodeIgniter.php(925): App\Controllers\AbsensiController->index()
 7 SYSTEMPATH\CodeIgniter.php(480): CodeIgniter\CodeIgniter->runController(Object(App\Controllers\AbsensiController))
 8 SYSTEMPATH\CodeIgniter.php(349): CodeIgniter\CodeIgniter->handleRequest(null, Object(Config\Cache), false)
 9 FCPATH\index.php(67): CodeIgniter\CodeIgniter->run()
10 SYSTEMPATH\Commands\Server\rewrite.php(47): require_once('FCPATH\\index.php')
CRITICAL - 2023-05-27 05:15:05 --> Attempt to read property "id_absensi" on array
in APPPATH\Views\admin\dataabsensi\index.php on line 44.
 1 APPPATH\Views\admin\dataabsensi\index.php(44): CodeIgniter\Debug\Exceptions->errorHandler(2, 'Attempt to read property "id_absensi" on array', 'APPPATH\\Views\\admin\\dataabsensi\\index.php', 44)
 2 SYSTEMPATH\View\View.php(213): include('APPPATH\\Views\\admin\\dataabsensi\\index.php')
 3 SYSTEMPATH\View\View.php(216): CodeIgniter\View\View->CodeIgniter\View\{closure}()
 4 SYSTEMPATH\Common.php(1135): CodeIgniter\View\View->render('admin/dataabsensi/index', [], true)
 5 APPPATH\Controllers\AbsensiController.php(14): view('admin/dataabsensi/index', [...])
 6 SYSTEMPATH\CodeIgniter.php(925): App\Controllers\AbsensiController->index()
 7 SYSTEMPATH\CodeIgniter.php(480): CodeIgniter\CodeIgniter->runController(Object(App\Controllers\AbsensiController))
 8 SYSTEMPATH\CodeIgniter.php(349): CodeIgniter\CodeIgniter->handleRequest(null, Object(Config\Cache), false)
 9 FCPATH\index.php(67): CodeIgniter\CodeIgniter->run()
10 SYSTEMPATH\Commands\Server\rewrite.php(47): require_once('FCPATH\\index.php')
CRITICAL - 2023-05-27 05:16:04 --> Undefined variable $d
in APPPATH\Views\admin\dataabsensi\lihat.php on line 37.
 1 APPPATH\Views\admin\dataabsensi\lihat.php(37): CodeIgniter\Debug\Exceptions->errorHandler(2, 'Undefined variable $d', 'APPPATH\\Views\\admin\\dataabsensi\\lihat.php', 37)
 2 SYSTEMPATH\View\View.php(213): include('APPPATH\\Views\\admin\\dataabsensi\\lihat.php')
 3 SYSTEMPATH\View\View.php(216): CodeIgniter\View\View->CodeIgniter\View\{closure}()
 4 SYSTEMPATH\Common.php(1135): CodeIgniter\View\View->render('admin/dataabsensi/lihat', [], true)
 5 APPPATH\Controllers\AbsensiController.php(24): view('admin/dataabsensi/lihat', [...])
 6 SYSTEMPATH\CodeIgniter.php(925): App\Controllers\AbsensiController->lihat('6')
 7 SYSTEMPATH\CodeIgniter.php(480): CodeIgniter\CodeIgniter->runController(Object(App\Controllers\AbsensiController))
 8 SYSTEMPATH\CodeIgniter.php(349): CodeIgniter\CodeIgniter->handleRequest(null, Object(Config\Cache), false)
 9 FCPATH\index.php(67): CodeIgniter\CodeIgniter->run()
10 SYSTEMPATH\Commands\Server\rewrite.php(47): require_once('FCPATH\\index.php')
CRITICAL - 2023-05-27 05:20:10 --> syntax error, unexpected token ";", expecting "function" or "const"
in APPPATH\Models\Absensi.php on line 38.
 1 SYSTEMPATH\Autoloader\Autoloader.php(260): CodeIgniter\Autoloader\Autoloader->includeFile('APPPATH\\Models\\Absensi.php')
 2 SYSTEMPATH\Autoloader\Autoloader.php(238): CodeIgniter\Autoloader\Autoloader->loadInNamespace('App\\Models\\Absensi')
 3 APPPATH\Controllers\AbsensiController.php(19): CodeIgniter\Autoloader\Autoloader->loadClass('App\\Models\\Absensi')
 4 SYSTEMPATH\CodeIgniter.php(925): App\Controllers\AbsensiController->lihat('6')
 5 SYSTEMPATH\CodeIgniter.php(480): CodeIgniter\CodeIgniter->runController(Object(App\Controllers\AbsensiController))
 6 SYSTEMPATH\CodeIgniter.php(349): CodeIgniter\CodeIgniter->handleRequest(null, Object(Config\Cache), false)
 7 FCPATH\index.php(67): CodeIgniter\CodeIgniter->run()
 8 SYSTEMPATH\Commands\Server\rewrite.php(47): require_once('FCPATH\\index.php')
