CRITICAL - 2023-05-11 02:05:21 --> Implicit conversion from float 1335997853.142 to int loses precision
in APPPATH\Views\admin\datakegiatan\index.php on line 50.
 1 [internal function]: CodeIgniter\Debug\Exceptions->errorHandler(8192, 'Implicit conversion from float 1335997853.142 to int loses precision', 'APPPATH\\Views\\admin\\datakegiatan\\index.php', 50)
 2 APPPATH\Views\admin\datakegiatan\index.php(50): date('Y/m/d', 1335997853.142)
 3 SYSTEMPATH\View\View.php(213): include('APPPATH\\Views\\admin\\datakegiatan\\index.php')
 4 SYSTEMPATH\View\View.php(216): CodeIgniter\View\View->CodeIgniter\View\{closure}()
 5 SYSTEMPATH\Common.php(1135): CodeIgniter\View\View->render('admin/datakegiatan/index', [], true)
 6 APPPATH\Controllers\KegiatanController.php(23): view('admin/datakegiatan/index', [...])
 7 SYSTEMPATH\CodeIgniter.php(925): App\Controllers\KegiatanController->index()
 8 SYSTEMPATH\CodeIgniter.php(480): CodeIgniter\CodeIgniter->runController(Object(App\Controllers\KegiatanController))
 9 SYSTEMPATH\CodeIgniter.php(349): CodeIgniter\CodeIgniter->handleRequest(null, Object(Config\Cache), false)
10 FCPATH\index.php(67): CodeIgniter\CodeIgniter->run()
11 SYSTEMPATH\Commands\Server\rewrite.php(47): require_once('FCPATH\\index.php')
CRITICAL - 2023-05-11 02:08:00 --> Implicit conversion from float 1335997853.142 to int loses precision
in APPPATH\Views\admin\datakegiatan\index.php on line 50.
 1 [internal function]: CodeIgniter\Debug\Exceptions->errorHandler(8192, 'Implicit conversion from float 1335997853.142 to int loses precision', 'APPPATH\\Views\\admin\\datakegiatan\\index.php', 50)
 2 APPPATH\Views\admin\datakegiatan\index.php(50): date('Y/m/d', 1335997853.142)
 3 SYSTEMPATH\View\View.php(213): include('APPPATH\\Views\\admin\\datakegiatan\\index.php')
 4 SYSTEMPATH\View\View.php(216): CodeIgniter\View\View->CodeIgniter\View\{closure}()
 5 SYSTEMPATH\Common.php(1135): CodeIgniter\View\View->render('admin/datakegiatan/index', [], true)
 6 APPPATH\Controllers\KegiatanController.php(23): view('admin/datakegiatan/index', [...])
 7 SYSTEMPATH\CodeIgniter.php(925): App\Controllers\KegiatanController->index()
 8 SYSTEMPATH\CodeIgniter.php(480): CodeIgniter\CodeIgniter->runController(Object(App\Controllers\KegiatanController))
 9 SYSTEMPATH\CodeIgniter.php(349): CodeIgniter\CodeIgniter->handleRequest(null, Object(Config\Cache), false)
10 FCPATH\index.php(67): CodeIgniter\CodeIgniter->run()
11 SYSTEMPATH\Commands\Server\rewrite.php(47): require_once('FCPATH\\index.php')
CRITICAL - 2023-05-11 02:21:37 --> Undefined variable $kegiatans
in APPPATH\Views\admin\datalaporan\laporanperminggu\index.php on line 46.
 1 APPPATH\Views\admin\datalaporan\laporanperminggu\index.php(46): CodeIgniter\Debug\Exceptions->errorHandler(2, 'Undefined variable $kegiatans', 'APPPATH\\Views\\admin\\datalaporan\\laporanperminggu\\index.php', 46)
 2 SYSTEMPATH\View\View.php(213): include('APPPATH\\Views\\admin\\datalaporan\\laporanperminggu\\index.php')
 3 SYSTEMPATH\View\View.php(216): CodeIgniter\View\View->CodeIgniter\View\{closure}()
 4 SYSTEMPATH\Common.php(1135): CodeIgniter\View\View->render('admin/datalaporan/laporanperminggu/index', [], true)
 5 APPPATH\Controllers\LaporanController.php(28): view('admin/datalaporan/laporanperminggu/index', [...])
 6 SYSTEMPATH\CodeIgniter.php(925): App\Controllers\LaporanController->laporanperminggu()
 7 SYSTEMPATH\CodeIgniter.php(480): CodeIgniter\CodeIgniter->runController(Object(App\Controllers\LaporanController))
 8 SYSTEMPATH\CodeIgniter.php(349): CodeIgniter\CodeIgniter->handleRequest(null, Object(Config\Cache), false)
 9 FCPATH\index.php(67): CodeIgniter\CodeIgniter->run()
10 SYSTEMPATH\Commands\Server\rewrite.php(47): require_once('FCPATH\\index.php')
CRITICAL - 2023-05-11 02:28:02 --> A non-numeric value encountered
in APPPATH\Views\admin\datakegiatan\index.php on line 50.
 1 APPPATH\Views\admin\datakegiatan\index.php(50): CodeIgniter\Debug\Exceptions->errorHandler(2, 'A non-numeric value encountered', 'APPPATH\\Views\\admin\\datakegiatan\\index.php', 50)
 2 SYSTEMPATH\View\View.php(213): include('APPPATH\\Views\\admin\\datakegiatan\\index.php')
 3 SYSTEMPATH\View\View.php(216): CodeIgniter\View\View->CodeIgniter\View\{closure}()
 4 SYSTEMPATH\Common.php(1135): CodeIgniter\View\View->render('admin/datakegiatan/index', [], true)
 5 APPPATH\Controllers\KegiatanController.php(23): view('admin/datakegiatan/index', [...])
 6 SYSTEMPATH\CodeIgniter.php(925): App\Controllers\KegiatanController->index()
 7 SYSTEMPATH\CodeIgniter.php(480): CodeIgniter\CodeIgniter->runController(Object(App\Controllers\KegiatanController))
 8 SYSTEMPATH\CodeIgniter.php(349): CodeIgniter\CodeIgniter->handleRequest(null, Object(Config\Cache), false)
 9 FCPATH\index.php(67): CodeIgniter\CodeIgniter->run()
10 SYSTEMPATH\Commands\Server\rewrite.php(47): require_once('FCPATH\\index.php')
