CRITICAL - 2023-01-30 03:30:30 --> Attempt to read property "id_jadwal" on array
in APPPATH\Views\admin\dataguru\add.php on line 72.
 1 APPPATH\Views\admin\dataguru\add.php(72): CodeIgniter\Debug\Exceptions->errorHandler(2, 'Attempt to read property "id_jadwal" on array', 'APPPATH\\Views\\admin\\dataguru\\add.php', 72)
 2 SYSTEMPATH\View\View.php(213): include('APPPATH\\Views\\admin\\dataguru\\add.php')
 3 SYSTEMPATH\View\View.php(216): CodeIgniter\View\View->CodeIgniter\View\{closure}()
 4 SYSTEMPATH\Common.php(1135): CodeIgniter\View\View->render('admin/dataguru/add', [], true)
 5 APPPATH\Controllers\GuruController.php(34): view('admin/dataguru/add', [...])
 6 SYSTEMPATH\CodeIgniter.php(925): App\Controllers\GuruController->new()
 7 SYSTEMPATH\CodeIgniter.php(480): CodeIgniter\CodeIgniter->runController(Object(App\Controllers\GuruController))
 8 SYSTEMPATH\CodeIgniter.php(349): CodeIgniter\CodeIgniter->handleRequest(null, Object(Config\Cache), false)
 9 FCPATH\index.php(67): CodeIgniter\CodeIgniter->run()
10 SYSTEMPATH\Commands\Server\rewrite.php(47): require_once('FCPATH\\index.php')
CRITICAL - 2023-01-30 03:38:06 --> Attempt to read property "id_jadwal" on array
in APPPATH\Views\admin\dataguru\add.php on line 72.
 1 APPPATH\Views\admin\dataguru\add.php(72): CodeIgniter\Debug\Exceptions->errorHandler(2, 'Attempt to read property "id_jadwal" on array', 'APPPATH\\Views\\admin\\dataguru\\add.php', 72)
 2 SYSTEMPATH\View\View.php(213): include('APPPATH\\Views\\admin\\dataguru\\add.php')
 3 SYSTEMPATH\View\View.php(216): CodeIgniter\View\View->CodeIgniter\View\{closure}()
 4 SYSTEMPATH\Common.php(1135): CodeIgniter\View\View->render('admin/dataguru/add', [], true)
 5 APPPATH\Controllers\GuruController.php(34): view('admin/dataguru/add', [...])
 6 SYSTEMPATH\CodeIgniter.php(925): App\Controllers\GuruController->new()
 7 SYSTEMPATH\CodeIgniter.php(480): CodeIgniter\CodeIgniter->runController(Object(App\Controllers\GuruController))
 8 SYSTEMPATH\CodeIgniter.php(349): CodeIgniter\CodeIgniter->handleRequest(null, Object(Config\Cache), false)
 9 FCPATH\index.php(67): CodeIgniter\CodeIgniter->run()
10 SYSTEMPATH\Commands\Server\rewrite.php(47): require_once('FCPATH\\index.php')
CRITICAL - 2023-01-30 03:38:45 --> Attempt to read property "id_jadwal" on array
in APPPATH\Views\admin\dataguru\add.php on line 72.
 1 APPPATH\Views\admin\dataguru\add.php(72): CodeIgniter\Debug\Exceptions->errorHandler(2, 'Attempt to read property "id_jadwal" on array', 'APPPATH\\Views\\admin\\dataguru\\add.php', 72)
 2 SYSTEMPATH\View\View.php(213): include('APPPATH\\Views\\admin\\dataguru\\add.php')
 3 SYSTEMPATH\View\View.php(216): CodeIgniter\View\View->CodeIgniter\View\{closure}()
 4 SYSTEMPATH\Common.php(1135): CodeIgniter\View\View->render('admin/dataguru/add', [], true)
 5 APPPATH\Controllers\GuruController.php(34): view('admin/dataguru/add', [...])
 6 SYSTEMPATH\CodeIgniter.php(925): App\Controllers\GuruController->new()
 7 SYSTEMPATH\CodeIgniter.php(480): CodeIgniter\CodeIgniter->runController(Object(App\Controllers\GuruController))
 8 SYSTEMPATH\CodeIgniter.php(349): CodeIgniter\CodeIgniter->handleRequest(null, Object(Config\Cache), false)
 9 FCPATH\index.php(67): CodeIgniter\CodeIgniter->run()
10 SYSTEMPATH\Commands\Server\rewrite.php(47): require_once('FCPATH\\index.php')
CRITICAL - 2023-01-30 03:59:16 --> Undefined array key "id_jadwal"
in APPPATH\Views\admin\dataguru\add.php on line 72.
 1 APPPATH\Views\admin\dataguru\add.php(72): CodeIgniter\Debug\Exceptions->errorHandler(2, 'Undefined array key "id_jadwal"', 'APPPATH\\Views\\admin\\dataguru\\add.php', 72)
 2 SYSTEMPATH\View\View.php(213): include('APPPATH\\Views\\admin\\dataguru\\add.php')
 3 SYSTEMPATH\View\View.php(216): CodeIgniter\View\View->CodeIgniter\View\{closure}()
 4 SYSTEMPATH\Common.php(1135): CodeIgniter\View\View->render('admin/dataguru/add', [], true)
 5 APPPATH\Controllers\GuruController.php(34): view('admin/dataguru/add', [...])
 6 SYSTEMPATH\CodeIgniter.php(925): App\Controllers\GuruController->new()
 7 SYSTEMPATH\CodeIgniter.php(480): CodeIgniter\CodeIgniter->runController(Object(App\Controllers\GuruController))
 8 SYSTEMPATH\CodeIgniter.php(349): CodeIgniter\CodeIgniter->handleRequest(null, Object(Config\Cache), false)
 9 FCPATH\index.php(67): CodeIgniter\CodeIgniter->run()
10 SYSTEMPATH\Commands\Server\rewrite.php(47): require_once('FCPATH\\index.php')
CRITICAL - 2023-01-30 04:00:33 --> Attempt to read property "id_jadwal" on array
in APPPATH\Views\admin\dataguru\add.php on line 72.
 1 APPPATH\Views\admin\dataguru\add.php(72): CodeIgniter\Debug\Exceptions->errorHandler(2, 'Attempt to read property "id_jadwal" on array', 'APPPATH\\Views\\admin\\dataguru\\add.php', 72)
 2 SYSTEMPATH\View\View.php(213): include('APPPATH\\Views\\admin\\dataguru\\add.php')
 3 SYSTEMPATH\View\View.php(216): CodeIgniter\View\View->CodeIgniter\View\{closure}()
 4 SYSTEMPATH\Common.php(1135): CodeIgniter\View\View->render('admin/dataguru/add', [], true)
 5 APPPATH\Controllers\GuruController.php(34): view('admin/dataguru/add', [...])
 6 SYSTEMPATH\CodeIgniter.php(925): App\Controllers\GuruController->new()
 7 SYSTEMPATH\CodeIgniter.php(480): CodeIgniter\CodeIgniter->runController(Object(App\Controllers\GuruController))
 8 SYSTEMPATH\CodeIgniter.php(349): CodeIgniter\CodeIgniter->handleRequest(null, Object(Config\Cache), false)
 9 FCPATH\index.php(67): CodeIgniter\CodeIgniter->run()
10 SYSTEMPATH\Commands\Server\rewrite.php(47): require_once('FCPATH\\index.php')
CRITICAL - 2023-01-30 04:00:35 --> Attempt to read property "id_jadwal" on array
in APPPATH\Views\admin\dataguru\add.php on line 72.
 1 APPPATH\Views\admin\dataguru\add.php(72): CodeIgniter\Debug\Exceptions->errorHandler(2, 'Attempt to read property "id_jadwal" on array', 'APPPATH\\Views\\admin\\dataguru\\add.php', 72)
 2 SYSTEMPATH\View\View.php(213): include('APPPATH\\Views\\admin\\dataguru\\add.php')
 3 SYSTEMPATH\View\View.php(216): CodeIgniter\View\View->CodeIgniter\View\{closure}()
 4 SYSTEMPATH\Common.php(1135): CodeIgniter\View\View->render('admin/dataguru/add', [], true)
 5 APPPATH\Controllers\GuruController.php(34): view('admin/dataguru/add', [...])
 6 SYSTEMPATH\CodeIgniter.php(925): App\Controllers\GuruController->new()
 7 SYSTEMPATH\CodeIgniter.php(480): CodeIgniter\CodeIgniter->runController(Object(App\Controllers\GuruController))
 8 SYSTEMPATH\CodeIgniter.php(349): CodeIgniter\CodeIgniter->handleRequest(null, Object(Config\Cache), false)
 9 FCPATH\index.php(67): CodeIgniter\CodeIgniter->run()
10 SYSTEMPATH\Commands\Server\rewrite.php(47): require_once('FCPATH\\index.php')
CRITICAL - 2023-01-30 04:00:36 --> Attempt to read property "id_jadwal" on array
in APPPATH\Views\admin\dataguru\add.php on line 72.
 1 APPPATH\Views\admin\dataguru\add.php(72): CodeIgniter\Debug\Exceptions->errorHandler(2, 'Attempt to read property "id_jadwal" on array', 'APPPATH\\Views\\admin\\dataguru\\add.php', 72)
 2 SYSTEMPATH\View\View.php(213): include('APPPATH\\Views\\admin\\dataguru\\add.php')
 3 SYSTEMPATH\View\View.php(216): CodeIgniter\View\View->CodeIgniter\View\{closure}()
 4 SYSTEMPATH\Common.php(1135): CodeIgniter\View\View->render('admin/dataguru/add', [], true)
 5 APPPATH\Controllers\GuruController.php(34): view('admin/dataguru/add', [...])
 6 SYSTEMPATH\CodeIgniter.php(925): App\Controllers\GuruController->new()
 7 SYSTEMPATH\CodeIgniter.php(480): CodeIgniter\CodeIgniter->runController(Object(App\Controllers\GuruController))
 8 SYSTEMPATH\CodeIgniter.php(349): CodeIgniter\CodeIgniter->handleRequest(null, Object(Config\Cache), false)
 9 FCPATH\index.php(67): CodeIgniter\CodeIgniter->run()
10 SYSTEMPATH\Commands\Server\rewrite.php(47): require_once('FCPATH\\index.php')
CRITICAL - 2023-01-30 04:00:36 --> Attempt to read property "id_jadwal" on array
in APPPATH\Views\admin\dataguru\add.php on line 72.
 1 APPPATH\Views\admin\dataguru\add.php(72): CodeIgniter\Debug\Exceptions->errorHandler(2, 'Attempt to read property "id_jadwal" on array', 'APPPATH\\Views\\admin\\dataguru\\add.php', 72)
 2 SYSTEMPATH\View\View.php(213): include('APPPATH\\Views\\admin\\dataguru\\add.php')
 3 SYSTEMPATH\View\View.php(216): CodeIgniter\View\View->CodeIgniter\View\{closure}()
 4 SYSTEMPATH\Common.php(1135): CodeIgniter\View\View->render('admin/dataguru/add', [], true)
 5 APPPATH\Controllers\GuruController.php(34): view('admin/dataguru/add', [...])
 6 SYSTEMPATH\CodeIgniter.php(925): App\Controllers\GuruController->new()
 7 SYSTEMPATH\CodeIgniter.php(480): CodeIgniter\CodeIgniter->runController(Object(App\Controllers\GuruController))
 8 SYSTEMPATH\CodeIgniter.php(349): CodeIgniter\CodeIgniter->handleRequest(null, Object(Config\Cache), false)
 9 FCPATH\index.php(67): CodeIgniter\CodeIgniter->run()
10 SYSTEMPATH\Commands\Server\rewrite.php(47): require_once('FCPATH\\index.php')
CRITICAL - 2023-01-30 04:01:05 --> Attempt to read property "id" on array
in APPPATH\Views\admin\dataguru\add.php on line 72.
 1 APPPATH\Views\admin\dataguru\add.php(72): CodeIgniter\Debug\Exceptions->errorHandler(2, 'Attempt to read property "id" on array', 'APPPATH\\Views\\admin\\dataguru\\add.php', 72)
 2 SYSTEMPATH\View\View.php(213): include('APPPATH\\Views\\admin\\dataguru\\add.php')
 3 SYSTEMPATH\View\View.php(216): CodeIgniter\View\View->CodeIgniter\View\{closure}()
 4 SYSTEMPATH\Common.php(1135): CodeIgniter\View\View->render('admin/dataguru/add', [], true)
 5 APPPATH\Controllers\GuruController.php(34): view('admin/dataguru/add', [...])
 6 SYSTEMPATH\CodeIgniter.php(925): App\Controllers\GuruController->new()
 7 SYSTEMPATH\CodeIgniter.php(480): CodeIgniter\CodeIgniter->runController(Object(App\Controllers\GuruController))
 8 SYSTEMPATH\CodeIgniter.php(349): CodeIgniter\CodeIgniter->handleRequest(null, Object(Config\Cache), false)
 9 FCPATH\index.php(67): CodeIgniter\CodeIgniter->run()
10 SYSTEMPATH\Commands\Server\rewrite.php(47): require_once('FCPATH\\index.php')
CRITICAL - 2023-01-30 04:01:08 --> Attempt to read property "id" on array
in APPPATH\Views\admin\dataguru\add.php on line 72.
 1 APPPATH\Views\admin\dataguru\add.php(72): CodeIgniter\Debug\Exceptions->errorHandler(2, 'Attempt to read property "id" on array', 'APPPATH\\Views\\admin\\dataguru\\add.php', 72)
 2 SYSTEMPATH\View\View.php(213): include('APPPATH\\Views\\admin\\dataguru\\add.php')
 3 SYSTEMPATH\View\View.php(216): CodeIgniter\View\View->CodeIgniter\View\{closure}()
 4 SYSTEMPATH\Common.php(1135): CodeIgniter\View\View->render('admin/dataguru/add', [], true)
 5 APPPATH\Controllers\GuruController.php(34): view('admin/dataguru/add', [...])
 6 SYSTEMPATH\CodeIgniter.php(925): App\Controllers\GuruController->new()
 7 SYSTEMPATH\CodeIgniter.php(480): CodeIgniter\CodeIgniter->runController(Object(App\Controllers\GuruController))
 8 SYSTEMPATH\CodeIgniter.php(349): CodeIgniter\CodeIgniter->handleRequest(null, Object(Config\Cache), false)
 9 FCPATH\index.php(67): CodeIgniter\CodeIgniter->run()
10 SYSTEMPATH\Commands\Server\rewrite.php(47): require_once('FCPATH\\index.php')
CRITICAL - 2023-01-30 04:25:11 --> Attempt to read property "id" on array
in APPPATH\Views\admin\dataguru\add.php on line 72.
 1 APPPATH\Views\admin\dataguru\add.php(72): CodeIgniter\Debug\Exceptions->errorHandler(2, 'Attempt to read property "id" on array', 'APPPATH\\Views\\admin\\dataguru\\add.php', 72)
 2 SYSTEMPATH\View\View.php(213): include('APPPATH\\Views\\admin\\dataguru\\add.php')
 3 SYSTEMPATH\View\View.php(216): CodeIgniter\View\View->CodeIgniter\View\{closure}()
 4 SYSTEMPATH\Common.php(1135): CodeIgniter\View\View->render('admin/dataguru/add', [], true)
 5 APPPATH\Controllers\GuruController.php(34): view('admin/dataguru/add', [...])
 6 SYSTEMPATH\CodeIgniter.php(925): App\Controllers\GuruController->new()
 7 SYSTEMPATH\CodeIgniter.php(480): CodeIgniter\CodeIgniter->runController(Object(App\Controllers\GuruController))
 8 SYSTEMPATH\CodeIgniter.php(349): CodeIgniter\CodeIgniter->handleRequest(null, Object(Config\Cache), false)
 9 FCPATH\index.php(67): CodeIgniter\CodeIgniter->run()
10 SYSTEMPATH\Commands\Server\rewrite.php(47): require_once('FCPATH\\index.php')
CRITICAL - 2023-01-30 04:31:42 --> Undefined array key "jadwal_mengajar"
in APPPATH\Views\admin\dataguru\add.php on line 72.
 1 APPPATH\Views\admin\dataguru\add.php(72): CodeIgniter\Debug\Exceptions->errorHandler(2, 'Undefined array key "jadwal_mengajar"', 'APPPATH\\Views\\admin\\dataguru\\add.php', 72)
 2 SYSTEMPATH\View\View.php(213): include('APPPATH\\Views\\admin\\dataguru\\add.php')
 3 SYSTEMPATH\View\View.php(216): CodeIgniter\View\View->CodeIgniter\View\{closure}()
 4 SYSTEMPATH\Common.php(1135): CodeIgniter\View\View->render('admin/dataguru/add', [], true)
 5 APPPATH\Controllers\GuruController.php(35): view('admin/dataguru/add', [...])
 6 SYSTEMPATH\CodeIgniter.php(925): App\Controllers\GuruController->new()
 7 SYSTEMPATH\CodeIgniter.php(480): CodeIgniter\CodeIgniter->runController(Object(App\Controllers\GuruController))
 8 SYSTEMPATH\CodeIgniter.php(349): CodeIgniter\CodeIgniter->handleRequest(null, Object(Config\Cache), false)
 9 FCPATH\index.php(67): CodeIgniter\CodeIgniter->run()
10 SYSTEMPATH\Commands\Server\rewrite.php(47): require_once('FCPATH\\index.php')
CRITICAL - 2023-01-30 04:38:19 --> Undefined array key "jadwal_mengajar"
in APPPATH\Views\admin\dataguru\add.php on line 72.
 1 APPPATH\Views\admin\dataguru\add.php(72): CodeIgniter\Debug\Exceptions->errorHandler(2, 'Undefined array key "jadwal_mengajar"', 'APPPATH\\Views\\admin\\dataguru\\add.php', 72)
 2 SYSTEMPATH\View\View.php(213): include('APPPATH\\Views\\admin\\dataguru\\add.php')
 3 SYSTEMPATH\View\View.php(216): CodeIgniter\View\View->CodeIgniter\View\{closure}()
 4 SYSTEMPATH\Common.php(1135): CodeIgniter\View\View->render('admin/dataguru/add', [], true)
 5 APPPATH\Controllers\GuruController.php(35): view('admin/dataguru/add', [...])
 6 SYSTEMPATH\CodeIgniter.php(925): App\Controllers\GuruController->new()
 7 SYSTEMPATH\CodeIgniter.php(480): CodeIgniter\CodeIgniter->runController(Object(App\Controllers\GuruController))
 8 SYSTEMPATH\CodeIgniter.php(349): CodeIgniter\CodeIgniter->handleRequest(null, Object(Config\Cache), false)
 9 FCPATH\index.php(67): CodeIgniter\CodeIgniter->run()
10 SYSTEMPATH\Commands\Server\rewrite.php(47): require_once('FCPATH\\index.php')
CRITICAL - 2023-01-30 04:38:21 --> Undefined array key "jadwal_mengajar"
in APPPATH\Views\admin\dataguru\add.php on line 72.
 1 APPPATH\Views\admin\dataguru\add.php(72): CodeIgniter\Debug\Exceptions->errorHandler(2, 'Undefined array key "jadwal_mengajar"', 'APPPATH\\Views\\admin\\dataguru\\add.php', 72)
 2 SYSTEMPATH\View\View.php(213): include('APPPATH\\Views\\admin\\dataguru\\add.php')
 3 SYSTEMPATH\View\View.php(216): CodeIgniter\View\View->CodeIgniter\View\{closure}()
 4 SYSTEMPATH\Common.php(1135): CodeIgniter\View\View->render('admin/dataguru/add', [], true)
 5 APPPATH\Controllers\GuruController.php(35): view('admin/dataguru/add', [...])
 6 SYSTEMPATH\CodeIgniter.php(925): App\Controllers\GuruController->new()
 7 SYSTEMPATH\CodeIgniter.php(480): CodeIgniter\CodeIgniter->runController(Object(App\Controllers\GuruController))
 8 SYSTEMPATH\CodeIgniter.php(349): CodeIgniter\CodeIgniter->handleRequest(null, Object(Config\Cache), false)
 9 FCPATH\index.php(67): CodeIgniter\CodeIgniter->run()
10 SYSTEMPATH\Commands\Server\rewrite.php(47): require_once('FCPATH\\index.php')
CRITICAL - 2023-01-30 04:51:29 --> Undefined array key "jadwal_mengajar"
in APPPATH\Views\admin\dataguru\add.php on line 72.
 1 APPPATH\Views\admin\dataguru\add.php(72): CodeIgniter\Debug\Exceptions->errorHandler(2, 'Undefined array key "jadwal_mengajar"', 'APPPATH\\Views\\admin\\dataguru\\add.php', 72)
 2 SYSTEMPATH\View\View.php(213): include('APPPATH\\Views\\admin\\dataguru\\add.php')
 3 SYSTEMPATH\View\View.php(216): CodeIgniter\View\View->CodeIgniter\View\{closure}()
 4 SYSTEMPATH\Common.php(1135): CodeIgniter\View\View->render('admin/dataguru/add', [], true)
 5 APPPATH\Controllers\GuruController.php(35): view('admin/dataguru/add', [...])
 6 SYSTEMPATH\CodeIgniter.php(925): App\Controllers\GuruController->new()
 7 SYSTEMPATH\CodeIgniter.php(480): CodeIgniter\CodeIgniter->runController(Object(App\Controllers\GuruController))
 8 SYSTEMPATH\CodeIgniter.php(349): CodeIgniter\CodeIgniter->handleRequest(null, Object(Config\Cache), false)
 9 FCPATH\index.php(67): CodeIgniter\CodeIgniter->run()
10 SYSTEMPATH\Commands\Server\rewrite.php(47): require_once('FCPATH\\index.php')
CRITICAL - 2023-01-30 05:01:14 --> Undefined array key "jadwal_mengajar"
in APPPATH\Views\admin\dataguru\add.php on line 72.
 1 APPPATH\Views\admin\dataguru\add.php(72): CodeIgniter\Debug\Exceptions->errorHandler(2, 'Undefined array key "jadwal_mengajar"', 'APPPATH\\Views\\admin\\dataguru\\add.php', 72)
 2 SYSTEMPATH\View\View.php(213): include('APPPATH\\Views\\admin\\dataguru\\add.php')
 3 SYSTEMPATH\View\View.php(216): CodeIgniter\View\View->CodeIgniter\View\{closure}()
 4 SYSTEMPATH\Common.php(1135): CodeIgniter\View\View->render('admin/dataguru/add', [], true)
 5 APPPATH\Controllers\GuruController.php(35): view('admin/dataguru/add', [...])
 6 SYSTEMPATH\CodeIgniter.php(925): App\Controllers\GuruController->new()
 7 SYSTEMPATH\CodeIgniter.php(480): CodeIgniter\CodeIgniter->runController(Object(App\Controllers\GuruController))
 8 SYSTEMPATH\CodeIgniter.php(349): CodeIgniter\CodeIgniter->handleRequest(null, Object(Config\Cache), false)
 9 FCPATH\index.php(67): CodeIgniter\CodeIgniter->run()
10 SYSTEMPATH\Commands\Server\rewrite.php(47): require_once('FCPATH\\index.php')
CRITICAL - 2023-01-30 05:12:58 --> Undefined array key "jadwal_mengajar"
in APPPATH\Views\admin\dataguru\add.php on line 72.
 1 APPPATH\Views\admin\dataguru\add.php(72): CodeIgniter\Debug\Exceptions->errorHandler(2, 'Undefined array key "jadwal_mengajar"', 'APPPATH\\Views\\admin\\dataguru\\add.php', 72)
 2 SYSTEMPATH\View\View.php(213): include('APPPATH\\Views\\admin\\dataguru\\add.php')
 3 SYSTEMPATH\View\View.php(216): CodeIgniter\View\View->CodeIgniter\View\{closure}()
 4 SYSTEMPATH\Common.php(1135): CodeIgniter\View\View->render('admin/dataguru/add', [], true)
 5 APPPATH\Controllers\GuruController.php(35): view('admin/dataguru/add', [...])
 6 SYSTEMPATH\CodeIgniter.php(925): App\Controllers\GuruController->new()
 7 SYSTEMPATH\CodeIgniter.php(480): CodeIgniter\CodeIgniter->runController(Object(App\Controllers\GuruController))
 8 SYSTEMPATH\CodeIgniter.php(349): CodeIgniter\CodeIgniter->handleRequest(null, Object(Config\Cache), false)
 9 FCPATH\index.php(67): CodeIgniter\CodeIgniter->run()
10 SYSTEMPATH\Commands\Server\rewrite.php(47): require_once('FCPATH\\index.php')
CRITICAL - 2023-01-30 05:20:30 --> Attempt to read property "id_jadwal" on array
in APPPATH\Views\admin\dataguru\add.php on line 72.
 1 APPPATH\Views\admin\dataguru\add.php(72): CodeIgniter\Debug\Exceptions->errorHandler(2, 'Attempt to read property "id_jadwal" on array', 'APPPATH\\Views\\admin\\dataguru\\add.php', 72)
 2 SYSTEMPATH\View\View.php(213): include('APPPATH\\Views\\admin\\dataguru\\add.php')
 3 SYSTEMPATH\View\View.php(216): CodeIgniter\View\View->CodeIgniter\View\{closure}()
 4 SYSTEMPATH\Common.php(1135): CodeIgniter\View\View->render('admin/dataguru/add', [], true)
 5 APPPATH\Controllers\GuruController.php(33): view('admin/dataguru/add', [...])
 6 SYSTEMPATH\CodeIgniter.php(925): App\Controllers\GuruController->new()
 7 SYSTEMPATH\CodeIgniter.php(480): CodeIgniter\CodeIgniter->runController(Object(App\Controllers\GuruController))
 8 SYSTEMPATH\CodeIgniter.php(349): CodeIgniter\CodeIgniter->handleRequest(null, Object(Config\Cache), false)
 9 FCPATH\index.php(67): CodeIgniter\CodeIgniter->run()
10 SYSTEMPATH\Commands\Server\rewrite.php(47): require_once('FCPATH\\index.php')
CRITICAL - 2023-01-30 07:15:25 --> Call to undefined method App\Models\Guru::detail
in SYSTEMPATH\Model.php on line 807.
 1 APPPATH\Controllers\GuruController.php(30): CodeIgniter\Model->__call('detail', [...])
 2 SYSTEMPATH\CodeIgniter.php(925): App\Controllers\GuruController->lihat('3')
 3 SYSTEMPATH\CodeIgniter.php(480): CodeIgniter\CodeIgniter->runController(Object(App\Controllers\GuruController))
 4 SYSTEMPATH\CodeIgniter.php(349): CodeIgniter\CodeIgniter->handleRequest(null, Object(Config\Cache), false)
 5 FCPATH\index.php(67): CodeIgniter\CodeIgniter->run()
 6 SYSTEMPATH\Commands\Server\rewrite.php(47): require_once('FCPATH\\index.php')
CRITICAL - 2023-01-30 07:17:04 --> Attempt to read property "nip" on array
in APPPATH\Views\admin\dataguru\lihat.php on line 25.
 1 APPPATH\Views\admin\dataguru\lihat.php(25): CodeIgniter\Debug\Exceptions->errorHandler(2, 'Attempt to read property "nip" on array', 'APPPATH\\Views\\admin\\dataguru\\lihat.php', 25)
 2 SYSTEMPATH\View\View.php(213): include('APPPATH\\Views\\admin\\dataguru\\lihat.php')
 3 SYSTEMPATH\View\View.php(216): CodeIgniter\View\View->CodeIgniter\View\{closure}()
 4 SYSTEMPATH\Common.php(1135): CodeIgniter\View\View->render('admin/dataguru/lihat', [], true)
 5 APPPATH\Controllers\GuruController.php(32): view('admin/dataguru/lihat', [...])
 6 SYSTEMPATH\CodeIgniter.php(925): App\Controllers\GuruController->lihat('3')
 7 SYSTEMPATH\CodeIgniter.php(480): CodeIgniter\CodeIgniter->runController(Object(App\Controllers\GuruController))
 8 SYSTEMPATH\CodeIgniter.php(349): CodeIgniter\CodeIgniter->handleRequest(null, Object(Config\Cache), false)
 9 FCPATH\index.php(67): CodeIgniter\CodeIgniter->run()
10 SYSTEMPATH\Commands\Server\rewrite.php(47): require_once('FCPATH\\index.php')
CRITICAL - 2023-01-30 07:18:46 --> Undefined array key "nip"
in APPPATH\Views\admin\dataguru\lihat.php on line 25.
 1 APPPATH\Views\admin\dataguru\lihat.php(25): CodeIgniter\Debug\Exceptions->errorHandler(2, 'Undefined array key "nip"', 'APPPATH\\Views\\admin\\dataguru\\lihat.php', 25)
 2 SYSTEMPATH\View\View.php(213): include('APPPATH\\Views\\admin\\dataguru\\lihat.php')
 3 SYSTEMPATH\View\View.php(216): CodeIgniter\View\View->CodeIgniter\View\{closure}()
 4 SYSTEMPATH\Common.php(1135): CodeIgniter\View\View->render('admin/dataguru/lihat', [], true)
 5 APPPATH\Controllers\GuruController.php(32): view('admin/dataguru/lihat', [...])
 6 SYSTEMPATH\CodeIgniter.php(925): App\Controllers\GuruController->lihat('3')
 7 SYSTEMPATH\CodeIgniter.php(480): CodeIgniter\CodeIgniter->runController(Object(App\Controllers\GuruController))
 8 SYSTEMPATH\CodeIgniter.php(349): CodeIgniter\CodeIgniter->handleRequest(null, Object(Config\Cache), false)
 9 FCPATH\index.php(67): CodeIgniter\CodeIgniter->run()
10 SYSTEMPATH\Commands\Server\rewrite.php(47): require_once('FCPATH\\index.php')
CRITICAL - 2023-01-30 07:18:51 --> Undefined array key "nip"
in APPPATH\Views\admin\dataguru\lihat.php on line 25.
 1 APPPATH\Views\admin\dataguru\lihat.php(25): CodeIgniter\Debug\Exceptions->errorHandler(2, 'Undefined array key "nip"', 'APPPATH\\Views\\admin\\dataguru\\lihat.php', 25)
 2 SYSTEMPATH\View\View.php(213): include('APPPATH\\Views\\admin\\dataguru\\lihat.php')
 3 SYSTEMPATH\View\View.php(216): CodeIgniter\View\View->CodeIgniter\View\{closure}()
 4 SYSTEMPATH\Common.php(1135): CodeIgniter\View\View->render('admin/dataguru/lihat', [], true)
 5 APPPATH\Controllers\GuruController.php(32): view('admin/dataguru/lihat', [...])
 6 SYSTEMPATH\CodeIgniter.php(925): App\Controllers\GuruController->lihat('3')
 7 SYSTEMPATH\CodeIgniter.php(480): CodeIgniter\CodeIgniter->runController(Object(App\Controllers\GuruController))
 8 SYSTEMPATH\CodeIgniter.php(349): CodeIgniter\CodeIgniter->handleRequest(null, Object(Config\Cache), false)
 9 FCPATH\index.php(67): CodeIgniter\CodeIgniter->run()
10 SYSTEMPATH\Commands\Server\rewrite.php(47): require_once('FCPATH\\index.php')
CRITICAL - 2023-01-30 07:22:01 --> Undefined array key "nip"
in APPPATH\Views\admin\dataguru\lihat.php on line 25.
 1 APPPATH\Views\admin\dataguru\lihat.php(25): CodeIgniter\Debug\Exceptions->errorHandler(2, 'Undefined array key "nip"', 'APPPATH\\Views\\admin\\dataguru\\lihat.php', 25)
 2 SYSTEMPATH\View\View.php(213): include('APPPATH\\Views\\admin\\dataguru\\lihat.php')
 3 SYSTEMPATH\View\View.php(216): CodeIgniter\View\View->CodeIgniter\View\{closure}()
 4 SYSTEMPATH\Common.php(1135): CodeIgniter\View\View->render('admin/dataguru/lihat', [], true)
 5 APPPATH\Controllers\GuruController.php(32): view('admin/dataguru/lihat', [...])
 6 SYSTEMPATH\CodeIgniter.php(925): App\Controllers\GuruController->lihat('3')
 7 SYSTEMPATH\CodeIgniter.php(480): CodeIgniter\CodeIgniter->runController(Object(App\Controllers\GuruController))
 8 SYSTEMPATH\CodeIgniter.php(349): CodeIgniter\CodeIgniter->handleRequest(null, Object(Config\Cache), false)
 9 FCPATH\index.php(67): CodeIgniter\CodeIgniter->run()
10 SYSTEMPATH\Commands\Server\rewrite.php(47): require_once('FCPATH\\index.php')
CRITICAL - 2023-01-30 07:22:04 --> Undefined array key "nip"
in APPPATH\Views\admin\dataguru\lihat.php on line 25.
 1 APPPATH\Views\admin\dataguru\lihat.php(25): CodeIgniter\Debug\Exceptions->errorHandler(2, 'Undefined array key "nip"', 'APPPATH\\Views\\admin\\dataguru\\lihat.php', 25)
 2 SYSTEMPATH\View\View.php(213): include('APPPATH\\Views\\admin\\dataguru\\lihat.php')
 3 SYSTEMPATH\View\View.php(216): CodeIgniter\View\View->CodeIgniter\View\{closure}()
 4 SYSTEMPATH\Common.php(1135): CodeIgniter\View\View->render('admin/dataguru/lihat', [], true)
 5 APPPATH\Controllers\GuruController.php(32): view('admin/dataguru/lihat', [...])
 6 SYSTEMPATH\CodeIgniter.php(925): App\Controllers\GuruController->lihat('3')
 7 SYSTEMPATH\CodeIgniter.php(480): CodeIgniter\CodeIgniter->runController(Object(App\Controllers\GuruController))
 8 SYSTEMPATH\CodeIgniter.php(349): CodeIgniter\CodeIgniter->handleRequest(null, Object(Config\Cache), false)
 9 FCPATH\index.php(67): CodeIgniter\CodeIgniter->run()
10 SYSTEMPATH\Commands\Server\rewrite.php(47): require_once('FCPATH\\index.php')
CRITICAL - 2023-01-30 07:22:05 --> Undefined array key "nip"
in APPPATH\Views\admin\dataguru\lihat.php on line 25.
 1 APPPATH\Views\admin\dataguru\lihat.php(25): CodeIgniter\Debug\Exceptions->errorHandler(2, 'Undefined array key "nip"', 'APPPATH\\Views\\admin\\dataguru\\lihat.php', 25)
 2 SYSTEMPATH\View\View.php(213): include('APPPATH\\Views\\admin\\dataguru\\lihat.php')
 3 SYSTEMPATH\View\View.php(216): CodeIgniter\View\View->CodeIgniter\View\{closure}()
 4 SYSTEMPATH\Common.php(1135): CodeIgniter\View\View->render('admin/dataguru/lihat', [], true)
 5 APPPATH\Controllers\GuruController.php(32): view('admin/dataguru/lihat', [...])
 6 SYSTEMPATH\CodeIgniter.php(925): App\Controllers\GuruController->lihat('3')
 7 SYSTEMPATH\CodeIgniter.php(480): CodeIgniter\CodeIgniter->runController(Object(App\Controllers\GuruController))
 8 SYSTEMPATH\CodeIgniter.php(349): CodeIgniter\CodeIgniter->handleRequest(null, Object(Config\Cache), false)
 9 FCPATH\index.php(67): CodeIgniter\CodeIgniter->run()
10 SYSTEMPATH\Commands\Server\rewrite.php(47): require_once('FCPATH\\index.php')
CRITICAL - 2023-01-30 07:22:06 --> Undefined array key "nip"
in APPPATH\Views\admin\dataguru\lihat.php on line 25.
 1 APPPATH\Views\admin\dataguru\lihat.php(25): CodeIgniter\Debug\Exceptions->errorHandler(2, 'Undefined array key "nip"', 'APPPATH\\Views\\admin\\dataguru\\lihat.php', 25)
 2 SYSTEMPATH\View\View.php(213): include('APPPATH\\Views\\admin\\dataguru\\lihat.php')
 3 SYSTEMPATH\View\View.php(216): CodeIgniter\View\View->CodeIgniter\View\{closure}()
 4 SYSTEMPATH\Common.php(1135): CodeIgniter\View\View->render('admin/dataguru/lihat', [], true)
 5 APPPATH\Controllers\GuruController.php(32): view('admin/dataguru/lihat', [...])
 6 SYSTEMPATH\CodeIgniter.php(925): App\Controllers\GuruController->lihat('3')
 7 SYSTEMPATH\CodeIgniter.php(480): CodeIgniter\CodeIgniter->runController(Object(App\Controllers\GuruController))
 8 SYSTEMPATH\CodeIgniter.php(349): CodeIgniter\CodeIgniter->handleRequest(null, Object(Config\Cache), false)
 9 FCPATH\index.php(67): CodeIgniter\CodeIgniter->run()
10 SYSTEMPATH\Commands\Server\rewrite.php(47): require_once('FCPATH\\index.php')
CRITICAL - 2023-01-30 07:28:04 --> Undefined array key "nip"
in APPPATH\Views\admin\dataguru\lihat.php on line 25.
 1 APPPATH\Views\admin\dataguru\lihat.php(25): CodeIgniter\Debug\Exceptions->errorHandler(2, 'Undefined array key "nip"', 'APPPATH\\Views\\admin\\dataguru\\lihat.php', 25)
 2 SYSTEMPATH\View\View.php(213): include('APPPATH\\Views\\admin\\dataguru\\lihat.php')
 3 SYSTEMPATH\View\View.php(216): CodeIgniter\View\View->CodeIgniter\View\{closure}()
 4 SYSTEMPATH\Common.php(1135): CodeIgniter\View\View->render('admin/dataguru/lihat', [], true)
 5 APPPATH\Controllers\GuruController.php(32): view('admin/dataguru/lihat', [...])
 6 SYSTEMPATH\CodeIgniter.php(925): App\Controllers\GuruController->lihat('3')
 7 SYSTEMPATH\CodeIgniter.php(480): CodeIgniter\CodeIgniter->runController(Object(App\Controllers\GuruController))
 8 SYSTEMPATH\CodeIgniter.php(349): CodeIgniter\CodeIgniter->handleRequest(null, Object(Config\Cache), false)
 9 FCPATH\index.php(67): CodeIgniter\CodeIgniter->run()
10 SYSTEMPATH\Commands\Server\rewrite.php(47): require_once('FCPATH\\index.php')
CRITICAL - 2023-01-30 08:40:59 --> Undefined array key "nip"
in APPPATH\Views\admin\dataguru\lihat.php on line 25.
 1 APPPATH\Views\admin\dataguru\lihat.php(25): CodeIgniter\Debug\Exceptions->errorHandler(2, 'Undefined array key "nip"', 'APPPATH\\Views\\admin\\dataguru\\lihat.php', 25)
 2 SYSTEMPATH\View\View.php(213): include('APPPATH\\Views\\admin\\dataguru\\lihat.php')
 3 SYSTEMPATH\View\View.php(216): CodeIgniter\View\View->CodeIgniter\View\{closure}()
 4 SYSTEMPATH\Common.php(1135): CodeIgniter\View\View->render('admin/dataguru/lihat', [], true)
 5 APPPATH\Controllers\GuruController.php(32): view('admin/dataguru/lihat', [...])
 6 SYSTEMPATH\CodeIgniter.php(925): App\Controllers\GuruController->lihat('3')
 7 SYSTEMPATH\CodeIgniter.php(480): CodeIgniter\CodeIgniter->runController(Object(App\Controllers\GuruController))
 8 SYSTEMPATH\CodeIgniter.php(349): CodeIgniter\CodeIgniter->handleRequest(null, Object(Config\Cache), false)
 9 FCPATH\index.php(67): CodeIgniter\CodeIgniter->run()
10 SYSTEMPATH\Commands\Server\rewrite.php(47): require_once('FCPATH\\index.php')
CRITICAL - 2023-01-30 08:54:26 --> Undefined array key "nip"
in APPPATH\Views\admin\dataguru\lihat.php on line 25.
 1 APPPATH\Views\admin\dataguru\lihat.php(25): CodeIgniter\Debug\Exceptions->errorHandler(2, 'Undefined array key "nip"', 'APPPATH\\Views\\admin\\dataguru\\lihat.php', 25)
 2 SYSTEMPATH\View\View.php(213): include('APPPATH\\Views\\admin\\dataguru\\lihat.php')
 3 SYSTEMPATH\View\View.php(216): CodeIgniter\View\View->CodeIgniter\View\{closure}()
 4 SYSTEMPATH\Common.php(1135): CodeIgniter\View\View->render('admin/dataguru/lihat', [], true)
 5 APPPATH\Controllers\GuruController.php(32): view('admin/dataguru/lihat', [...])
 6 SYSTEMPATH\CodeIgniter.php(925): App\Controllers\GuruController->lihat('3')
 7 SYSTEMPATH\CodeIgniter.php(480): CodeIgniter\CodeIgniter->runController(Object(App\Controllers\GuruController))
 8 SYSTEMPATH\CodeIgniter.php(349): CodeIgniter\CodeIgniter->handleRequest(null, Object(Config\Cache), false)
 9 FCPATH\index.php(67): CodeIgniter\CodeIgniter->run()
10 SYSTEMPATH\Commands\Server\rewrite.php(47): require_once('FCPATH\\index.php')
CRITICAL - 2023-01-30 09:08:35 --> Attempt to read property "id_jadwal" on array
in APPPATH\Views\admin\dataguru\edit.php on line 73.
 1 APPPATH\Views\admin\dataguru\edit.php(73): CodeIgniter\Debug\Exceptions->errorHandler(2, 'Attempt to read property "id_jadwal" on array', 'APPPATH\\Views\\admin\\dataguru\\edit.php', 73)
 2 SYSTEMPATH\View\View.php(213): include('APPPATH\\Views\\admin\\dataguru\\edit.php')
 3 SYSTEMPATH\View\View.php(216): CodeIgniter\View\View->CodeIgniter\View\{closure}()
 4 SYSTEMPATH\Common.php(1135): CodeIgniter\View\View->render('admin/dataguru/edit', [], true)
 5 APPPATH\Controllers\GuruController.php(129): view('admin/dataguru/edit', [...])
 6 SYSTEMPATH\CodeIgniter.php(925): App\Controllers\GuruController->edit('3')
 7 SYSTEMPATH\CodeIgniter.php(480): CodeIgniter\CodeIgniter->runController(Object(App\Controllers\GuruController))
 8 SYSTEMPATH\CodeIgniter.php(349): CodeIgniter\CodeIgniter->handleRequest(null, Object(Config\Cache), false)
 9 FCPATH\index.php(67): CodeIgniter\CodeIgniter->run()
10 SYSTEMPATH\Commands\Server\rewrite.php(47): require_once('FCPATH\\index.php')
