CRITICAL - 2023-06-01 22:04:39 --> Invalid file: .php
in SYSTEMPATH\Exceptions\FrameworkException.php on line 33.
 1 SYSTEMPATH\View\View.php(201): CodeIgniter\Exceptions\FrameworkException::forInvalidFile('.php')
 2 SYSTEMPATH\Common.php(1135): CodeIgniter\View\View->render('ROOTPATH\\public', [], true)
 3 APPPATH\Controllers\LaporanController.php(31): view('ROOTPATH\\public')
 4 SYSTEMPATH\CodeIgniter.php(925): App\Controllers\LaporanController->index()
 5 SYSTEMPATH\CodeIgniter.php(480): CodeIgniter\CodeIgniter->runController(Object(App\Controllers\LaporanController))
 6 SYSTEMPATH\CodeIgniter.php(349): CodeIgniter\CodeIgniter->handleRequest(null, Object(Config\Cache), false)
 7 FCPATH\index.php(67): CodeIgniter\CodeIgniter->run()
 8 SYSTEMPATH\Commands\Server\rewrite.php(47): require_once('FCPATH\\index.php')
ERROR - 2023-06-01 22:07:04 --> mysqli_sql_exception: You have an error in your SQL syntax; check the manual that corresponds to your MariaDB server version for the right syntax to use near 'IS NULL
AND `tanggal` < IS NULL
ORDER BY `id_kegiatan` DESC' at line 5 in D:\xampp\htdocs\buku_pantau_website\system\Database\MySQLi\Connection.php:292
Stack trace:
#0 D:\xampp\htdocs\buku_pantau_website\system\Database\MySQLi\Connection.php(292): mysqli->query('SELECT `laporan...', 0)
#1 D:\xampp\htdocs\buku_pantau_website\system\Database\BaseConnection.php(666): CodeIgniter\Database\MySQLi\Connection->execute('SELECT `laporan...')
#2 D:\xampp\htdocs\buku_pantau_website\system\Database\BaseConnection.php(593): CodeIgniter\Database\BaseConnection->simpleQuery('SELECT `laporan...')
#3 D:\xampp\htdocs\buku_pantau_website\system\Database\BaseBuilder.php(1585): CodeIgniter\Database\BaseConnection->query('SELECT `laporan...', Array, false)
#4 D:\xampp\htdocs\buku_pantau_website\app\Models\Laporan.php(23): CodeIgniter\Database\BaseBuilder->get()
#5 D:\xampp\htdocs\buku_pantau_website\app\Controllers\LaporanController.php(45): App\Models\Laporan->getLaporan(NULL, NULL)
#6 D:\xampp\htdocs\buku_pantau_website\system\CodeIgniter.php(925): App\Controllers\LaporanController->export()
#7 D:\xampp\htdocs\buku_pantau_website\system\CodeIgniter.php(480): CodeIgniter\CodeIgniter->runController(Object(App\Controllers\LaporanController))
#8 D:\xampp\htdocs\buku_pantau_website\system\CodeIgniter.php(349): CodeIgniter\CodeIgniter->handleRequest(NULL, Object(Config\Cache), false)
#9 D:\xampp\htdocs\buku_pantau_website\public\index.php(67): CodeIgniter\CodeIgniter->run()
#10 D:\xampp\htdocs\buku_pantau_website\system\Commands\Server\rewrite.php(47): require_once('D:\\xampp\\htdocs...')
#11 {main}
CRITICAL - 2023-06-01 22:07:04 --> You have an error in your SQL syntax; check the manual that corresponds to your MariaDB server version for the right syntax to use near 'IS NULL
AND `tanggal` < IS NULL
ORDER BY `id_kegiatan` DESC' at line 5
in SYSTEMPATH\Database\MySQLi\Connection.php on line 292.
 1 SYSTEMPATH\Database\MySQLi\Connection.php(292): mysqli->query('SELECT `laporan_kegiatan`.*, `guru`.`nama_guru` AS `nama_guru`, `jadwal`.`hari` AS `hari`
FROM `kegiatan`
LEFT JOIN `guru` ON `guru`.`id_guru` = `kegiatan`.`id_guru`
LEFT JOIN `jadwal` ON `jadwal`.`id_jadwal` = `kegiatan`.`id_jadwal`
WHERE `tanggal` > IS NULL
AND `tanggal` < IS NULL
ORDER BY `id_kegiatan` DESC', 0)
 2 SYSTEMPATH\Database\BaseConnection.php(666): CodeIgniter\Database\MySQLi\Connection->execute('SELECT `laporan_kegiatan`.*, `guru`.`nama_guru` AS `nama_guru`, `jadwal`.`hari` AS `hari`
FROM `kegiatan`
LEFT JOIN `guru` ON `guru`.`id_guru` = `kegiatan`.`id_guru`
LEFT JOIN `jadwal` ON `jadwal`.`id_jadwal` = `kegiatan`.`id_jadwal`
WHERE `tanggal` > IS NULL
AND `tanggal` < IS NULL
ORDER BY `id_kegiatan` DESC')
 3 SYSTEMPATH\Database\BaseConnection.php(593): CodeIgniter\Database\BaseConnection->simpleQuery('SELECT `laporan_kegiatan`.*, `guru`.`nama_guru` AS `nama_guru`, `jadwal`.`hari` AS `hari`
FROM `kegiatan`
LEFT JOIN `guru` ON `guru`.`id_guru` = `kegiatan`.`id_guru`
LEFT JOIN `jadwal` ON `jadwal`.`id_jadwal` = `kegiatan`.`id_jadwal`
WHERE `tanggal` > IS NULL
AND `tanggal` < IS NULL
ORDER BY `id_kegiatan` DESC')
 4 SYSTEMPATH\Database\BaseBuilder.php(1585): CodeIgniter\Database\BaseConnection->query('SELECT `laporan_kegiatan`.*, `guru`.`nama_guru` AS `nama_guru`, `jadwal`.`hari` AS `hari`
FROM `kegiatan`
LEFT JOIN `guru` ON `guru`.`id_guru` = `kegiatan`.`id_guru`
LEFT JOIN `jadwal` ON `jadwal`.`id_jadwal` = `kegiatan`.`id_jadwal`
WHERE `tanggal` > IS NULL
AND `tanggal` < IS NULL
ORDER BY `id_kegiatan` DESC', [], false)
 5 APPPATH\Models\Laporan.php(23): CodeIgniter\Database\BaseBuilder->get()
 6 APPPATH\Controllers\LaporanController.php(45): App\Models\Laporan->getLaporan(null, null)
 7 SYSTEMPATH\CodeIgniter.php(925): App\Controllers\LaporanController->export()
 8 SYSTEMPATH\CodeIgniter.php(480): CodeIgniter\CodeIgniter->runController(Object(App\Controllers\LaporanController))
 9 SYSTEMPATH\CodeIgniter.php(349): CodeIgniter\CodeIgniter->handleRequest(null, Object(Config\Cache), false)
10 FCPATH\index.php(67): CodeIgniter\CodeIgniter->run()
11 SYSTEMPATH\Commands\Server\rewrite.php(47): require_once('FCPATH\\index.php')
ERROR - 2023-06-01 22:11:27 --> mysqli_sql_exception: You have an error in your SQL syntax; check the manual that corresponds to your MariaDB server version for the right syntax to use near 'IS NULL
AND `tanggal` < IS NULL
AND `tanggal` IS NOT NULL
ORDER BY `id_kegiat...' at line 5 in D:\xampp\htdocs\buku_pantau_website\system\Database\MySQLi\Connection.php:292
Stack trace:
#0 D:\xampp\htdocs\buku_pantau_website\system\Database\MySQLi\Connection.php(292): mysqli->query('SELECT `laporan...', 0)
#1 D:\xampp\htdocs\buku_pantau_website\system\Database\BaseConnection.php(666): CodeIgniter\Database\MySQLi\Connection->execute('SELECT `laporan...')
#2 D:\xampp\htdocs\buku_pantau_website\system\Database\BaseConnection.php(593): CodeIgniter\Database\BaseConnection->simpleQuery('SELECT `laporan...')
#3 D:\xampp\htdocs\buku_pantau_website\system\Database\BaseBuilder.php(1585): CodeIgniter\Database\BaseConnection->query('SELECT `laporan...', Array, false)
#4 D:\xampp\htdocs\buku_pantau_website\app\Models\Laporan.php(24): CodeIgniter\Database\BaseBuilder->get()
#5 D:\xampp\htdocs\buku_pantau_website\app\Controllers\LaporanController.php(45): App\Models\Laporan->getLaporan(NULL, NULL)
#6 D:\xampp\htdocs\buku_pantau_website\system\CodeIgniter.php(925): App\Controllers\LaporanController->export()
#7 D:\xampp\htdocs\buku_pantau_website\system\CodeIgniter.php(480): CodeIgniter\CodeIgniter->runController(Object(App\Controllers\LaporanController))
#8 D:\xampp\htdocs\buku_pantau_website\system\CodeIgniter.php(349): CodeIgniter\CodeIgniter->handleRequest(NULL, Object(Config\Cache), false)
#9 D:\xampp\htdocs\buku_pantau_website\public\index.php(67): CodeIgniter\CodeIgniter->run()
#10 D:\xampp\htdocs\buku_pantau_website\system\Commands\Server\rewrite.php(47): require_once('D:\\xampp\\htdocs...')
#11 {main}
CRITICAL - 2023-06-01 22:11:28 --> You have an error in your SQL syntax; check the manual that corresponds to your MariaDB server version for the right syntax to use near 'IS NULL
AND `tanggal` < IS NULL
AND `tanggal` IS NOT NULL
ORDER BY `id_kegiat...' at line 5
in SYSTEMPATH\Database\MySQLi\Connection.php on line 292.
 1 SYSTEMPATH\Database\MySQLi\Connection.php(292): mysqli->query('SELECT `laporan_kegiatan`.*, `guru`.`nama_guru` AS `nama_guru`, `jadwal`.`hari` AS `hari`
FROM `kegiatan`
LEFT JOIN `guru` ON `guru`.`id_guru` = `kegiatan`.`id_guru`
LEFT JOIN `jadwal` ON `jadwal`.`id_jadwal` = `kegiatan`.`id_jadwal`
WHERE `tanggal` > IS NULL
AND `tanggal` < IS NULL
AND `tanggal` IS NOT NULL
ORDER BY `id_kegiatan` DESC', 0)
 2 SYSTEMPATH\Database\BaseConnection.php(666): CodeIgniter\Database\MySQLi\Connection->execute('SELECT `laporan_kegiatan`.*, `guru`.`nama_guru` AS `nama_guru`, `jadwal`.`hari` AS `hari`
FROM `kegiatan`
LEFT JOIN `guru` ON `guru`.`id_guru` = `kegiatan`.`id_guru`
LEFT JOIN `jadwal` ON `jadwal`.`id_jadwal` = `kegiatan`.`id_jadwal`
WHERE `tanggal` > IS NULL
AND `tanggal` < IS NULL
AND `tanggal` IS NOT NULL
ORDER BY `id_kegiatan` DESC')
 3 SYSTEMPATH\Database\BaseConnection.php(593): CodeIgniter\Database\BaseConnection->simpleQuery('SELECT `laporan_kegiatan`.*, `guru`.`nama_guru` AS `nama_guru`, `jadwal`.`hari` AS `hari`
FROM `kegiatan`
LEFT JOIN `guru` ON `guru`.`id_guru` = `kegiatan`.`id_guru`
LEFT JOIN `jadwal` ON `jadwal`.`id_jadwal` = `kegiatan`.`id_jadwal`
WHERE `tanggal` > IS NULL
AND `tanggal` < IS NULL
AND `tanggal` IS NOT NULL
ORDER BY `id_kegiatan` DESC')
 4 SYSTEMPATH\Database\BaseBuilder.php(1585): CodeIgniter\Database\BaseConnection->query('SELECT `laporan_kegiatan`.*, `guru`.`nama_guru` AS `nama_guru`, `jadwal`.`hari` AS `hari`
FROM `kegiatan`
LEFT JOIN `guru` ON `guru`.`id_guru` = `kegiatan`.`id_guru`
LEFT JOIN `jadwal` ON `jadwal`.`id_jadwal` = `kegiatan`.`id_jadwal`
WHERE `tanggal` > IS NULL
AND `tanggal` < IS NULL
AND `tanggal` IS NOT NULL
ORDER BY `id_kegiatan` DESC', [], false)
 5 APPPATH\Models\Laporan.php(24): CodeIgniter\Database\BaseBuilder->get()
 6 APPPATH\Controllers\LaporanController.php(45): App\Models\Laporan->getLaporan(null, null)
 7 SYSTEMPATH\CodeIgniter.php(925): App\Controllers\LaporanController->export()
 8 SYSTEMPATH\CodeIgniter.php(480): CodeIgniter\CodeIgniter->runController(Object(App\Controllers\LaporanController))
 9 SYSTEMPATH\CodeIgniter.php(349): CodeIgniter\CodeIgniter->handleRequest(null, Object(Config\Cache), false)
10 FCPATH\index.php(67): CodeIgniter\CodeIgniter->run()
11 SYSTEMPATH\Commands\Server\rewrite.php(47): require_once('FCPATH\\index.php')
ERROR - 2023-06-01 22:12:25 --> mysqli_sql_exception: You have an error in your SQL syntax; check the manual that corresponds to your MariaDB server version for the right syntax to use near 'IS NULL
OR `tanggal` < IS NULL
AND `tanggal` IS NOT NULL
ORDER BY `id_kegiata...' at line 5 in D:\xampp\htdocs\buku_pantau_website\system\Database\MySQLi\Connection.php:292
Stack trace:
#0 D:\xampp\htdocs\buku_pantau_website\system\Database\MySQLi\Connection.php(292): mysqli->query('SELECT `laporan...', 0)
#1 D:\xampp\htdocs\buku_pantau_website\system\Database\BaseConnection.php(666): CodeIgniter\Database\MySQLi\Connection->execute('SELECT `laporan...')
#2 D:\xampp\htdocs\buku_pantau_website\system\Database\BaseConnection.php(593): CodeIgniter\Database\BaseConnection->simpleQuery('SELECT `laporan...')
#3 D:\xampp\htdocs\buku_pantau_website\system\Database\BaseBuilder.php(1585): CodeIgniter\Database\BaseConnection->query('SELECT `laporan...', Array, false)
#4 D:\xampp\htdocs\buku_pantau_website\app\Models\Laporan.php(24): CodeIgniter\Database\BaseBuilder->get()
#5 D:\xampp\htdocs\buku_pantau_website\app\Controllers\LaporanController.php(45): App\Models\Laporan->getLaporan(NULL, NULL)
#6 D:\xampp\htdocs\buku_pantau_website\system\CodeIgniter.php(925): App\Controllers\LaporanController->export()
#7 D:\xampp\htdocs\buku_pantau_website\system\CodeIgniter.php(480): CodeIgniter\CodeIgniter->runController(Object(App\Controllers\LaporanController))
#8 D:\xampp\htdocs\buku_pantau_website\system\CodeIgniter.php(349): CodeIgniter\CodeIgniter->handleRequest(NULL, Object(Config\Cache), false)
#9 D:\xampp\htdocs\buku_pantau_website\public\index.php(67): CodeIgniter\CodeIgniter->run()
#10 D:\xampp\htdocs\buku_pantau_website\system\Commands\Server\rewrite.php(47): require_once('D:\\xampp\\htdocs...')
#11 {main}
CRITICAL - 2023-06-01 22:12:25 --> You have an error in your SQL syntax; check the manual that corresponds to your MariaDB server version for the right syntax to use near 'IS NULL
OR `tanggal` < IS NULL
AND `tanggal` IS NOT NULL
ORDER BY `id_kegiata...' at line 5
in SYSTEMPATH\Database\MySQLi\Connection.php on line 292.
 1 SYSTEMPATH\Database\MySQLi\Connection.php(292): mysqli->query('SELECT `laporan_kegiatan`.*, `guru`.`nama_guru` AS `nama_guru`, `jadwal`.`hari` AS `hari`
FROM `kegiatan`
LEFT JOIN `guru` ON `guru`.`id_guru` = `kegiatan`.`id_guru`
LEFT JOIN `jadwal` ON `jadwal`.`id_jadwal` = `kegiatan`.`id_jadwal`
WHERE `tanggal` > IS NULL
OR `tanggal` < IS NULL
AND `tanggal` IS NOT NULL
ORDER BY `id_kegiatan` DESC', 0)
 2 SYSTEMPATH\Database\BaseConnection.php(666): CodeIgniter\Database\MySQLi\Connection->execute('SELECT `laporan_kegiatan`.*, `guru`.`nama_guru` AS `nama_guru`, `jadwal`.`hari` AS `hari`
FROM `kegiatan`
LEFT JOIN `guru` ON `guru`.`id_guru` = `kegiatan`.`id_guru`
LEFT JOIN `jadwal` ON `jadwal`.`id_jadwal` = `kegiatan`.`id_jadwal`
WHERE `tanggal` > IS NULL
OR `tanggal` < IS NULL
AND `tanggal` IS NOT NULL
ORDER BY `id_kegiatan` DESC')
 3 SYSTEMPATH\Database\BaseConnection.php(593): CodeIgniter\Database\BaseConnection->simpleQuery('SELECT `laporan_kegiatan`.*, `guru`.`nama_guru` AS `nama_guru`, `jadwal`.`hari` AS `hari`
FROM `kegiatan`
LEFT JOIN `guru` ON `guru`.`id_guru` = `kegiatan`.`id_guru`
LEFT JOIN `jadwal` ON `jadwal`.`id_jadwal` = `kegiatan`.`id_jadwal`
WHERE `tanggal` > IS NULL
OR `tanggal` < IS NULL
AND `tanggal` IS NOT NULL
ORDER BY `id_kegiatan` DESC')
 4 SYSTEMPATH\Database\BaseBuilder.php(1585): CodeIgniter\Database\BaseConnection->query('SELECT `laporan_kegiatan`.*, `guru`.`nama_guru` AS `nama_guru`, `jadwal`.`hari` AS `hari`
FROM `kegiatan`
LEFT JOIN `guru` ON `guru`.`id_guru` = `kegiatan`.`id_guru`
LEFT JOIN `jadwal` ON `jadwal`.`id_jadwal` = `kegiatan`.`id_jadwal`
WHERE `tanggal` > IS NULL
OR `tanggal` < IS NULL
AND `tanggal` IS NOT NULL
ORDER BY `id_kegiatan` DESC', [], false)
 5 APPPATH\Models\Laporan.php(24): CodeIgniter\Database\BaseBuilder->get()
 6 APPPATH\Controllers\LaporanController.php(45): App\Models\Laporan->getLaporan(null, null)
 7 SYSTEMPATH\CodeIgniter.php(925): App\Controllers\LaporanController->export()
 8 SYSTEMPATH\CodeIgniter.php(480): CodeIgniter\CodeIgniter->runController(Object(App\Controllers\LaporanController))
 9 SYSTEMPATH\CodeIgniter.php(349): CodeIgniter\CodeIgniter->handleRequest(null, Object(Config\Cache), false)
10 FCPATH\index.php(67): CodeIgniter\CodeIgniter->run()
11 SYSTEMPATH\Commands\Server\rewrite.php(47): require_once('FCPATH\\index.php')
ERROR - 2023-06-01 22:16:01 --> mysqli_sql_exception: You have an error in your SQL syntax; check the manual that corresponds to your MariaDB server version for the right syntax to use near 'IS NULL
AND `tanggal` < IS NULL
AND `tanggal` IS NOT NULL
ORDER BY `id_kegiat...' at line 5 in D:\xampp\htdocs\buku_pantau_website\system\Database\MySQLi\Connection.php:292
Stack trace:
#0 D:\xampp\htdocs\buku_pantau_website\system\Database\MySQLi\Connection.php(292): mysqli->query('SELECT `laporan...', 0)
#1 D:\xampp\htdocs\buku_pantau_website\system\Database\BaseConnection.php(666): CodeIgniter\Database\MySQLi\Connection->execute('SELECT `laporan...')
#2 D:\xampp\htdocs\buku_pantau_website\system\Database\BaseConnection.php(593): CodeIgniter\Database\BaseConnection->simpleQuery('SELECT `laporan...')
#3 D:\xampp\htdocs\buku_pantau_website\system\Database\BaseBuilder.php(1585): CodeIgniter\Database\BaseConnection->query('SELECT `laporan...', Array, false)
#4 D:\xampp\htdocs\buku_pantau_website\app\Models\Laporan.php(24): CodeIgniter\Database\BaseBuilder->get()
#5 D:\xampp\htdocs\buku_pantau_website\app\Controllers\LaporanController.php(45): App\Models\Laporan->getLaporan(NULL, NULL)
#6 D:\xampp\htdocs\buku_pantau_website\system\CodeIgniter.php(925): App\Controllers\LaporanController->export()
#7 D:\xampp\htdocs\buku_pantau_website\system\CodeIgniter.php(480): CodeIgniter\CodeIgniter->runController(Object(App\Controllers\LaporanController))
#8 D:\xampp\htdocs\buku_pantau_website\system\CodeIgniter.php(349): CodeIgniter\CodeIgniter->handleRequest(NULL, Object(Config\Cache), false)
#9 D:\xampp\htdocs\buku_pantau_website\public\index.php(67): CodeIgniter\CodeIgniter->run()
#10 D:\xampp\htdocs\buku_pantau_website\system\Commands\Server\rewrite.php(47): require_once('D:\\xampp\\htdocs...')
#11 {main}
CRITICAL - 2023-06-01 22:16:01 --> You have an error in your SQL syntax; check the manual that corresponds to your MariaDB server version for the right syntax to use near 'IS NULL
AND `tanggal` < IS NULL
AND `tanggal` IS NOT NULL
ORDER BY `id_kegiat...' at line 5
in SYSTEMPATH\Database\MySQLi\Connection.php on line 292.
 1 SYSTEMPATH\Database\MySQLi\Connection.php(292): mysqli->query('SELECT `laporan_kegiatan`.*, `guru`.`nama_guru` AS `nama_guru`, `jadwal`.`hari` AS `hari`
FROM `kegiatan`
LEFT JOIN `guru` ON `guru`.`id_guru` = `kegiatan`.`id_guru`
LEFT JOIN `jadwal` ON `jadwal`.`id_jadwal` = `kegiatan`.`id_jadwal`
WHERE `tanggal` > IS NULL
AND `tanggal` < IS NULL
AND `tanggal` IS NOT NULL
ORDER BY `id_kegiatan` DESC', 0)
 2 SYSTEMPATH\Database\BaseConnection.php(666): CodeIgniter\Database\MySQLi\Connection->execute('SELECT `laporan_kegiatan`.*, `guru`.`nama_guru` AS `nama_guru`, `jadwal`.`hari` AS `hari`
FROM `kegiatan`
LEFT JOIN `guru` ON `guru`.`id_guru` = `kegiatan`.`id_guru`
LEFT JOIN `jadwal` ON `jadwal`.`id_jadwal` = `kegiatan`.`id_jadwal`
WHERE `tanggal` > IS NULL
AND `tanggal` < IS NULL
AND `tanggal` IS NOT NULL
ORDER BY `id_kegiatan` DESC')
 3 SYSTEMPATH\Database\BaseConnection.php(593): CodeIgniter\Database\BaseConnection->simpleQuery('SELECT `laporan_kegiatan`.*, `guru`.`nama_guru` AS `nama_guru`, `jadwal`.`hari` AS `hari`
FROM `kegiatan`
LEFT JOIN `guru` ON `guru`.`id_guru` = `kegiatan`.`id_guru`
LEFT JOIN `jadwal` ON `jadwal`.`id_jadwal` = `kegiatan`.`id_jadwal`
WHERE `tanggal` > IS NULL
AND `tanggal` < IS NULL
AND `tanggal` IS NOT NULL
ORDER BY `id_kegiatan` DESC')
 4 SYSTEMPATH\Database\BaseBuilder.php(1585): CodeIgniter\Database\BaseConnection->query('SELECT `laporan_kegiatan`.*, `guru`.`nama_guru` AS `nama_guru`, `jadwal`.`hari` AS `hari`
FROM `kegiatan`
LEFT JOIN `guru` ON `guru`.`id_guru` = `kegiatan`.`id_guru`
LEFT JOIN `jadwal` ON `jadwal`.`id_jadwal` = `kegiatan`.`id_jadwal`
WHERE `tanggal` > IS NULL
AND `tanggal` < IS NULL
AND `tanggal` IS NOT NULL
ORDER BY `id_kegiatan` DESC', [], false)
 5 APPPATH\Models\Laporan.php(24): CodeIgniter\Database\BaseBuilder->get()
 6 APPPATH\Controllers\LaporanController.php(45): App\Models\Laporan->getLaporan(null, null)
 7 SYSTEMPATH\CodeIgniter.php(925): App\Controllers\LaporanController->export()
 8 SYSTEMPATH\CodeIgniter.php(480): CodeIgniter\CodeIgniter->runController(Object(App\Controllers\LaporanController))
 9 SYSTEMPATH\CodeIgniter.php(349): CodeIgniter\CodeIgniter->handleRequest(null, Object(Config\Cache), false)
10 FCPATH\index.php(67): CodeIgniter\CodeIgniter->run()
11 SYSTEMPATH\Commands\Server\rewrite.php(47): require_once('FCPATH\\index.php')
ERROR - 2023-06-01 22:16:42 --> mysqli_sql_exception: You have an error in your SQL syntax; check the manual that corresponds to your MariaDB server version for the right syntax to use near 'IS NULL
AND `tanggal` < IS NULL
AND tanggal IS NOT NULL
ORDER BY `id_kegiatan...' at line 5 in D:\xampp\htdocs\buku_pantau_website\system\Database\MySQLi\Connection.php:292
Stack trace:
#0 D:\xampp\htdocs\buku_pantau_website\system\Database\MySQLi\Connection.php(292): mysqli->query('SELECT `laporan...', 0)
#1 D:\xampp\htdocs\buku_pantau_website\system\Database\BaseConnection.php(666): CodeIgniter\Database\MySQLi\Connection->execute('SELECT `laporan...')
#2 D:\xampp\htdocs\buku_pantau_website\system\Database\BaseConnection.php(593): CodeIgniter\Database\BaseConnection->simpleQuery('SELECT `laporan...')
#3 D:\xampp\htdocs\buku_pantau_website\system\Database\BaseBuilder.php(1585): CodeIgniter\Database\BaseConnection->query('SELECT `laporan...', Array, false)
#4 D:\xampp\htdocs\buku_pantau_website\app\Models\Laporan.php(24): CodeIgniter\Database\BaseBuilder->get()
#5 D:\xampp\htdocs\buku_pantau_website\app\Controllers\LaporanController.php(45): App\Models\Laporan->getLaporan(NULL, NULL)
#6 D:\xampp\htdocs\buku_pantau_website\system\CodeIgniter.php(925): App\Controllers\LaporanController->export()
#7 D:\xampp\htdocs\buku_pantau_website\system\CodeIgniter.php(480): CodeIgniter\CodeIgniter->runController(Object(App\Controllers\LaporanController))
#8 D:\xampp\htdocs\buku_pantau_website\system\CodeIgniter.php(349): CodeIgniter\CodeIgniter->handleRequest(NULL, Object(Config\Cache), false)
#9 D:\xampp\htdocs\buku_pantau_website\public\index.php(67): CodeIgniter\CodeIgniter->run()
#10 D:\xampp\htdocs\buku_pantau_website\system\Commands\Server\rewrite.php(47): require_once('D:\\xampp\\htdocs...')
#11 {main}
CRITICAL - 2023-06-01 22:16:42 --> You have an error in your SQL syntax; check the manual that corresponds to your MariaDB server version for the right syntax to use near 'IS NULL
AND `tanggal` < IS NULL
AND tanggal IS NOT NULL
ORDER BY `id_kegiatan...' at line 5
in SYSTEMPATH\Database\MySQLi\Connection.php on line 292.
 1 SYSTEMPATH\Database\MySQLi\Connection.php(292): mysqli->query('SELECT `laporan_kegiatan`.*, `guru`.`nama_guru` AS `nama_guru`, `jadwal`.`hari` AS `hari`
FROM `kegiatan`
LEFT JOIN `guru` ON `guru`.`id_guru` = `kegiatan`.`id_guru`
LEFT JOIN `jadwal` ON `jadwal`.`id_jadwal` = `kegiatan`.`id_jadwal`
WHERE `tanggal` > IS NULL
AND `tanggal` < IS NULL
AND tanggal IS NOT NULL
ORDER BY `id_kegiatan` DESC', 0)
 2 SYSTEMPATH\Database\BaseConnection.php(666): CodeIgniter\Database\MySQLi\Connection->execute('SELECT `laporan_kegiatan`.*, `guru`.`nama_guru` AS `nama_guru`, `jadwal`.`hari` AS `hari`
FROM `kegiatan`
LEFT JOIN `guru` ON `guru`.`id_guru` = `kegiatan`.`id_guru`
LEFT JOIN `jadwal` ON `jadwal`.`id_jadwal` = `kegiatan`.`id_jadwal`
WHERE `tanggal` > IS NULL
AND `tanggal` < IS NULL
AND tanggal IS NOT NULL
ORDER BY `id_kegiatan` DESC')
 3 SYSTEMPATH\Database\BaseConnection.php(593): CodeIgniter\Database\BaseConnection->simpleQuery('SELECT `laporan_kegiatan`.*, `guru`.`nama_guru` AS `nama_guru`, `jadwal`.`hari` AS `hari`
FROM `kegiatan`
LEFT JOIN `guru` ON `guru`.`id_guru` = `kegiatan`.`id_guru`
LEFT JOIN `jadwal` ON `jadwal`.`id_jadwal` = `kegiatan`.`id_jadwal`
WHERE `tanggal` > IS NULL
AND `tanggal` < IS NULL
AND tanggal IS NOT NULL
ORDER BY `id_kegiatan` DESC')
 4 SYSTEMPATH\Database\BaseBuilder.php(1585): CodeIgniter\Database\BaseConnection->query('SELECT `laporan_kegiatan`.*, `guru`.`nama_guru` AS `nama_guru`, `jadwal`.`hari` AS `hari`
FROM `kegiatan`
LEFT JOIN `guru` ON `guru`.`id_guru` = `kegiatan`.`id_guru`
LEFT JOIN `jadwal` ON `jadwal`.`id_jadwal` = `kegiatan`.`id_jadwal`
WHERE `tanggal` > IS NULL
AND `tanggal` < IS NULL
AND tanggal IS NOT NULL
ORDER BY `id_kegiatan` DESC', [], false)
 5 APPPATH\Models\Laporan.php(24): CodeIgniter\Database\BaseBuilder->get()
 6 APPPATH\Controllers\LaporanController.php(45): App\Models\Laporan->getLaporan(null, null)
 7 SYSTEMPATH\CodeIgniter.php(925): App\Controllers\LaporanController->export()
 8 SYSTEMPATH\CodeIgniter.php(480): CodeIgniter\CodeIgniter->runController(Object(App\Controllers\LaporanController))
 9 SYSTEMPATH\CodeIgniter.php(349): CodeIgniter\CodeIgniter->handleRequest(null, Object(Config\Cache), false)
10 FCPATH\index.php(67): CodeIgniter\CodeIgniter->run()
11 SYSTEMPATH\Commands\Server\rewrite.php(47): require_once('FCPATH\\index.php')
ERROR - 2023-06-01 22:16:51 --> mysqli_sql_exception: You have an error in your SQL syntax; check the manual that corresponds to your MariaDB server version for the right syntax to use near 'IS NULL
AND `tanggal` < IS NULL
AND tanggal IS NOT NULL
ORDER BY `id_kegiatan...' at line 5 in D:\xampp\htdocs\buku_pantau_website\system\Database\MySQLi\Connection.php:292
Stack trace:
#0 D:\xampp\htdocs\buku_pantau_website\system\Database\MySQLi\Connection.php(292): mysqli->query('SELECT `laporan...', 0)
#1 D:\xampp\htdocs\buku_pantau_website\system\Database\BaseConnection.php(666): CodeIgniter\Database\MySQLi\Connection->execute('SELECT `laporan...')
#2 D:\xampp\htdocs\buku_pantau_website\system\Database\BaseConnection.php(593): CodeIgniter\Database\BaseConnection->simpleQuery('SELECT `laporan...')
#3 D:\xampp\htdocs\buku_pantau_website\system\Database\BaseBuilder.php(1585): CodeIgniter\Database\BaseConnection->query('SELECT `laporan...', Array, false)
#4 D:\xampp\htdocs\buku_pantau_website\app\Models\Laporan.php(24): CodeIgniter\Database\BaseBuilder->get()
#5 D:\xampp\htdocs\buku_pantau_website\app\Controllers\LaporanController.php(45): App\Models\Laporan->getLaporan(NULL, NULL)
#6 D:\xampp\htdocs\buku_pantau_website\system\CodeIgniter.php(925): App\Controllers\LaporanController->export()
#7 D:\xampp\htdocs\buku_pantau_website\system\CodeIgniter.php(480): CodeIgniter\CodeIgniter->runController(Object(App\Controllers\LaporanController))
#8 D:\xampp\htdocs\buku_pantau_website\system\CodeIgniter.php(349): CodeIgniter\CodeIgniter->handleRequest(NULL, Object(Config\Cache), false)
#9 D:\xampp\htdocs\buku_pantau_website\public\index.php(67): CodeIgniter\CodeIgniter->run()
#10 D:\xampp\htdocs\buku_pantau_website\system\Commands\Server\rewrite.php(47): require_once('D:\\xampp\\htdocs...')
#11 {main}
CRITICAL - 2023-06-01 22:16:51 --> You have an error in your SQL syntax; check the manual that corresponds to your MariaDB server version for the right syntax to use near 'IS NULL
AND `tanggal` < IS NULL
AND tanggal IS NOT NULL
ORDER BY `id_kegiatan...' at line 5
in SYSTEMPATH\Database\MySQLi\Connection.php on line 292.
 1 SYSTEMPATH\Database\MySQLi\Connection.php(292): mysqli->query('SELECT `laporan_kegiatan`.*, `guru`.`nama_guru` AS `nama_guru`, `jadwal`.`hari` AS `hari`
FROM `kegiatan`
LEFT JOIN `guru` ON `guru`.`id_guru` = `kegiatan`.`id_guru`
LEFT JOIN `jadwal` ON `jadwal`.`id_jadwal` = `kegiatan`.`id_jadwal`
WHERE `tanggal` > IS NULL
AND `tanggal` < IS NULL
AND tanggal IS NOT NULL
ORDER BY `id_kegiatan` DESC', 0)
 2 SYSTEMPATH\Database\BaseConnection.php(666): CodeIgniter\Database\MySQLi\Connection->execute('SELECT `laporan_kegiatan`.*, `guru`.`nama_guru` AS `nama_guru`, `jadwal`.`hari` AS `hari`
FROM `kegiatan`
LEFT JOIN `guru` ON `guru`.`id_guru` = `kegiatan`.`id_guru`
LEFT JOIN `jadwal` ON `jadwal`.`id_jadwal` = `kegiatan`.`id_jadwal`
WHERE `tanggal` > IS NULL
AND `tanggal` < IS NULL
AND tanggal IS NOT NULL
ORDER BY `id_kegiatan` DESC')
 3 SYSTEMPATH\Database\BaseConnection.php(593): CodeIgniter\Database\BaseConnection->simpleQuery('SELECT `laporan_kegiatan`.*, `guru`.`nama_guru` AS `nama_guru`, `jadwal`.`hari` AS `hari`
FROM `kegiatan`
LEFT JOIN `guru` ON `guru`.`id_guru` = `kegiatan`.`id_guru`
LEFT JOIN `jadwal` ON `jadwal`.`id_jadwal` = `kegiatan`.`id_jadwal`
WHERE `tanggal` > IS NULL
AND `tanggal` < IS NULL
AND tanggal IS NOT NULL
ORDER BY `id_kegiatan` DESC')
 4 SYSTEMPATH\Database\BaseBuilder.php(1585): CodeIgniter\Database\BaseConnection->query('SELECT `laporan_kegiatan`.*, `guru`.`nama_guru` AS `nama_guru`, `jadwal`.`hari` AS `hari`
FROM `kegiatan`
LEFT JOIN `guru` ON `guru`.`id_guru` = `kegiatan`.`id_guru`
LEFT JOIN `jadwal` ON `jadwal`.`id_jadwal` = `kegiatan`.`id_jadwal`
WHERE `tanggal` > IS NULL
AND `tanggal` < IS NULL
AND tanggal IS NOT NULL
ORDER BY `id_kegiatan` DESC', [], false)
 5 APPPATH\Models\Laporan.php(24): CodeIgniter\Database\BaseBuilder->get()
 6 APPPATH\Controllers\LaporanController.php(45): App\Models\Laporan->getLaporan(null, null)
 7 SYSTEMPATH\CodeIgniter.php(925): App\Controllers\LaporanController->export()
 8 SYSTEMPATH\CodeIgniter.php(480): CodeIgniter\CodeIgniter->runController(Object(App\Controllers\LaporanController))
 9 SYSTEMPATH\CodeIgniter.php(349): CodeIgniter\CodeIgniter->handleRequest(null, Object(Config\Cache), false)
10 FCPATH\index.php(67): CodeIgniter\CodeIgniter->run()
11 SYSTEMPATH\Commands\Server\rewrite.php(47): require_once('FCPATH\\index.php')
ERROR - 2023-06-01 22:20:19 --> mysqli_sql_exception: You have an error in your SQL syntax; check the manual that corresponds to your MariaDB server version for the right syntax to use near 'IS NULL
AND `tanggal` < IS NULL
AND tanggal IS NOT NULL
ORDER BY `id_kegiatan...' at line 5 in D:\xampp\htdocs\buku_pantau_website\system\Database\MySQLi\Connection.php:292
Stack trace:
#0 D:\xampp\htdocs\buku_pantau_website\system\Database\MySQLi\Connection.php(292): mysqli->query('SELECT `kegiata...', 0)
#1 D:\xampp\htdocs\buku_pantau_website\system\Database\BaseConnection.php(666): CodeIgniter\Database\MySQLi\Connection->execute('SELECT `kegiata...')
#2 D:\xampp\htdocs\buku_pantau_website\system\Database\BaseConnection.php(593): CodeIgniter\Database\BaseConnection->simpleQuery('SELECT `kegiata...')
#3 D:\xampp\htdocs\buku_pantau_website\system\Database\BaseBuilder.php(1585): CodeIgniter\Database\BaseConnection->query('SELECT `kegiata...', Array, false)
#4 D:\xampp\htdocs\buku_pantau_website\system\Model.php(805): CodeIgniter\Database\BaseBuilder->get()
#5 D:\xampp\htdocs\buku_pantau_website\app\Models\Laporan.php(24): CodeIgniter\Model->__call('get', Array)
#6 D:\xampp\htdocs\buku_pantau_website\app\Controllers\LaporanController.php(45): App\Models\Laporan->getLaporan(NULL, NULL)
#7 D:\xampp\htdocs\buku_pantau_website\system\CodeIgniter.php(925): App\Controllers\LaporanController->export()
#8 D:\xampp\htdocs\buku_pantau_website\system\CodeIgniter.php(480): CodeIgniter\CodeIgniter->runController(Object(App\Controllers\LaporanController))
#9 D:\xampp\htdocs\buku_pantau_website\system\CodeIgniter.php(349): CodeIgniter\CodeIgniter->handleRequest(NULL, Object(Config\Cache), false)
#10 D:\xampp\htdocs\buku_pantau_website\public\index.php(67): CodeIgniter\CodeIgniter->run()
#11 D:\xampp\htdocs\buku_pantau_website\system\Commands\Server\rewrite.php(47): require_once('D:\\xampp\\htdocs...')
#12 {main}
CRITICAL - 2023-06-01 22:20:19 --> You have an error in your SQL syntax; check the manual that corresponds to your MariaDB server version for the right syntax to use near 'IS NULL
AND `tanggal` < IS NULL
AND tanggal IS NOT NULL
ORDER BY `id_kegiatan...' at line 5
in SYSTEMPATH\Database\MySQLi\Connection.php on line 292.
 1 SYSTEMPATH\Database\MySQLi\Connection.php(292): mysqli->query('SELECT `kegiatan`.*, `guru`.`nama_guru` AS `nama_guru`, `jadwal`.`hari` AS `hari`
FROM `kegiatan`
LEFT JOIN `guru` ON `guru`.`id_guru` = `kegiatan`.`id_guru`
LEFT JOIN `jadwal` ON `jadwal`.`id_jadwal` = `kegiatan`.`id_jadwal`
WHERE `tanggal` > IS NULL
AND `tanggal` < IS NULL
AND tanggal IS NOT NULL
ORDER BY `id_kegiatan` DESC', 0)
 2 SYSTEMPATH\Database\BaseConnection.php(666): CodeIgniter\Database\MySQLi\Connection->execute('SELECT `kegiatan`.*, `guru`.`nama_guru` AS `nama_guru`, `jadwal`.`hari` AS `hari`
FROM `kegiatan`
LEFT JOIN `guru` ON `guru`.`id_guru` = `kegiatan`.`id_guru`
LEFT JOIN `jadwal` ON `jadwal`.`id_jadwal` = `kegiatan`.`id_jadwal`
WHERE `tanggal` > IS NULL
AND `tanggal` < IS NULL
AND tanggal IS NOT NULL
ORDER BY `id_kegiatan` DESC')
 3 SYSTEMPATH\Database\BaseConnection.php(593): CodeIgniter\Database\BaseConnection->simpleQuery('SELECT `kegiatan`.*, `guru`.`nama_guru` AS `nama_guru`, `jadwal`.`hari` AS `hari`
FROM `kegiatan`
LEFT JOIN `guru` ON `guru`.`id_guru` = `kegiatan`.`id_guru`
LEFT JOIN `jadwal` ON `jadwal`.`id_jadwal` = `kegiatan`.`id_jadwal`
WHERE `tanggal` > IS NULL
AND `tanggal` < IS NULL
AND tanggal IS NOT NULL
ORDER BY `id_kegiatan` DESC')
 4 SYSTEMPATH\Database\BaseBuilder.php(1585): CodeIgniter\Database\BaseConnection->query('SELECT `kegiatan`.*, `guru`.`nama_guru` AS `nama_guru`, `jadwal`.`hari` AS `hari`
FROM `kegiatan`
LEFT JOIN `guru` ON `guru`.`id_guru` = `kegiatan`.`id_guru`
LEFT JOIN `jadwal` ON `jadwal`.`id_jadwal` = `kegiatan`.`id_jadwal`
WHERE `tanggal` > IS NULL
AND `tanggal` < IS NULL
AND tanggal IS NOT NULL
ORDER BY `id_kegiatan` DESC', [], false)
 5 SYSTEMPATH\Model.php(805): CodeIgniter\Database\BaseBuilder->get()
 6 APPPATH\Models\Laporan.php(24): CodeIgniter\Model->__call('get', [])
 7 APPPATH\Controllers\LaporanController.php(45): App\Models\Laporan->getLaporan(null, null)
 8 SYSTEMPATH\CodeIgniter.php(925): App\Controllers\LaporanController->export()
 9 SYSTEMPATH\CodeIgniter.php(480): CodeIgniter\CodeIgniter->runController(Object(App\Controllers\LaporanController))
10 SYSTEMPATH\CodeIgniter.php(349): CodeIgniter\CodeIgniter->handleRequest(null, Object(Config\Cache), false)
11 FCPATH\index.php(67): CodeIgniter\CodeIgniter->run()
12 SYSTEMPATH\Commands\Server\rewrite.php(47): require_once('FCPATH\\index.php')
ERROR - 2023-06-01 22:20:29 --> mysqli_sql_exception: You have an error in your SQL syntax; check the manual that corresponds to your MariaDB server version for the right syntax to use near 'IS NULL
AND `tanggal` < IS NULL
AND tanggal IS NOT NULL
ORDER BY `id_kegiatan...' at line 5 in D:\xampp\htdocs\buku_pantau_website\system\Database\MySQLi\Connection.php:292
Stack trace:
#0 D:\xampp\htdocs\buku_pantau_website\system\Database\MySQLi\Connection.php(292): mysqli->query('SELECT `kegiata...', 0)
#1 D:\xampp\htdocs\buku_pantau_website\system\Database\BaseConnection.php(666): CodeIgniter\Database\MySQLi\Connection->execute('SELECT `kegiata...')
#2 D:\xampp\htdocs\buku_pantau_website\system\Database\BaseConnection.php(593): CodeIgniter\Database\BaseConnection->simpleQuery('SELECT `kegiata...')
#3 D:\xampp\htdocs\buku_pantau_website\system\Database\BaseBuilder.php(1585): CodeIgniter\Database\BaseConnection->query('SELECT `kegiata...', Array, false)
#4 D:\xampp\htdocs\buku_pantau_website\system\Model.php(805): CodeIgniter\Database\BaseBuilder->get()
#5 D:\xampp\htdocs\buku_pantau_website\app\Models\Laporan.php(24): CodeIgniter\Model->__call('get', Array)
#6 D:\xampp\htdocs\buku_pantau_website\app\Controllers\LaporanController.php(45): App\Models\Laporan->getLaporan(NULL, NULL)
#7 D:\xampp\htdocs\buku_pantau_website\system\CodeIgniter.php(925): App\Controllers\LaporanController->export()
#8 D:\xampp\htdocs\buku_pantau_website\system\CodeIgniter.php(480): CodeIgniter\CodeIgniter->runController(Object(App\Controllers\LaporanController))
#9 D:\xampp\htdocs\buku_pantau_website\system\CodeIgniter.php(349): CodeIgniter\CodeIgniter->handleRequest(NULL, Object(Config\Cache), false)
#10 D:\xampp\htdocs\buku_pantau_website\public\index.php(67): CodeIgniter\CodeIgniter->run()
#11 D:\xampp\htdocs\buku_pantau_website\system\Commands\Server\rewrite.php(47): require_once('D:\\xampp\\htdocs...')
#12 {main}
CRITICAL - 2023-06-01 22:20:29 --> You have an error in your SQL syntax; check the manual that corresponds to your MariaDB server version for the right syntax to use near 'IS NULL
AND `tanggal` < IS NULL
AND tanggal IS NOT NULL
ORDER BY `id_kegiatan...' at line 5
in SYSTEMPATH\Database\MySQLi\Connection.php on line 292.
 1 SYSTEMPATH\Database\MySQLi\Connection.php(292): mysqli->query('SELECT `kegiatan`.*, `guru`.`nama_guru` AS `nama_guru`, `jadwal`.`hari` AS `hari`
FROM `kegiatan`
LEFT JOIN `guru` ON `guru`.`id_guru` = `kegiatan`.`id_guru`
LEFT JOIN `jadwal` ON `jadwal`.`id_jadwal` = `kegiatan`.`id_jadwal`
WHERE `tanggal` > IS NULL
AND `tanggal` < IS NULL
AND tanggal IS NOT NULL
ORDER BY `id_kegiatan` DESC', 0)
 2 SYSTEMPATH\Database\BaseConnection.php(666): CodeIgniter\Database\MySQLi\Connection->execute('SELECT `kegiatan`.*, `guru`.`nama_guru` AS `nama_guru`, `jadwal`.`hari` AS `hari`
FROM `kegiatan`
LEFT JOIN `guru` ON `guru`.`id_guru` = `kegiatan`.`id_guru`
LEFT JOIN `jadwal` ON `jadwal`.`id_jadwal` = `kegiatan`.`id_jadwal`
WHERE `tanggal` > IS NULL
AND `tanggal` < IS NULL
AND tanggal IS NOT NULL
ORDER BY `id_kegiatan` DESC')
 3 SYSTEMPATH\Database\BaseConnection.php(593): CodeIgniter\Database\BaseConnection->simpleQuery('SELECT `kegiatan`.*, `guru`.`nama_guru` AS `nama_guru`, `jadwal`.`hari` AS `hari`
FROM `kegiatan`
LEFT JOIN `guru` ON `guru`.`id_guru` = `kegiatan`.`id_guru`
LEFT JOIN `jadwal` ON `jadwal`.`id_jadwal` = `kegiatan`.`id_jadwal`
WHERE `tanggal` > IS NULL
AND `tanggal` < IS NULL
AND tanggal IS NOT NULL
ORDER BY `id_kegiatan` DESC')
 4 SYSTEMPATH\Database\BaseBuilder.php(1585): CodeIgniter\Database\BaseConnection->query('SELECT `kegiatan`.*, `guru`.`nama_guru` AS `nama_guru`, `jadwal`.`hari` AS `hari`
FROM `kegiatan`
LEFT JOIN `guru` ON `guru`.`id_guru` = `kegiatan`.`id_guru`
LEFT JOIN `jadwal` ON `jadwal`.`id_jadwal` = `kegiatan`.`id_jadwal`
WHERE `tanggal` > IS NULL
AND `tanggal` < IS NULL
AND tanggal IS NOT NULL
ORDER BY `id_kegiatan` DESC', [], false)
 5 SYSTEMPATH\Model.php(805): CodeIgniter\Database\BaseBuilder->get()
 6 APPPATH\Models\Laporan.php(24): CodeIgniter\Model->__call('get', [])
 7 APPPATH\Controllers\LaporanController.php(45): App\Models\Laporan->getLaporan(null, null)
 8 SYSTEMPATH\CodeIgniter.php(925): App\Controllers\LaporanController->export()
 9 SYSTEMPATH\CodeIgniter.php(480): CodeIgniter\CodeIgniter->runController(Object(App\Controllers\LaporanController))
10 SYSTEMPATH\CodeIgniter.php(349): CodeIgniter\CodeIgniter->handleRequest(null, Object(Config\Cache), false)
11 FCPATH\index.php(67): CodeIgniter\CodeIgniter->run()
12 SYSTEMPATH\Commands\Server\rewrite.php(47): require_once('FCPATH\\index.php')
ERROR - 2023-06-01 22:23:54 --> mysqli_sql_exception: You have an error in your SQL syntax; check the manual that corresponds to your MariaDB server version for the right syntax to use near 'IS NULL
AND `tanggal` < IS NULL
AND tanggal IS NOT NULL
ORDER BY `id_kegiatan...' at line 5 in D:\xampp\htdocs\buku_pantau_website\system\Database\MySQLi\Connection.php:292
Stack trace:
#0 D:\xampp\htdocs\buku_pantau_website\system\Database\MySQLi\Connection.php(292): mysqli->query('SELECT `kegiata...', 0)
#1 D:\xampp\htdocs\buku_pantau_website\system\Database\BaseConnection.php(666): CodeIgniter\Database\MySQLi\Connection->execute('SELECT `kegiata...')
#2 D:\xampp\htdocs\buku_pantau_website\system\Database\BaseConnection.php(593): CodeIgniter\Database\BaseConnection->simpleQuery('SELECT `kegiata...')
#3 D:\xampp\htdocs\buku_pantau_website\system\Database\BaseBuilder.php(1585): CodeIgniter\Database\BaseConnection->query('SELECT `kegiata...', Array, false)
#4 D:\xampp\htdocs\buku_pantau_website\system\Model.php(805): CodeIgniter\Database\BaseBuilder->get()
#5 D:\xampp\htdocs\buku_pantau_website\app\Models\Laporan.php(24): CodeIgniter\Model->__call('get', Array)
#6 D:\xampp\htdocs\buku_pantau_website\app\Controllers\LaporanController.php(45): App\Models\Laporan->getLaporan(NULL, NULL)
#7 D:\xampp\htdocs\buku_pantau_website\system\CodeIgniter.php(925): App\Controllers\LaporanController->export()
#8 D:\xampp\htdocs\buku_pantau_website\system\CodeIgniter.php(480): CodeIgniter\CodeIgniter->runController(Object(App\Controllers\LaporanController))
#9 D:\xampp\htdocs\buku_pantau_website\system\CodeIgniter.php(349): CodeIgniter\CodeIgniter->handleRequest(NULL, Object(Config\Cache), false)
#10 D:\xampp\htdocs\buku_pantau_website\public\index.php(67): CodeIgniter\CodeIgniter->run()
#11 D:\xampp\htdocs\buku_pantau_website\system\Commands\Server\rewrite.php(47): require_once('D:\\xampp\\htdocs...')
#12 {main}
CRITICAL - 2023-06-01 22:23:54 --> You have an error in your SQL syntax; check the manual that corresponds to your MariaDB server version for the right syntax to use near 'IS NULL
AND `tanggal` < IS NULL
AND tanggal IS NOT NULL
ORDER BY `id_kegiatan...' at line 5
in SYSTEMPATH\Database\MySQLi\Connection.php on line 292.
 1 SYSTEMPATH\Database\MySQLi\Connection.php(292): mysqli->query('SELECT `kegiatan`.*, `guru`.`nama_guru` AS `nama_guru`, `jadwal`.`hari` AS `hari`
FROM `kegiatan`
LEFT JOIN `guru` ON `guru`.`id_guru` = `kegiatan`.`id_guru`
LEFT JOIN `jadwal` ON `jadwal`.`id_jadwal` = `kegiatan`.`id_jadwal`
WHERE `tanggal` > IS NULL
AND `tanggal` < IS NULL
AND tanggal IS NOT NULL
ORDER BY `id_kegiatan` DESC', 0)
 2 SYSTEMPATH\Database\BaseConnection.php(666): CodeIgniter\Database\MySQLi\Connection->execute('SELECT `kegiatan`.*, `guru`.`nama_guru` AS `nama_guru`, `jadwal`.`hari` AS `hari`
FROM `kegiatan`
LEFT JOIN `guru` ON `guru`.`id_guru` = `kegiatan`.`id_guru`
LEFT JOIN `jadwal` ON `jadwal`.`id_jadwal` = `kegiatan`.`id_jadwal`
WHERE `tanggal` > IS NULL
AND `tanggal` < IS NULL
AND tanggal IS NOT NULL
ORDER BY `id_kegiatan` DESC')
 3 SYSTEMPATH\Database\BaseConnection.php(593): CodeIgniter\Database\BaseConnection->simpleQuery('SELECT `kegiatan`.*, `guru`.`nama_guru` AS `nama_guru`, `jadwal`.`hari` AS `hari`
FROM `kegiatan`
LEFT JOIN `guru` ON `guru`.`id_guru` = `kegiatan`.`id_guru`
LEFT JOIN `jadwal` ON `jadwal`.`id_jadwal` = `kegiatan`.`id_jadwal`
WHERE `tanggal` > IS NULL
AND `tanggal` < IS NULL
AND tanggal IS NOT NULL
ORDER BY `id_kegiatan` DESC')
 4 SYSTEMPATH\Database\BaseBuilder.php(1585): CodeIgniter\Database\BaseConnection->query('SELECT `kegiatan`.*, `guru`.`nama_guru` AS `nama_guru`, `jadwal`.`hari` AS `hari`
FROM `kegiatan`
LEFT JOIN `guru` ON `guru`.`id_guru` = `kegiatan`.`id_guru`
LEFT JOIN `jadwal` ON `jadwal`.`id_jadwal` = `kegiatan`.`id_jadwal`
WHERE `tanggal` > IS NULL
AND `tanggal` < IS NULL
AND tanggal IS NOT NULL
ORDER BY `id_kegiatan` DESC', [], false)
 5 SYSTEMPATH\Model.php(805): CodeIgniter\Database\BaseBuilder->get()
 6 APPPATH\Models\Laporan.php(24): CodeIgniter\Model->__call('get', [])
 7 APPPATH\Controllers\LaporanController.php(45): App\Models\Laporan->getLaporan(null, null)
 8 SYSTEMPATH\CodeIgniter.php(925): App\Controllers\LaporanController->export()
 9 SYSTEMPATH\CodeIgniter.php(480): CodeIgniter\CodeIgniter->runController(Object(App\Controllers\LaporanController))
10 SYSTEMPATH\CodeIgniter.php(349): CodeIgniter\CodeIgniter->handleRequest(null, Object(Config\Cache), false)
11 FCPATH\index.php(67): CodeIgniter\CodeIgniter->run()
12 SYSTEMPATH\Commands\Server\rewrite.php(47): require_once('FCPATH\\index.php')
ERROR - 2023-06-01 22:25:49 --> mysqli_sql_exception: You have an error in your SQL syntax; check the manual that corresponds to your MariaDB server version for the right syntax to use near 'IS NULL
AND `tanggal` < IS NULL
AND `tanggal` IS NULL
ORDER BY `id_kegiatan` ...' at line 5 in D:\xampp\htdocs\buku_pantau_website\system\Database\MySQLi\Connection.php:292
Stack trace:
#0 D:\xampp\htdocs\buku_pantau_website\system\Database\MySQLi\Connection.php(292): mysqli->query('SELECT `kegiata...', 0)
#1 D:\xampp\htdocs\buku_pantau_website\system\Database\BaseConnection.php(666): CodeIgniter\Database\MySQLi\Connection->execute('SELECT `kegiata...')
#2 D:\xampp\htdocs\buku_pantau_website\system\Database\BaseConnection.php(593): CodeIgniter\Database\BaseConnection->simpleQuery('SELECT `kegiata...')
#3 D:\xampp\htdocs\buku_pantau_website\system\Database\BaseBuilder.php(1585): CodeIgniter\Database\BaseConnection->query('SELECT `kegiata...', Array, false)
#4 D:\xampp\htdocs\buku_pantau_website\system\Model.php(805): CodeIgniter\Database\BaseBuilder->get()
#5 D:\xampp\htdocs\buku_pantau_website\app\Models\Laporan.php(24): CodeIgniter\Model->__call('get', Array)
#6 D:\xampp\htdocs\buku_pantau_website\app\Controllers\LaporanController.php(45): App\Models\Laporan->getLaporan(NULL, NULL)
#7 D:\xampp\htdocs\buku_pantau_website\system\CodeIgniter.php(925): App\Controllers\LaporanController->export()
#8 D:\xampp\htdocs\buku_pantau_website\system\CodeIgniter.php(480): CodeIgniter\CodeIgniter->runController(Object(App\Controllers\LaporanController))
#9 D:\xampp\htdocs\buku_pantau_website\system\CodeIgniter.php(349): CodeIgniter\CodeIgniter->handleRequest(NULL, Object(Config\Cache), false)
#10 D:\xampp\htdocs\buku_pantau_website\public\index.php(67): CodeIgniter\CodeIgniter->run()
#11 D:\xampp\htdocs\buku_pantau_website\system\Commands\Server\rewrite.php(47): require_once('D:\\xampp\\htdocs...')
#12 {main}
CRITICAL - 2023-06-01 22:25:49 --> You have an error in your SQL syntax; check the manual that corresponds to your MariaDB server version for the right syntax to use near 'IS NULL
AND `tanggal` < IS NULL
AND `tanggal` IS NULL
ORDER BY `id_kegiatan` ...' at line 5
in SYSTEMPATH\Database\MySQLi\Connection.php on line 292.
 1 SYSTEMPATH\Database\MySQLi\Connection.php(292): mysqli->query('SELECT `kegiatan`.*, `guru`.`nama_guru` AS `nama_guru`, `jadwal`.`hari` AS `hari`
FROM `kegiatan`
LEFT JOIN `guru` ON `guru`.`id_guru` = `kegiatan`.`id_guru`
LEFT JOIN `jadwal` ON `jadwal`.`id_jadwal` = `kegiatan`.`id_jadwal`
WHERE `tanggal` > IS NULL
AND `tanggal` < IS NULL
AND `tanggal` IS NULL
ORDER BY `id_kegiatan` DESC', 0)
 2 SYSTEMPATH\Database\BaseConnection.php(666): CodeIgniter\Database\MySQLi\Connection->execute('SELECT `kegiatan`.*, `guru`.`nama_guru` AS `nama_guru`, `jadwal`.`hari` AS `hari`
FROM `kegiatan`
LEFT JOIN `guru` ON `guru`.`id_guru` = `kegiatan`.`id_guru`
LEFT JOIN `jadwal` ON `jadwal`.`id_jadwal` = `kegiatan`.`id_jadwal`
WHERE `tanggal` > IS NULL
AND `tanggal` < IS NULL
AND `tanggal` IS NULL
ORDER BY `id_kegiatan` DESC')
 3 SYSTEMPATH\Database\BaseConnection.php(593): CodeIgniter\Database\BaseConnection->simpleQuery('SELECT `kegiatan`.*, `guru`.`nama_guru` AS `nama_guru`, `jadwal`.`hari` AS `hari`
FROM `kegiatan`
LEFT JOIN `guru` ON `guru`.`id_guru` = `kegiatan`.`id_guru`
LEFT JOIN `jadwal` ON `jadwal`.`id_jadwal` = `kegiatan`.`id_jadwal`
WHERE `tanggal` > IS NULL
AND `tanggal` < IS NULL
AND `tanggal` IS NULL
ORDER BY `id_kegiatan` DESC')
 4 SYSTEMPATH\Database\BaseBuilder.php(1585): CodeIgniter\Database\BaseConnection->query('SELECT `kegiatan`.*, `guru`.`nama_guru` AS `nama_guru`, `jadwal`.`hari` AS `hari`
FROM `kegiatan`
LEFT JOIN `guru` ON `guru`.`id_guru` = `kegiatan`.`id_guru`
LEFT JOIN `jadwal` ON `jadwal`.`id_jadwal` = `kegiatan`.`id_jadwal`
WHERE `tanggal` > IS NULL
AND `tanggal` < IS NULL
AND `tanggal` IS NULL
ORDER BY `id_kegiatan` DESC', [], false)
 5 SYSTEMPATH\Model.php(805): CodeIgniter\Database\BaseBuilder->get()
 6 APPPATH\Models\Laporan.php(24): CodeIgniter\Model->__call('get', [])
 7 APPPATH\Controllers\LaporanController.php(45): App\Models\Laporan->getLaporan(null, null)
 8 SYSTEMPATH\CodeIgniter.php(925): App\Controllers\LaporanController->export()
 9 SYSTEMPATH\CodeIgniter.php(480): CodeIgniter\CodeIgniter->runController(Object(App\Controllers\LaporanController))
10 SYSTEMPATH\CodeIgniter.php(349): CodeIgniter\CodeIgniter->handleRequest(null, Object(Config\Cache), false)
11 FCPATH\index.php(67): CodeIgniter\CodeIgniter->run()
12 SYSTEMPATH\Commands\Server\rewrite.php(47): require_once('FCPATH\\index.php')
ERROR - 2023-06-01 22:31:12 --> mysqli_sql_exception: You have an error in your SQL syntax; check the manual that corresponds to your MariaDB server version for the right syntax to use near 'IS NULL
AND `tanggal` < IS NULL
AND tanggal IS NOT NULL
ORDER BY `id_kegiatan...' at line 5 in D:\xampp\htdocs\buku_pantau_website\system\Database\MySQLi\Connection.php:292
Stack trace:
#0 D:\xampp\htdocs\buku_pantau_website\system\Database\MySQLi\Connection.php(292): mysqli->query('SELECT `kegiata...', 0)
#1 D:\xampp\htdocs\buku_pantau_website\system\Database\BaseConnection.php(666): CodeIgniter\Database\MySQLi\Connection->execute('SELECT `kegiata...')
#2 D:\xampp\htdocs\buku_pantau_website\system\Database\BaseConnection.php(593): CodeIgniter\Database\BaseConnection->simpleQuery('SELECT `kegiata...')
#3 D:\xampp\htdocs\buku_pantau_website\system\Database\BaseBuilder.php(1585): CodeIgniter\Database\BaseConnection->query('SELECT `kegiata...', Array, false)
#4 D:\xampp\htdocs\buku_pantau_website\system\Model.php(805): CodeIgniter\Database\BaseBuilder->get()
#5 D:\xampp\htdocs\buku_pantau_website\app\Models\Laporan.php(24): CodeIgniter\Model->__call('get', Array)
#6 D:\xampp\htdocs\buku_pantau_website\app\Controllers\LaporanController.php(45): App\Models\Laporan->getLaporan(NULL, NULL)
#7 D:\xampp\htdocs\buku_pantau_website\system\CodeIgniter.php(925): App\Controllers\LaporanController->export()
#8 D:\xampp\htdocs\buku_pantau_website\system\CodeIgniter.php(480): CodeIgniter\CodeIgniter->runController(Object(App\Controllers\LaporanController))
#9 D:\xampp\htdocs\buku_pantau_website\system\CodeIgniter.php(349): CodeIgniter\CodeIgniter->handleRequest(NULL, Object(Config\Cache), false)
#10 D:\xampp\htdocs\buku_pantau_website\public\index.php(67): CodeIgniter\CodeIgniter->run()
#11 D:\xampp\htdocs\buku_pantau_website\system\Commands\Server\rewrite.php(47): require_once('D:\\xampp\\htdocs...')
#12 {main}
CRITICAL - 2023-06-01 22:31:12 --> You have an error in your SQL syntax; check the manual that corresponds to your MariaDB server version for the right syntax to use near 'IS NULL
AND `tanggal` < IS NULL
AND tanggal IS NOT NULL
ORDER BY `id_kegiatan...' at line 5
in SYSTEMPATH\Database\MySQLi\Connection.php on line 292.
 1 SYSTEMPATH\Database\MySQLi\Connection.php(292): mysqli->query('SELECT `kegiatan`.*, `guru`.`nama_guru` AS `nama_guru`, `jadwal`.`hari` AS `hari`
FROM `kegiatan`
LEFT JOIN `guru` ON `guru`.`id_guru` = `kegiatan`.`id_guru`
LEFT JOIN `jadwal` ON `jadwal`.`id_jadwal` = `kegiatan`.`id_jadwal`
WHERE `tanggal` > IS NULL
AND `tanggal` < IS NULL
AND tanggal IS NOT NULL
ORDER BY `id_kegiatan` DESC', 0)
 2 SYSTEMPATH\Database\BaseConnection.php(666): CodeIgniter\Database\MySQLi\Connection->execute('SELECT `kegiatan`.*, `guru`.`nama_guru` AS `nama_guru`, `jadwal`.`hari` AS `hari`
FROM `kegiatan`
LEFT JOIN `guru` ON `guru`.`id_guru` = `kegiatan`.`id_guru`
LEFT JOIN `jadwal` ON `jadwal`.`id_jadwal` = `kegiatan`.`id_jadwal`
WHERE `tanggal` > IS NULL
AND `tanggal` < IS NULL
AND tanggal IS NOT NULL
ORDER BY `id_kegiatan` DESC')
 3 SYSTEMPATH\Database\BaseConnection.php(593): CodeIgniter\Database\BaseConnection->simpleQuery('SELECT `kegiatan`.*, `guru`.`nama_guru` AS `nama_guru`, `jadwal`.`hari` AS `hari`
FROM `kegiatan`
LEFT JOIN `guru` ON `guru`.`id_guru` = `kegiatan`.`id_guru`
LEFT JOIN `jadwal` ON `jadwal`.`id_jadwal` = `kegiatan`.`id_jadwal`
WHERE `tanggal` > IS NULL
AND `tanggal` < IS NULL
AND tanggal IS NOT NULL
ORDER BY `id_kegiatan` DESC')
 4 SYSTEMPATH\Database\BaseBuilder.php(1585): CodeIgniter\Database\BaseConnection->query('SELECT `kegiatan`.*, `guru`.`nama_guru` AS `nama_guru`, `jadwal`.`hari` AS `hari`
FROM `kegiatan`
LEFT JOIN `guru` ON `guru`.`id_guru` = `kegiatan`.`id_guru`
LEFT JOIN `jadwal` ON `jadwal`.`id_jadwal` = `kegiatan`.`id_jadwal`
WHERE `tanggal` > IS NULL
AND `tanggal` < IS NULL
AND tanggal IS NOT NULL
ORDER BY `id_kegiatan` DESC', [], false)
 5 SYSTEMPATH\Model.php(805): CodeIgniter\Database\BaseBuilder->get()
 6 APPPATH\Models\Laporan.php(24): CodeIgniter\Model->__call('get', [])
 7 APPPATH\Controllers\LaporanController.php(45): App\Models\Laporan->getLaporan(null, null)
 8 SYSTEMPATH\CodeIgniter.php(925): App\Controllers\LaporanController->export()
 9 SYSTEMPATH\CodeIgniter.php(480): CodeIgniter\CodeIgniter->runController(Object(App\Controllers\LaporanController))
10 SYSTEMPATH\CodeIgniter.php(349): CodeIgniter\CodeIgniter->handleRequest(null, Object(Config\Cache), false)
11 FCPATH\index.php(67): CodeIgniter\CodeIgniter->run()
12 SYSTEMPATH\Commands\Server\rewrite.php(47): require_once('FCPATH\\index.php')
ERROR - 2023-06-01 22:34:35 --> mysqli_sql_exception: You have an error in your SQL syntax; check the manual that corresponds to your MariaDB server version for the right syntax to use near 'IS NULL
AND `tanggal` < IS NULL
AND tanggal IS NOT NULL
ORDER BY `id_kegiatan...' at line 5 in D:\xampp\htdocs\buku_pantau_website\system\Database\MySQLi\Connection.php:292
Stack trace:
#0 D:\xampp\htdocs\buku_pantau_website\system\Database\MySQLi\Connection.php(292): mysqli->query('SELECT `kegiata...', 0)
#1 D:\xampp\htdocs\buku_pantau_website\system\Database\BaseConnection.php(666): CodeIgniter\Database\MySQLi\Connection->execute('SELECT `kegiata...')
#2 D:\xampp\htdocs\buku_pantau_website\system\Database\BaseConnection.php(593): CodeIgniter\Database\BaseConnection->simpleQuery('SELECT `kegiata...')
#3 D:\xampp\htdocs\buku_pantau_website\system\Database\BaseBuilder.php(1585): CodeIgniter\Database\BaseConnection->query('SELECT `kegiata...', Array, false)
#4 D:\xampp\htdocs\buku_pantau_website\system\Model.php(805): CodeIgniter\Database\BaseBuilder->get()
#5 D:\xampp\htdocs\buku_pantau_website\app\Models\Laporan.php(24): CodeIgniter\Model->__call('get', Array)
#6 D:\xampp\htdocs\buku_pantau_website\app\Controllers\LaporanController.php(45): App\Models\Laporan->getLaporan(NULL, NULL)
#7 D:\xampp\htdocs\buku_pantau_website\system\CodeIgniter.php(925): App\Controllers\LaporanController->export()
#8 D:\xampp\htdocs\buku_pantau_website\system\CodeIgniter.php(480): CodeIgniter\CodeIgniter->runController(Object(App\Controllers\LaporanController))
#9 D:\xampp\htdocs\buku_pantau_website\system\CodeIgniter.php(349): CodeIgniter\CodeIgniter->handleRequest(NULL, Object(Config\Cache), false)
#10 D:\xampp\htdocs\buku_pantau_website\public\index.php(67): CodeIgniter\CodeIgniter->run()
#11 D:\xampp\htdocs\buku_pantau_website\system\Commands\Server\rewrite.php(47): require_once('D:\\xampp\\htdocs...')
#12 {main}
CRITICAL - 2023-06-01 22:34:35 --> You have an error in your SQL syntax; check the manual that corresponds to your MariaDB server version for the right syntax to use near 'IS NULL
AND `tanggal` < IS NULL
AND tanggal IS NOT NULL
ORDER BY `id_kegiatan...' at line 5
in SYSTEMPATH\Database\MySQLi\Connection.php on line 292.
 1 SYSTEMPATH\Database\MySQLi\Connection.php(292): mysqli->query('SELECT `kegiatan`.*, `guru`.`nama_guru` AS `nama_guru`, `jadwal`.`hari` AS `hari`
FROM `kegiatan`
LEFT JOIN `guru` ON `guru`.`id_guru` = `kegiatan`.`id_guru`
LEFT JOIN `jadwal` ON `jadwal`.`id_jadwal` = `kegiatan`.`id_jadwal`
WHERE `tanggal` > IS NULL
AND `tanggal` < IS NULL
AND tanggal IS NOT NULL
ORDER BY `id_kegiatan` DESC', 0)
 2 SYSTEMPATH\Database\BaseConnection.php(666): CodeIgniter\Database\MySQLi\Connection->execute('SELECT `kegiatan`.*, `guru`.`nama_guru` AS `nama_guru`, `jadwal`.`hari` AS `hari`
FROM `kegiatan`
LEFT JOIN `guru` ON `guru`.`id_guru` = `kegiatan`.`id_guru`
LEFT JOIN `jadwal` ON `jadwal`.`id_jadwal` = `kegiatan`.`id_jadwal`
WHERE `tanggal` > IS NULL
AND `tanggal` < IS NULL
AND tanggal IS NOT NULL
ORDER BY `id_kegiatan` DESC')
 3 SYSTEMPATH\Database\BaseConnection.php(593): CodeIgniter\Database\BaseConnection->simpleQuery('SELECT `kegiatan`.*, `guru`.`nama_guru` AS `nama_guru`, `jadwal`.`hari` AS `hari`
FROM `kegiatan`
LEFT JOIN `guru` ON `guru`.`id_guru` = `kegiatan`.`id_guru`
LEFT JOIN `jadwal` ON `jadwal`.`id_jadwal` = `kegiatan`.`id_jadwal`
WHERE `tanggal` > IS NULL
AND `tanggal` < IS NULL
AND tanggal IS NOT NULL
ORDER BY `id_kegiatan` DESC')
 4 SYSTEMPATH\Database\BaseBuilder.php(1585): CodeIgniter\Database\BaseConnection->query('SELECT `kegiatan`.*, `guru`.`nama_guru` AS `nama_guru`, `jadwal`.`hari` AS `hari`
FROM `kegiatan`
LEFT JOIN `guru` ON `guru`.`id_guru` = `kegiatan`.`id_guru`
LEFT JOIN `jadwal` ON `jadwal`.`id_jadwal` = `kegiatan`.`id_jadwal`
WHERE `tanggal` > IS NULL
AND `tanggal` < IS NULL
AND tanggal IS NOT NULL
ORDER BY `id_kegiatan` DESC', [], false)
 5 SYSTEMPATH\Model.php(805): CodeIgniter\Database\BaseBuilder->get()
 6 APPPATH\Models\Laporan.php(24): CodeIgniter\Model->__call('get', [])
 7 APPPATH\Controllers\LaporanController.php(45): App\Models\Laporan->getLaporan(null, null)
 8 SYSTEMPATH\CodeIgniter.php(925): App\Controllers\LaporanController->export()
 9 SYSTEMPATH\CodeIgniter.php(480): CodeIgniter\CodeIgniter->runController(Object(App\Controllers\LaporanController))
10 SYSTEMPATH\CodeIgniter.php(349): CodeIgniter\CodeIgniter->handleRequest(null, Object(Config\Cache), false)
11 FCPATH\index.php(67): CodeIgniter\CodeIgniter->run()
12 SYSTEMPATH\Commands\Server\rewrite.php(47): require_once('FCPATH\\index.php')
CRITICAL - 2023-06-01 22:43:43 --> Undefined variable $laporan
in APPPATH\Views\admin\datalaporan\filter_laporan.php on line 35.
 1 APPPATH\Views\admin\datalaporan\filter_laporan.php(35): CodeIgniter\Debug\Exceptions->errorHandler(2, 'Undefined variable $laporan', 'APPPATH\\Views\\admin\\datalaporan\\filter_laporan.php', 35)
 2 SYSTEMPATH\View\View.php(213): include('APPPATH\\Views\\admin\\datalaporan\\filter_laporan.php')
 3 SYSTEMPATH\View\View.php(216): CodeIgniter\View\View->CodeIgniter\View\{closure}()
 4 SYSTEMPATH\Common.php(1135): CodeIgniter\View\View->render('admin/datalaporan/filter_laporan', [], true)
 5 APPPATH\Controllers\LaporanController.php(31): view('admin/datalaporan/filter_laporan')
 6 SYSTEMPATH\CodeIgniter.php(925): App\Controllers\LaporanController->index()
 7 SYSTEMPATH\CodeIgniter.php(480): CodeIgniter\CodeIgniter->runController(Object(App\Controllers\LaporanController))
 8 SYSTEMPATH\CodeIgniter.php(349): CodeIgniter\CodeIgniter->handleRequest(null, Object(Config\Cache), false)
 9 FCPATH\index.php(67): CodeIgniter\CodeIgniter->run()
10 SYSTEMPATH\Commands\Server\rewrite.php(47): require_once('FCPATH\\index.php')
CRITICAL - 2023-06-01 22:52:25 --> Undefined variable $laporan
in APPPATH\Views\admin\datalaporan\filter_laporan.php on line 35.
 1 APPPATH\Views\admin\datalaporan\filter_laporan.php(35): CodeIgniter\Debug\Exceptions->errorHandler(2, 'Undefined variable $laporan', 'APPPATH\\Views\\admin\\datalaporan\\filter_laporan.php', 35)
 2 SYSTEMPATH\View\View.php(213): include('APPPATH\\Views\\admin\\datalaporan\\filter_laporan.php')
 3 SYSTEMPATH\View\View.php(216): CodeIgniter\View\View->CodeIgniter\View\{closure}()
 4 SYSTEMPATH\Common.php(1135): CodeIgniter\View\View->render('admin/datalaporan/filter_laporan', [], true)
 5 APPPATH\Controllers\LaporanController.php(31): view('admin/datalaporan/filter_laporan')
 6 SYSTEMPATH\CodeIgniter.php(925): App\Controllers\LaporanController->index()
 7 SYSTEMPATH\CodeIgniter.php(480): CodeIgniter\CodeIgniter->runController(Object(App\Controllers\LaporanController))
 8 SYSTEMPATH\CodeIgniter.php(349): CodeIgniter\CodeIgniter->handleRequest(null, Object(Config\Cache), false)
 9 FCPATH\index.php(67): CodeIgniter\CodeIgniter->run()
10 SYSTEMPATH\Commands\Server\rewrite.php(47): require_once('FCPATH\\index.php')
CRITICAL - 2023-06-01 22:53:31 --> Undefined variable $laporan
in APPPATH\Views\admin\datalaporan\filter_laporan.php on line 35.
 1 APPPATH\Views\admin\datalaporan\filter_laporan.php(35): CodeIgniter\Debug\Exceptions->errorHandler(2, 'Undefined variable $laporan', 'APPPATH\\Views\\admin\\datalaporan\\filter_laporan.php', 35)
 2 SYSTEMPATH\View\View.php(213): include('APPPATH\\Views\\admin\\datalaporan\\filter_laporan.php')
 3 SYSTEMPATH\View\View.php(216): CodeIgniter\View\View->CodeIgniter\View\{closure}()
 4 SYSTEMPATH\Common.php(1135): CodeIgniter\View\View->render('admin/datalaporan/filter_laporan', [], true)
 5 APPPATH\Controllers\LaporanController.php(31): view('admin/datalaporan/filter_laporan')
 6 SYSTEMPATH\CodeIgniter.php(925): App\Controllers\LaporanController->index()
 7 SYSTEMPATH\CodeIgniter.php(480): CodeIgniter\CodeIgniter->runController(Object(App\Controllers\LaporanController))
 8 SYSTEMPATH\CodeIgniter.php(349): CodeIgniter\CodeIgniter->handleRequest(null, Object(Config\Cache), false)
 9 FCPATH\index.php(67): CodeIgniter\CodeIgniter->run()
10 SYSTEMPATH\Commands\Server\rewrite.php(47): require_once('FCPATH\\index.php')
CRITICAL - 2023-06-01 22:53:36 --> Undefined variable $laporan
in APPPATH\Views\admin\datalaporan\filter_laporan.php on line 35.
 1 APPPATH\Views\admin\datalaporan\filter_laporan.php(35): CodeIgniter\Debug\Exceptions->errorHandler(2, 'Undefined variable $laporan', 'APPPATH\\Views\\admin\\datalaporan\\filter_laporan.php', 35)
 2 SYSTEMPATH\View\View.php(213): include('APPPATH\\Views\\admin\\datalaporan\\filter_laporan.php')
 3 SYSTEMPATH\View\View.php(216): CodeIgniter\View\View->CodeIgniter\View\{closure}()
 4 SYSTEMPATH\Common.php(1135): CodeIgniter\View\View->render('admin/datalaporan/filter_laporan', [], true)
 5 APPPATH\Controllers\LaporanController.php(31): view('admin/datalaporan/filter_laporan')
 6 SYSTEMPATH\CodeIgniter.php(925): App\Controllers\LaporanController->index()
 7 SYSTEMPATH\CodeIgniter.php(480): CodeIgniter\CodeIgniter->runController(Object(App\Controllers\LaporanController))
 8 SYSTEMPATH\CodeIgniter.php(349): CodeIgniter\CodeIgniter->handleRequest(null, Object(Config\Cache), false)
 9 FCPATH\index.php(67): CodeIgniter\CodeIgniter->run()
10 SYSTEMPATH\Commands\Server\rewrite.php(47): require_once('FCPATH\\index.php')
CRITICAL - 2023-06-01 22:54:29 --> Undefined variable $laporan
in APPPATH\Views\admin\datalaporan\filter_laporan.php on line 35.
 1 APPPATH\Views\admin\datalaporan\filter_laporan.php(35): CodeIgniter\Debug\Exceptions->errorHandler(2, 'Undefined variable $laporan', 'APPPATH\\Views\\admin\\datalaporan\\filter_laporan.php', 35)
 2 SYSTEMPATH\View\View.php(213): include('APPPATH\\Views\\admin\\datalaporan\\filter_laporan.php')
 3 SYSTEMPATH\View\View.php(216): CodeIgniter\View\View->CodeIgniter\View\{closure}()
 4 SYSTEMPATH\Common.php(1135): CodeIgniter\View\View->render('admin/datalaporan/filter_laporan', [], true)
 5 APPPATH\Controllers\LaporanController.php(31): view('admin/datalaporan/filter_laporan')
 6 SYSTEMPATH\CodeIgniter.php(925): App\Controllers\LaporanController->index()
 7 SYSTEMPATH\CodeIgniter.php(480): CodeIgniter\CodeIgniter->runController(Object(App\Controllers\LaporanController))
 8 SYSTEMPATH\CodeIgniter.php(349): CodeIgniter\CodeIgniter->handleRequest(null, Object(Config\Cache), false)
 9 FCPATH\index.php(67): CodeIgniter\CodeIgniter->run()
10 SYSTEMPATH\Commands\Server\rewrite.php(47): require_once('FCPATH\\index.php')
CRITICAL - 2023-06-01 22:55:57 --> Undefined variable $laporan
in APPPATH\Views\admin\datalaporan\filter_laporan.php on line 35.
 1 APPPATH\Views\admin\datalaporan\filter_laporan.php(35): CodeIgniter\Debug\Exceptions->errorHandler(2, 'Undefined variable $laporan', 'APPPATH\\Views\\admin\\datalaporan\\filter_laporan.php', 35)
 2 SYSTEMPATH\View\View.php(213): include('APPPATH\\Views\\admin\\datalaporan\\filter_laporan.php')
 3 SYSTEMPATH\View\View.php(216): CodeIgniter\View\View->CodeIgniter\View\{closure}()
 4 SYSTEMPATH\Common.php(1135): CodeIgniter\View\View->render('admin/datalaporan/filter_laporan', [], true)
 5 APPPATH\Controllers\LaporanController.php(31): view('admin/datalaporan/filter_laporan')
 6 SYSTEMPATH\CodeIgniter.php(925): App\Controllers\LaporanController->index()
 7 SYSTEMPATH\CodeIgniter.php(480): CodeIgniter\CodeIgniter->runController(Object(App\Controllers\LaporanController))
 8 SYSTEMPATH\CodeIgniter.php(349): CodeIgniter\CodeIgniter->handleRequest(null, Object(Config\Cache), false)
 9 FCPATH\index.php(67): CodeIgniter\CodeIgniter->run()
10 SYSTEMPATH\Commands\Server\rewrite.php(47): require_once('FCPATH\\index.php')
CRITICAL - 2023-06-01 22:57:23 --> Undefined variable $laporan
in APPPATH\Views\admin\datalaporan\filter_laporan.php on line 35.
 1 APPPATH\Views\admin\datalaporan\filter_laporan.php(35): CodeIgniter\Debug\Exceptions->errorHandler(2, 'Undefined variable $laporan', 'APPPATH\\Views\\admin\\datalaporan\\filter_laporan.php', 35)
 2 SYSTEMPATH\View\View.php(213): include('APPPATH\\Views\\admin\\datalaporan\\filter_laporan.php')
 3 SYSTEMPATH\View\View.php(216): CodeIgniter\View\View->CodeIgniter\View\{closure}()
 4 SYSTEMPATH\Common.php(1135): CodeIgniter\View\View->render('admin/datalaporan/filter_laporan', [], true)
 5 APPPATH\Controllers\LaporanController.php(31): view('admin/datalaporan/filter_laporan')
 6 SYSTEMPATH\CodeIgniter.php(925): App\Controllers\LaporanController->index()
 7 SYSTEMPATH\CodeIgniter.php(480): CodeIgniter\CodeIgniter->runController(Object(App\Controllers\LaporanController))
 8 SYSTEMPATH\CodeIgniter.php(349): CodeIgniter\CodeIgniter->handleRequest(null, Object(Config\Cache), false)
 9 FCPATH\index.php(67): CodeIgniter\CodeIgniter->run()
10 SYSTEMPATH\Commands\Server\rewrite.php(47): require_once('FCPATH\\index.php')
CRITICAL - 2023-06-01 23:00:41 --> Undefined variable $laporan
in APPPATH\Views\admin\datalaporan\filter_laporan.php on line 35.
 1 APPPATH\Views\admin\datalaporan\filter_laporan.php(35): CodeIgniter\Debug\Exceptions->errorHandler(2, 'Undefined variable $laporan', 'APPPATH\\Views\\admin\\datalaporan\\filter_laporan.php', 35)
 2 SYSTEMPATH\View\View.php(213): include('APPPATH\\Views\\admin\\datalaporan\\filter_laporan.php')
 3 SYSTEMPATH\View\View.php(216): CodeIgniter\View\View->CodeIgniter\View\{closure}()
 4 SYSTEMPATH\Common.php(1135): CodeIgniter\View\View->render('admin/datalaporan/filter_laporan', [], true)
 5 APPPATH\Controllers\LaporanController.php(21): view('admin/datalaporan/filter_laporan')
 6 SYSTEMPATH\CodeIgniter.php(925): App\Controllers\LaporanController->index()
 7 SYSTEMPATH\CodeIgniter.php(480): CodeIgniter\CodeIgniter->runController(Object(App\Controllers\LaporanController))
 8 SYSTEMPATH\CodeIgniter.php(349): CodeIgniter\CodeIgniter->handleRequest(null, Object(Config\Cache), false)
 9 FCPATH\index.php(67): CodeIgniter\CodeIgniter->run()
10 SYSTEMPATH\Commands\Server\rewrite.php(47): require_once('FCPATH\\index.php')
CRITICAL - 2023-06-01 23:15:48 --> Undefined variable $laporan
in APPPATH\Views\admin\datalaporan\filter_laporan.php on line 35.
 1 APPPATH\Views\admin\datalaporan\filter_laporan.php(35): CodeIgniter\Debug\Exceptions->errorHandler(2, 'Undefined variable $laporan', 'APPPATH\\Views\\admin\\datalaporan\\filter_laporan.php', 35)
 2 SYSTEMPATH\View\View.php(213): include('APPPATH\\Views\\admin\\datalaporan\\filter_laporan.php')
 3 SYSTEMPATH\View\View.php(216): CodeIgniter\View\View->CodeIgniter\View\{closure}()
 4 SYSTEMPATH\Common.php(1135): CodeIgniter\View\View->render('admin/datalaporan/filter_laporan', [], true)
 5 APPPATH\Controllers\LaporanController.php(21): view('admin/datalaporan/filter_laporan')
 6 SYSTEMPATH\CodeIgniter.php(925): App\Controllers\LaporanController->index()
 7 SYSTEMPATH\CodeIgniter.php(480): CodeIgniter\CodeIgniter->runController(Object(App\Controllers\LaporanController))
 8 SYSTEMPATH\CodeIgniter.php(349): CodeIgniter\CodeIgniter->handleRequest(null, Object(Config\Cache), false)
 9 FCPATH\index.php(67): CodeIgniter\CodeIgniter->run()
10 SYSTEMPATH\Commands\Server\rewrite.php(47): require_once('FCPATH\\index.php')
ERROR - 2023-06-01 23:28:59 --> mysqli_sql_exception: You have an error in your SQL syntax; check the manual that corresponds to your MariaDB server version for the right syntax to use near 'IS NULL
AND `tanggal` < IS NULL
AND tanggal IS NOT NULL
ORDER BY `id_kegiatan...' at line 5 in D:\xampp\htdocs\buku_pantau_website\system\Database\MySQLi\Connection.php:292
Stack trace:
#0 D:\xampp\htdocs\buku_pantau_website\system\Database\MySQLi\Connection.php(292): mysqli->query('SELECT `kegiata...', 0)
#1 D:\xampp\htdocs\buku_pantau_website\system\Database\BaseConnection.php(666): CodeIgniter\Database\MySQLi\Connection->execute('SELECT `kegiata...')
#2 D:\xampp\htdocs\buku_pantau_website\system\Database\BaseConnection.php(593): CodeIgniter\Database\BaseConnection->simpleQuery('SELECT `kegiata...')
#3 D:\xampp\htdocs\buku_pantau_website\system\Database\BaseBuilder.php(1585): CodeIgniter\Database\BaseConnection->query('SELECT `kegiata...', Array, false)
#4 D:\xampp\htdocs\buku_pantau_website\system\Model.php(805): CodeIgniter\Database\BaseBuilder->get()
#5 D:\xampp\htdocs\buku_pantau_website\app\Models\Laporan.php(24): CodeIgniter\Model->__call('get', Array)
#6 D:\xampp\htdocs\buku_pantau_website\app\Controllers\LaporanController.php(55): App\Models\Laporan->getLaporan(NULL, NULL)
#7 D:\xampp\htdocs\buku_pantau_website\system\CodeIgniter.php(925): App\Controllers\LaporanController->export()
#8 D:\xampp\htdocs\buku_pantau_website\system\CodeIgniter.php(480): CodeIgniter\CodeIgniter->runController(Object(App\Controllers\LaporanController))
#9 D:\xampp\htdocs\buku_pantau_website\system\CodeIgniter.php(349): CodeIgniter\CodeIgniter->handleRequest(NULL, Object(Config\Cache), false)
#10 D:\xampp\htdocs\buku_pantau_website\public\index.php(67): CodeIgniter\CodeIgniter->run()
#11 D:\xampp\htdocs\buku_pantau_website\system\Commands\Server\rewrite.php(47): require_once('D:\\xampp\\htdocs...')
#12 {main}
CRITICAL - 2023-06-01 23:28:59 --> You have an error in your SQL syntax; check the manual that corresponds to your MariaDB server version for the right syntax to use near 'IS NULL
AND `tanggal` < IS NULL
AND tanggal IS NOT NULL
ORDER BY `id_kegiatan...' at line 5
in SYSTEMPATH\Database\MySQLi\Connection.php on line 292.
 1 SYSTEMPATH\Database\MySQLi\Connection.php(292): mysqli->query('SELECT `kegiatan`.*, `guru`.`nama_guru` AS `nama_guru`, `jadwal`.`hari` AS `hari`
FROM `kegiatan`
LEFT JOIN `guru` ON `guru`.`id_guru` = `kegiatan`.`id_guru`
LEFT JOIN `jadwal` ON `jadwal`.`id_jadwal` = `kegiatan`.`id_jadwal`
WHERE `tanggal` > IS NULL
AND `tanggal` < IS NULL
AND tanggal IS NOT NULL
ORDER BY `id_kegiatan` DESC', 0)
 2 SYSTEMPATH\Database\BaseConnection.php(666): CodeIgniter\Database\MySQLi\Connection->execute('SELECT `kegiatan`.*, `guru`.`nama_guru` AS `nama_guru`, `jadwal`.`hari` AS `hari`
FROM `kegiatan`
LEFT JOIN `guru` ON `guru`.`id_guru` = `kegiatan`.`id_guru`
LEFT JOIN `jadwal` ON `jadwal`.`id_jadwal` = `kegiatan`.`id_jadwal`
WHERE `tanggal` > IS NULL
AND `tanggal` < IS NULL
AND tanggal IS NOT NULL
ORDER BY `id_kegiatan` DESC')
 3 SYSTEMPATH\Database\BaseConnection.php(593): CodeIgniter\Database\BaseConnection->simpleQuery('SELECT `kegiatan`.*, `guru`.`nama_guru` AS `nama_guru`, `jadwal`.`hari` AS `hari`
FROM `kegiatan`
LEFT JOIN `guru` ON `guru`.`id_guru` = `kegiatan`.`id_guru`
LEFT JOIN `jadwal` ON `jadwal`.`id_jadwal` = `kegiatan`.`id_jadwal`
WHERE `tanggal` > IS NULL
AND `tanggal` < IS NULL
AND tanggal IS NOT NULL
ORDER BY `id_kegiatan` DESC')
 4 SYSTEMPATH\Database\BaseBuilder.php(1585): CodeIgniter\Database\BaseConnection->query('SELECT `kegiatan`.*, `guru`.`nama_guru` AS `nama_guru`, `jadwal`.`hari` AS `hari`
FROM `kegiatan`
LEFT JOIN `guru` ON `guru`.`id_guru` = `kegiatan`.`id_guru`
LEFT JOIN `jadwal` ON `jadwal`.`id_jadwal` = `kegiatan`.`id_jadwal`
WHERE `tanggal` > IS NULL
AND `tanggal` < IS NULL
AND tanggal IS NOT NULL
ORDER BY `id_kegiatan` DESC', [], false)
 5 SYSTEMPATH\Model.php(805): CodeIgniter\Database\BaseBuilder->get()
 6 APPPATH\Models\Laporan.php(24): CodeIgniter\Model->__call('get', [])
 7 APPPATH\Controllers\LaporanController.php(55): App\Models\Laporan->getLaporan(null, null)
 8 SYSTEMPATH\CodeIgniter.php(925): App\Controllers\LaporanController->export()
 9 SYSTEMPATH\CodeIgniter.php(480): CodeIgniter\CodeIgniter->runController(Object(App\Controllers\LaporanController))
10 SYSTEMPATH\CodeIgniter.php(349): CodeIgniter\CodeIgniter->handleRequest(null, Object(Config\Cache), false)
11 FCPATH\index.php(67): CodeIgniter\CodeIgniter->run()
12 SYSTEMPATH\Commands\Server\rewrite.php(47): require_once('FCPATH\\index.php')
ERROR - 2023-06-01 23:41:10 --> mysqli_sql_exception: You have an error in your SQL syntax; check the manual that corresponds to your MariaDB server version for the right syntax to use near 'IS NULL
AND `tanggal` < IS NULL
AND tanggal IS NOT NULL
ORDER BY `id_kegiatan...' at line 5 in D:\xampp\htdocs\buku_pantau_website\system\Database\MySQLi\Connection.php:292
Stack trace:
#0 D:\xampp\htdocs\buku_pantau_website\system\Database\MySQLi\Connection.php(292): mysqli->query('SELECT `kegiata...', 0)
#1 D:\xampp\htdocs\buku_pantau_website\system\Database\BaseConnection.php(666): CodeIgniter\Database\MySQLi\Connection->execute('SELECT `kegiata...')
#2 D:\xampp\htdocs\buku_pantau_website\system\Database\BaseConnection.php(593): CodeIgniter\Database\BaseConnection->simpleQuery('SELECT `kegiata...')
#3 D:\xampp\htdocs\buku_pantau_website\system\Database\BaseBuilder.php(1585): CodeIgniter\Database\BaseConnection->query('SELECT `kegiata...', Array, false)
#4 D:\xampp\htdocs\buku_pantau_website\system\Model.php(805): CodeIgniter\Database\BaseBuilder->get()
#5 D:\xampp\htdocs\buku_pantau_website\app\Models\Laporan.php(24): CodeIgniter\Model->__call('get', Array)
#6 D:\xampp\htdocs\buku_pantau_website\app\Controllers\LaporanController.php(46): App\Models\Laporan->getLaporan(NULL, NULL)
#7 D:\xampp\htdocs\buku_pantau_website\system\CodeIgniter.php(925): App\Controllers\LaporanController->export()
#8 D:\xampp\htdocs\buku_pantau_website\system\CodeIgniter.php(480): CodeIgniter\CodeIgniter->runController(Object(App\Controllers\LaporanController))
#9 D:\xampp\htdocs\buku_pantau_website\system\CodeIgniter.php(349): CodeIgniter\CodeIgniter->handleRequest(NULL, Object(Config\Cache), false)
#10 D:\xampp\htdocs\buku_pantau_website\public\index.php(67): CodeIgniter\CodeIgniter->run()
#11 D:\xampp\htdocs\buku_pantau_website\system\Commands\Server\rewrite.php(47): require_once('D:\\xampp\\htdocs...')
#12 {main}
CRITICAL - 2023-06-01 23:41:10 --> You have an error in your SQL syntax; check the manual that corresponds to your MariaDB server version for the right syntax to use near 'IS NULL
AND `tanggal` < IS NULL
AND tanggal IS NOT NULL
ORDER BY `id_kegiatan...' at line 5
in SYSTEMPATH\Database\MySQLi\Connection.php on line 292.
 1 SYSTEMPATH\Database\MySQLi\Connection.php(292): mysqli->query('SELECT `kegiatan`.*, `guru`.`nama_guru` AS `nama_guru`, `jadwal`.`hari` AS `hari`
FROM `kegiatan`
LEFT JOIN `guru` ON `guru`.`id_guru` = `kegiatan`.`id_guru`
LEFT JOIN `jadwal` ON `jadwal`.`id_jadwal` = `kegiatan`.`id_jadwal`
WHERE `tanggal` > IS NULL
AND `tanggal` < IS NULL
AND tanggal IS NOT NULL
ORDER BY `id_kegiatan` DESC', 0)
 2 SYSTEMPATH\Database\BaseConnection.php(666): CodeIgniter\Database\MySQLi\Connection->execute('SELECT `kegiatan`.*, `guru`.`nama_guru` AS `nama_guru`, `jadwal`.`hari` AS `hari`
FROM `kegiatan`
LEFT JOIN `guru` ON `guru`.`id_guru` = `kegiatan`.`id_guru`
LEFT JOIN `jadwal` ON `jadwal`.`id_jadwal` = `kegiatan`.`id_jadwal`
WHERE `tanggal` > IS NULL
AND `tanggal` < IS NULL
AND tanggal IS NOT NULL
ORDER BY `id_kegiatan` DESC')
 3 SYSTEMPATH\Database\BaseConnection.php(593): CodeIgniter\Database\BaseConnection->simpleQuery('SELECT `kegiatan`.*, `guru`.`nama_guru` AS `nama_guru`, `jadwal`.`hari` AS `hari`
FROM `kegiatan`
LEFT JOIN `guru` ON `guru`.`id_guru` = `kegiatan`.`id_guru`
LEFT JOIN `jadwal` ON `jadwal`.`id_jadwal` = `kegiatan`.`id_jadwal`
WHERE `tanggal` > IS NULL
AND `tanggal` < IS NULL
AND tanggal IS NOT NULL
ORDER BY `id_kegiatan` DESC')
 4 SYSTEMPATH\Database\BaseBuilder.php(1585): CodeIgniter\Database\BaseConnection->query('SELECT `kegiatan`.*, `guru`.`nama_guru` AS `nama_guru`, `jadwal`.`hari` AS `hari`
FROM `kegiatan`
LEFT JOIN `guru` ON `guru`.`id_guru` = `kegiatan`.`id_guru`
LEFT JOIN `jadwal` ON `jadwal`.`id_jadwal` = `kegiatan`.`id_jadwal`
WHERE `tanggal` > IS NULL
AND `tanggal` < IS NULL
AND tanggal IS NOT NULL
ORDER BY `id_kegiatan` DESC', [], false)
 5 SYSTEMPATH\Model.php(805): CodeIgniter\Database\BaseBuilder->get()
 6 APPPATH\Models\Laporan.php(24): CodeIgniter\Model->__call('get', [])
 7 APPPATH\Controllers\LaporanController.php(46): App\Models\Laporan->getLaporan(null, null)
 8 SYSTEMPATH\CodeIgniter.php(925): App\Controllers\LaporanController->export()
 9 SYSTEMPATH\CodeIgniter.php(480): CodeIgniter\CodeIgniter->runController(Object(App\Controllers\LaporanController))
10 SYSTEMPATH\CodeIgniter.php(349): CodeIgniter\CodeIgniter->handleRequest(null, Object(Config\Cache), false)
11 FCPATH\index.php(67): CodeIgniter\CodeIgniter->run()
12 SYSTEMPATH\Commands\Server\rewrite.php(47): require_once('FCPATH\\index.php')
ERROR - 2023-06-01 23:42:15 --> mysqli_sql_exception: You have an error in your SQL syntax; check the manual that corresponds to your MariaDB server version for the right syntax to use near 'IS NULL
AND `tanggal` < IS NULL
ORDER BY `id_kegiatan` DESC' at line 5 in D:\xampp\htdocs\buku_pantau_website\system\Database\MySQLi\Connection.php:292
Stack trace:
#0 D:\xampp\htdocs\buku_pantau_website\system\Database\MySQLi\Connection.php(292): mysqli->query('SELECT `kegiata...', 0)
#1 D:\xampp\htdocs\buku_pantau_website\system\Database\BaseConnection.php(666): CodeIgniter\Database\MySQLi\Connection->execute('SELECT `kegiata...')
#2 D:\xampp\htdocs\buku_pantau_website\system\Database\BaseConnection.php(593): CodeIgniter\Database\BaseConnection->simpleQuery('SELECT `kegiata...')
#3 D:\xampp\htdocs\buku_pantau_website\system\Database\BaseBuilder.php(1585): CodeIgniter\Database\BaseConnection->query('SELECT `kegiata...', Array, false)
#4 D:\xampp\htdocs\buku_pantau_website\system\Model.php(805): CodeIgniter\Database\BaseBuilder->get()
#5 D:\xampp\htdocs\buku_pantau_website\app\Models\Laporan.php(23): CodeIgniter\Model->__call('get', Array)
#6 D:\xampp\htdocs\buku_pantau_website\app\Controllers\LaporanController.php(46): App\Models\Laporan->getLaporan(NULL, NULL)
#7 D:\xampp\htdocs\buku_pantau_website\system\CodeIgniter.php(925): App\Controllers\LaporanController->export()
#8 D:\xampp\htdocs\buku_pantau_website\system\CodeIgniter.php(480): CodeIgniter\CodeIgniter->runController(Object(App\Controllers\LaporanController))
#9 D:\xampp\htdocs\buku_pantau_website\system\CodeIgniter.php(349): CodeIgniter\CodeIgniter->handleRequest(NULL, Object(Config\Cache), false)
#10 D:\xampp\htdocs\buku_pantau_website\public\index.php(67): CodeIgniter\CodeIgniter->run()
#11 D:\xampp\htdocs\buku_pantau_website\system\Commands\Server\rewrite.php(47): require_once('D:\\xampp\\htdocs...')
#12 {main}
CRITICAL - 2023-06-01 23:42:15 --> You have an error in your SQL syntax; check the manual that corresponds to your MariaDB server version for the right syntax to use near 'IS NULL
AND `tanggal` < IS NULL
ORDER BY `id_kegiatan` DESC' at line 5
in SYSTEMPATH\Database\MySQLi\Connection.php on line 292.
 1 SYSTEMPATH\Database\MySQLi\Connection.php(292): mysqli->query('SELECT `kegiatan`.*, `guru`.`nama_guru` AS `nama_guru`, `jadwal`.`hari` AS `hari`
FROM `kegiatan`
LEFT JOIN `guru` ON `guru`.`id_guru` = `kegiatan`.`id_guru`
LEFT JOIN `jadwal` ON `jadwal`.`id_jadwal` = `kegiatan`.`id_jadwal`
WHERE `tanggal` > IS NULL
AND `tanggal` < IS NULL
ORDER BY `id_kegiatan` DESC', 0)
 2 SYSTEMPATH\Database\BaseConnection.php(666): CodeIgniter\Database\MySQLi\Connection->execute('SELECT `kegiatan`.*, `guru`.`nama_guru` AS `nama_guru`, `jadwal`.`hari` AS `hari`
FROM `kegiatan`
LEFT JOIN `guru` ON `guru`.`id_guru` = `kegiatan`.`id_guru`
LEFT JOIN `jadwal` ON `jadwal`.`id_jadwal` = `kegiatan`.`id_jadwal`
WHERE `tanggal` > IS NULL
AND `tanggal` < IS NULL
ORDER BY `id_kegiatan` DESC')
 3 SYSTEMPATH\Database\BaseConnection.php(593): CodeIgniter\Database\BaseConnection->simpleQuery('SELECT `kegiatan`.*, `guru`.`nama_guru` AS `nama_guru`, `jadwal`.`hari` AS `hari`
FROM `kegiatan`
LEFT JOIN `guru` ON `guru`.`id_guru` = `kegiatan`.`id_guru`
LEFT JOIN `jadwal` ON `jadwal`.`id_jadwal` = `kegiatan`.`id_jadwal`
WHERE `tanggal` > IS NULL
AND `tanggal` < IS NULL
ORDER BY `id_kegiatan` DESC')
 4 SYSTEMPATH\Database\BaseBuilder.php(1585): CodeIgniter\Database\BaseConnection->query('SELECT `kegiatan`.*, `guru`.`nama_guru` AS `nama_guru`, `jadwal`.`hari` AS `hari`
FROM `kegiatan`
LEFT JOIN `guru` ON `guru`.`id_guru` = `kegiatan`.`id_guru`
LEFT JOIN `jadwal` ON `jadwal`.`id_jadwal` = `kegiatan`.`id_jadwal`
WHERE `tanggal` > IS NULL
AND `tanggal` < IS NULL
ORDER BY `id_kegiatan` DESC', [], false)
 5 SYSTEMPATH\Model.php(805): CodeIgniter\Database\BaseBuilder->get()
 6 APPPATH\Models\Laporan.php(23): CodeIgniter\Model->__call('get', [])
 7 APPPATH\Controllers\LaporanController.php(46): App\Models\Laporan->getLaporan(null, null)
 8 SYSTEMPATH\CodeIgniter.php(925): App\Controllers\LaporanController->export()
 9 SYSTEMPATH\CodeIgniter.php(480): CodeIgniter\CodeIgniter->runController(Object(App\Controllers\LaporanController))
10 SYSTEMPATH\CodeIgniter.php(349): CodeIgniter\CodeIgniter->handleRequest(null, Object(Config\Cache), false)
11 FCPATH\index.php(67): CodeIgniter\CodeIgniter->run()
12 SYSTEMPATH\Commands\Server\rewrite.php(47): require_once('FCPATH\\index.php')
ERROR - 2023-06-01 23:45:29 --> mysqli_sql_exception: You have an error in your SQL syntax; check the manual that corresponds to your MariaDB server version for the right syntax to use near 'IS NULL
AND `tanggal` < IS NULL
ORDER BY `id_kegiatan` DESC' at line 5 in D:\xampp\htdocs\buku_pantau_website\system\Database\MySQLi\Connection.php:292
Stack trace:
#0 D:\xampp\htdocs\buku_pantau_website\system\Database\MySQLi\Connection.php(292): mysqli->query('SELECT `kegiata...', 0)
#1 D:\xampp\htdocs\buku_pantau_website\system\Database\BaseConnection.php(666): CodeIgniter\Database\MySQLi\Connection->execute('SELECT `kegiata...')
#2 D:\xampp\htdocs\buku_pantau_website\system\Database\BaseConnection.php(593): CodeIgniter\Database\BaseConnection->simpleQuery('SELECT `kegiata...')
#3 D:\xampp\htdocs\buku_pantau_website\system\Database\BaseBuilder.php(1585): CodeIgniter\Database\BaseConnection->query('SELECT `kegiata...', Array, false)
#4 D:\xampp\htdocs\buku_pantau_website\system\Model.php(805): CodeIgniter\Database\BaseBuilder->get()
#5 D:\xampp\htdocs\buku_pantau_website\app\Models\Laporan.php(23): CodeIgniter\Model->__call('get', Array)
#6 D:\xampp\htdocs\buku_pantau_website\app\Controllers\LaporanController.php(46): App\Models\Laporan->getLaporan(NULL, NULL)
#7 D:\xampp\htdocs\buku_pantau_website\system\CodeIgniter.php(925): App\Controllers\LaporanController->export()
#8 D:\xampp\htdocs\buku_pantau_website\system\CodeIgniter.php(480): CodeIgniter\CodeIgniter->runController(Object(App\Controllers\LaporanController))
#9 D:\xampp\htdocs\buku_pantau_website\system\CodeIgniter.php(349): CodeIgniter\CodeIgniter->handleRequest(NULL, Object(Config\Cache), false)
#10 D:\xampp\htdocs\buku_pantau_website\public\index.php(67): CodeIgniter\CodeIgniter->run()
#11 D:\xampp\htdocs\buku_pantau_website\system\Commands\Server\rewrite.php(47): require_once('D:\\xampp\\htdocs...')
#12 {main}
CRITICAL - 2023-06-01 23:45:29 --> You have an error in your SQL syntax; check the manual that corresponds to your MariaDB server version for the right syntax to use near 'IS NULL
AND `tanggal` < IS NULL
ORDER BY `id_kegiatan` DESC' at line 5
in SYSTEMPATH\Database\MySQLi\Connection.php on line 292.
 1 SYSTEMPATH\Database\MySQLi\Connection.php(292): mysqli->query('SELECT `kegiatan`.*, `guru`.`nama_guru` AS `nama_guru`, `jadwal`.`hari` AS `hari`
FROM `kegiatan`
LEFT JOIN `guru` ON `guru`.`id_guru` = `kegiatan`.`id_guru`
LEFT JOIN `jadwal` ON `jadwal`.`id_jadwal` = `kegiatan`.`id_jadwal`
WHERE `tanggal` > IS NULL
AND `tanggal` < IS NULL
ORDER BY `id_kegiatan` DESC', 0)
 2 SYSTEMPATH\Database\BaseConnection.php(666): CodeIgniter\Database\MySQLi\Connection->execute('SELECT `kegiatan`.*, `guru`.`nama_guru` AS `nama_guru`, `jadwal`.`hari` AS `hari`
FROM `kegiatan`
LEFT JOIN `guru` ON `guru`.`id_guru` = `kegiatan`.`id_guru`
LEFT JOIN `jadwal` ON `jadwal`.`id_jadwal` = `kegiatan`.`id_jadwal`
WHERE `tanggal` > IS NULL
AND `tanggal` < IS NULL
ORDER BY `id_kegiatan` DESC')
 3 SYSTEMPATH\Database\BaseConnection.php(593): CodeIgniter\Database\BaseConnection->simpleQuery('SELECT `kegiatan`.*, `guru`.`nama_guru` AS `nama_guru`, `jadwal`.`hari` AS `hari`
FROM `kegiatan`
LEFT JOIN `guru` ON `guru`.`id_guru` = `kegiatan`.`id_guru`
LEFT JOIN `jadwal` ON `jadwal`.`id_jadwal` = `kegiatan`.`id_jadwal`
WHERE `tanggal` > IS NULL
AND `tanggal` < IS NULL
ORDER BY `id_kegiatan` DESC')
 4 SYSTEMPATH\Database\BaseBuilder.php(1585): CodeIgniter\Database\BaseConnection->query('SELECT `kegiatan`.*, `guru`.`nama_guru` AS `nama_guru`, `jadwal`.`hari` AS `hari`
FROM `kegiatan`
LEFT JOIN `guru` ON `guru`.`id_guru` = `kegiatan`.`id_guru`
LEFT JOIN `jadwal` ON `jadwal`.`id_jadwal` = `kegiatan`.`id_jadwal`
WHERE `tanggal` > IS NULL
AND `tanggal` < IS NULL
ORDER BY `id_kegiatan` DESC', [], false)
 5 SYSTEMPATH\Model.php(805): CodeIgniter\Database\BaseBuilder->get()
 6 APPPATH\Models\Laporan.php(23): CodeIgniter\Model->__call('get', [])
 7 APPPATH\Controllers\LaporanController.php(46): App\Models\Laporan->getLaporan(null, null)
 8 SYSTEMPATH\CodeIgniter.php(925): App\Controllers\LaporanController->export()
 9 SYSTEMPATH\CodeIgniter.php(480): CodeIgniter\CodeIgniter->runController(Object(App\Controllers\LaporanController))
10 SYSTEMPATH\CodeIgniter.php(349): CodeIgniter\CodeIgniter->handleRequest(null, Object(Config\Cache), false)
11 FCPATH\index.php(67): CodeIgniter\CodeIgniter->run()
12 SYSTEMPATH\Commands\Server\rewrite.php(47): require_once('FCPATH\\index.php')
ERROR - 2023-06-01 23:50:36 --> mysqli_sql_exception: You have an error in your SQL syntax; check the manual that corresponds to your MariaDB server version for the right syntax to use near 'IS NULL
AND `tanggal` < IS NULL' at line 5 in D:\xampp\htdocs\buku_pantau_website\system\Database\MySQLi\Connection.php:292
Stack trace:
#0 D:\xampp\htdocs\buku_pantau_website\system\Database\MySQLi\Connection.php(292): mysqli->query('SELECT `kegiata...', 0)
#1 D:\xampp\htdocs\buku_pantau_website\system\Database\BaseConnection.php(666): CodeIgniter\Database\MySQLi\Connection->execute('SELECT `kegiata...')
#2 D:\xampp\htdocs\buku_pantau_website\system\Database\BaseConnection.php(593): CodeIgniter\Database\BaseConnection->simpleQuery('SELECT `kegiata...')
#3 D:\xampp\htdocs\buku_pantau_website\system\Database\BaseBuilder.php(1585): CodeIgniter\Database\BaseConnection->query('SELECT `kegiata...', Array, false)
#4 D:\xampp\htdocs\buku_pantau_website\system\Model.php(805): CodeIgniter\Database\BaseBuilder->get()
#5 D:\xampp\htdocs\buku_pantau_website\app\Models\Laporan.php(22): CodeIgniter\Model->__call('get', Array)
#6 D:\xampp\htdocs\buku_pantau_website\app\Controllers\LaporanController.php(46): App\Models\Laporan->getLaporan(NULL, NULL)
#7 D:\xampp\htdocs\buku_pantau_website\system\CodeIgniter.php(925): App\Controllers\LaporanController->export()
#8 D:\xampp\htdocs\buku_pantau_website\system\CodeIgniter.php(480): CodeIgniter\CodeIgniter->runController(Object(App\Controllers\LaporanController))
#9 D:\xampp\htdocs\buku_pantau_website\system\CodeIgniter.php(349): CodeIgniter\CodeIgniter->handleRequest(NULL, Object(Config\Cache), false)
#10 D:\xampp\htdocs\buku_pantau_website\public\index.php(67): CodeIgniter\CodeIgniter->run()
#11 D:\xampp\htdocs\buku_pantau_website\system\Commands\Server\rewrite.php(47): require_once('D:\\xampp\\htdocs...')
#12 {main}
CRITICAL - 2023-06-01 23:50:36 --> You have an error in your SQL syntax; check the manual that corresponds to your MariaDB server version for the right syntax to use near 'IS NULL
AND `tanggal` < IS NULL' at line 5
in SYSTEMPATH\Database\MySQLi\Connection.php on line 292.
 1 SYSTEMPATH\Database\MySQLi\Connection.php(292): mysqli->query('SELECT `kegiatan`.*, `guru`.`nama_guru` AS `nama_guru`, `jadwal`.`hari` AS `hari`
FROM `kegiatan`
LEFT JOIN `guru` ON `guru`.`id_guru` = `kegiatan`.`id_guru`
LEFT JOIN `jadwal` ON `jadwal`.`id_jadwal` = `kegiatan`.`id_jadwal`
WHERE `tanggal` > IS NULL
AND `tanggal` < IS NULL', 0)
 2 SYSTEMPATH\Database\BaseConnection.php(666): CodeIgniter\Database\MySQLi\Connection->execute('SELECT `kegiatan`.*, `guru`.`nama_guru` AS `nama_guru`, `jadwal`.`hari` AS `hari`
FROM `kegiatan`
LEFT JOIN `guru` ON `guru`.`id_guru` = `kegiatan`.`id_guru`
LEFT JOIN `jadwal` ON `jadwal`.`id_jadwal` = `kegiatan`.`id_jadwal`
WHERE `tanggal` > IS NULL
AND `tanggal` < IS NULL')
 3 SYSTEMPATH\Database\BaseConnection.php(593): CodeIgniter\Database\BaseConnection->simpleQuery('SELECT `kegiatan`.*, `guru`.`nama_guru` AS `nama_guru`, `jadwal`.`hari` AS `hari`
FROM `kegiatan`
LEFT JOIN `guru` ON `guru`.`id_guru` = `kegiatan`.`id_guru`
LEFT JOIN `jadwal` ON `jadwal`.`id_jadwal` = `kegiatan`.`id_jadwal`
WHERE `tanggal` > IS NULL
AND `tanggal` < IS NULL')
 4 SYSTEMPATH\Database\BaseBuilder.php(1585): CodeIgniter\Database\BaseConnection->query('SELECT `kegiatan`.*, `guru`.`nama_guru` AS `nama_guru`, `jadwal`.`hari` AS `hari`
FROM `kegiatan`
LEFT JOIN `guru` ON `guru`.`id_guru` = `kegiatan`.`id_guru`
LEFT JOIN `jadwal` ON `jadwal`.`id_jadwal` = `kegiatan`.`id_jadwal`
WHERE `tanggal` > IS NULL
AND `tanggal` < IS NULL', [], false)
 5 SYSTEMPATH\Model.php(805): CodeIgniter\Database\BaseBuilder->get()
 6 APPPATH\Models\Laporan.php(22): CodeIgniter\Model->__call('get', [])
 7 APPPATH\Controllers\LaporanController.php(46): App\Models\Laporan->getLaporan(null, null)
 8 SYSTEMPATH\CodeIgniter.php(925): App\Controllers\LaporanController->export()
 9 SYSTEMPATH\CodeIgniter.php(480): CodeIgniter\CodeIgniter->runController(Object(App\Controllers\LaporanController))
10 SYSTEMPATH\CodeIgniter.php(349): CodeIgniter\CodeIgniter->handleRequest(null, Object(Config\Cache), false)
11 FCPATH\index.php(67): CodeIgniter\CodeIgniter->run()
12 SYSTEMPATH\Commands\Server\rewrite.php(47): require_once('FCPATH\\index.php')
ERROR - 2023-06-01 23:54:42 --> mysqli_sql_exception: You have an error in your SQL syntax; check the manual that corresponds to your MariaDB server version for the right syntax to use near 'IS NULL
AND `tanggal` < IS NULL' at line 5 in D:\xampp\htdocs\buku_pantau_website\system\Database\MySQLi\Connection.php:292
Stack trace:
#0 D:\xampp\htdocs\buku_pantau_website\system\Database\MySQLi\Connection.php(292): mysqli->query('SELECT `kegiata...', 0)
#1 D:\xampp\htdocs\buku_pantau_website\system\Database\BaseConnection.php(666): CodeIgniter\Database\MySQLi\Connection->execute('SELECT `kegiata...')
#2 D:\xampp\htdocs\buku_pantau_website\system\Database\BaseConnection.php(593): CodeIgniter\Database\BaseConnection->simpleQuery('SELECT `kegiata...')
#3 D:\xampp\htdocs\buku_pantau_website\system\Database\BaseBuilder.php(1585): CodeIgniter\Database\BaseConnection->query('SELECT `kegiata...', Array, false)
#4 D:\xampp\htdocs\buku_pantau_website\system\Model.php(805): CodeIgniter\Database\BaseBuilder->get()
#5 D:\xampp\htdocs\buku_pantau_website\app\Models\Laporan.php(22): CodeIgniter\Model->__call('get', Array)
#6 D:\xampp\htdocs\buku_pantau_website\app\Controllers\LaporanController.php(46): App\Models\Laporan->getLaporan(NULL, NULL)
#7 D:\xampp\htdocs\buku_pantau_website\system\CodeIgniter.php(925): App\Controllers\LaporanController->export()
#8 D:\xampp\htdocs\buku_pantau_website\system\CodeIgniter.php(480): CodeIgniter\CodeIgniter->runController(Object(App\Controllers\LaporanController))
#9 D:\xampp\htdocs\buku_pantau_website\system\CodeIgniter.php(349): CodeIgniter\CodeIgniter->handleRequest(NULL, Object(Config\Cache), false)
#10 D:\xampp\htdocs\buku_pantau_website\public\index.php(67): CodeIgniter\CodeIgniter->run()
#11 D:\xampp\htdocs\buku_pantau_website\system\Commands\Server\rewrite.php(47): require_once('D:\\xampp\\htdocs...')
#12 {main}
CRITICAL - 2023-06-01 23:54:42 --> You have an error in your SQL syntax; check the manual that corresponds to your MariaDB server version for the right syntax to use near 'IS NULL
AND `tanggal` < IS NULL' at line 5
in SYSTEMPATH\Database\MySQLi\Connection.php on line 292.
 1 SYSTEMPATH\Database\MySQLi\Connection.php(292): mysqli->query('SELECT `kegiatan`.*, `guru`.`nama_guru` AS `nama_guru`, `jadwal`.`hari` AS `hari`
FROM `kegiatan`
LEFT JOIN `guru` ON `guru`.`id_guru` = `kegiatan`.`id_guru`
LEFT JOIN `jadwal` ON `jadwal`.`id_jadwal` = `kegiatan`.`id_jadwal`
WHERE `tanggal` > IS NULL
AND `tanggal` < IS NULL', 0)
 2 SYSTEMPATH\Database\BaseConnection.php(666): CodeIgniter\Database\MySQLi\Connection->execute('SELECT `kegiatan`.*, `guru`.`nama_guru` AS `nama_guru`, `jadwal`.`hari` AS `hari`
FROM `kegiatan`
LEFT JOIN `guru` ON `guru`.`id_guru` = `kegiatan`.`id_guru`
LEFT JOIN `jadwal` ON `jadwal`.`id_jadwal` = `kegiatan`.`id_jadwal`
WHERE `tanggal` > IS NULL
AND `tanggal` < IS NULL')
 3 SYSTEMPATH\Database\BaseConnection.php(593): CodeIgniter\Database\BaseConnection->simpleQuery('SELECT `kegiatan`.*, `guru`.`nama_guru` AS `nama_guru`, `jadwal`.`hari` AS `hari`
FROM `kegiatan`
LEFT JOIN `guru` ON `guru`.`id_guru` = `kegiatan`.`id_guru`
LEFT JOIN `jadwal` ON `jadwal`.`id_jadwal` = `kegiatan`.`id_jadwal`
WHERE `tanggal` > IS NULL
AND `tanggal` < IS NULL')
 4 SYSTEMPATH\Database\BaseBuilder.php(1585): CodeIgniter\Database\BaseConnection->query('SELECT `kegiatan`.*, `guru`.`nama_guru` AS `nama_guru`, `jadwal`.`hari` AS `hari`
FROM `kegiatan`
LEFT JOIN `guru` ON `guru`.`id_guru` = `kegiatan`.`id_guru`
LEFT JOIN `jadwal` ON `jadwal`.`id_jadwal` = `kegiatan`.`id_jadwal`
WHERE `tanggal` > IS NULL
AND `tanggal` < IS NULL', [], false)
 5 SYSTEMPATH\Model.php(805): CodeIgniter\Database\BaseBuilder->get()
 6 APPPATH\Models\Laporan.php(22): CodeIgniter\Model->__call('get', [])
 7 APPPATH\Controllers\LaporanController.php(46): App\Models\Laporan->getLaporan(null, null)
 8 SYSTEMPATH\CodeIgniter.php(925): App\Controllers\LaporanController->export()
 9 SYSTEMPATH\CodeIgniter.php(480): CodeIgniter\CodeIgniter->runController(Object(App\Controllers\LaporanController))
10 SYSTEMPATH\CodeIgniter.php(349): CodeIgniter\CodeIgniter->handleRequest(null, Object(Config\Cache), false)
11 FCPATH\index.php(67): CodeIgniter\CodeIgniter->run()
12 SYSTEMPATH\Commands\Server\rewrite.php(47): require_once('FCPATH\\index.php')
