CRITICAL - 2023-05-10 01:17:04 --> Undefined variable $kegiatans
in APPPATH\Views\admin\datalaporan\laporanperminggu\index.php on line 46.
 1 APPPATH\Views\admin\datalaporan\laporanperminggu\index.php(46): CodeIgniter\Debug\Exceptions->errorHandler(2, 'Undefined variable $kegiatans', 'APPPATH\\Views\\admin\\datalaporan\\laporanperminggu\\index.php', 46)
 2 SYSTEMPATH\View\View.php(213): include('APPPATH\\Views\\admin\\datalaporan\\laporanperminggu\\index.php')
 3 SYSTEMPATH\View\View.php(216): CodeIgniter\View\View->CodeIgniter\View\{closure}()
 4 SYSTEMPATH\Common.php(1135): CodeIgniter\View\View->render('admin/datalaporan/laporanperminggu/index', [], true)
 5 APPPATH\Controllers\LaporanController.php(28): view('admin/datalaporan/laporanperminggu/index', [...])
 6 SYSTEMPATH\CodeIgniter.php(925): App\Controllers\LaporanController->laporanperminggu()
 7 SYSTEMPATH\CodeIgniter.php(480): CodeIgniter\CodeIgniter->runController(Object(App\Controllers\LaporanController))
 8 SYSTEMPATH\CodeIgniter.php(349): CodeIgniter\CodeIgniter->handleRequest(null, Object(Config\Cache), false)
 9 FCPATH\index.php(67): CodeIgniter\CodeIgniter->run()
10 SYSTEMPATH\Commands\Server\rewrite.php(47): require_once('FCPATH\\index.php')
CRITICAL - 2023-05-10 01:22:53 --> Undefined variable $kegiatans
in APPPATH\Views\admin\datalaporan\laporanperminggu\index.php on line 46.
 1 APPPATH\Views\admin\datalaporan\laporanperminggu\index.php(46): CodeIgniter\Debug\Exceptions->errorHandler(2, 'Undefined variable $kegiatans', 'APPPATH\\Views\\admin\\datalaporan\\laporanperminggu\\index.php', 46)
 2 SYSTEMPATH\View\View.php(213): include('APPPATH\\Views\\admin\\datalaporan\\laporanperminggu\\index.php')
 3 SYSTEMPATH\View\View.php(216): CodeIgniter\View\View->CodeIgniter\View\{closure}()
 4 SYSTEMPATH\Common.php(1135): CodeIgniter\View\View->render('admin/datalaporan/laporanperminggu/index', [], true)
 5 APPPATH\Controllers\LaporanController.php(28): view('admin/datalaporan/laporanperminggu/index', [...])
 6 SYSTEMPATH\CodeIgniter.php(925): App\Controllers\LaporanController->laporanperminggu()
 7 SYSTEMPATH\CodeIgniter.php(480): CodeIgniter\CodeIgniter->runController(Object(App\Controllers\LaporanController))
 8 SYSTEMPATH\CodeIgniter.php(349): CodeIgniter\CodeIgniter->handleRequest(null, Object(Config\Cache), false)
 9 FCPATH\index.php(67): CodeIgniter\CodeIgniter->run()
10 SYSTEMPATH\Commands\Server\rewrite.php(47): require_once('FCPATH\\index.php')
CRITICAL - 2023-05-10 01:23:18 --> CodeIgniter\Database\BaseBuilder::like(): Argument #2 ($match) must be of type string, null given, called in D:\xampp\htdocs\buku_pantau_website\app\Models\Kegiatan.php on line 55
in SYSTEMPATH\Database\BaseBuilder.php on line 954.
 1 APPPATH\Models\Kegiatan.php(55): CodeIgniter\Database\BaseBuilder->like('siswa.nama_siswa', null)
 2 APPPATH\Controllers\KegiatanController.php(159): App\Models\Kegiatan->getDataBySiswa(null)
 3 SYSTEMPATH\CodeIgniter.php(925): App\Controllers\KegiatanController->filterData()
 4 SYSTEMPATH\CodeIgniter.php(480): CodeIgniter\CodeIgniter->runController(Object(App\Controllers\KegiatanController))
 5 SYSTEMPATH\CodeIgniter.php(349): CodeIgniter\CodeIgniter->handleRequest(null, Object(Config\Cache), false)
 6 FCPATH\index.php(67): CodeIgniter\CodeIgniter->run()
 7 SYSTEMPATH\Commands\Server\rewrite.php(47): require_once('FCPATH\\index.php')
CRITICAL - 2023-05-10 01:24:39 --> Undefined variable $kegiatans
in APPPATH\Views\admin\datalaporan\laporanperminggu\index.php on line 46.
 1 APPPATH\Views\admin\datalaporan\laporanperminggu\index.php(46): CodeIgniter\Debug\Exceptions->errorHandler(2, 'Undefined variable $kegiatans', 'APPPATH\\Views\\admin\\datalaporan\\laporanperminggu\\index.php', 46)
 2 SYSTEMPATH\View\View.php(213): include('APPPATH\\Views\\admin\\datalaporan\\laporanperminggu\\index.php')
 3 SYSTEMPATH\View\View.php(216): CodeIgniter\View\View->CodeIgniter\View\{closure}()
 4 SYSTEMPATH\Common.php(1135): CodeIgniter\View\View->render('admin/datalaporan/laporanperminggu/index', [], true)
 5 APPPATH\Controllers\LaporanController.php(28): view('admin/datalaporan/laporanperminggu/index', [...])
 6 SYSTEMPATH\CodeIgniter.php(925): App\Controllers\LaporanController->laporanperminggu()
 7 SYSTEMPATH\CodeIgniter.php(480): CodeIgniter\CodeIgniter->runController(Object(App\Controllers\LaporanController))
 8 SYSTEMPATH\CodeIgniter.php(349): CodeIgniter\CodeIgniter->handleRequest(null, Object(Config\Cache), false)
 9 FCPATH\index.php(67): CodeIgniter\CodeIgniter->run()
10 SYSTEMPATH\Commands\Server\rewrite.php(47): require_once('FCPATH\\index.php')
