CRITICAL - 2023-02-03 08:12:12 --> Cannot use object of type stdClass as array
in APPPATH\Views\admin\dataguru\index.php on line 49.
 1 SYSTEMPATH\View\View.php(213): include()
 2 SYSTEMPATH\View\View.php(216): CodeIgniter\View\View->CodeIgniter\View\{closure}()
 3 SYSTEMPATH\Common.php(1135): CodeIgniter\View\View->render('admin/dataguru/index', [], true)
 4 APPPATH\Controllers\GuruController.php(24): view('admin/dataguru/index', [...])
 5 SYSTEMPATH\CodeIgniter.php(925): App\Controllers\GuruController->index()
 6 SYSTEMPATH\CodeIgniter.php(480): CodeIgniter\CodeIgniter->runController(Object(App\Controllers\GuruController))
 7 SYSTEMPATH\CodeIgniter.php(349): CodeIgniter\CodeIgniter->handleRequest(null, Object(Config\Cache), false)
 8 FCPATH\index.php(67): CodeIgniter\CodeIgniter->run()
 9 SYSTEMPATH\Commands\Server\rewrite.php(47): require_once('FCPATH\\index.php')
CRITICAL - 2023-02-03 08:15:28 --> Attempt to read property "id_jadwal" on array
in APPPATH\Views\admin\dataguru\add.php on line 72.
 1 APPPATH\Views\admin\dataguru\add.php(72): CodeIgniter\Debug\Exceptions->errorHandler(2, 'Attempt to read property "id_jadwal" on array', 'APPPATH\\Views\\admin\\dataguru\\add.php', 72)
 2 SYSTEMPATH\View\View.php(213): include('APPPATH\\Views\\admin\\dataguru\\add.php')
 3 SYSTEMPATH\View\View.php(216): CodeIgniter\View\View->CodeIgniter\View\{closure}()
 4 SYSTEMPATH\Common.php(1135): CodeIgniter\View\View->render('admin/dataguru/add', [], true)
 5 APPPATH\Controllers\GuruController.php(47): view('admin/dataguru/add', [...])
 6 SYSTEMPATH\CodeIgniter.php(925): App\Controllers\GuruController->new()
 7 SYSTEMPATH\CodeIgniter.php(480): CodeIgniter\CodeIgniter->runController(Object(App\Controllers\GuruController))
 8 SYSTEMPATH\CodeIgniter.php(349): CodeIgniter\CodeIgniter->handleRequest(null, Object(Config\Cache), false)
 9 FCPATH\index.php(67): CodeIgniter\CodeIgniter->run()
10 SYSTEMPATH\Commands\Server\rewrite.php(47): require_once('FCPATH\\index.php')
CRITICAL - 2023-02-03 08:15:58 --> Attempt to read property "id_jadwal" on array
in APPPATH\Views\admin\dataguru\add.php on line 72.
 1 APPPATH\Views\admin\dataguru\add.php(72): CodeIgniter\Debug\Exceptions->errorHandler(2, 'Attempt to read property "id_jadwal" on array', 'APPPATH\\Views\\admin\\dataguru\\add.php', 72)
 2 SYSTEMPATH\View\View.php(213): include('APPPATH\\Views\\admin\\dataguru\\add.php')
 3 SYSTEMPATH\View\View.php(216): CodeIgniter\View\View->CodeIgniter\View\{closure}()
 4 SYSTEMPATH\Common.php(1135): CodeIgniter\View\View->render('admin/dataguru/add', [], true)
 5 APPPATH\Controllers\GuruController.php(47): view('admin/dataguru/add', [...])
 6 SYSTEMPATH\CodeIgniter.php(925): App\Controllers\GuruController->new()
 7 SYSTEMPATH\CodeIgniter.php(480): CodeIgniter\CodeIgniter->runController(Object(App\Controllers\GuruController))
 8 SYSTEMPATH\CodeIgniter.php(349): CodeIgniter\CodeIgniter->handleRequest(null, Object(Config\Cache), false)
 9 FCPATH\index.php(67): CodeIgniter\CodeIgniter->run()
10 SYSTEMPATH\Commands\Server\rewrite.php(47): require_once('FCPATH\\index.php')
CRITICAL - 2023-02-03 08:16:00 --> Attempt to read property "id_jadwal" on array
in APPPATH\Views\admin\dataguru\add.php on line 72.
 1 APPPATH\Views\admin\dataguru\add.php(72): CodeIgniter\Debug\Exceptions->errorHandler(2, 'Attempt to read property "id_jadwal" on array', 'APPPATH\\Views\\admin\\dataguru\\add.php', 72)
 2 SYSTEMPATH\View\View.php(213): include('APPPATH\\Views\\admin\\dataguru\\add.php')
 3 SYSTEMPATH\View\View.php(216): CodeIgniter\View\View->CodeIgniter\View\{closure}()
 4 SYSTEMPATH\Common.php(1135): CodeIgniter\View\View->render('admin/dataguru/add', [], true)
 5 APPPATH\Controllers\GuruController.php(47): view('admin/dataguru/add', [...])
 6 SYSTEMPATH\CodeIgniter.php(925): App\Controllers\GuruController->new()
 7 SYSTEMPATH\CodeIgniter.php(480): CodeIgniter\CodeIgniter->runController(Object(App\Controllers\GuruController))
 8 SYSTEMPATH\CodeIgniter.php(349): CodeIgniter\CodeIgniter->handleRequest(null, Object(Config\Cache), false)
 9 FCPATH\index.php(67): CodeIgniter\CodeIgniter->run()
10 SYSTEMPATH\Commands\Server\rewrite.php(47): require_once('FCPATH\\index.php')
CRITICAL - 2023-02-03 08:16:01 --> Attempt to read property "id_jadwal" on array
in APPPATH\Views\admin\dataguru\add.php on line 72.
 1 APPPATH\Views\admin\dataguru\add.php(72): CodeIgniter\Debug\Exceptions->errorHandler(2, 'Attempt to read property "id_jadwal" on array', 'APPPATH\\Views\\admin\\dataguru\\add.php', 72)
 2 SYSTEMPATH\View\View.php(213): include('APPPATH\\Views\\admin\\dataguru\\add.php')
 3 SYSTEMPATH\View\View.php(216): CodeIgniter\View\View->CodeIgniter\View\{closure}()
 4 SYSTEMPATH\Common.php(1135): CodeIgniter\View\View->render('admin/dataguru/add', [], true)
 5 APPPATH\Controllers\GuruController.php(47): view('admin/dataguru/add', [...])
 6 SYSTEMPATH\CodeIgniter.php(925): App\Controllers\GuruController->new()
 7 SYSTEMPATH\CodeIgniter.php(480): CodeIgniter\CodeIgniter->runController(Object(App\Controllers\GuruController))
 8 SYSTEMPATH\CodeIgniter.php(349): CodeIgniter\CodeIgniter->handleRequest(null, Object(Config\Cache), false)
 9 FCPATH\index.php(67): CodeIgniter\CodeIgniter->run()
10 SYSTEMPATH\Commands\Server\rewrite.php(47): require_once('FCPATH\\index.php')
CRITICAL - 2023-02-03 08:18:20 --> Attempt to read property "id_jadwal" on array
in APPPATH\Views\admin\dataguru\add.php on line 72.
 1 APPPATH\Views\admin\dataguru\add.php(72): CodeIgniter\Debug\Exceptions->errorHandler(2, 'Attempt to read property "id_jadwal" on array', 'APPPATH\\Views\\admin\\dataguru\\add.php', 72)
 2 SYSTEMPATH\View\View.php(213): include('APPPATH\\Views\\admin\\dataguru\\add.php')
 3 SYSTEMPATH\View\View.php(216): CodeIgniter\View\View->CodeIgniter\View\{closure}()
 4 SYSTEMPATH\Common.php(1135): CodeIgniter\View\View->render('admin/dataguru/add', [], true)
 5 APPPATH\Controllers\GuruController.php(47): view('admin/dataguru/add', [...])
 6 SYSTEMPATH\CodeIgniter.php(925): App\Controllers\GuruController->new()
 7 SYSTEMPATH\CodeIgniter.php(480): CodeIgniter\CodeIgniter->runController(Object(App\Controllers\GuruController))
 8 SYSTEMPATH\CodeIgniter.php(349): CodeIgniter\CodeIgniter->handleRequest(null, Object(Config\Cache), false)
 9 FCPATH\index.php(67): CodeIgniter\CodeIgniter->run()
10 SYSTEMPATH\Commands\Server\rewrite.php(47): require_once('FCPATH\\index.php')
CRITICAL - 2023-02-03 08:19:36 --> Attempt to read property "id_jadwal" on array
in APPPATH\Views\admin\dataguru\edit.php on line 73.
 1 APPPATH\Views\admin\dataguru\edit.php(73): CodeIgniter\Debug\Exceptions->errorHandler(2, 'Attempt to read property "id_jadwal" on array', 'APPPATH\\Views\\admin\\dataguru\\edit.php', 73)
 2 SYSTEMPATH\View\View.php(213): include('APPPATH\\Views\\admin\\dataguru\\edit.php')
 3 SYSTEMPATH\View\View.php(216): CodeIgniter\View\View->CodeIgniter\View\{closure}()
 4 SYSTEMPATH\Common.php(1135): CodeIgniter\View\View->render('admin/dataguru/edit', [], true)
 5 APPPATH\Controllers\GuruController.php(132): view('admin/dataguru/edit', [...])
 6 SYSTEMPATH\CodeIgniter.php(925): App\Controllers\GuruController->edit('6')
 7 SYSTEMPATH\CodeIgniter.php(480): CodeIgniter\CodeIgniter->runController(Object(App\Controllers\GuruController))
 8 SYSTEMPATH\CodeIgniter.php(349): CodeIgniter\CodeIgniter->handleRequest(null, Object(Config\Cache), false)
 9 FCPATH\index.php(67): CodeIgniter\CodeIgniter->run()
10 SYSTEMPATH\Commands\Server\rewrite.php(47): require_once('FCPATH\\index.php')
CRITICAL - 2023-02-03 08:20:59 --> Undefined array key "id_jadwal"
in APPPATH\Views\admin\dataguru\edit.php on line 73.
 1 APPPATH\Views\admin\dataguru\edit.php(73): CodeIgniter\Debug\Exceptions->errorHandler(2, 'Undefined array key "id_jadwal"', 'APPPATH\\Views\\admin\\dataguru\\edit.php', 73)
 2 SYSTEMPATH\View\View.php(213): include('APPPATH\\Views\\admin\\dataguru\\edit.php')
 3 SYSTEMPATH\View\View.php(216): CodeIgniter\View\View->CodeIgniter\View\{closure}()
 4 SYSTEMPATH\Common.php(1135): CodeIgniter\View\View->render('admin/dataguru/edit', [], true)
 5 APPPATH\Controllers\GuruController.php(132): view('admin/dataguru/edit', [...])
 6 SYSTEMPATH\CodeIgniter.php(925): App\Controllers\GuruController->edit('6')
 7 SYSTEMPATH\CodeIgniter.php(480): CodeIgniter\CodeIgniter->runController(Object(App\Controllers\GuruController))
 8 SYSTEMPATH\CodeIgniter.php(349): CodeIgniter\CodeIgniter->handleRequest(null, Object(Config\Cache), false)
 9 FCPATH\index.php(67): CodeIgniter\CodeIgniter->run()
10 SYSTEMPATH\Commands\Server\rewrite.php(47): require_once('FCPATH\\index.php')
CRITICAL - 2023-02-03 08:22:32 --> Attempt to read property "id_jadwal" on array
in APPPATH\Views\admin\dataguru\edit.php on line 73.
 1 APPPATH\Views\admin\dataguru\edit.php(73): CodeIgniter\Debug\Exceptions->errorHandler(2, 'Attempt to read property "id_jadwal" on array', 'APPPATH\\Views\\admin\\dataguru\\edit.php', 73)
 2 SYSTEMPATH\View\View.php(213): include('APPPATH\\Views\\admin\\dataguru\\edit.php')
 3 SYSTEMPATH\View\View.php(216): CodeIgniter\View\View->CodeIgniter\View\{closure}()
 4 SYSTEMPATH\Common.php(1135): CodeIgniter\View\View->render('admin/dataguru/edit', [], true)
 5 APPPATH\Controllers\GuruController.php(132): view('admin/dataguru/edit', [...])
 6 SYSTEMPATH\CodeIgniter.php(925): App\Controllers\GuruController->edit('6')
 7 SYSTEMPATH\CodeIgniter.php(480): CodeIgniter\CodeIgniter->runController(Object(App\Controllers\GuruController))
 8 SYSTEMPATH\CodeIgniter.php(349): CodeIgniter\CodeIgniter->handleRequest(null, Object(Config\Cache), false)
 9 FCPATH\index.php(67): CodeIgniter\CodeIgniter->run()
10 SYSTEMPATH\Commands\Server\rewrite.php(47): require_once('FCPATH\\index.php')
CRITICAL - 2023-02-03 08:23:13 --> Attempt to read property "id_jadwal" on array
in APPPATH\Views\admin\dataguru\edit.php on line 73.
 1 APPPATH\Views\admin\dataguru\edit.php(73): CodeIgniter\Debug\Exceptions->errorHandler(2, 'Attempt to read property "id_jadwal" on array', 'APPPATH\\Views\\admin\\dataguru\\edit.php', 73)
 2 SYSTEMPATH\View\View.php(213): include('APPPATH\\Views\\admin\\dataguru\\edit.php')
 3 SYSTEMPATH\View\View.php(216): CodeIgniter\View\View->CodeIgniter\View\{closure}()
 4 SYSTEMPATH\Common.php(1135): CodeIgniter\View\View->render('admin/dataguru/edit', [], true)
 5 APPPATH\Controllers\GuruController.php(132): view('admin/dataguru/edit', [...])
 6 SYSTEMPATH\CodeIgniter.php(925): App\Controllers\GuruController->edit('6')
 7 SYSTEMPATH\CodeIgniter.php(480): CodeIgniter\CodeIgniter->runController(Object(App\Controllers\GuruController))
 8 SYSTEMPATH\CodeIgniter.php(349): CodeIgniter\CodeIgniter->handleRequest(null, Object(Config\Cache), false)
 9 FCPATH\index.php(67): CodeIgniter\CodeIgniter->run()
10 SYSTEMPATH\Commands\Server\rewrite.php(47): require_once('FCPATH\\index.php')
CRITICAL - 2023-02-03 08:25:38 --> Attempt to read property "id_jadwal" on array
in APPPATH\Views\admin\dataguru\edit.php on line 73.
 1 APPPATH\Views\admin\dataguru\edit.php(73): CodeIgniter\Debug\Exceptions->errorHandler(2, 'Attempt to read property "id_jadwal" on array', 'APPPATH\\Views\\admin\\dataguru\\edit.php', 73)
 2 SYSTEMPATH\View\View.php(213): include('APPPATH\\Views\\admin\\dataguru\\edit.php')
 3 SYSTEMPATH\View\View.php(216): CodeIgniter\View\View->CodeIgniter\View\{closure}()
 4 SYSTEMPATH\Common.php(1135): CodeIgniter\View\View->render('admin/dataguru/edit', [], true)
 5 APPPATH\Controllers\GuruController.php(132): view('admin/dataguru/edit', [...])
 6 SYSTEMPATH\CodeIgniter.php(925): App\Controllers\GuruController->edit('6')
 7 SYSTEMPATH\CodeIgniter.php(480): CodeIgniter\CodeIgniter->runController(Object(App\Controllers\GuruController))
 8 SYSTEMPATH\CodeIgniter.php(349): CodeIgniter\CodeIgniter->handleRequest(null, Object(Config\Cache), false)
 9 FCPATH\index.php(67): CodeIgniter\CodeIgniter->run()
10 SYSTEMPATH\Commands\Server\rewrite.php(47): require_once('FCPATH\\index.php')
CRITICAL - 2023-02-03 08:26:15 --> Cannot use object of type stdClass as array
in APPPATH\Views\admin\dataguru\edit.php on line 73.
 1 SYSTEMPATH\View\View.php(213): include()
 2 SYSTEMPATH\View\View.php(216): CodeIgniter\View\View->CodeIgniter\View\{closure}()
 3 SYSTEMPATH\Common.php(1135): CodeIgniter\View\View->render('admin/dataguru/edit', [], true)
 4 APPPATH\Controllers\GuruController.php(132): view('admin/dataguru/edit', [...])
 5 SYSTEMPATH\CodeIgniter.php(925): App\Controllers\GuruController->edit('6')
 6 SYSTEMPATH\CodeIgniter.php(480): CodeIgniter\CodeIgniter->runController(Object(App\Controllers\GuruController))
 7 SYSTEMPATH\CodeIgniter.php(349): CodeIgniter\CodeIgniter->handleRequest(null, Object(Config\Cache), false)
 8 FCPATH\index.php(67): CodeIgniter\CodeIgniter->run()
 9 SYSTEMPATH\Commands\Server\rewrite.php(47): require_once('FCPATH\\index.php')
CRITICAL - 2023-02-03 08:26:18 --> Cannot use object of type stdClass as array
in APPPATH\Views\admin\dataguru\edit.php on line 73.
 1 SYSTEMPATH\View\View.php(213): include()
 2 SYSTEMPATH\View\View.php(216): CodeIgniter\View\View->CodeIgniter\View\{closure}()
 3 SYSTEMPATH\Common.php(1135): CodeIgniter\View\View->render('admin/dataguru/edit', [], true)
 4 APPPATH\Controllers\GuruController.php(132): view('admin/dataguru/edit', [...])
 5 SYSTEMPATH\CodeIgniter.php(925): App\Controllers\GuruController->edit('6')
 6 SYSTEMPATH\CodeIgniter.php(480): CodeIgniter\CodeIgniter->runController(Object(App\Controllers\GuruController))
 7 SYSTEMPATH\CodeIgniter.php(349): CodeIgniter\CodeIgniter->handleRequest(null, Object(Config\Cache), false)
 8 FCPATH\index.php(67): CodeIgniter\CodeIgniter->run()
 9 SYSTEMPATH\Commands\Server\rewrite.php(47): require_once('FCPATH\\index.php')
CRITICAL - 2023-02-03 08:26:19 --> Cannot use object of type stdClass as array
in APPPATH\Views\admin\dataguru\edit.php on line 73.
 1 SYSTEMPATH\View\View.php(213): include()
 2 SYSTEMPATH\View\View.php(216): CodeIgniter\View\View->CodeIgniter\View\{closure}()
 3 SYSTEMPATH\Common.php(1135): CodeIgniter\View\View->render('admin/dataguru/edit', [], true)
 4 APPPATH\Controllers\GuruController.php(132): view('admin/dataguru/edit', [...])
 5 SYSTEMPATH\CodeIgniter.php(925): App\Controllers\GuruController->edit('6')
 6 SYSTEMPATH\CodeIgniter.php(480): CodeIgniter\CodeIgniter->runController(Object(App\Controllers\GuruController))
 7 SYSTEMPATH\CodeIgniter.php(349): CodeIgniter\CodeIgniter->handleRequest(null, Object(Config\Cache), false)
 8 FCPATH\index.php(67): CodeIgniter\CodeIgniter->run()
 9 SYSTEMPATH\Commands\Server\rewrite.php(47): require_once('FCPATH\\index.php')
CRITICAL - 2023-02-03 08:28:23 --> Cannot use object of type stdClass as array
in APPPATH\Views\admin\dataguru\edit.php on line 73.
 1 SYSTEMPATH\View\View.php(213): include()
 2 SYSTEMPATH\View\View.php(216): CodeIgniter\View\View->CodeIgniter\View\{closure}()
 3 SYSTEMPATH\Common.php(1135): CodeIgniter\View\View->render('admin/dataguru/edit', [], true)
 4 APPPATH\Controllers\GuruController.php(132): view('admin/dataguru/edit', [...])
 5 SYSTEMPATH\CodeIgniter.php(925): App\Controllers\GuruController->edit('6')
 6 SYSTEMPATH\CodeIgniter.php(480): CodeIgniter\CodeIgniter->runController(Object(App\Controllers\GuruController))
 7 SYSTEMPATH\CodeIgniter.php(349): CodeIgniter\CodeIgniter->handleRequest(null, Object(Config\Cache), false)
 8 FCPATH\index.php(67): CodeIgniter\CodeIgniter->run()
 9 SYSTEMPATH\Commands\Server\rewrite.php(47): require_once('FCPATH\\index.php')
CRITICAL - 2023-02-03 08:28:25 --> Cannot use object of type stdClass as array
in APPPATH\Views\admin\dataguru\edit.php on line 73.
 1 SYSTEMPATH\View\View.php(213): include()
 2 SYSTEMPATH\View\View.php(216): CodeIgniter\View\View->CodeIgniter\View\{closure}()
 3 SYSTEMPATH\Common.php(1135): CodeIgniter\View\View->render('admin/dataguru/edit', [], true)
 4 APPPATH\Controllers\GuruController.php(132): view('admin/dataguru/edit', [...])
 5 SYSTEMPATH\CodeIgniter.php(925): App\Controllers\GuruController->edit('6')
 6 SYSTEMPATH\CodeIgniter.php(480): CodeIgniter\CodeIgniter->runController(Object(App\Controllers\GuruController))
 7 SYSTEMPATH\CodeIgniter.php(349): CodeIgniter\CodeIgniter->handleRequest(null, Object(Config\Cache), false)
 8 FCPATH\index.php(67): CodeIgniter\CodeIgniter->run()
 9 SYSTEMPATH\Commands\Server\rewrite.php(47): require_once('FCPATH\\index.php')
CRITICAL - 2023-02-03 08:30:03 --> Cannot use object of type stdClass as array
in APPPATH\Views\admin\datajadwal\index.php on line 41.
 1 SYSTEMPATH\View\View.php(213): include()
 2 SYSTEMPATH\View\View.php(216): CodeIgniter\View\View->CodeIgniter\View\{closure}()
 3 SYSTEMPATH\Common.php(1135): CodeIgniter\View\View->render('admin/datajadwal/index', [], true)
 4 APPPATH\Controllers\JadwalController.php(22): view('admin/datajadwal/index', [...])
 5 SYSTEMPATH\CodeIgniter.php(925): App\Controllers\JadwalController->index()
 6 SYSTEMPATH\CodeIgniter.php(480): CodeIgniter\CodeIgniter->runController(Object(App\Controllers\JadwalController))
 7 SYSTEMPATH\CodeIgniter.php(349): CodeIgniter\CodeIgniter->handleRequest(null, Object(Config\Cache), false)
 8 FCPATH\index.php(67): CodeIgniter\CodeIgniter->run()
 9 SYSTEMPATH\Commands\Server\rewrite.php(47): require_once('FCPATH\\index.php')
ERROR - 2023-02-03 08:32:50 --> mysqli_sql_exception: Duplicate entry '' for key 'PRIMARY' in D:\xampp\htdocs\buku_pantau\system\Database\MySQLi\Connection.php:292
Stack trace:
#0 D:\xampp\htdocs\buku_pantau\system\Database\MySQLi\Connection.php(292): mysqli->query('INSERT INTO `ja...', 0)
#1 D:\xampp\htdocs\buku_pantau\system\Database\BaseConnection.php(666): CodeIgniter\Database\MySQLi\Connection->execute('INSERT INTO `ja...')
#2 D:\xampp\htdocs\buku_pantau\system\Database\BaseConnection.php(593): CodeIgniter\Database\BaseConnection->simpleQuery('INSERT INTO `ja...')
#3 D:\xampp\htdocs\buku_pantau\system\Database\BaseBuilder.php(1916): CodeIgniter\Database\BaseConnection->query('INSERT INTO `ja...', Array, false)
#4 D:\xampp\htdocs\buku_pantau\system\Model.php(303): CodeIgniter\Database\BaseBuilder->insert()
#5 D:\xampp\htdocs\buku_pantau\system\BaseModel.php(750): CodeIgniter\Model->doInsert(Array)
#6 D:\xampp\htdocs\buku_pantau\system\Model.php(695): CodeIgniter\BaseModel->insert(Array, true)
#7 D:\xampp\htdocs\buku_pantau\app\Controllers\JadwalController.php(62): CodeIgniter\Model->insert(Array)
#8 D:\xampp\htdocs\buku_pantau\system\CodeIgniter.php(925): App\Controllers\JadwalController->save()
#9 D:\xampp\htdocs\buku_pantau\system\CodeIgniter.php(480): CodeIgniter\CodeIgniter->runController(Object(App\Controllers\JadwalController))
#10 D:\xampp\htdocs\buku_pantau\system\CodeIgniter.php(349): CodeIgniter\CodeIgniter->handleRequest(NULL, Object(Config\Cache), false)
#11 D:\xampp\htdocs\buku_pantau\public\index.php(67): CodeIgniter\CodeIgniter->run()
#12 D:\xampp\htdocs\buku_pantau\system\Commands\Server\rewrite.php(47): require_once('D:\\xampp\\htdocs...')
#13 {main}
ERROR - 2023-02-03 08:33:06 --> mysqli_sql_exception: Duplicate entry '' for key 'PRIMARY' in D:\xampp\htdocs\buku_pantau\system\Database\MySQLi\Connection.php:292
Stack trace:
#0 D:\xampp\htdocs\buku_pantau\system\Database\MySQLi\Connection.php(292): mysqli->query('INSERT INTO `ja...', 0)
#1 D:\xampp\htdocs\buku_pantau\system\Database\BaseConnection.php(666): CodeIgniter\Database\MySQLi\Connection->execute('INSERT INTO `ja...')
#2 D:\xampp\htdocs\buku_pantau\system\Database\BaseConnection.php(593): CodeIgniter\Database\BaseConnection->simpleQuery('INSERT INTO `ja...')
#3 D:\xampp\htdocs\buku_pantau\system\Database\BaseBuilder.php(1916): CodeIgniter\Database\BaseConnection->query('INSERT INTO `ja...', Array, false)
#4 D:\xampp\htdocs\buku_pantau\system\Model.php(303): CodeIgniter\Database\BaseBuilder->insert()
#5 D:\xampp\htdocs\buku_pantau\system\BaseModel.php(750): CodeIgniter\Model->doInsert(Array)
#6 D:\xampp\htdocs\buku_pantau\system\Model.php(695): CodeIgniter\BaseModel->insert(Array, true)
#7 D:\xampp\htdocs\buku_pantau\app\Controllers\JadwalController.php(62): CodeIgniter\Model->insert(Array)
#8 D:\xampp\htdocs\buku_pantau\system\CodeIgniter.php(925): App\Controllers\JadwalController->save()
#9 D:\xampp\htdocs\buku_pantau\system\CodeIgniter.php(480): CodeIgniter\CodeIgniter->runController(Object(App\Controllers\JadwalController))
#10 D:\xampp\htdocs\buku_pantau\system\CodeIgniter.php(349): CodeIgniter\CodeIgniter->handleRequest(NULL, Object(Config\Cache), false)
#11 D:\xampp\htdocs\buku_pantau\public\index.php(67): CodeIgniter\CodeIgniter->run()
#12 D:\xampp\htdocs\buku_pantau\system\Commands\Server\rewrite.php(47): require_once('D:\\xampp\\htdocs...')
#13 {main}
ERROR - 2023-02-03 08:33:14 --> mysqli_sql_exception: Duplicate entry '' for key 'PRIMARY' in D:\xampp\htdocs\buku_pantau\system\Database\MySQLi\Connection.php:292
Stack trace:
#0 D:\xampp\htdocs\buku_pantau\system\Database\MySQLi\Connection.php(292): mysqli->query('INSERT INTO `ja...', 0)
#1 D:\xampp\htdocs\buku_pantau\system\Database\BaseConnection.php(666): CodeIgniter\Database\MySQLi\Connection->execute('INSERT INTO `ja...')
#2 D:\xampp\htdocs\buku_pantau\system\Database\BaseConnection.php(593): CodeIgniter\Database\BaseConnection->simpleQuery('INSERT INTO `ja...')
#3 D:\xampp\htdocs\buku_pantau\system\Database\BaseBuilder.php(1916): CodeIgniter\Database\BaseConnection->query('INSERT INTO `ja...', Array, false)
#4 D:\xampp\htdocs\buku_pantau\system\Model.php(303): CodeIgniter\Database\BaseBuilder->insert()
#5 D:\xampp\htdocs\buku_pantau\system\BaseModel.php(750): CodeIgniter\Model->doInsert(Array)
#6 D:\xampp\htdocs\buku_pantau\system\Model.php(695): CodeIgniter\BaseModel->insert(Array, true)
#7 D:\xampp\htdocs\buku_pantau\app\Controllers\JadwalController.php(62): CodeIgniter\Model->insert(Array)
#8 D:\xampp\htdocs\buku_pantau\system\CodeIgniter.php(925): App\Controllers\JadwalController->save()
#9 D:\xampp\htdocs\buku_pantau\system\CodeIgniter.php(480): CodeIgniter\CodeIgniter->runController(Object(App\Controllers\JadwalController))
#10 D:\xampp\htdocs\buku_pantau\system\CodeIgniter.php(349): CodeIgniter\CodeIgniter->handleRequest(NULL, Object(Config\Cache), false)
#11 D:\xampp\htdocs\buku_pantau\public\index.php(67): CodeIgniter\CodeIgniter->run()
#12 D:\xampp\htdocs\buku_pantau\system\Commands\Server\rewrite.php(47): require_once('D:\\xampp\\htdocs...')
#13 {main}
ERROR - 2023-02-03 08:33:42 --> mysqli_sql_exception: Cannot delete or update a parent row: a foreign key constraint fails (`db_tapos`.`guru`, CONSTRAINT `j1` FOREIGN KEY (`id_jadwal`) REFERENCES `jadwal` (`id_jadwal`)) in D:\xampp\htdocs\buku_pantau\system\Database\MySQLi\Connection.php:292
Stack trace:
#0 D:\xampp\htdocs\buku_pantau\system\Database\MySQLi\Connection.php(292): mysqli->query('DELETE FROM `ja...', 0)
#1 D:\xampp\htdocs\buku_pantau\system\Database\BaseConnection.php(666): CodeIgniter\Database\MySQLi\Connection->execute('DELETE FROM `ja...')
#2 D:\xampp\htdocs\buku_pantau\system\Database\BaseConnection.php(593): CodeIgniter\Database\BaseConnection->simpleQuery('DELETE FROM `ja...')
#3 D:\xampp\htdocs\buku_pantau\system\Database\BaseBuilder.php(2391): CodeIgniter\Database\BaseConnection->query('DELETE FROM `ja...', Array, false)
#4 D:\xampp\htdocs\buku_pantau\system\Model.php(425): CodeIgniter\Database\BaseBuilder->delete()
#5 D:\xampp\htdocs\buku_pantau\system\BaseModel.php(985): CodeIgniter\Model->doDelete(Array, false)
#6 D:\xampp\htdocs\buku_pantau\app\Controllers\JadwalController.php(104): CodeIgniter\BaseModel->delete(Array)
#7 D:\xampp\htdocs\buku_pantau\system\CodeIgniter.php(925): App\Controllers\JadwalController->delete('jadwal_senin')
#8 D:\xampp\htdocs\buku_pantau\system\CodeIgniter.php(480): CodeIgniter\CodeIgniter->runController(Object(App\Controllers\JadwalController))
#9 D:\xampp\htdocs\buku_pantau\system\CodeIgniter.php(349): CodeIgniter\CodeIgniter->handleRequest(NULL, Object(Config\Cache), false)
#10 D:\xampp\htdocs\buku_pantau\public\index.php(67): CodeIgniter\CodeIgniter->run()
#11 D:\xampp\htdocs\buku_pantau\system\Commands\Server\rewrite.php(47): require_once('D:\\xampp\\htdocs...')
#12 {main}
CRITICAL - 2023-02-03 08:43:19 --> Undefined array key "nip"
in APPPATH\Views\admin\dataguru\lihat.php on line 25.
 1 APPPATH\Views\admin\dataguru\lihat.php(25): CodeIgniter\Debug\Exceptions->errorHandler(2, 'Undefined array key "nip"', 'APPPATH\\Views\\admin\\dataguru\\lihat.php', 25)
 2 SYSTEMPATH\View\View.php(213): include('APPPATH\\Views\\admin\\dataguru\\lihat.php')
 3 SYSTEMPATH\View\View.php(216): CodeIgniter\View\View->CodeIgniter\View\{closure}()
 4 SYSTEMPATH\Common.php(1135): CodeIgniter\View\View->render('admin/dataguru/lihat', [], true)
 5 APPPATH\Controllers\GuruController.php(32): view('admin/dataguru/lihat', [...])
 6 SYSTEMPATH\CodeIgniter.php(925): App\Controllers\GuruController->lihat('7')
 7 SYSTEMPATH\CodeIgniter.php(480): CodeIgniter\CodeIgniter->runController(Object(App\Controllers\GuruController))
 8 SYSTEMPATH\CodeIgniter.php(349): CodeIgniter\CodeIgniter->handleRequest(null, Object(Config\Cache), false)
 9 FCPATH\index.php(67): CodeIgniter\CodeIgniter->run()
10 SYSTEMPATH\Commands\Server\rewrite.php(47): require_once('FCPATH\\index.php')
CRITICAL - 2023-02-03 08:44:41 --> Attempt to read property "nip" on array
in APPPATH\Views\admin\dataguru\lihat.php on line 25.
 1 APPPATH\Views\admin\dataguru\lihat.php(25): CodeIgniter\Debug\Exceptions->errorHandler(2, 'Attempt to read property "nip" on array', 'APPPATH\\Views\\admin\\dataguru\\lihat.php', 25)
 2 SYSTEMPATH\View\View.php(213): include('APPPATH\\Views\\admin\\dataguru\\lihat.php')
 3 SYSTEMPATH\View\View.php(216): CodeIgniter\View\View->CodeIgniter\View\{closure}()
 4 SYSTEMPATH\Common.php(1135): CodeIgniter\View\View->render('admin/dataguru/lihat', [], true)
 5 APPPATH\Controllers\GuruController.php(32): view('admin/dataguru/lihat', [...])
 6 SYSTEMPATH\CodeIgniter.php(925): App\Controllers\GuruController->lihat('7')
 7 SYSTEMPATH\CodeIgniter.php(480): CodeIgniter\CodeIgniter->runController(Object(App\Controllers\GuruController))
 8 SYSTEMPATH\CodeIgniter.php(349): CodeIgniter\CodeIgniter->handleRequest(null, Object(Config\Cache), false)
 9 FCPATH\index.php(67): CodeIgniter\CodeIgniter->run()
10 SYSTEMPATH\Commands\Server\rewrite.php(47): require_once('FCPATH\\index.php')
CRITICAL - 2023-02-03 08:47:07 --> Attempt to read property "nip" on array
in APPPATH\Views\admin\dataguru\lihat.php on line 25.
 1 APPPATH\Views\admin\dataguru\lihat.php(25): CodeIgniter\Debug\Exceptions->errorHandler(2, 'Attempt to read property "nip" on array', 'APPPATH\\Views\\admin\\dataguru\\lihat.php', 25)
 2 SYSTEMPATH\View\View.php(213): include('APPPATH\\Views\\admin\\dataguru\\lihat.php')
 3 SYSTEMPATH\View\View.php(216): CodeIgniter\View\View->CodeIgniter\View\{closure}()
 4 SYSTEMPATH\Common.php(1135): CodeIgniter\View\View->render('admin/dataguru/lihat', [], true)
 5 APPPATH\Controllers\GuruController.php(32): view('admin/dataguru/lihat', [...])
 6 SYSTEMPATH\CodeIgniter.php(925): App\Controllers\GuruController->lihat('7')
 7 SYSTEMPATH\CodeIgniter.php(480): CodeIgniter\CodeIgniter->runController(Object(App\Controllers\GuruController))
 8 SYSTEMPATH\CodeIgniter.php(349): CodeIgniter\CodeIgniter->handleRequest(null, Object(Config\Cache), false)
 9 FCPATH\index.php(67): CodeIgniter\CodeIgniter->run()
10 SYSTEMPATH\Commands\Server\rewrite.php(47): require_once('FCPATH\\index.php')
CRITICAL - 2023-02-03 08:47:13 --> Attempt to read property "nip" on array
in APPPATH\Views\admin\dataguru\lihat.php on line 25.
 1 APPPATH\Views\admin\dataguru\lihat.php(25): CodeIgniter\Debug\Exceptions->errorHandler(2, 'Attempt to read property "nip" on array', 'APPPATH\\Views\\admin\\dataguru\\lihat.php', 25)
 2 SYSTEMPATH\View\View.php(213): include('APPPATH\\Views\\admin\\dataguru\\lihat.php')
 3 SYSTEMPATH\View\View.php(216): CodeIgniter\View\View->CodeIgniter\View\{closure}()
 4 SYSTEMPATH\Common.php(1135): CodeIgniter\View\View->render('admin/dataguru/lihat', [], true)
 5 APPPATH\Controllers\GuruController.php(32): view('admin/dataguru/lihat', [...])
 6 SYSTEMPATH\CodeIgniter.php(925): App\Controllers\GuruController->lihat('7')
 7 SYSTEMPATH\CodeIgniter.php(480): CodeIgniter\CodeIgniter->runController(Object(App\Controllers\GuruController))
 8 SYSTEMPATH\CodeIgniter.php(349): CodeIgniter\CodeIgniter->handleRequest(null, Object(Config\Cache), false)
 9 FCPATH\index.php(67): CodeIgniter\CodeIgniter->run()
10 SYSTEMPATH\Commands\Server\rewrite.php(47): require_once('FCPATH\\index.php')
CRITICAL - 2023-02-03 08:52:56 --> Attempt to read property "nip" on array
in APPPATH\Views\admin\dataguru\lihat.php on line 25.
 1 APPPATH\Views\admin\dataguru\lihat.php(25): CodeIgniter\Debug\Exceptions->errorHandler(2, 'Attempt to read property "nip" on array', 'APPPATH\\Views\\admin\\dataguru\\lihat.php', 25)
 2 SYSTEMPATH\View\View.php(213): include('APPPATH\\Views\\admin\\dataguru\\lihat.php')
 3 SYSTEMPATH\View\View.php(216): CodeIgniter\View\View->CodeIgniter\View\{closure}()
 4 SYSTEMPATH\Common.php(1135): CodeIgniter\View\View->render('admin/dataguru/lihat', [], true)
 5 APPPATH\Controllers\GuruController.php(32): view('admin/dataguru/lihat', [...])
 6 SYSTEMPATH\CodeIgniter.php(925): App\Controllers\GuruController->lihat('7')
 7 SYSTEMPATH\CodeIgniter.php(480): CodeIgniter\CodeIgniter->runController(Object(App\Controllers\GuruController))
 8 SYSTEMPATH\CodeIgniter.php(349): CodeIgniter\CodeIgniter->handleRequest(null, Object(Config\Cache), false)
 9 FCPATH\index.php(67): CodeIgniter\CodeIgniter->run()
10 SYSTEMPATH\Commands\Server\rewrite.php(47): require_once('FCPATH\\index.php')
CRITICAL - 2023-02-03 08:53:01 --> Attempt to read property "nip" on array
in APPPATH\Views\admin\dataguru\lihat.php on line 25.
 1 APPPATH\Views\admin\dataguru\lihat.php(25): CodeIgniter\Debug\Exceptions->errorHandler(2, 'Attempt to read property "nip" on array', 'APPPATH\\Views\\admin\\dataguru\\lihat.php', 25)
 2 SYSTEMPATH\View\View.php(213): include('APPPATH\\Views\\admin\\dataguru\\lihat.php')
 3 SYSTEMPATH\View\View.php(216): CodeIgniter\View\View->CodeIgniter\View\{closure}()
 4 SYSTEMPATH\Common.php(1135): CodeIgniter\View\View->render('admin/dataguru/lihat', [], true)
 5 APPPATH\Controllers\GuruController.php(32): view('admin/dataguru/lihat', [...])
 6 SYSTEMPATH\CodeIgniter.php(925): App\Controllers\GuruController->lihat('7')
 7 SYSTEMPATH\CodeIgniter.php(480): CodeIgniter\CodeIgniter->runController(Object(App\Controllers\GuruController))
 8 SYSTEMPATH\CodeIgniter.php(349): CodeIgniter\CodeIgniter->handleRequest(null, Object(Config\Cache), false)
 9 FCPATH\index.php(67): CodeIgniter\CodeIgniter->run()
10 SYSTEMPATH\Commands\Server\rewrite.php(47): require_once('FCPATH\\index.php')
CRITICAL - 2023-02-03 08:54:15 --> Attempt to read property "nip" on array
in APPPATH\Views\admin\dataguru\lihat.php on line 25.
 1 APPPATH\Views\admin\dataguru\lihat.php(25): CodeIgniter\Debug\Exceptions->errorHandler(2, 'Attempt to read property "nip" on array', 'APPPATH\\Views\\admin\\dataguru\\lihat.php', 25)
 2 SYSTEMPATH\View\View.php(213): include('APPPATH\\Views\\admin\\dataguru\\lihat.php')
 3 SYSTEMPATH\View\View.php(216): CodeIgniter\View\View->CodeIgniter\View\{closure}()
 4 SYSTEMPATH\Common.php(1135): CodeIgniter\View\View->render('admin/dataguru/lihat', [], true)
 5 APPPATH\Controllers\GuruController.php(32): view('admin/dataguru/lihat', [...])
 6 SYSTEMPATH\CodeIgniter.php(925): App\Controllers\GuruController->lihat('7')
 7 SYSTEMPATH\CodeIgniter.php(480): CodeIgniter\CodeIgniter->runController(Object(App\Controllers\GuruController))
 8 SYSTEMPATH\CodeIgniter.php(349): CodeIgniter\CodeIgniter->handleRequest(null, Object(Config\Cache), false)
 9 FCPATH\index.php(67): CodeIgniter\CodeIgniter->run()
10 SYSTEMPATH\Commands\Server\rewrite.php(47): require_once('FCPATH\\index.php')
CRITICAL - 2023-02-03 09:05:07 --> Attempt to read property "nip" on array
in APPPATH\Views\admin\dataguru\lihat.php on line 25.
 1 APPPATH\Views\admin\dataguru\lihat.php(25): CodeIgniter\Debug\Exceptions->errorHandler(2, 'Attempt to read property "nip" on array', 'APPPATH\\Views\\admin\\dataguru\\lihat.php', 25)
 2 SYSTEMPATH\View\View.php(213): include('APPPATH\\Views\\admin\\dataguru\\lihat.php')
 3 SYSTEMPATH\View\View.php(216): CodeIgniter\View\View->CodeIgniter\View\{closure}()
 4 SYSTEMPATH\Common.php(1135): CodeIgniter\View\View->render('admin/dataguru/lihat', [], true)
 5 APPPATH\Controllers\GuruController.php(32): view('admin/dataguru/lihat', [...])
 6 SYSTEMPATH\CodeIgniter.php(925): App\Controllers\GuruController->lihat('7')
 7 SYSTEMPATH\CodeIgniter.php(480): CodeIgniter\CodeIgniter->runController(Object(App\Controllers\GuruController))
 8 SYSTEMPATH\CodeIgniter.php(349): CodeIgniter\CodeIgniter->handleRequest(null, Object(Config\Cache), false)
 9 FCPATH\index.php(67): CodeIgniter\CodeIgniter->run()
10 SYSTEMPATH\Commands\Server\rewrite.php(47): require_once('FCPATH\\index.php')
CRITICAL - 2023-02-03 09:05:10 --> Attempt to read property "nip" on array
in APPPATH\Views\admin\dataguru\lihat.php on line 25.
 1 APPPATH\Views\admin\dataguru\lihat.php(25): CodeIgniter\Debug\Exceptions->errorHandler(2, 'Attempt to read property "nip" on array', 'APPPATH\\Views\\admin\\dataguru\\lihat.php', 25)
 2 SYSTEMPATH\View\View.php(213): include('APPPATH\\Views\\admin\\dataguru\\lihat.php')
 3 SYSTEMPATH\View\View.php(216): CodeIgniter\View\View->CodeIgniter\View\{closure}()
 4 SYSTEMPATH\Common.php(1135): CodeIgniter\View\View->render('admin/dataguru/lihat', [], true)
 5 APPPATH\Controllers\GuruController.php(32): view('admin/dataguru/lihat', [...])
 6 SYSTEMPATH\CodeIgniter.php(925): App\Controllers\GuruController->lihat('7')
 7 SYSTEMPATH\CodeIgniter.php(480): CodeIgniter\CodeIgniter->runController(Object(App\Controllers\GuruController))
 8 SYSTEMPATH\CodeIgniter.php(349): CodeIgniter\CodeIgniter->handleRequest(null, Object(Config\Cache), false)
 9 FCPATH\index.php(67): CodeIgniter\CodeIgniter->run()
10 SYSTEMPATH\Commands\Server\rewrite.php(47): require_once('FCPATH\\index.php')
CRITICAL - 2023-02-03 09:09:08 --> Attempt to read property "nip" on array
in APPPATH\Views\admin\dataguru\lihat.php on line 25.
 1 APPPATH\Views\admin\dataguru\lihat.php(25): CodeIgniter\Debug\Exceptions->errorHandler(2, 'Attempt to read property "nip" on array', 'APPPATH\\Views\\admin\\dataguru\\lihat.php', 25)
 2 SYSTEMPATH\View\View.php(213): include('APPPATH\\Views\\admin\\dataguru\\lihat.php')
 3 SYSTEMPATH\View\View.php(216): CodeIgniter\View\View->CodeIgniter\View\{closure}()
 4 SYSTEMPATH\Common.php(1135): CodeIgniter\View\View->render('admin/dataguru/lihat', [], true)
 5 APPPATH\Controllers\GuruController.php(32): view('admin/dataguru/lihat', [...])
 6 SYSTEMPATH\CodeIgniter.php(925): App\Controllers\GuruController->lihat('7')
 7 SYSTEMPATH\CodeIgniter.php(480): CodeIgniter\CodeIgniter->runController(Object(App\Controllers\GuruController))
 8 SYSTEMPATH\CodeIgniter.php(349): CodeIgniter\CodeIgniter->handleRequest(null, Object(Config\Cache), false)
 9 FCPATH\index.php(67): CodeIgniter\CodeIgniter->run()
10 SYSTEMPATH\Commands\Server\rewrite.php(47): require_once('FCPATH\\index.php')
CRITICAL - 2023-02-03 09:10:54 --> Attempt to read property "nip" on array
in APPPATH\Views\admin\dataguru\lihat.php on line 25.
 1 APPPATH\Views\admin\dataguru\lihat.php(25): CodeIgniter\Debug\Exceptions->errorHandler(2, 'Attempt to read property "nip" on array', 'APPPATH\\Views\\admin\\dataguru\\lihat.php', 25)
 2 SYSTEMPATH\View\View.php(213): include('APPPATH\\Views\\admin\\dataguru\\lihat.php')
 3 SYSTEMPATH\View\View.php(216): CodeIgniter\View\View->CodeIgniter\View\{closure}()
 4 SYSTEMPATH\Common.php(1135): CodeIgniter\View\View->render('admin/dataguru/lihat', [], true)
 5 APPPATH\Controllers\GuruController.php(32): view('admin/dataguru/lihat', [...])
 6 SYSTEMPATH\CodeIgniter.php(925): App\Controllers\GuruController->lihat('7')
 7 SYSTEMPATH\CodeIgniter.php(480): CodeIgniter\CodeIgniter->runController(Object(App\Controllers\GuruController))
 8 SYSTEMPATH\CodeIgniter.php(349): CodeIgniter\CodeIgniter->handleRequest(null, Object(Config\Cache), false)
 9 FCPATH\index.php(67): CodeIgniter\CodeIgniter->run()
10 SYSTEMPATH\Commands\Server\rewrite.php(47): require_once('FCPATH\\index.php')
CRITICAL - 2023-02-03 09:12:04 --> Undefined array key "nip"
in APPPATH\Views\admin\dataguru\lihat.php on line 25.
 1 APPPATH\Views\admin\dataguru\lihat.php(25): CodeIgniter\Debug\Exceptions->errorHandler(2, 'Undefined array key "nip"', 'APPPATH\\Views\\admin\\dataguru\\lihat.php', 25)
 2 SYSTEMPATH\View\View.php(213): include('APPPATH\\Views\\admin\\dataguru\\lihat.php')
 3 SYSTEMPATH\View\View.php(216): CodeIgniter\View\View->CodeIgniter\View\{closure}()
 4 SYSTEMPATH\Common.php(1135): CodeIgniter\View\View->render('admin/dataguru/lihat', [], true)
 5 APPPATH\Controllers\GuruController.php(32): view('admin/dataguru/lihat', [...])
 6 SYSTEMPATH\CodeIgniter.php(925): App\Controllers\GuruController->lihat('7')
 7 SYSTEMPATH\CodeIgniter.php(480): CodeIgniter\CodeIgniter->runController(Object(App\Controllers\GuruController))
 8 SYSTEMPATH\CodeIgniter.php(349): CodeIgniter\CodeIgniter->handleRequest(null, Object(Config\Cache), false)
 9 FCPATH\index.php(67): CodeIgniter\CodeIgniter->run()
10 SYSTEMPATH\Commands\Server\rewrite.php(47): require_once('FCPATH\\index.php')
CRITICAL - 2023-02-03 09:12:24 --> Attempt to read property "nip" on array
in APPPATH\Views\admin\dataguru\lihat.php on line 25.
 1 APPPATH\Views\admin\dataguru\lihat.php(25): CodeIgniter\Debug\Exceptions->errorHandler(2, 'Attempt to read property "nip" on array', 'APPPATH\\Views\\admin\\dataguru\\lihat.php', 25)
 2 SYSTEMPATH\View\View.php(213): include('APPPATH\\Views\\admin\\dataguru\\lihat.php')
 3 SYSTEMPATH\View\View.php(216): CodeIgniter\View\View->CodeIgniter\View\{closure}()
 4 SYSTEMPATH\Common.php(1135): CodeIgniter\View\View->render('admin/dataguru/lihat', [], true)
 5 APPPATH\Controllers\GuruController.php(32): view('admin/dataguru/lihat', [...])
 6 SYSTEMPATH\CodeIgniter.php(925): App\Controllers\GuruController->lihat('7')
 7 SYSTEMPATH\CodeIgniter.php(480): CodeIgniter\CodeIgniter->runController(Object(App\Controllers\GuruController))
 8 SYSTEMPATH\CodeIgniter.php(349): CodeIgniter\CodeIgniter->handleRequest(null, Object(Config\Cache), false)
 9 FCPATH\index.php(67): CodeIgniter\CodeIgniter->run()
10 SYSTEMPATH\Commands\Server\rewrite.php(47): require_once('FCPATH\\index.php')
CRITICAL - 2023-02-03 09:28:48 --> Cannot use object of type stdClass as array
in APPPATH\Views\admin\dataguru\edit.php on line 73.
 1 SYSTEMPATH\View\View.php(213): include()
 2 SYSTEMPATH\View\View.php(216): CodeIgniter\View\View->CodeIgniter\View\{closure}()
 3 SYSTEMPATH\Common.php(1135): CodeIgniter\View\View->render('admin/dataguru/edit', [], true)
 4 APPPATH\Controllers\GuruController.php(131): view('admin/dataguru/edit', [...])
 5 SYSTEMPATH\CodeIgniter.php(925): App\Controllers\GuruController->edit('7')
 6 SYSTEMPATH\CodeIgniter.php(480): CodeIgniter\CodeIgniter->runController(Object(App\Controllers\GuruController))
 7 SYSTEMPATH\CodeIgniter.php(349): CodeIgniter\CodeIgniter->handleRequest(null, Object(Config\Cache), false)
 8 FCPATH\index.php(67): CodeIgniter\CodeIgniter->run()
 9 SYSTEMPATH\Commands\Server\rewrite.php(47): require_once('FCPATH\\index.php')
CRITICAL - 2023-02-03 09:32:36 --> Undefined array key 0
in APPPATH\Views\admin\dataguru\edit.php on line 73.
 1 APPPATH\Views\admin\dataguru\edit.php(73): CodeIgniter\Debug\Exceptions->errorHandler(2, 'Undefined array key 0', 'APPPATH\\Views\\admin\\dataguru\\edit.php', 73)
 2 SYSTEMPATH\View\View.php(213): include('APPPATH\\Views\\admin\\dataguru\\edit.php')
 3 SYSTEMPATH\View\View.php(216): CodeIgniter\View\View->CodeIgniter\View\{closure}()
 4 SYSTEMPATH\Common.php(1135): CodeIgniter\View\View->render('admin/dataguru/edit', [], true)
 5 APPPATH\Controllers\GuruController.php(131): view('admin/dataguru/edit', [...])
 6 SYSTEMPATH\CodeIgniter.php(925): App\Controllers\GuruController->edit('7')
 7 SYSTEMPATH\CodeIgniter.php(480): CodeIgniter\CodeIgniter->runController(Object(App\Controllers\GuruController))
 8 SYSTEMPATH\CodeIgniter.php(349): CodeIgniter\CodeIgniter->handleRequest(null, Object(Config\Cache), false)
 9 FCPATH\index.php(67): CodeIgniter\CodeIgniter->run()
10 SYSTEMPATH\Commands\Server\rewrite.php(47): require_once('FCPATH\\index.php')
CRITICAL - 2023-02-03 09:32:55 --> Cannot use object of type stdClass as array
in APPPATH\Views\admin\dataguru\edit.php on line 73.
 1 SYSTEMPATH\View\View.php(213): include()
 2 SYSTEMPATH\View\View.php(216): CodeIgniter\View\View->CodeIgniter\View\{closure}()
 3 SYSTEMPATH\Common.php(1135): CodeIgniter\View\View->render('admin/dataguru/edit', [], true)
 4 APPPATH\Controllers\GuruController.php(131): view('admin/dataguru/edit', [...])
 5 SYSTEMPATH\CodeIgniter.php(925): App\Controllers\GuruController->edit('7')
 6 SYSTEMPATH\CodeIgniter.php(480): CodeIgniter\CodeIgniter->runController(Object(App\Controllers\GuruController))
 7 SYSTEMPATH\CodeIgniter.php(349): CodeIgniter\CodeIgniter->handleRequest(null, Object(Config\Cache), false)
 8 FCPATH\index.php(67): CodeIgniter\CodeIgniter->run()
 9 SYSTEMPATH\Commands\Server\rewrite.php(47): require_once('FCPATH\\index.php')
CRITICAL - 2023-02-03 09:40:57 --> Undefined array key 0
in APPPATH\Views\admin\dataguru\edit.php on line 73.
 1 APPPATH\Views\admin\dataguru\edit.php(73): CodeIgniter\Debug\Exceptions->errorHandler(2, 'Undefined array key 0', 'APPPATH\\Views\\admin\\dataguru\\edit.php', 73)
 2 SYSTEMPATH\View\View.php(213): include('APPPATH\\Views\\admin\\dataguru\\edit.php')
 3 SYSTEMPATH\View\View.php(216): CodeIgniter\View\View->CodeIgniter\View\{closure}()
 4 SYSTEMPATH\Common.php(1135): CodeIgniter\View\View->render('admin/dataguru/edit', [], true)
 5 APPPATH\Controllers\GuruController.php(133): view('admin/dataguru/edit', [...])
 6 SYSTEMPATH\CodeIgniter.php(925): App\Controllers\GuruController->edit('7')
 7 SYSTEMPATH\CodeIgniter.php(480): CodeIgniter\CodeIgniter->runController(Object(App\Controllers\GuruController))
 8 SYSTEMPATH\CodeIgniter.php(349): CodeIgniter\CodeIgniter->handleRequest(null, Object(Config\Cache), false)
 9 FCPATH\index.php(67): CodeIgniter\CodeIgniter->run()
10 SYSTEMPATH\Commands\Server\rewrite.php(47): require_once('FCPATH\\index.php')
CRITICAL - 2023-02-03 09:42:08 --> Attempt to read property "id_jadwal" on array
in APPPATH\Views\admin\dataguru\edit.php on line 73.
 1 APPPATH\Views\admin\dataguru\edit.php(73): CodeIgniter\Debug\Exceptions->errorHandler(2, 'Attempt to read property "id_jadwal" on array', 'APPPATH\\Views\\admin\\dataguru\\edit.php', 73)
 2 SYSTEMPATH\View\View.php(213): include('APPPATH\\Views\\admin\\dataguru\\edit.php')
 3 SYSTEMPATH\View\View.php(216): CodeIgniter\View\View->CodeIgniter\View\{closure}()
 4 SYSTEMPATH\Common.php(1135): CodeIgniter\View\View->render('admin/dataguru/edit', [], true)
 5 APPPATH\Controllers\GuruController.php(133): view('admin/dataguru/edit', [...])
 6 SYSTEMPATH\CodeIgniter.php(925): App\Controllers\GuruController->edit('7')
 7 SYSTEMPATH\CodeIgniter.php(480): CodeIgniter\CodeIgniter->runController(Object(App\Controllers\GuruController))
 8 SYSTEMPATH\CodeIgniter.php(349): CodeIgniter\CodeIgniter->handleRequest(null, Object(Config\Cache), false)
 9 FCPATH\index.php(67): CodeIgniter\CodeIgniter->run()
10 SYSTEMPATH\Commands\Server\rewrite.php(47): require_once('FCPATH\\index.php')
CRITICAL - 2023-02-03 09:45:41 --> Cannot use object of type stdClass as array
in APPPATH\Views\admin\dataguru\edit.php on line 73.
 1 SYSTEMPATH\View\View.php(213): include()
 2 SYSTEMPATH\View\View.php(216): CodeIgniter\View\View->CodeIgniter\View\{closure}()
 3 SYSTEMPATH\Common.php(1135): CodeIgniter\View\View->render('admin/dataguru/edit', [], true)
 4 APPPATH\Controllers\GuruController.php(133): view('admin/dataguru/edit', [...])
 5 SYSTEMPATH\CodeIgniter.php(925): App\Controllers\GuruController->edit('7')
 6 SYSTEMPATH\CodeIgniter.php(480): CodeIgniter\CodeIgniter->runController(Object(App\Controllers\GuruController))
 7 SYSTEMPATH\CodeIgniter.php(349): CodeIgniter\CodeIgniter->handleRequest(null, Object(Config\Cache), false)
 8 FCPATH\index.php(67): CodeIgniter\CodeIgniter->run()
 9 SYSTEMPATH\Commands\Server\rewrite.php(47): require_once('FCPATH\\index.php')
CRITICAL - 2023-02-03 09:45:55 --> Attempt to read property "id_jadwal" on array
in APPPATH\Views\admin\dataguru\edit.php on line 73.
 1 APPPATH\Views\admin\dataguru\edit.php(73): CodeIgniter\Debug\Exceptions->errorHandler(2, 'Attempt to read property "id_jadwal" on array', 'APPPATH\\Views\\admin\\dataguru\\edit.php', 73)
 2 SYSTEMPATH\View\View.php(213): include('APPPATH\\Views\\admin\\dataguru\\edit.php')
 3 SYSTEMPATH\View\View.php(216): CodeIgniter\View\View->CodeIgniter\View\{closure}()
 4 SYSTEMPATH\Common.php(1135): CodeIgniter\View\View->render('admin/dataguru/edit', [], true)
 5 APPPATH\Controllers\GuruController.php(133): view('admin/dataguru/edit', [...])
 6 SYSTEMPATH\CodeIgniter.php(925): App\Controllers\GuruController->edit('7')
 7 SYSTEMPATH\CodeIgniter.php(480): CodeIgniter\CodeIgniter->runController(Object(App\Controllers\GuruController))
 8 SYSTEMPATH\CodeIgniter.php(349): CodeIgniter\CodeIgniter->handleRequest(null, Object(Config\Cache), false)
 9 FCPATH\index.php(67): CodeIgniter\CodeIgniter->run()
10 SYSTEMPATH\Commands\Server\rewrite.php(47): require_once('FCPATH\\index.php')
CRITICAL - 2023-02-03 09:46:46 --> Undefined array key 0
in APPPATH\Views\admin\dataguru\edit.php on line 73.
 1 APPPATH\Views\admin\dataguru\edit.php(73): CodeIgniter\Debug\Exceptions->errorHandler(2, 'Undefined array key 0', 'APPPATH\\Views\\admin\\dataguru\\edit.php', 73)
 2 SYSTEMPATH\View\View.php(213): include('APPPATH\\Views\\admin\\dataguru\\edit.php')
 3 SYSTEMPATH\View\View.php(216): CodeIgniter\View\View->CodeIgniter\View\{closure}()
 4 SYSTEMPATH\Common.php(1135): CodeIgniter\View\View->render('admin/dataguru/edit', [], true)
 5 APPPATH\Controllers\GuruController.php(133): view('admin/dataguru/edit', [...])
 6 SYSTEMPATH\CodeIgniter.php(925): App\Controllers\GuruController->edit('7')
 7 SYSTEMPATH\CodeIgniter.php(480): CodeIgniter\CodeIgniter->runController(Object(App\Controllers\GuruController))
 8 SYSTEMPATH\CodeIgniter.php(349): CodeIgniter\CodeIgniter->handleRequest(null, Object(Config\Cache), false)
 9 FCPATH\index.php(67): CodeIgniter\CodeIgniter->run()
10 SYSTEMPATH\Commands\Server\rewrite.php(47): require_once('FCPATH\\index.php')
CRITICAL - 2023-02-03 09:47:08 --> Attempt to read property "id_jadwal" on array
in APPPATH\Views\admin\dataguru\edit.php on line 73.
 1 APPPATH\Views\admin\dataguru\edit.php(73): CodeIgniter\Debug\Exceptions->errorHandler(2, 'Attempt to read property "id_jadwal" on array', 'APPPATH\\Views\\admin\\dataguru\\edit.php', 73)
 2 SYSTEMPATH\View\View.php(213): include('APPPATH\\Views\\admin\\dataguru\\edit.php')
 3 SYSTEMPATH\View\View.php(216): CodeIgniter\View\View->CodeIgniter\View\{closure}()
 4 SYSTEMPATH\Common.php(1135): CodeIgniter\View\View->render('admin/dataguru/edit', [], true)
 5 APPPATH\Controllers\GuruController.php(133): view('admin/dataguru/edit', [...])
 6 SYSTEMPATH\CodeIgniter.php(925): App\Controllers\GuruController->edit('7')
 7 SYSTEMPATH\CodeIgniter.php(480): CodeIgniter\CodeIgniter->runController(Object(App\Controllers\GuruController))
 8 SYSTEMPATH\CodeIgniter.php(349): CodeIgniter\CodeIgniter->handleRequest(null, Object(Config\Cache), false)
 9 FCPATH\index.php(67): CodeIgniter\CodeIgniter->run()
10 SYSTEMPATH\Commands\Server\rewrite.php(47): require_once('FCPATH\\index.php')
CRITICAL - 2023-02-03 09:47:25 --> Attempt to read property "id_jadwal" on array
in APPPATH\Views\admin\dataguru\edit.php on line 73.
 1 APPPATH\Views\admin\dataguru\edit.php(73): CodeIgniter\Debug\Exceptions->errorHandler(2, 'Attempt to read property "id_jadwal" on array', 'APPPATH\\Views\\admin\\dataguru\\edit.php', 73)
 2 SYSTEMPATH\View\View.php(213): include('APPPATH\\Views\\admin\\dataguru\\edit.php')
 3 SYSTEMPATH\View\View.php(216): CodeIgniter\View\View->CodeIgniter\View\{closure}()
 4 SYSTEMPATH\Common.php(1135): CodeIgniter\View\View->render('admin/dataguru/edit', [], true)
 5 APPPATH\Controllers\GuruController.php(133): view('admin/dataguru/edit', [...])
 6 SYSTEMPATH\CodeIgniter.php(925): App\Controllers\GuruController->edit('7')
 7 SYSTEMPATH\CodeIgniter.php(480): CodeIgniter\CodeIgniter->runController(Object(App\Controllers\GuruController))
 8 SYSTEMPATH\CodeIgniter.php(349): CodeIgniter\CodeIgniter->handleRequest(null, Object(Config\Cache), false)
 9 FCPATH\index.php(67): CodeIgniter\CodeIgniter->run()
10 SYSTEMPATH\Commands\Server\rewrite.php(47): require_once('FCPATH\\index.php')
CRITICAL - 2023-02-03 10:05:14 --> Attempt to read property "id_jadwal" on array
in APPPATH\Views\admin\dataguru\edit.php on line 73.
 1 APPPATH\Views\admin\dataguru\edit.php(73): CodeIgniter\Debug\Exceptions->errorHandler(2, 'Attempt to read property "id_jadwal" on array', 'APPPATH\\Views\\admin\\dataguru\\edit.php', 73)
 2 SYSTEMPATH\View\View.php(213): include('APPPATH\\Views\\admin\\dataguru\\edit.php')
 3 SYSTEMPATH\View\View.php(216): CodeIgniter\View\View->CodeIgniter\View\{closure}()
 4 SYSTEMPATH\Common.php(1135): CodeIgniter\View\View->render('admin/dataguru/edit', [], true)
 5 APPPATH\Controllers\GuruController.php(133): view('admin/dataguru/edit', [...])
 6 SYSTEMPATH\CodeIgniter.php(925): App\Controllers\GuruController->edit('7')
 7 SYSTEMPATH\CodeIgniter.php(480): CodeIgniter\CodeIgniter->runController(Object(App\Controllers\GuruController))
 8 SYSTEMPATH\CodeIgniter.php(349): CodeIgniter\CodeIgniter->handleRequest(null, Object(Config\Cache), false)
 9 FCPATH\index.php(67): CodeIgniter\CodeIgniter->run()
10 SYSTEMPATH\Commands\Server\rewrite.php(47): require_once('FCPATH\\index.php')
ERROR - 2023-02-03 10:57:26 --> mysqli_sql_exception: Unknown column 'id_kegiatan' in 'field list' in D:\xampp\htdocs\buku_pantau\system\Database\MySQLi\Connection.php:292
Stack trace:
#0 D:\xampp\htdocs\buku_pantau\system\Database\MySQLi\Connection.php(292): mysqli->query('INSERT INTO `ja...', 0)
#1 D:\xampp\htdocs\buku_pantau\system\Database\BaseConnection.php(666): CodeIgniter\Database\MySQLi\Connection->execute('INSERT INTO `ja...')
#2 D:\xampp\htdocs\buku_pantau\system\Database\BaseConnection.php(593): CodeIgniter\Database\BaseConnection->simpleQuery('INSERT INTO `ja...')
#3 D:\xampp\htdocs\buku_pantau\system\Database\BaseBuilder.php(1916): CodeIgniter\Database\BaseConnection->query('INSERT INTO `ja...', Array, false)
#4 D:\xampp\htdocs\buku_pantau\system\Model.php(303): CodeIgniter\Database\BaseBuilder->insert()
#5 D:\xampp\htdocs\buku_pantau\system\BaseModel.php(750): CodeIgniter\Model->doInsert(Array)
#6 D:\xampp\htdocs\buku_pantau\system\Model.php(695): CodeIgniter\BaseModel->insert(Array, true)
#7 D:\xampp\htdocs\buku_pantau\app\Controllers\JadwalController.php(62): CodeIgniter\Model->insert(Array)
#8 D:\xampp\htdocs\buku_pantau\system\CodeIgniter.php(925): App\Controllers\JadwalController->save()
#9 D:\xampp\htdocs\buku_pantau\system\CodeIgniter.php(480): CodeIgniter\CodeIgniter->runController(Object(App\Controllers\JadwalController))
#10 D:\xampp\htdocs\buku_pantau\system\CodeIgniter.php(349): CodeIgniter\CodeIgniter->handleRequest(NULL, Object(Config\Cache), false)
#11 D:\xampp\htdocs\buku_pantau\public\index.php(67): CodeIgniter\CodeIgniter->run()
#12 D:\xampp\htdocs\buku_pantau\system\Commands\Server\rewrite.php(47): require_once('D:\\xampp\\htdocs...')
#13 {main}
ERROR - 2023-02-03 10:57:36 --> mysqli_sql_exception: Unknown column 'id_kegiatan' in 'field list' in D:\xampp\htdocs\buku_pantau\system\Database\MySQLi\Connection.php:292
Stack trace:
#0 D:\xampp\htdocs\buku_pantau\system\Database\MySQLi\Connection.php(292): mysqli->query('INSERT INTO `ja...', 0)
#1 D:\xampp\htdocs\buku_pantau\system\Database\BaseConnection.php(666): CodeIgniter\Database\MySQLi\Connection->execute('INSERT INTO `ja...')
#2 D:\xampp\htdocs\buku_pantau\system\Database\BaseConnection.php(593): CodeIgniter\Database\BaseConnection->simpleQuery('INSERT INTO `ja...')
#3 D:\xampp\htdocs\buku_pantau\system\Database\BaseBuilder.php(1916): CodeIgniter\Database\BaseConnection->query('INSERT INTO `ja...', Array, false)
#4 D:\xampp\htdocs\buku_pantau\system\Model.php(303): CodeIgniter\Database\BaseBuilder->insert()
#5 D:\xampp\htdocs\buku_pantau\system\BaseModel.php(750): CodeIgniter\Model->doInsert(Array)
#6 D:\xampp\htdocs\buku_pantau\system\Model.php(695): CodeIgniter\BaseModel->insert(Array, true)
#7 D:\xampp\htdocs\buku_pantau\app\Controllers\JadwalController.php(62): CodeIgniter\Model->insert(Array)
#8 D:\xampp\htdocs\buku_pantau\system\CodeIgniter.php(925): App\Controllers\JadwalController->save()
#9 D:\xampp\htdocs\buku_pantau\system\CodeIgniter.php(480): CodeIgniter\CodeIgniter->runController(Object(App\Controllers\JadwalController))
#10 D:\xampp\htdocs\buku_pantau\system\CodeIgniter.php(349): CodeIgniter\CodeIgniter->handleRequest(NULL, Object(Config\Cache), false)
#11 D:\xampp\htdocs\buku_pantau\public\index.php(67): CodeIgniter\CodeIgniter->run()
#12 D:\xampp\htdocs\buku_pantau\system\Commands\Server\rewrite.php(47): require_once('D:\\xampp\\htdocs...')
#13 {main}
ERROR - 2023-02-03 10:58:25 --> mysqli_sql_exception: Unknown column 'id_kegiatan' in 'field list' in D:\xampp\htdocs\buku_pantau\system\Database\MySQLi\Connection.php:292
Stack trace:
#0 D:\xampp\htdocs\buku_pantau\system\Database\MySQLi\Connection.php(292): mysqli->query('INSERT INTO `ja...', 0)
#1 D:\xampp\htdocs\buku_pantau\system\Database\BaseConnection.php(666): CodeIgniter\Database\MySQLi\Connection->execute('INSERT INTO `ja...')
#2 D:\xampp\htdocs\buku_pantau\system\Database\BaseConnection.php(593): CodeIgniter\Database\BaseConnection->simpleQuery('INSERT INTO `ja...')
#3 D:\xampp\htdocs\buku_pantau\system\Database\BaseBuilder.php(1916): CodeIgniter\Database\BaseConnection->query('INSERT INTO `ja...', Array, false)
#4 D:\xampp\htdocs\buku_pantau\system\Model.php(303): CodeIgniter\Database\BaseBuilder->insert()
#5 D:\xampp\htdocs\buku_pantau\system\BaseModel.php(750): CodeIgniter\Model->doInsert(Array)
#6 D:\xampp\htdocs\buku_pantau\system\Model.php(695): CodeIgniter\BaseModel->insert(Array, true)
#7 D:\xampp\htdocs\buku_pantau\app\Controllers\JadwalController.php(62): CodeIgniter\Model->insert(Array)
#8 D:\xampp\htdocs\buku_pantau\system\CodeIgniter.php(925): App\Controllers\JadwalController->save()
#9 D:\xampp\htdocs\buku_pantau\system\CodeIgniter.php(480): CodeIgniter\CodeIgniter->runController(Object(App\Controllers\JadwalController))
#10 D:\xampp\htdocs\buku_pantau\system\CodeIgniter.php(349): CodeIgniter\CodeIgniter->handleRequest(NULL, Object(Config\Cache), false)
#11 D:\xampp\htdocs\buku_pantau\public\index.php(67): CodeIgniter\CodeIgniter->run()
#12 D:\xampp\htdocs\buku_pantau\system\Commands\Server\rewrite.php(47): require_once('D:\\xampp\\htdocs...')
#13 {main}
ERROR - 2023-02-03 10:58:47 --> mysqli_sql_exception: Unknown column 'id_kegiatan' in 'field list' in D:\xampp\htdocs\buku_pantau\system\Database\MySQLi\Connection.php:292
Stack trace:
#0 D:\xampp\htdocs\buku_pantau\system\Database\MySQLi\Connection.php(292): mysqli->query('INSERT INTO `ja...', 0)
#1 D:\xampp\htdocs\buku_pantau\system\Database\BaseConnection.php(666): CodeIgniter\Database\MySQLi\Connection->execute('INSERT INTO `ja...')
#2 D:\xampp\htdocs\buku_pantau\system\Database\BaseConnection.php(593): CodeIgniter\Database\BaseConnection->simpleQuery('INSERT INTO `ja...')
#3 D:\xampp\htdocs\buku_pantau\system\Database\BaseBuilder.php(1916): CodeIgniter\Database\BaseConnection->query('INSERT INTO `ja...', Array, false)
#4 D:\xampp\htdocs\buku_pantau\system\Model.php(303): CodeIgniter\Database\BaseBuilder->insert()
#5 D:\xampp\htdocs\buku_pantau\system\BaseModel.php(750): CodeIgniter\Model->doInsert(Array)
#6 D:\xampp\htdocs\buku_pantau\system\Model.php(695): CodeIgniter\BaseModel->insert(Array, true)
#7 D:\xampp\htdocs\buku_pantau\app\Controllers\JadwalController.php(62): CodeIgniter\Model->insert(Array)
#8 D:\xampp\htdocs\buku_pantau\system\CodeIgniter.php(925): App\Controllers\JadwalController->save()
#9 D:\xampp\htdocs\buku_pantau\system\CodeIgniter.php(480): CodeIgniter\CodeIgniter->runController(Object(App\Controllers\JadwalController))
#10 D:\xampp\htdocs\buku_pantau\system\CodeIgniter.php(349): CodeIgniter\CodeIgniter->handleRequest(NULL, Object(Config\Cache), false)
#11 D:\xampp\htdocs\buku_pantau\public\index.php(67): CodeIgniter\CodeIgniter->run()
#12 D:\xampp\htdocs\buku_pantau\system\Commands\Server\rewrite.php(47): require_once('D:\\xampp\\htdocs...')
#13 {main}
ERROR - 2023-02-03 10:58:50 --> mysqli_sql_exception: Unknown column 'id_kegiatan' in 'field list' in D:\xampp\htdocs\buku_pantau\system\Database\MySQLi\Connection.php:292
Stack trace:
#0 D:\xampp\htdocs\buku_pantau\system\Database\MySQLi\Connection.php(292): mysqli->query('INSERT INTO `ja...', 0)
#1 D:\xampp\htdocs\buku_pantau\system\Database\BaseConnection.php(666): CodeIgniter\Database\MySQLi\Connection->execute('INSERT INTO `ja...')
#2 D:\xampp\htdocs\buku_pantau\system\Database\BaseConnection.php(593): CodeIgniter\Database\BaseConnection->simpleQuery('INSERT INTO `ja...')
#3 D:\xampp\htdocs\buku_pantau\system\Database\BaseBuilder.php(1916): CodeIgniter\Database\BaseConnection->query('INSERT INTO `ja...', Array, false)
#4 D:\xampp\htdocs\buku_pantau\system\Model.php(303): CodeIgniter\Database\BaseBuilder->insert()
#5 D:\xampp\htdocs\buku_pantau\system\BaseModel.php(750): CodeIgniter\Model->doInsert(Array)
#6 D:\xampp\htdocs\buku_pantau\system\Model.php(695): CodeIgniter\BaseModel->insert(Array, true)
#7 D:\xampp\htdocs\buku_pantau\app\Controllers\JadwalController.php(62): CodeIgniter\Model->insert(Array)
#8 D:\xampp\htdocs\buku_pantau\system\CodeIgniter.php(925): App\Controllers\JadwalController->save()
#9 D:\xampp\htdocs\buku_pantau\system\CodeIgniter.php(480): CodeIgniter\CodeIgniter->runController(Object(App\Controllers\JadwalController))
#10 D:\xampp\htdocs\buku_pantau\system\CodeIgniter.php(349): CodeIgniter\CodeIgniter->handleRequest(NULL, Object(Config\Cache), false)
#11 D:\xampp\htdocs\buku_pantau\public\index.php(67): CodeIgniter\CodeIgniter->run()
#12 D:\xampp\htdocs\buku_pantau\system\Commands\Server\rewrite.php(47): require_once('D:\\xampp\\htdocs...')
#13 {main}
CRITICAL - 2023-02-03 11:25:21 --> Undefined variable $kegiatan
in APPPATH\Views\admin\datajadwal\edit.php on line 39.
 1 APPPATH\Views\admin\datajadwal\edit.php(39): CodeIgniter\Debug\Exceptions->errorHandler(2, 'Undefined variable $kegiatan', 'APPPATH\\Views\\admin\\datajadwal\\edit.php', 39)
 2 SYSTEMPATH\View\View.php(213): include('APPPATH\\Views\\admin\\datajadwal\\edit.php')
 3 SYSTEMPATH\View\View.php(216): CodeIgniter\View\View->CodeIgniter\View\{closure}()
 4 SYSTEMPATH\Common.php(1135): CodeIgniter\View\View->render('admin/datajadwal/edit', [], true)
 5 APPPATH\Controllers\JadwalController.php(72): view('admin/datajadwal/edit', [...])
 6 SYSTEMPATH\CodeIgniter.php(925): App\Controllers\JadwalController->edit('3')
 7 SYSTEMPATH\CodeIgniter.php(480): CodeIgniter\CodeIgniter->runController(Object(App\Controllers\JadwalController))
 8 SYSTEMPATH\CodeIgniter.php(349): CodeIgniter\CodeIgniter->handleRequest(null, Object(Config\Cache), false)
 9 FCPATH\index.php(67): CodeIgniter\CodeIgniter->run()
10 SYSTEMPATH\Commands\Server\rewrite.php(47): require_once('FCPATH\\index.php')
