CRITICAL - 2023-02-05 02:42:54 --> Attempt to read property "id_siswa" on array
in APPPATH\Views\admin\datasiswa\index.php on line 52.
 1 APPPATH\Views\admin\datasiswa\index.php(52): CodeIgniter\Debug\Exceptions->errorHandler(2, 'Attempt to read property "id_siswa" on array', 'APPPATH\\Views\\admin\\datasiswa\\index.php', 52)
 2 SYSTEMPATH\View\View.php(213): include('APPPATH\\Views\\admin\\datasiswa\\index.php')
 3 SYSTEMPATH\View\View.php(216): CodeIgniter\View\View->CodeIgniter\View\{closure}()
 4 SYSTEMPATH\Common.php(1135): CodeIgniter\View\View->render('admin/datasiswa/index', [], true)
 5 APPPATH\Controllers\SiswaController.php(22): view('admin/datasiswa/index', [...])
 6 SYSTEMPATH\CodeIgniter.php(925): App\Controllers\SiswaController->index()
 7 SYSTEMPATH\CodeIgniter.php(480): CodeIgniter\CodeIgniter->runController(Object(App\Controllers\SiswaController))
 8 SYSTEMPATH\CodeIgniter.php(349): CodeIgniter\CodeIgniter->handleRequest(null, Object(Config\Cache), false)
 9 FCPATH\index.php(67): CodeIgniter\CodeIgniter->run()
10 SYSTEMPATH\Commands\Server\rewrite.php(47): require_once('FCPATH\\index.php')
CRITICAL - 2023-02-05 02:45:00 --> Call to undefined method App\Models\Siswa::detail
in SYSTEMPATH\Model.php on line 807.
 1 APPPATH\Controllers\SiswaController.php(27): CodeIgniter\Model->__call('detail', [...])
 2 SYSTEMPATH\CodeIgniter.php(925): App\Controllers\SiswaController->lihat('6')
 3 SYSTEMPATH\CodeIgniter.php(480): CodeIgniter\CodeIgniter->runController(Object(App\Controllers\SiswaController))
 4 SYSTEMPATH\CodeIgniter.php(349): CodeIgniter\CodeIgniter->handleRequest(null, Object(Config\Cache), false)
 5 FCPATH\index.php(67): CodeIgniter\CodeIgniter->run()
 6 SYSTEMPATH\Commands\Server\rewrite.php(47): require_once('FCPATH\\index.php')
CRITICAL - 2023-02-05 02:58:04 --> Undefined array key "jenis"
in APPPATH\Views\admin\datakegiatan\add.php on line 28.
 1 APPPATH\Views\admin\datakegiatan\add.php(28): CodeIgniter\Debug\Exceptions->errorHandler(2, 'Undefined array key "jenis"', 'APPPATH\\Views\\admin\\datakegiatan\\add.php', 28)
 2 SYSTEMPATH\View\View.php(213): include('APPPATH\\Views\\admin\\datakegiatan\\add.php')
 3 SYSTEMPATH\View\View.php(216): CodeIgniter\View\View->CodeIgniter\View\{closure}()
 4 SYSTEMPATH\Common.php(1135): CodeIgniter\View\View->render('admin/datakegiatan/add', [], true)
 5 APPPATH\Controllers\KegiatanController.php(36): view('admin/datakegiatan/add', [...])
 6 SYSTEMPATH\CodeIgniter.php(925): App\Controllers\KegiatanController->new()
 7 SYSTEMPATH\CodeIgniter.php(480): CodeIgniter\CodeIgniter->runController(Object(App\Controllers\KegiatanController))
 8 SYSTEMPATH\CodeIgniter.php(349): CodeIgniter\CodeIgniter->handleRequest(null, Object(Config\Cache), false)
 9 FCPATH\index.php(67): CodeIgniter\CodeIgniter->run()
10 SYSTEMPATH\Commands\Server\rewrite.php(47): require_once('FCPATH\\index.php')
CRITICAL - 2023-02-05 02:59:19 --> Undefined array key "jenis"
in APPPATH\Views\admin\datakegiatan\add.php on line 28.
 1 APPPATH\Views\admin\datakegiatan\add.php(28): CodeIgniter\Debug\Exceptions->errorHandler(2, 'Undefined array key "jenis"', 'APPPATH\\Views\\admin\\datakegiatan\\add.php', 28)
 2 SYSTEMPATH\View\View.php(213): include('APPPATH\\Views\\admin\\datakegiatan\\add.php')
 3 SYSTEMPATH\View\View.php(216): CodeIgniter\View\View->CodeIgniter\View\{closure}()
 4 SYSTEMPATH\Common.php(1135): CodeIgniter\View\View->render('admin/datakegiatan/add', [], true)
 5 APPPATH\Controllers\KegiatanController.php(36): view('admin/datakegiatan/add', [...])
 6 SYSTEMPATH\CodeIgniter.php(925): App\Controllers\KegiatanController->new()
 7 SYSTEMPATH\CodeIgniter.php(480): CodeIgniter\CodeIgniter->runController(Object(App\Controllers\KegiatanController))
 8 SYSTEMPATH\CodeIgniter.php(349): CodeIgniter\CodeIgniter->handleRequest(null, Object(Config\Cache), false)
 9 FCPATH\index.php(67): CodeIgniter\CodeIgniter->run()
10 SYSTEMPATH\Commands\Server\rewrite.php(47): require_once('FCPATH\\index.php')
CRITICAL - 2023-02-05 02:59:50 --> Cannot access offset of type string on string
in APPPATH\Views\admin\datakegiatan\add.php on line 28.
 1 SYSTEMPATH\View\View.php(213): include()
 2 SYSTEMPATH\View\View.php(216): CodeIgniter\View\View->CodeIgniter\View\{closure}()
 3 SYSTEMPATH\Common.php(1135): CodeIgniter\View\View->render('admin/datakegiatan/add', [], true)
 4 APPPATH\Controllers\KegiatanController.php(36): view('admin/datakegiatan/add', [...])
 5 SYSTEMPATH\CodeIgniter.php(925): App\Controllers\KegiatanController->new()
 6 SYSTEMPATH\CodeIgniter.php(480): CodeIgniter\CodeIgniter->runController(Object(App\Controllers\KegiatanController))
 7 SYSTEMPATH\CodeIgniter.php(349): CodeIgniter\CodeIgniter->handleRequest(null, Object(Config\Cache), false)
 8 FCPATH\index.php(67): CodeIgniter\CodeIgniter->run()
 9 SYSTEMPATH\Commands\Server\rewrite.php(47): require_once('FCPATH\\index.php')
CRITICAL - 2023-02-05 03:00:19 --> Undefined array key "jenis"
in APPPATH\Views\admin\datakegiatan\add.php on line 28.
 1 APPPATH\Views\admin\datakegiatan\add.php(28): CodeIgniter\Debug\Exceptions->errorHandler(2, 'Undefined array key "jenis"', 'APPPATH\\Views\\admin\\datakegiatan\\add.php', 28)
 2 SYSTEMPATH\View\View.php(213): include('APPPATH\\Views\\admin\\datakegiatan\\add.php')
 3 SYSTEMPATH\View\View.php(216): CodeIgniter\View\View->CodeIgniter\View\{closure}()
 4 SYSTEMPATH\Common.php(1135): CodeIgniter\View\View->render('admin/datakegiatan/add', [], true)
 5 APPPATH\Controllers\KegiatanController.php(36): view('admin/datakegiatan/add', [...])
 6 SYSTEMPATH\CodeIgniter.php(925): App\Controllers\KegiatanController->new()
 7 SYSTEMPATH\CodeIgniter.php(480): CodeIgniter\CodeIgniter->runController(Object(App\Controllers\KegiatanController))
 8 SYSTEMPATH\CodeIgniter.php(349): CodeIgniter\CodeIgniter->handleRequest(null, Object(Config\Cache), false)
 9 FCPATH\index.php(67): CodeIgniter\CodeIgniter->run()
10 SYSTEMPATH\Commands\Server\rewrite.php(47): require_once('FCPATH\\index.php')
CRITICAL - 2023-02-05 03:17:47 --> Undefined variable $hasil
in APPPATH\Models\Jadwal.php on line 26.
 1 APPPATH\Models\Jadwal.php(26): CodeIgniter\Debug\Exceptions->errorHandler(2, 'Undefined variable $hasil', 'APPPATH\\Models\\Jadwal.php', 26)
 2 APPPATH\Controllers\KegiatanController.php(33): App\Models\Jadwal->get_data(null)
 3 SYSTEMPATH\CodeIgniter.php(925): App\Controllers\KegiatanController->new()
 4 SYSTEMPATH\CodeIgniter.php(480): CodeIgniter\CodeIgniter->runController(Object(App\Controllers\KegiatanController))
 5 SYSTEMPATH\CodeIgniter.php(349): CodeIgniter\CodeIgniter->handleRequest(null, Object(Config\Cache), false)
 6 FCPATH\index.php(67): CodeIgniter\CodeIgniter->run()
 7 SYSTEMPATH\Commands\Server\rewrite.php(47): require_once('FCPATH\\index.php')
CRITICAL - 2023-02-05 03:18:44 --> Cannot use object of type mysqli as array
in APPPATH\Views\admin\datakegiatan\add.php on line 28.
 1 SYSTEMPATH\View\View.php(213): include()
 2 SYSTEMPATH\View\View.php(216): CodeIgniter\View\View->CodeIgniter\View\{closure}()
 3 SYSTEMPATH\Common.php(1135): CodeIgniter\View\View->render('admin/datakegiatan/add', [], true)
 4 APPPATH\Controllers\KegiatanController.php(37): view('admin/datakegiatan/add', [...])
 5 SYSTEMPATH\CodeIgniter.php(925): App\Controllers\KegiatanController->new()
 6 SYSTEMPATH\CodeIgniter.php(480): CodeIgniter\CodeIgniter->runController(Object(App\Controllers\KegiatanController))
 7 SYSTEMPATH\CodeIgniter.php(349): CodeIgniter\CodeIgniter->handleRequest(null, Object(Config\Cache), false)
 8 FCPATH\index.php(67): CodeIgniter\CodeIgniter->run()
 9 SYSTEMPATH\Commands\Server\rewrite.php(47): require_once('FCPATH\\index.php')
CRITICAL - 2023-02-05 03:20:19 --> Undefined property: mysqli::$id_jadwal
in APPPATH\Views\admin\datakegiatan\add.php on line 28.
 1 APPPATH\Views\admin\datakegiatan\add.php(28): CodeIgniter\Debug\Exceptions->errorHandler(2, 'Undefined property: mysqli::$id_jadwal', 'APPPATH\\Views\\admin\\datakegiatan\\add.php', 28)
 2 SYSTEMPATH\View\View.php(213): include('APPPATH\\Views\\admin\\datakegiatan\\add.php')
 3 SYSTEMPATH\View\View.php(216): CodeIgniter\View\View->CodeIgniter\View\{closure}()
 4 SYSTEMPATH\Common.php(1135): CodeIgniter\View\View->render('admin/datakegiatan/add', [], true)
 5 APPPATH\Controllers\KegiatanController.php(37): view('admin/datakegiatan/add', [...])
 6 SYSTEMPATH\CodeIgniter.php(925): App\Controllers\KegiatanController->new()
 7 SYSTEMPATH\CodeIgniter.php(480): CodeIgniter\CodeIgniter->runController(Object(App\Controllers\KegiatanController))
 8 SYSTEMPATH\CodeIgniter.php(349): CodeIgniter\CodeIgniter->handleRequest(null, Object(Config\Cache), false)
 9 FCPATH\index.php(67): CodeIgniter\CodeIgniter->run()
10 SYSTEMPATH\Commands\Server\rewrite.php(47): require_once('FCPATH\\index.php')
CRITICAL - 2023-02-05 03:25:40 --> Undefined property: stdClass::$jenis_kegiatan
in APPPATH\Views\admin\datakegiatan\edit.php on line 29.
 1 APPPATH\Views\admin\datakegiatan\edit.php(29): CodeIgniter\Debug\Exceptions->errorHandler(2, 'Undefined property: stdClass::$jenis_kegiatan', 'APPPATH\\Views\\admin\\datakegiatan\\edit.php', 29)
 2 SYSTEMPATH\View\View.php(213): include('APPPATH\\Views\\admin\\datakegiatan\\edit.php')
 3 SYSTEMPATH\View\View.php(216): CodeIgniter\View\View->CodeIgniter\View\{closure}()
 4 SYSTEMPATH\Common.php(1135): CodeIgniter\View\View->render('admin/datakegiatan/edit', [], true)
 5 APPPATH\Controllers\KegiatanController.php(101): view('admin/datakegiatan/edit', [...])
 6 SYSTEMPATH\CodeIgniter.php(925): App\Controllers\KegiatanController->edit('3')
 7 SYSTEMPATH\CodeIgniter.php(480): CodeIgniter\CodeIgniter->runController(Object(App\Controllers\KegiatanController))
 8 SYSTEMPATH\CodeIgniter.php(349): CodeIgniter\CodeIgniter->handleRequest(null, Object(Config\Cache), false)
 9 FCPATH\index.php(67): CodeIgniter\CodeIgniter->run()
10 SYSTEMPATH\Commands\Server\rewrite.php(47): require_once('FCPATH\\index.php')
CRITICAL - 2023-02-05 04:01:22 --> Attempt to read property "id_kegiatan" on array
in APPPATH\Views\admin\datakegiatan\index.php on line 56.
 1 APPPATH\Views\admin\datakegiatan\index.php(56): CodeIgniter\Debug\Exceptions->errorHandler(2, 'Attempt to read property "id_kegiatan" on array', 'APPPATH\\Views\\admin\\datakegiatan\\index.php', 56)
 2 SYSTEMPATH\View\View.php(213): include('APPPATH\\Views\\admin\\datakegiatan\\index.php')
 3 SYSTEMPATH\View\View.php(216): CodeIgniter\View\View->CodeIgniter\View\{closure}()
 4 SYSTEMPATH\Common.php(1135): CodeIgniter\View\View->render('admin/datakegiatan/index', [], true)
 5 APPPATH\Controllers\KegiatanController.php(23): view('admin/datakegiatan/index', [...])
 6 SYSTEMPATH\CodeIgniter.php(925): App\Controllers\KegiatanController->index()
 7 SYSTEMPATH\CodeIgniter.php(480): CodeIgniter\CodeIgniter->runController(Object(App\Controllers\KegiatanController))
 8 SYSTEMPATH\CodeIgniter.php(349): CodeIgniter\CodeIgniter->handleRequest(null, Object(Config\Cache), false)
 9 FCPATH\index.php(67): CodeIgniter\CodeIgniter->run()
10 SYSTEMPATH\Commands\Server\rewrite.php(47): require_once('FCPATH\\index.php')
CRITICAL - 2023-02-05 04:01:54 --> Call to undefined method App\Models\Kegiatan::detail
in SYSTEMPATH\Model.php on line 807.
 1 APPPATH\Controllers\KegiatanController.php(29): CodeIgniter\Model->__call('detail', [...])
 2 SYSTEMPATH\CodeIgniter.php(925): App\Controllers\KegiatanController->lihat('4')
 3 SYSTEMPATH\CodeIgniter.php(480): CodeIgniter\CodeIgniter->runController(Object(App\Controllers\KegiatanController))
 4 SYSTEMPATH\CodeIgniter.php(349): CodeIgniter\CodeIgniter->handleRequest(null, Object(Config\Cache), false)
 5 FCPATH\index.php(67): CodeIgniter\CodeIgniter->run()
 6 SYSTEMPATH\Commands\Server\rewrite.php(47): require_once('FCPATH\\index.php')
CRITICAL - 2023-02-05 04:15:59 --> Attempt to read property "foto" on array
in APPPATH\Views\admin\datakegiatan\lihat.php on line 48.
 1 APPPATH\Views\admin\datakegiatan\lihat.php(48): CodeIgniter\Debug\Exceptions->errorHandler(2, 'Attempt to read property "foto" on array', 'APPPATH\\Views\\admin\\datakegiatan\\lihat.php', 48)
 2 SYSTEMPATH\View\View.php(213): include('APPPATH\\Views\\admin\\datakegiatan\\lihat.php')
 3 SYSTEMPATH\View\View.php(216): CodeIgniter\View\View->CodeIgniter\View\{closure}()
 4 SYSTEMPATH\Common.php(1135): CodeIgniter\View\View->render('admin/datakegiatan/lihat', [], true)
 5 APPPATH\Controllers\KegiatanController.php(32): view('admin/datakegiatan/lihat', [...])
 6 SYSTEMPATH\CodeIgniter.php(925): App\Controllers\KegiatanController->lihat('4')
 7 SYSTEMPATH\CodeIgniter.php(480): CodeIgniter\CodeIgniter->runController(Object(App\Controllers\KegiatanController))
 8 SYSTEMPATH\CodeIgniter.php(349): CodeIgniter\CodeIgniter->handleRequest(null, Object(Config\Cache), false)
 9 FCPATH\index.php(67): CodeIgniter\CodeIgniter->run()
10 SYSTEMPATH\Commands\Server\rewrite.php(47): require_once('FCPATH\\index.php')
