CRITICAL - 2023-01-23 07:31:56 --> Attempt to read property "id_guru" on array
in APPPATH\Views\admin\dataguru\index.php on line 61.
 1 APPPATH\Views\admin\dataguru\index.php(61): CodeIgniter\Debug\Exceptions->errorHandler(2, 'Attempt to read property "id_guru" on array', 'APPPATH\\Views\\admin\\dataguru\\index.php', 61)
 2 SYSTEMPATH\View\View.php(213): include('APPPATH\\Views\\admin\\dataguru\\index.php')
 3 SYSTEMPATH\View\View.php(216): CodeIgniter\View\View->CodeIgniter\View\{closure}()
 4 SYSTEMPATH\Common.php(1135): CodeIgniter\View\View->render('admin/dataguru/index', [], true)
 5 APPPATH\Controllers\GuruController.php(21): view('admin/dataguru/index', [...])
 6 SYSTEMPATH\CodeIgniter.php(925): App\Controllers\GuruController->index()
 7 SYSTEMPATH\CodeIgniter.php(480): CodeIgniter\CodeIgniter->runController(Object(App\Controllers\GuruController))
 8 SYSTEMPATH\CodeIgniter.php(349): CodeIgniter\CodeIgniter->handleRequest(null, Object(Config\Cache), false)
 9 FCPATH\index.php(67): CodeIgniter\CodeIgniter->run()
10 SYSTEMPATH\Commands\Server\rewrite.php(47): require_once('FCPATH\\index.php')
CRITICAL - 2023-01-23 09:48:45 --> Undefined variable $g
in APPPATH\Views\admin\datasiswa\index.php on line 57.
 1 APPPATH\Views\admin\datasiswa\index.php(57): CodeIgniter\Debug\Exceptions->errorHandler(2, 'Undefined variable $g', 'APPPATH\\Views\\admin\\datasiswa\\index.php', 57)
 2 SYSTEMPATH\View\View.php(213): include('APPPATH\\Views\\admin\\datasiswa\\index.php')
 3 SYSTEMPATH\View\View.php(216): CodeIgniter\View\View->CodeIgniter\View\{closure}()
 4 SYSTEMPATH\Common.php(1135): CodeIgniter\View\View->render('admin/datasiswa/index', [], true)
 5 APPPATH\Controllers\SiswaController.php(21): view('admin/datasiswa/index', [...])
 6 SYSTEMPATH\CodeIgniter.php(925): App\Controllers\SiswaController->index()
 7 SYSTEMPATH\CodeIgniter.php(480): CodeIgniter\CodeIgniter->runController(Object(App\Controllers\SiswaController))
 8 SYSTEMPATH\CodeIgniter.php(349): CodeIgniter\CodeIgniter->handleRequest(null, Object(Config\Cache), false)
 9 FCPATH\index.php(67): CodeIgniter\CodeIgniter->run()
10 SYSTEMPATH\Commands\Server\rewrite.php(47): require_once('FCPATH\\index.php')
CRITICAL - 2023-01-23 09:55:53 --> Undefined variable $j
in APPPATH\Views\admin\datakegiatan\index.php on line 54.
 1 APPPATH\Views\admin\datakegiatan\index.php(54): CodeIgniter\Debug\Exceptions->errorHandler(2, 'Undefined variable $j', 'APPPATH\\Views\\admin\\datakegiatan\\index.php', 54)
 2 SYSTEMPATH\View\View.php(213): include('APPPATH\\Views\\admin\\datakegiatan\\index.php')
 3 SYSTEMPATH\View\View.php(216): CodeIgniter\View\View->CodeIgniter\View\{closure}()
 4 SYSTEMPATH\Common.php(1135): CodeIgniter\View\View->render('admin/datakegiatan/index', [], true)
 5 APPPATH\Controllers\KegiatanController.php(21): view('admin/datakegiatan/index', [...])
 6 SYSTEMPATH\CodeIgniter.php(925): App\Controllers\KegiatanController->index()
 7 SYSTEMPATH\CodeIgniter.php(480): CodeIgniter\CodeIgniter->runController(Object(App\Controllers\KegiatanController))
 8 SYSTEMPATH\CodeIgniter.php(349): CodeIgniter\CodeIgniter->handleRequest(null, Object(Config\Cache), false)
 9 FCPATH\index.php(67): CodeIgniter\CodeIgniter->run()
10 SYSTEMPATH\Commands\Server\rewrite.php(47): require_once('FCPATH\\index.php')
CRITICAL - 2023-01-23 10:29:01 --> Invalid file: jadwal/add.php
in SYSTEMPATH\Exceptions\FrameworkException.php on line 33.
 1 SYSTEMPATH\View\View.php(201): CodeIgniter\Exceptions\FrameworkException::forInvalidFile('jadwal/add.php')
 2 SYSTEMPATH\Common.php(1135): CodeIgniter\View\View->render('jadwal/add', [], true)
 3 APPPATH\Controllers\GuruController.php(33): view('jadwal/add', [...])
 4 SYSTEMPATH\CodeIgniter.php(925): App\Controllers\GuruController->new()
 5 SYSTEMPATH\CodeIgniter.php(480): CodeIgniter\CodeIgniter->runController(Object(App\Controllers\GuruController))
 6 SYSTEMPATH\CodeIgniter.php(349): CodeIgniter\CodeIgniter->handleRequest(null, Object(Config\Cache), false)
 7 FCPATH\index.php(67): CodeIgniter\CodeIgniter->run()
 8 SYSTEMPATH\Commands\Server\rewrite.php(47): require_once('FCPATH\\index.php')
CRITICAL - 2023-01-23 10:30:19 --> Invalid file: jadwal/add.php
in SYSTEMPATH\Exceptions\FrameworkException.php on line 33.
 1 SYSTEMPATH\View\View.php(201): CodeIgniter\Exceptions\FrameworkException::forInvalidFile('jadwal/add.php')
 2 SYSTEMPATH\Common.php(1135): CodeIgniter\View\View->render('jadwal/add', [], true)
 3 APPPATH\Controllers\GuruController.php(33): view('jadwal/add', [...])
 4 SYSTEMPATH\CodeIgniter.php(925): App\Controllers\GuruController->new()
 5 SYSTEMPATH\CodeIgniter.php(480): CodeIgniter\CodeIgniter->runController(Object(App\Controllers\GuruController))
 6 SYSTEMPATH\CodeIgniter.php(349): CodeIgniter\CodeIgniter->handleRequest(null, Object(Config\Cache), false)
 7 FCPATH\index.php(67): CodeIgniter\CodeIgniter->run()
 8 SYSTEMPATH\Commands\Server\rewrite.php(47): require_once('FCPATH\\index.php')
CRITICAL - 2023-01-23 10:30:31 --> Invalid file: jadwal/add.php
in SYSTEMPATH\Exceptions\FrameworkException.php on line 33.
 1 SYSTEMPATH\View\View.php(201): CodeIgniter\Exceptions\FrameworkException::forInvalidFile('jadwal/add.php')
 2 SYSTEMPATH\Common.php(1135): CodeIgniter\View\View->render('jadwal/add', [], true)
 3 APPPATH\Controllers\GuruController.php(33): view('jadwal/add', [...])
 4 SYSTEMPATH\CodeIgniter.php(925): App\Controllers\GuruController->new()
 5 SYSTEMPATH\CodeIgniter.php(480): CodeIgniter\CodeIgniter->runController(Object(App\Controllers\GuruController))
 6 SYSTEMPATH\CodeIgniter.php(349): CodeIgniter\CodeIgniter->handleRequest(null, Object(Config\Cache), false)
 7 FCPATH\index.php(67): CodeIgniter\CodeIgniter->run()
 8 SYSTEMPATH\Commands\Server\rewrite.php(47): require_once('FCPATH\\index.php')
CRITICAL - 2023-01-23 10:31:32 --> Undefined variable $guru
in APPPATH\Views\admin\dataguru\add.php on line 40.
 1 APPPATH\Views\admin\dataguru\add.php(40): CodeIgniter\Debug\Exceptions->errorHandler(2, 'Undefined variable $guru', 'APPPATH\\Views\\admin\\dataguru\\add.php', 40)
 2 SYSTEMPATH\View\View.php(213): include('APPPATH\\Views\\admin\\dataguru\\add.php')
 3 SYSTEMPATH\View\View.php(216): CodeIgniter\View\View->CodeIgniter\View\{closure}()
 4 SYSTEMPATH\Common.php(1135): CodeIgniter\View\View->render('admin/dataguru/add', [], true)
 5 APPPATH\Controllers\GuruController.php(33): view('admin/dataguru/add', [...])
 6 SYSTEMPATH\CodeIgniter.php(925): App\Controllers\GuruController->new()
 7 SYSTEMPATH\CodeIgniter.php(480): CodeIgniter\CodeIgniter->runController(Object(App\Controllers\GuruController))
 8 SYSTEMPATH\CodeIgniter.php(349): CodeIgniter\CodeIgniter->handleRequest(null, Object(Config\Cache), false)
 9 FCPATH\index.php(67): CodeIgniter\CodeIgniter->run()
10 SYSTEMPATH\Commands\Server\rewrite.php(47): require_once('FCPATH\\index.php')
CRITICAL - 2023-01-23 11:08:37 --> Undefined array key "id_guru"
in APPPATH\Views\admin\dataguru\index.php on line 58.
 1 APPPATH\Views\admin\dataguru\index.php(58): CodeIgniter\Debug\Exceptions->errorHandler(2, 'Undefined array key "id_guru"', 'APPPATH\\Views\\admin\\dataguru\\index.php', 58)
 2 SYSTEMPATH\View\View.php(213): include('APPPATH\\Views\\admin\\dataguru\\index.php')
 3 SYSTEMPATH\View\View.php(216): CodeIgniter\View\View->CodeIgniter\View\{closure}()
 4 SYSTEMPATH\Common.php(1135): CodeIgniter\View\View->render('admin/dataguru/index', [], true)
 5 APPPATH\Controllers\GuruController.php(22): view('admin/dataguru/index', [...])
 6 SYSTEMPATH\CodeIgniter.php(925): App\Controllers\GuruController->index()
 7 SYSTEMPATH\CodeIgniter.php(480): CodeIgniter\CodeIgniter->runController(Object(App\Controllers\GuruController))
 8 SYSTEMPATH\CodeIgniter.php(349): CodeIgniter\CodeIgniter->handleRequest(null, Object(Config\Cache), false)
 9 FCPATH\index.php(67): CodeIgniter\CodeIgniter->run()
10 SYSTEMPATH\Commands\Server\rewrite.php(47): require_once('FCPATH\\index.php')
CRITICAL - 2023-01-23 11:10:06 --> Undefined array key "id_guru"
in APPPATH\Views\admin\dataguru\index.php on line 58.
 1 APPPATH\Views\admin\dataguru\index.php(58): CodeIgniter\Debug\Exceptions->errorHandler(2, 'Undefined array key "id_guru"', 'APPPATH\\Views\\admin\\dataguru\\index.php', 58)
 2 SYSTEMPATH\View\View.php(213): include('APPPATH\\Views\\admin\\dataguru\\index.php')
 3 SYSTEMPATH\View\View.php(216): CodeIgniter\View\View->CodeIgniter\View\{closure}()
 4 SYSTEMPATH\Common.php(1135): CodeIgniter\View\View->render('admin/dataguru/index', [], true)
 5 APPPATH\Controllers\GuruController.php(22): view('admin/dataguru/index', [...])
 6 SYSTEMPATH\CodeIgniter.php(925): App\Controllers\GuruController->index()
 7 SYSTEMPATH\CodeIgniter.php(480): CodeIgniter\CodeIgniter->runController(Object(App\Controllers\GuruController))
 8 SYSTEMPATH\CodeIgniter.php(349): CodeIgniter\CodeIgniter->handleRequest(null, Object(Config\Cache), false)
 9 FCPATH\index.php(67): CodeIgniter\CodeIgniter->run()
10 SYSTEMPATH\Commands\Server\rewrite.php(47): require_once('FCPATH\\index.php')
CRITICAL - 2023-01-23 11:10:28 --> Invalid file: arsip/edit.php
in SYSTEMPATH\Exceptions\FrameworkException.php on line 33.
 1 SYSTEMPATH\View\View.php(201): CodeIgniter\Exceptions\FrameworkException::forInvalidFile('arsip/edit.php')
 2 SYSTEMPATH\Common.php(1135): CodeIgniter\View\View->render('arsip/edit', [], true)
 3 APPPATH\Controllers\GuruController.php(115): view('arsip/edit', [...])
 4 SYSTEMPATH\CodeIgniter.php(925): App\Controllers\GuruController->edit('1')
 5 SYSTEMPATH\CodeIgniter.php(480): CodeIgniter\CodeIgniter->runController(Object(App\Controllers\GuruController))
 6 SYSTEMPATH\CodeIgniter.php(349): CodeIgniter\CodeIgniter->handleRequest(null, Object(Config\Cache), false)
 7 FCPATH\index.php(67): CodeIgniter\CodeIgniter->run()
 8 SYSTEMPATH\Commands\Server\rewrite.php(47): require_once('FCPATH\\index.php')
CRITICAL - 2023-01-23 11:10:55 --> Cannot use object of type stdClass as array
in APPPATH\Views\admin\dataguru\edit.php on line 21.
 1 SYSTEMPATH\View\View.php(213): include()
 2 SYSTEMPATH\View\View.php(216): CodeIgniter\View\View->CodeIgniter\View\{closure}()
 3 SYSTEMPATH\Common.php(1135): CodeIgniter\View\View->render('admin/dataguru/edit', [], true)
 4 APPPATH\Controllers\GuruController.php(115): view('admin/dataguru/edit', [...])
 5 SYSTEMPATH\CodeIgniter.php(925): App\Controllers\GuruController->edit('1')
 6 SYSTEMPATH\CodeIgniter.php(480): CodeIgniter\CodeIgniter->runController(Object(App\Controllers\GuruController))
 7 SYSTEMPATH\CodeIgniter.php(349): CodeIgniter\CodeIgniter->handleRequest(null, Object(Config\Cache), false)
 8 FCPATH\index.php(67): CodeIgniter\CodeIgniter->run()
 9 SYSTEMPATH\Commands\Server\rewrite.php(47): require_once('FCPATH\\index.php')
CRITICAL - 2023-01-23 11:11:57 --> Cannot use object of type stdClass as array
in APPPATH\Views\admin\dataguru\edit.php on line 22.
 1 SYSTEMPATH\View\View.php(213): include()
 2 SYSTEMPATH\View\View.php(216): CodeIgniter\View\View->CodeIgniter\View\{closure}()
 3 SYSTEMPATH\Common.php(1135): CodeIgniter\View\View->render('admin/dataguru/edit', [], true)
 4 APPPATH\Controllers\GuruController.php(115): view('admin/dataguru/edit', [...])
 5 SYSTEMPATH\CodeIgniter.php(925): App\Controllers\GuruController->edit('1')
 6 SYSTEMPATH\CodeIgniter.php(480): CodeIgniter\CodeIgniter->runController(Object(App\Controllers\GuruController))
 7 SYSTEMPATH\CodeIgniter.php(349): CodeIgniter\CodeIgniter->handleRequest(null, Object(Config\Cache), false)
 8 FCPATH\index.php(67): CodeIgniter\CodeIgniter->run()
 9 SYSTEMPATH\Commands\Server\rewrite.php(47): require_once('FCPATH\\index.php')
CRITICAL - 2023-01-23 11:12:14 --> Cannot use object of type stdClass as array
in APPPATH\Views\admin\dataguru\edit.php on line 25.
 1 SYSTEMPATH\View\View.php(213): include()
 2 SYSTEMPATH\View\View.php(216): CodeIgniter\View\View->CodeIgniter\View\{closure}()
 3 SYSTEMPATH\Common.php(1135): CodeIgniter\View\View->render('admin/dataguru/edit', [], true)
 4 APPPATH\Controllers\GuruController.php(115): view('admin/dataguru/edit', [...])
 5 SYSTEMPATH\CodeIgniter.php(925): App\Controllers\GuruController->edit('1')
 6 SYSTEMPATH\CodeIgniter.php(480): CodeIgniter\CodeIgniter->runController(Object(App\Controllers\GuruController))
 7 SYSTEMPATH\CodeIgniter.php(349): CodeIgniter\CodeIgniter->handleRequest(null, Object(Config\Cache), false)
 8 FCPATH\index.php(67): CodeIgniter\CodeIgniter->run()
 9 SYSTEMPATH\Commands\Server\rewrite.php(47): require_once('FCPATH\\index.php')
CRITICAL - 2023-01-23 11:12:44 --> Cannot use object of type stdClass as array
in APPPATH\Views\admin\dataguru\edit.php on line 33.
 1 SYSTEMPATH\View\View.php(213): include()
 2 SYSTEMPATH\View\View.php(216): CodeIgniter\View\View->CodeIgniter\View\{closure}()
 3 SYSTEMPATH\Common.php(1135): CodeIgniter\View\View->render('admin/dataguru/edit', [], true)
 4 APPPATH\Controllers\GuruController.php(115): view('admin/dataguru/edit', [...])
 5 SYSTEMPATH\CodeIgniter.php(925): App\Controllers\GuruController->edit('1')
 6 SYSTEMPATH\CodeIgniter.php(480): CodeIgniter\CodeIgniter->runController(Object(App\Controllers\GuruController))
 7 SYSTEMPATH\CodeIgniter.php(349): CodeIgniter\CodeIgniter->handleRequest(null, Object(Config\Cache), false)
 8 FCPATH\index.php(67): CodeIgniter\CodeIgniter->run()
 9 SYSTEMPATH\Commands\Server\rewrite.php(47): require_once('FCPATH\\index.php')
CRITICAL - 2023-01-23 11:14:31 --> Undefined array key "id_jadwal"
in APPPATH\Views\admin\dataguru\edit.php on line 72.
 1 APPPATH\Views\admin\dataguru\edit.php(72): CodeIgniter\Debug\Exceptions->errorHandler(2, 'Undefined array key "id_jadwal"', 'APPPATH\\Views\\admin\\dataguru\\edit.php', 72)
 2 SYSTEMPATH\View\View.php(213): include('APPPATH\\Views\\admin\\dataguru\\edit.php')
 3 SYSTEMPATH\View\View.php(216): CodeIgniter\View\View->CodeIgniter\View\{closure}()
 4 SYSTEMPATH\Common.php(1135): CodeIgniter\View\View->render('admin/dataguru/edit', [], true)
 5 APPPATH\Controllers\GuruController.php(115): view('admin/dataguru/edit', [...])
 6 SYSTEMPATH\CodeIgniter.php(925): App\Controllers\GuruController->edit('1')
 7 SYSTEMPATH\CodeIgniter.php(480): CodeIgniter\CodeIgniter->runController(Object(App\Controllers\GuruController))
 8 SYSTEMPATH\CodeIgniter.php(349): CodeIgniter\CodeIgniter->handleRequest(null, Object(Config\Cache), false)
 9 FCPATH\index.php(67): CodeIgniter\CodeIgniter->run()
10 SYSTEMPATH\Commands\Server\rewrite.php(47): require_once('FCPATH\\index.php')
CRITICAL - 2023-01-23 11:15:19 --> Attempt to read property "id_jadwal" on array
in APPPATH\Views\admin\dataguru\edit.php on line 72.
 1 APPPATH\Views\admin\dataguru\edit.php(72): CodeIgniter\Debug\Exceptions->errorHandler(2, 'Attempt to read property "id_jadwal" on array', 'APPPATH\\Views\\admin\\dataguru\\edit.php', 72)
 2 SYSTEMPATH\View\View.php(213): include('APPPATH\\Views\\admin\\dataguru\\edit.php')
 3 SYSTEMPATH\View\View.php(216): CodeIgniter\View\View->CodeIgniter\View\{closure}()
 4 SYSTEMPATH\Common.php(1135): CodeIgniter\View\View->render('admin/dataguru/edit', [], true)
 5 APPPATH\Controllers\GuruController.php(115): view('admin/dataguru/edit', [...])
 6 SYSTEMPATH\CodeIgniter.php(925): App\Controllers\GuruController->edit('1')
 7 SYSTEMPATH\CodeIgniter.php(480): CodeIgniter\CodeIgniter->runController(Object(App\Controllers\GuruController))
 8 SYSTEMPATH\CodeIgniter.php(349): CodeIgniter\CodeIgniter->handleRequest(null, Object(Config\Cache), false)
 9 FCPATH\index.php(67): CodeIgniter\CodeIgniter->run()
10 SYSTEMPATH\Commands\Server\rewrite.php(47): require_once('FCPATH\\index.php')
CRITICAL - 2023-01-23 11:15:57 --> Undefined array key "id_jadwal"
in APPPATH\Views\admin\dataguru\edit.php on line 72.
 1 APPPATH\Views\admin\dataguru\edit.php(72): CodeIgniter\Debug\Exceptions->errorHandler(2, 'Undefined array key "id_jadwal"', 'APPPATH\\Views\\admin\\dataguru\\edit.php', 72)
 2 SYSTEMPATH\View\View.php(213): include('APPPATH\\Views\\admin\\dataguru\\edit.php')
 3 SYSTEMPATH\View\View.php(216): CodeIgniter\View\View->CodeIgniter\View\{closure}()
 4 SYSTEMPATH\Common.php(1135): CodeIgniter\View\View->render('admin/dataguru/edit', [], true)
 5 APPPATH\Controllers\GuruController.php(115): view('admin/dataguru/edit', [...])
 6 SYSTEMPATH\CodeIgniter.php(925): App\Controllers\GuruController->edit('1')
 7 SYSTEMPATH\CodeIgniter.php(480): CodeIgniter\CodeIgniter->runController(Object(App\Controllers\GuruController))
 8 SYSTEMPATH\CodeIgniter.php(349): CodeIgniter\CodeIgniter->handleRequest(null, Object(Config\Cache), false)
 9 FCPATH\index.php(67): CodeIgniter\CodeIgniter->run()
10 SYSTEMPATH\Commands\Server\rewrite.php(47): require_once('FCPATH\\index.php')
CRITICAL - 2023-01-23 11:18:22 --> Cannot use object of type stdClass as array
in APPPATH\Views\admin\dataguru\edit.php on line 72.
 1 SYSTEMPATH\View\View.php(213): include()
 2 SYSTEMPATH\View\View.php(216): CodeIgniter\View\View->CodeIgniter\View\{closure}()
 3 SYSTEMPATH\Common.php(1135): CodeIgniter\View\View->render('admin/dataguru/edit', [], true)
 4 APPPATH\Controllers\GuruController.php(115): view('admin/dataguru/edit', [...])
 5 SYSTEMPATH\CodeIgniter.php(925): App\Controllers\GuruController->edit('1')
 6 SYSTEMPATH\CodeIgniter.php(480): CodeIgniter\CodeIgniter->runController(Object(App\Controllers\GuruController))
 7 SYSTEMPATH\CodeIgniter.php(349): CodeIgniter\CodeIgniter->handleRequest(null, Object(Config\Cache), false)
 8 FCPATH\index.php(67): CodeIgniter\CodeIgniter->run()
 9 SYSTEMPATH\Commands\Server\rewrite.php(47): require_once('FCPATH\\index.php')
CRITICAL - 2023-01-23 11:18:25 --> Cannot use object of type stdClass as array
in APPPATH\Views\admin\dataguru\edit.php on line 72.
 1 SYSTEMPATH\View\View.php(213): include()
 2 SYSTEMPATH\View\View.php(216): CodeIgniter\View\View->CodeIgniter\View\{closure}()
 3 SYSTEMPATH\Common.php(1135): CodeIgniter\View\View->render('admin/dataguru/edit', [], true)
 4 APPPATH\Controllers\GuruController.php(115): view('admin/dataguru/edit', [...])
 5 SYSTEMPATH\CodeIgniter.php(925): App\Controllers\GuruController->edit('1')
 6 SYSTEMPATH\CodeIgniter.php(480): CodeIgniter\CodeIgniter->runController(Object(App\Controllers\GuruController))
 7 SYSTEMPATH\CodeIgniter.php(349): CodeIgniter\CodeIgniter->handleRequest(null, Object(Config\Cache), false)
 8 FCPATH\index.php(67): CodeIgniter\CodeIgniter->run()
 9 SYSTEMPATH\Commands\Server\rewrite.php(47): require_once('FCPATH\\index.php')
CRITICAL - 2023-01-23 11:19:03 --> Attempt to read property "id_jadwal" on array
in APPPATH\Views\admin\dataguru\edit.php on line 72.
 1 APPPATH\Views\admin\dataguru\edit.php(72): CodeIgniter\Debug\Exceptions->errorHandler(2, 'Attempt to read property "id_jadwal" on array', 'APPPATH\\Views\\admin\\dataguru\\edit.php', 72)
 2 SYSTEMPATH\View\View.php(213): include('APPPATH\\Views\\admin\\dataguru\\edit.php')
 3 SYSTEMPATH\View\View.php(216): CodeIgniter\View\View->CodeIgniter\View\{closure}()
 4 SYSTEMPATH\Common.php(1135): CodeIgniter\View\View->render('admin/dataguru/edit', [], true)
 5 APPPATH\Controllers\GuruController.php(115): view('admin/dataguru/edit', [...])
 6 SYSTEMPATH\CodeIgniter.php(925): App\Controllers\GuruController->edit('1')
 7 SYSTEMPATH\CodeIgniter.php(480): CodeIgniter\CodeIgniter->runController(Object(App\Controllers\GuruController))
 8 SYSTEMPATH\CodeIgniter.php(349): CodeIgniter\CodeIgniter->handleRequest(null, Object(Config\Cache), false)
 9 FCPATH\index.php(67): CodeIgniter\CodeIgniter->run()
10 SYSTEMPATH\Commands\Server\rewrite.php(47): require_once('FCPATH\\index.php')
CRITICAL - 2023-01-23 11:20:10 --> Cannot use object of type stdClass as array
in APPPATH\Views\admin\dataguru\edit.php on line 21.
 1 SYSTEMPATH\View\View.php(213): include()
 2 SYSTEMPATH\View\View.php(216): CodeIgniter\View\View->CodeIgniter\View\{closure}()
 3 SYSTEMPATH\Common.php(1135): CodeIgniter\View\View->render('admin/dataguru/edit', [], true)
 4 APPPATH\Controllers\GuruController.php(115): view('admin/dataguru/edit', [...])
 5 SYSTEMPATH\CodeIgniter.php(925): App\Controllers\GuruController->edit('1')
 6 SYSTEMPATH\CodeIgniter.php(480): CodeIgniter\CodeIgniter->runController(Object(App\Controllers\GuruController))
 7 SYSTEMPATH\CodeIgniter.php(349): CodeIgniter\CodeIgniter->handleRequest(null, Object(Config\Cache), false)
 8 FCPATH\index.php(67): CodeIgniter\CodeIgniter->run()
 9 SYSTEMPATH\Commands\Server\rewrite.php(47): require_once('FCPATH\\index.php')
CRITICAL - 2023-01-23 11:22:08 --> Cannot use object of type stdClass as array
in APPPATH\Views\admin\dataguru\edit.php on line 21.
 1 SYSTEMPATH\View\View.php(213): include()
 2 SYSTEMPATH\View\View.php(216): CodeIgniter\View\View->CodeIgniter\View\{closure}()
 3 SYSTEMPATH\Common.php(1135): CodeIgniter\View\View->render('admin/dataguru/edit', [], true)
 4 APPPATH\Controllers\GuruController.php(117): view('admin/dataguru/edit', [...])
 5 SYSTEMPATH\CodeIgniter.php(925): App\Controllers\GuruController->edit('1')
 6 SYSTEMPATH\CodeIgniter.php(480): CodeIgniter\CodeIgniter->runController(Object(App\Controllers\GuruController))
 7 SYSTEMPATH\CodeIgniter.php(349): CodeIgniter\CodeIgniter->handleRequest(null, Object(Config\Cache), false)
 8 FCPATH\index.php(67): CodeIgniter\CodeIgniter->run()
 9 SYSTEMPATH\Commands\Server\rewrite.php(47): require_once('FCPATH\\index.php')
CRITICAL - 2023-01-23 11:22:12 --> Cannot use object of type stdClass as array
in APPPATH\Views\admin\dataguru\edit.php on line 21.
 1 SYSTEMPATH\View\View.php(213): include()
 2 SYSTEMPATH\View\View.php(216): CodeIgniter\View\View->CodeIgniter\View\{closure}()
 3 SYSTEMPATH\Common.php(1135): CodeIgniter\View\View->render('admin/dataguru/edit', [], true)
 4 APPPATH\Controllers\GuruController.php(117): view('admin/dataguru/edit', [...])
 5 SYSTEMPATH\CodeIgniter.php(925): App\Controllers\GuruController->edit('1')
 6 SYSTEMPATH\CodeIgniter.php(480): CodeIgniter\CodeIgniter->runController(Object(App\Controllers\GuruController))
 7 SYSTEMPATH\CodeIgniter.php(349): CodeIgniter\CodeIgniter->handleRequest(null, Object(Config\Cache), false)
 8 FCPATH\index.php(67): CodeIgniter\CodeIgniter->run()
 9 SYSTEMPATH\Commands\Server\rewrite.php(47): require_once('FCPATH\\index.php')
CRITICAL - 2023-01-23 11:22:42 --> Cannot use object of type stdClass as array
in APPPATH\Views\admin\dataguru\edit.php on line 21.
 1 SYSTEMPATH\View\View.php(213): include()
 2 SYSTEMPATH\View\View.php(216): CodeIgniter\View\View->CodeIgniter\View\{closure}()
 3 SYSTEMPATH\Common.php(1135): CodeIgniter\View\View->render('admin/dataguru/edit', [], true)
 4 APPPATH\Controllers\GuruController.php(117): view('admin/dataguru/edit', [...])
 5 SYSTEMPATH\CodeIgniter.php(925): App\Controllers\GuruController->edit('1')
 6 SYSTEMPATH\CodeIgniter.php(480): CodeIgniter\CodeIgniter->runController(Object(App\Controllers\GuruController))
 7 SYSTEMPATH\CodeIgniter.php(349): CodeIgniter\CodeIgniter->handleRequest(null, Object(Config\Cache), false)
 8 FCPATH\index.php(67): CodeIgniter\CodeIgniter->run()
 9 SYSTEMPATH\Commands\Server\rewrite.php(47): require_once('FCPATH\\index.php')
CRITICAL - 2023-01-23 11:23:53 --> Cannot use object of type stdClass as array
in APPPATH\Views\admin\dataguru\edit.php on line 21.
 1 SYSTEMPATH\View\View.php(213): include()
 2 SYSTEMPATH\View\View.php(216): CodeIgniter\View\View->CodeIgniter\View\{closure}()
 3 SYSTEMPATH\Common.php(1135): CodeIgniter\View\View->render('admin/dataguru/edit', [], true)
 4 APPPATH\Controllers\GuruController.php(117): view('admin/dataguru/edit', [...])
 5 SYSTEMPATH\CodeIgniter.php(925): App\Controllers\GuruController->edit('1')
 6 SYSTEMPATH\CodeIgniter.php(480): CodeIgniter\CodeIgniter->runController(Object(App\Controllers\GuruController))
 7 SYSTEMPATH\CodeIgniter.php(349): CodeIgniter\CodeIgniter->handleRequest(null, Object(Config\Cache), false)
 8 FCPATH\index.php(67): CodeIgniter\CodeIgniter->run()
 9 SYSTEMPATH\Commands\Server\rewrite.php(47): require_once('FCPATH\\index.php')
