CRITICAL - 2023-01-22 23:28:46 --> Undefined array key "jenis_kelamin"
in APPPATH\Views\admin\datasiswa\index.php on line 47.
 1 APPPATH\Views\admin\datasiswa\index.php(47): CodeIgniter\Debug\Exceptions->errorHandler(2, 'Undefined array key "jenis_kelamin"', 'APPPATH\\Views\\admin\\datasiswa\\index.php', 47)
 2 SYSTEMPATH\View\View.php(213): include('APPPATH\\Views\\admin\\datasiswa\\index.php')
 3 SYSTEMPATH\View\View.php(216): CodeIgniter\View\View->CodeIgniter\View\{closure}()
 4 SYSTEMPATH\Common.php(1135): CodeIgniter\View\View->render('admin/datasiswa/index', [], true)
 5 APPPATH\Controllers\SiswaController.php(21): view('admin/datasiswa/index', [...])
 6 SYSTEMPATH\CodeIgniter.php(925): App\Controllers\SiswaController->index()
 7 SYSTEMPATH\CodeIgniter.php(480): CodeIgniter\CodeIgniter->runController(Object(App\Controllers\SiswaController))
 8 SYSTEMPATH\CodeIgniter.php(349): CodeIgniter\CodeIgniter->handleRequest(null, Object(Config\Cache), false)
 9 FCPATH\index.php(67): CodeIgniter\CodeIgniter->run()
10 SYSTEMPATH\Commands\Server\rewrite.php(47): require_once('FCPATH\\index.php')
CRITICAL - 2023-01-22 23:31:00 --> Attempt to read property "jenis_kelamin" on array
in APPPATH\Views\admin\datasiswa\index.php on line 47.
 1 APPPATH\Views\admin\datasiswa\index.php(47): CodeIgniter\Debug\Exceptions->errorHandler(2, 'Attempt to read property "jenis_kelamin" on array', 'APPPATH\\Views\\admin\\datasiswa\\index.php', 47)
 2 SYSTEMPATH\View\View.php(213): include('APPPATH\\Views\\admin\\datasiswa\\index.php')
 3 SYSTEMPATH\View\View.php(216): CodeIgniter\View\View->CodeIgniter\View\{closure}()
 4 SYSTEMPATH\Common.php(1135): CodeIgniter\View\View->render('admin/datasiswa/index', [], true)
 5 APPPATH\Controllers\SiswaController.php(21): view('admin/datasiswa/index', [...])
 6 SYSTEMPATH\CodeIgniter.php(925): App\Controllers\SiswaController->index()
 7 SYSTEMPATH\CodeIgniter.php(480): CodeIgniter\CodeIgniter->runController(Object(App\Controllers\SiswaController))
 8 SYSTEMPATH\CodeIgniter.php(349): CodeIgniter\CodeIgniter->handleRequest(null, Object(Config\Cache), false)
 9 FCPATH\index.php(67): CodeIgniter\CodeIgniter->run()
10 SYSTEMPATH\Commands\Server\rewrite.php(47): require_once('FCPATH\\index.php')
CRITICAL - 2023-01-22 23:42:33 --> Optional parameter $format declared before required parameter $originalDate is implicitly treated as a required parameter
in APPPATH\Views\admin\datasiswa\index.php on line 41.
 1 SYSTEMPATH\View\View.php(213): CodeIgniter\Debug\Exceptions->errorHandler(8192, 'Optional parameter $format declared before required parameter $originalDate is implicitly treated as a required parameter', 'APPPATH\\Views\\admin\\datasiswa\\index.php', 41)
 2 SYSTEMPATH\View\View.php(213): include()
 3 SYSTEMPATH\View\View.php(216): CodeIgniter\View\View->CodeIgniter\View\{closure}()
 4 SYSTEMPATH\Common.php(1135): CodeIgniter\View\View->render('admin/datasiswa/index', [], true)
 5 APPPATH\Controllers\SiswaController.php(21): view('admin/datasiswa/index', [...])
 6 SYSTEMPATH\CodeIgniter.php(925): App\Controllers\SiswaController->index()
 7 SYSTEMPATH\CodeIgniter.php(480): CodeIgniter\CodeIgniter->runController(Object(App\Controllers\SiswaController))
 8 SYSTEMPATH\CodeIgniter.php(349): CodeIgniter\CodeIgniter->handleRequest(null, Object(Config\Cache), false)
 9 FCPATH\index.php(67): CodeIgniter\CodeIgniter->run()
10 SYSTEMPATH\Commands\Server\rewrite.php(47): require_once('FCPATH\\index.php')
CRITICAL - 2023-01-22 23:47:08 --> Attempt to read property "id_guru" on array
in APPPATH\Views\admin\dataguru\index.php on line 61.
 1 APPPATH\Views\admin\dataguru\index.php(61): CodeIgniter\Debug\Exceptions->errorHandler(2, 'Attempt to read property "id_guru" on array', 'APPPATH\\Views\\admin\\dataguru\\index.php', 61)
 2 SYSTEMPATH\View\View.php(213): include('APPPATH\\Views\\admin\\dataguru\\index.php')
 3 SYSTEMPATH\View\View.php(216): CodeIgniter\View\View->CodeIgniter\View\{closure}()
 4 SYSTEMPATH\Common.php(1135): CodeIgniter\View\View->render('admin/dataguru/index', [], true)
 5 APPPATH\Controllers\GuruController.php(21): view('admin/dataguru/index', [...])
 6 SYSTEMPATH\CodeIgniter.php(925): App\Controllers\GuruController->index()
 7 SYSTEMPATH\CodeIgniter.php(480): CodeIgniter\CodeIgniter->runController(Object(App\Controllers\GuruController))
 8 SYSTEMPATH\CodeIgniter.php(349): CodeIgniter\CodeIgniter->handleRequest(null, Object(Config\Cache), false)
 9 FCPATH\index.php(67): CodeIgniter\CodeIgniter->run()
10 SYSTEMPATH\Commands\Server\rewrite.php(47): require_once('FCPATH\\index.php')
CRITICAL - 2023-01-22 23:51:12 --> Undefined variable $id_guru
in APPPATH\Views\admin\dataguru\index.php on line 61.
 1 APPPATH\Views\admin\dataguru\index.php(61): CodeIgniter\Debug\Exceptions->errorHandler(2, 'Undefined variable $id_guru', 'APPPATH\\Views\\admin\\dataguru\\index.php', 61)
 2 SYSTEMPATH\View\View.php(213): include('APPPATH\\Views\\admin\\dataguru\\index.php')
 3 SYSTEMPATH\View\View.php(216): CodeIgniter\View\View->CodeIgniter\View\{closure}()
 4 SYSTEMPATH\Common.php(1135): CodeIgniter\View\View->render('admin/dataguru/index', [], true)
 5 APPPATH\Controllers\GuruController.php(21): view('admin/dataguru/index', [...])
 6 SYSTEMPATH\CodeIgniter.php(925): App\Controllers\GuruController->index()
 7 SYSTEMPATH\CodeIgniter.php(480): CodeIgniter\CodeIgniter->runController(Object(App\Controllers\GuruController))
 8 SYSTEMPATH\CodeIgniter.php(349): CodeIgniter\CodeIgniter->handleRequest(null, Object(Config\Cache), false)
 9 FCPATH\index.php(67): CodeIgniter\CodeIgniter->run()
10 SYSTEMPATH\Commands\Server\rewrite.php(47): require_once('FCPATH\\index.php')
CRITICAL - 2023-01-22 23:51:27 --> Attempt to read property "id_guru" on array
in APPPATH\Views\admin\dataguru\index.php on line 61.
 1 APPPATH\Views\admin\dataguru\index.php(61): CodeIgniter\Debug\Exceptions->errorHandler(2, 'Attempt to read property "id_guru" on array', 'APPPATH\\Views\\admin\\dataguru\\index.php', 61)
 2 SYSTEMPATH\View\View.php(213): include('APPPATH\\Views\\admin\\dataguru\\index.php')
 3 SYSTEMPATH\View\View.php(216): CodeIgniter\View\View->CodeIgniter\View\{closure}()
 4 SYSTEMPATH\Common.php(1135): CodeIgniter\View\View->render('admin/dataguru/index', [], true)
 5 APPPATH\Controllers\GuruController.php(21): view('admin/dataguru/index', [...])
 6 SYSTEMPATH\CodeIgniter.php(925): App\Controllers\GuruController->index()
 7 SYSTEMPATH\CodeIgniter.php(480): CodeIgniter\CodeIgniter->runController(Object(App\Controllers\GuruController))
 8 SYSTEMPATH\CodeIgniter.php(349): CodeIgniter\CodeIgniter->handleRequest(null, Object(Config\Cache), false)
 9 FCPATH\index.php(67): CodeIgniter\CodeIgniter->run()
10 SYSTEMPATH\Commands\Server\rewrite.php(47): require_once('FCPATH\\index.php')
